EventType=4
ComputerName=wrk-pprice
User=SYSTEM
Sid=S-1-5-18
SidType=5
SourceName=Microsoft-Windows-Sysmon
Type=Information
RecordNumber=118895
Keywords=None
TaskCategory=Dns query (rule: DnsQuery)
OpCode=Info
Message=File Delete archived:
RuleName: Office documents
UtcTime: 2024-02-14 03:41:58.733
ProcessGuid: {817bddf3-3684-65cc-2d02-000000001900}
ProcessId: 10672
User: wrk-pprice\CyberJunkie
Image: C:\Users\CyberJunkie\Downloads\Preventivo24.02.14.exe.exe
TargetFilename: C:\Users\CyberJunkie\AppData\Roaming\Photo and Fax Vn\Photo and vn 1.1.2\install\F97891C\TempFolder\~.pdf
Hashes: SHA1=F93D54BC3E20316DD9B596D4EB0FE22BD9F1D4D8,MD5=E3B54910AAE9324A7D56E5B22044104E,SHA256=01FA678A302763B83703F0449FC63309CF7677FC119D2755DEFAD6DEA9D25BCD,IMPHASH=00000000000000000000000000000000
IsExecutable: false
Archived: true
",2026-02-11T19:41:58.000-0800,,Dns query (rule: DnsQuery),wrk-pprice,wrk-pprice,118895,endpoint_services_processes windows_event_signature windows_ta_data,wrk-pprice,118895,SplunkEx,26,,,,,//_::._=--/===-==---==--====__(:_)==__:\r:__\r:_--_:,,,,,informational,4,,23,WinEventLog:Microsoft-Windows-Sysmon/Operational,WinEventLog,DESKTOP-6DT4EHE,,,track_event_signatures,track_event_signatures,,,Microsoft Windows
TRUE,,,,,wrk-pprice,,,,,,,,,,,23,4,,,,"SHA1=46167254D9A5475A3D0A36DCDB7F4031A8B148D1,MD5=ADC098D9A02A0A0710E8A7D6D2BFEA1D,SHA256=B73B46F35142989A10C91AA887F94037271B8EE7148CC3BFB061AE9848ED1FD9,IMPHASH=00000000000000000000000000000000",C:\Users\CyberJunkie\Downloads\Preventivo24.02.14.exe.exe,,,,,FALSE,None,Microsoft-Windows-Sysmon/Operational,,,"File Delete archived:
RuleName: other interesting files
UtcTime: 2024-02-14 03:41:58.733
ProcessGuid: {817bddf3-3684-65cc-2d02-000000001900}
ProcessId: 10672
User: wrk-pprice\CyberJunkie
Image: C:\Users\CyberJunkie\Downloads\Preventivo24.02.14.exe.exe
TargetFilename: C:\Users\CyberJunkie\AppData\Roaming\Photo and Fax Vn\Photo and vn 1.1.2\install\F97891C\main1.msi
Hashes: SHA1=46167254D9A5475A3D0A36DCDB7F4031A8B148D1,MD5=ADC098D9A02A0A0710E8A7D6D2BFEA1D,SHA256=B73B46F35142989A10C91AA887F94037271B8EE7148CC3BFB061AE9848ED1FD9,IMPHASH=00000000000000000000000000000000
IsExecutable: false
Archived: true",Info,,,,,,,,,{817bddf3-3684-65cc-2d02-000000001900},10672,,,,,,118894,other interesting files,S-1-5-18,5,,,,,,,,Microsoft-Windows-Sysmon,,,,,,,C:\Users\CyberJunkie\AppData\Roaming\Photo and Fax Vn\Photo and vn 1.1.2\install\F97891C\main1.msi,,,,,,Dns query (rule: DnsQuery),,Information,"SYSTEM
wrk-pprice\CyberJunkie",41:58.7,"02/11/2026 07:41:58.734 PM
LogName=Microsoft-Windows-Sysmon/Operational
EventCode=23
EventType=4
ComputerName=wrk-pprice
User=SYSTEM
Sid=S-1-5-18
SidType=5
SourceName=Microsoft-Windows-Sysmon
Type=Information
RecordNumber=118894
Keywords=None
TaskCategory=Dns query (rule: DnsQuery)
OpCode=Info
Message=File Delete archived:
RuleName: other interesting files
UtcTime: 2024-02-14 03:41:58.733
ProcessGuid: {817bddf3-3684-65cc-2d02-000000001900}
ProcessId: 10672
User: wrk-pprice\CyberJunkie
Image: C:\Users\CyberJunkie\Downloads\Preventivo24.02.14.exe.exe
TargetFilename: C:\Users\CyberJunkie\AppData\Roaming\Photo and Fax Vn\Photo and vn 1.1.2\install\F97891C\main1.msi
Hashes: SHA1=46167254D9A5475A3D0A36DCDB7F4031A8B148D1,MD5=ADC098D9A02A0A0710E8A7D6D2BFEA1D,SHA256=B73B46F35142989A10C91AA887F94037271B8EE7148CC3BFB061AE9848ED1FD9,IMPHASH=00000000000000000000000000000000
IsExecutable: false
Archived: true
",2026-02-11T19:41:58.000-0800,,Dns query (rule: DnsQuery),wrk-pprice,wrk-pprice,118894,endpoint_services_processes windows_event_signature windows_ta_data,wrk-pprice,118894,SplunkEx,26,,,,,//_::._=--/===-==---==--====__(:_)==__:\r:___\r:_--_,,,,,informational,4,,23,WinEventLog:Microsoft-Windows-Sysmon/Operational,WinEventLog,DESKTOP-6DT4EHE,,,track_event_signatures,track_event_signatures,,,Microsoft Windows
,,,,Microsoft Corporation,wrk-pprice,,,,Task Scheduler COM API,,,,,,,7,4,10.0.19041.3636 (WinBuild.160101.0800),,,"SHA1=C94CEC3A6F102EF38EB1D913D61A03B2100983FE,MD5=FF11E73B7D8A3A0822E95DD68DA10B13,SHA256=0F15534DC00A65E980CAA2E11F5D5251518D528F2F28165E9881B598BF64BDD1,IMPHASH=59BF7D0FAD0B5B7F706EA9250167BD5B",C:\Users\CyberJunkie\Downloads\Preventivo24.02.14.exe.exe,C:\Windows\SysWOW64\taskschd.dll,,,,,None,Microsoft-Windows-Sysmon/Operational,,,"Image loaded:
RuleName: technique_id=T1053,technique_name=Scheduled Task
UtcTime: 2024-02-14 03:41:58.686
ProcessGuid: {817bddf3-3684-65cc-2d02-000000001900}
ProcessId: 10672
Image: C:\Users\CyberJunkie\Downloads\Preventivo24.02.14.exe.exe
ImageLoaded: C:\Windows\SysWOW64\taskschd.dll
FileVersion: 10.0.19041.3636 (WinBuild.160101.0800)
Description: Task Scheduler COM API
Product: Microsoft Windows Operating System
Company: Microsoft Corporation
OriginalFileName: taskschd.dll
Hashes: SHA1=C94CEC3A6F102EF38EB1D913D61A03B2100983FE,MD5=FF11E73B7D8A3A0822E95DD68DA10B13,SHA256=0F15534DC00A65E980CAA2E11F5D5251518D528F2F28165E9881B598BF64BDD1,IMPHASH=59BF7D0FAD0B5B7F706EA9250167BD5B
Signed: true
Signature: Microsoft Windows
SignatureStatus: Valid
User: wrk-pprice\CyberJunkie",Info,taskschd.dll,,,,,,,,{817bddf3-3684-65cc-2d02-000000001900},10672,Microsoft Windows Operating System,,,,,118893,"technique_id=T1053,technique_name=Scheduled Task",S-1-5-18,5,Microsoft Windows,Valid,TRUE,,,,,Microsoft-Windows-Sysmon,,,,,,,,,,,,,Dns query (rule: DnsQuery),,Information,"SYSTEM
wrk-pprice\CyberJunkie",41:58.7,"02/11/2026 07:41:58.698 PM
LogName=Microsoft-Windows-Sysmon/Operational
EventCode=7
EventType=4
ComputerName=wrk-pprice
User=SYSTEM
Sid=S-1-5-18
SidType=5
SourceName=Microsoft-Windows-Sysmon
Type=Information
RecordNumber=118893
Keywords=None
TaskCategory=Dns query (rule: DnsQuery)
OpCode=Info
Message=Image loaded:
RuleName: technique_id=T1053,technique_name=Scheduled Task
UtcTime: 2024-02-14 03:41:58.686
ProcessGuid: {817bddf3-3684-65cc-2d02-000000001900}
ProcessId: 10672
Image: C:\Users\CyberJunkie\Downloads\Preventivo24.02.14.exe.exe
ImageLoaded: C:\Windows\SysWOW64\taskschd.dll
FileVersion: 10.0.19041.3636 (WinBuild.160101.0800)
Description: Task Scheduler COM API
Product: Microsoft Windows Operating System
Company: Microsoft Corporation
OriginalFileName: taskschd.dll
Hashes: SHA1=C94CEC3A6F102EF38EB1D913D61A03B2100983FE,MD5=FF11E73B7D8A3A0822E95DD68DA10B13,SHA256=0F15534DC00A65E980CAA2E11F5D5251518D528F2F28165E9881B598BF64BDD1,IMPHASH=59BF7D0FAD0B5B7F706EA9250167BD5B
Signed: true
Signature: Microsoft Windows
SignatureStatus: Valid
User: wrk-pprice\CyberJunkie
",2026-02-11T19:41:58.000-0800,,Dns query (rule: DnsQuery),wrk-pprice,wrk-pprice,118893,endpoint_services_processes windows_event_signature windows_ta_data,wrk-pprice,118893,SplunkEx,32,,,,,"//_::._=--/===-==---==--====__(:_)==_:\r:_=,=_\r:_--",,,,,informational,4,,7,WinEventLog:Microsoft-Windows-Sysmon/Operational,WinEventLog,DESKTOP-6DT4EHE,,,track_event_signatures,track_event_signatures,,,Microsoft Windows
,,,,,wrk-pprice,,21:12.0,,,,,,,,,11,4,,,,,C:\Windows\system32\svchost.exe,,,,,,None,Microsoft-Windows-Sysmon/Operational,,,"File created:
RuleName: technique_id=T1574.010,technique_name=Services File Permissions Weakness
UtcTime: 2024-02-14 03:41:58.686
ProcessGuid: {817bddf3-307d-65cc-2200-000000001900}
ProcessId: 1668
Image: C:\Windows\system32\svchost.exe
TargetFilename: C:\Windows\Prefetch\MSIEXEC.EXE-CDBFC0F7.pf
CreationUtcTime: 2024-02-14 03:21:11.996
User: NT AUTHORITY\SYSTEM",Info,,,,,,,,,{817bddf3-307d-65cc-2200-000000001900},1668,,,,,,118892,"technique_id=T1574.010,technique_name=Services File Permissions Weakness",S-1-5-18,5,,,,,,,,Microsoft-Windows-Sysmon,,,,,,,C:\Windows\Prefetch\MSIEXEC.EXE-CDBFC0F7.pf,,,,,,Dns query (rule: DnsQuery),,Information,"SYSTEM
NT AUTHORITY\SYSTEM",41:58.7,"02/11/2026 07:41:58.692 PM
LogName=Microsoft-Windows-Sysmon/Operational
EventCode=11
EventType=4
ComputerName=wrk-pprice
User=SYSTEM
Sid=S-1-5-18
SidType=5
SourceName=Microsoft-Windows-Sysmon
Type=Information
RecordNumber=118892
Keywords=None
TaskCategory=Dns query (rule: DnsQuery)
OpCode=Info
Message=File created:
RuleName: technique_id=T1574.010,technique_name=Services File Permissions Weakness
UtcTime: 2024-02-14 03:41:58.686
ProcessGuid: {817bddf3-307d-65cc-2200-000000001900}
ProcessId: 1668
Image: C:\Windows\system32\svchost.exe
TargetFilename: C:\Windows\Prefetch\MSIEXEC.EXE-CDBFC0F7.pf
CreationUtcTime: 2024-02-14 03:21:11.996
User: NT AUTHORITY\SYSTEM
",2026-02-11T19:41:58.000-0800,,Dns query (rule: DnsQuery),wrk-pprice,wrk-pprice,118892,endpoint_services_processes windows_event_signature windows_ta_data,wrk-pprice,118892,SplunkEx,24,,,,,"//_::._=--/===-==---==--====__(:_)==_:\r:_=.,=___\r:",,,,,informational,4,,11,WinEventLog:Microsoft-Windows-Sysmon/Operational,WinEventLog,DESKTOP-6DT4EHE,,,track_event_signatures,track_event_signatures,,,Microsoft Windows
,,,,,wrk-pprice,,,,,,,,,,Binary Data,13,"4
SetValue",,,,,C:\Windows\syswow64\MsiExec.exe,,,,,,None,Microsoft-Windows-Sysmon/Operational,,,"Registry value set:
RuleName: technique_id=T1543,technique_name=Service Creation
EventType: SetValue
UtcTime: 2024-02-14 03:41:58.686
ProcessGuid: {817bddf3-3685-65cc-2f02-000000001900}
ProcessId: 6996
Image: C:\Windows\syswow64\MsiExec.exe
TargetObject: HKLM\System\CurrentControlSet\Services\bam\State\UserSettings\S-1-5-21-3393683511-3463148672-371912004-1001\\Device\HarddiskVolume3\Windows\SysWOW64\msiexec.exe
Details: Binary Data
User: wrk-pprice\CyberJunkie",Info,,,,,,,,,{817bddf3-3685-65cc-2f02-000000001900},6996,,,,,,118891,"technique_id=T1543,technique_name=Service Creation",S-1-5-18,5,,,,,,,,Microsoft-Windows-Sysmon,,,,,,,,,HKLM\System\CurrentControlSet\Services\bam\State\UserSettings\S-1-5-21-3393683511-3463148672-371912004-1001\\Device\HarddiskVolume3\Windows\SysWOW64\msiexec.exe,,,,Dns query (rule: DnsQuery),,Information,"SYSTEM
wrk-pprice\CyberJunkie",41:58.7,"02/11/2026 07:41:58.690 PM
LogName=Microsoft-Windows-Sysmon/Operational
EventCode=13
EventType=4
ComputerName=wrk-pprice
User=SYSTEM
Sid=S-1-5-18
SidType=5
SourceName=Microsoft-Windows-Sysmon
Type=Information
RecordNumber=118891
Keywords=None
TaskCategory=Dns query (rule: DnsQuery)
OpCode=Info
Message=Registry value set:
RuleName: technique_id=T1543,technique_name=Service Creation
EventType: SetValue
UtcTime: 2024-02-14 03:41:58.686
ProcessGuid: {817bddf3-3685-65cc-2f02-000000001900}
ProcessId: 6996
Image: C:\Windows\syswow64\MsiExec.exe
TargetObject: HKLM\System\CurrentControlSet\Services\bam\State\UserSettings\S-1-5-21-3393683511-3463148672-371912004-1001\\Device\HarddiskVolume3\Windows\SysWOW64\msiexec.exe
Details: Binary Data
User: wrk-pprice\CyberJunkie
",2026-02-11T19:41:58.000-0800,,Dns query (rule: DnsQuery),wrk-pprice,wrk-pprice,118891,endpoint_services_processes windows_event_signature windows_ta_data,wrk-pprice,118891,SplunkEx,25,,,,,"//_::._=--/===-==---==--====__(:_)==__:\r:_=,=_\r:_\r",,,,,informational,"4
SetValue",,13,WinEventLog:Microsoft-Windows-Sysmon/Operational,WinEventLog,DESKTOP-6DT4EHE,,,track_event_signatures,track_event_signatures,,,Microsoft Windows
,,,,,wrk-pprice,,21:12.0,,,,,,,,,11,4,,,,,C:\Windows\system32\svchost.exe,,,,,,None,Microsoft-Windows-Sysmon/Operational,,,"File created:
RuleName: technique_id=T1574.010,technique_name=Services File Permissions Weakness
UtcTime: 2024-02-14 03:41:58.670
ProcessGuid: {817bddf3-307d-65cc-2200-000000001900}
ProcessId: 1668
Image: C:\Windows\system32\svchost.exe
TargetFilename: C:\Windows\Prefetch\MSIEXEC.EXE-CDBFC0F7.pf
CreationUtcTime: 2024-02-14 03:21:11.996
User: NT AUTHORITY\SYSTEM",Info,,,,,,,,,{817bddf3-307d-65cc-2200-000000001900},1668,,,,,,118890,"technique_id=T1574.010,technique_name=Services File Permissions Weakness",S-1-5-18,5,,,,,,,,Microsoft-Windows-Sysmon,,,,,,,C:\Windows\Prefetch\MSIEXEC.EXE-CDBFC0F7.pf,,,,,,Dns query (rule: DnsQuery),,Information,"SYSTEM
NT AUTHORITY\SYSTEM",41:58.7,"02/11/2026 07:41:58.684 PM
LogName=Microsoft-Windows-Sysmon/Operational
EventCode=11
EventType=4
ComputerName=wrk-pprice
User=SYSTEM
Sid=S-1-5-18
SidType=5
SourceName=Microsoft-Windows-Sysmon
Type=Information
RecordNumber=118890
Keywords=None
TaskCategory=Dns query (rule: DnsQuery)
OpCode=Info
Message=File created:
RuleName: technique_id=T1574.010,technique_name=Services File Permissions Weakness
UtcTime: 2024-02-14 03:41:58.670
ProcessGuid: {817bddf3-307d-65cc-2200-000000001900}
ProcessId: 1668
Image: C:\Windows\system32\svchost.exe
TargetFilename: C:\Windows\Prefetch\MSIEXEC.EXE-CDBFC0F7.pf
CreationUtcTime: 2024-02-14 03:21:11.996
User: NT AUTHORITY\SYSTEM
",2026-02-11T19:41:58.000-0800,,Dns query (rule: DnsQuery),wrk-pprice,wrk-pprice,118890,endpoint_services_processes windows_event_signature windows_ta_data,wrk-pprice,118890,SplunkEx,24,,,,,"//_::._=--/===-==---==--====__(:_)==_:\r:_=.,=___\r:",,,,,informational,4,,11,WinEventLog:Microsoft-Windows-Sysmon/Operational,WinEventLog,DESKTOP-6DT4EHE,,,track_event_signatures,track_event_signatures,,,Microsoft Windows
,,,,,wrk-pprice,,,,,,,,,,Binary Data,13,"4
SetValue",,,,,C:\Windows\SysWOW64\msiexec.exe,,,,,,None,Microsoft-Windows-Sysmon/Operational,,,"Registry value set:
RuleName: technique_id=T1543,technique_name=Service Creation
EventType: SetValue
UtcTime: 2024-02-14 03:41:58.670
ProcessGuid: {817bddf3-3685-65cc-3002-000000001900}
ProcessId: 10324
Image: C:\Windows\SysWOW64\msiexec.exe
TargetObject: HKLM\System\CurrentControlSet\Services\bam\State\UserSettings\S-1-5-21-3393683511-3463148672-371912004-1001\\Device\HarddiskVolume3\Windows\SysWOW64\msiexec.exe
Details: Binary Data
User: wrk-pprice\CyberJunkie",Info,,,,,,,,,{817bddf3-3685-65cc-3002-000000001900},10324,,,,,,118889,"technique_id=T1543,technique_name=Service Creation",S-1-5-18,5,,,,,,,,Microsoft-Windows-Sysmon,,,,,,,,,HKLM\System\CurrentControlSet\Services\bam\State\UserSettings\S-1-5-21-3393683511-3463148672-371912004-1001\\Device\HarddiskVolume3\Windows\SysWOW64\msiexec.exe,,,,Dns query (rule: DnsQuery),,Information,"SYSTEM
wrk-pprice\CyberJunkie",41:58.7,"02/11/2026 07:41:58.682 PM
LogName=Microsoft-Windows-Sysmon/Operational
EventCode=13
EventType=4
ComputerName=wrk-pprice
User=SYSTEM
Sid=S-1-5-18
SidType=5
SourceName=Microsoft-Windows-Sysmon
Type=Information
RecordNumber=118889
Keywords=None
TaskCategory=Dns query (rule: DnsQuery)
OpCode=Info
Message=Registry value set:
RuleName: technique_id=T1543,technique_name=Service Creation
EventType: SetValue
UtcTime: 2024-02-14 03:41:58.670
ProcessGuid: {817bddf3-3685-65cc-3002-000000001900}
ProcessId: 10324
Image: C:\Windows\SysWOW64\msiexec.exe
TargetObject: HKLM\System\CurrentControlSet\Services\bam\State\UserSettings\S-1-5-21-3393683511-3463148672-371912004-1001\\Device\HarddiskVolume3\Windows\SysWOW64\msiexec.exe
Details: Binary Data
User: wrk-pprice\CyberJunkie
",2026-02-11T19:41:58.000-0800,,Dns query (rule: DnsQuery),wrk-pprice,wrk-pprice,118889,endpoint_services_processes windows_event_signature windows_ta_data,wrk-pprice,118889,SplunkEx,25,,,,,"//_::._=--/===-==---==--====__(:_)==__:\r:_=,=_\r:_\r",,,,,informational,"4
SetValue",,13,WinEventLog:Microsoft-Windows-Sysmon/Operational,WinEventLog,DESKTOP-6DT4EHE,,,track_event_signatures,track_event_signatures,,,Microsoft Windows
,,,,,wrk-pprice,,21:12.0,,,,,,,,,11,4,,,,,C:\Windows\system32\svchost.exe,,,,,,None,Microsoft-Windows-Sysmon/Operational,,,"File created:
RuleName: technique_id=T1574.010,technique_name=Services File Permissions Weakness
UtcTime: 2024-02-14 03:41:58.655
ProcessGuid: {817bddf3-307d-65cc-2200-000000001900}
ProcessId: 1668
Image: C:\Windows\system32\svchost.exe
TargetFilename: C:\Windows\Prefetch\MSIEXEC.EXE-CDBFC0F7.pf
CreationUtcTime: 2024-02-14 03:21:11.996
User: NT AUTHORITY\SYSTEM",Info,,,,,,,,,{817bddf3-307d-65cc-2200-000000001900},1668,,,,,,118888,"technique_id=T1574.010,technique_name=Services File Permissions Weakness",S-1-5-18,5,,,,,,,,Microsoft-Windows-Sysmon,,,,,,,C:\Windows\Prefetch\MSIEXEC.EXE-CDBFC0F7.pf,,,,,,Dns query (rule: DnsQuery),,Information,"SYSTEM
NT AUTHORITY\SYSTEM",41:58.7,"02/11/2026 07:41:58.669 PM
LogName=Microsoft-Windows-Sysmon/Operational
EventCode=11
EventType=4
ComputerName=wrk-pprice
User=SYSTEM
Sid=S-1-5-18
SidType=5
SourceName=Microsoft-Windows-Sysmon
Type=Information
RecordNumber=118888
Keywords=None
TaskCategory=Dns query (rule: DnsQuery)
OpCode=Info
Message=File created:
RuleName: technique_id=T1574.010,technique_name=Services File Permissions Weakness
UtcTime: 2024-02-14 03:41:58.655
ProcessGuid: {817bddf3-307d-65cc-2200-000000001900}
ProcessId: 1668
Image: C:\Windows\system32\svchost.exe
TargetFilename: C:\Windows\Prefetch\MSIEXEC.EXE-CDBFC0F7.pf
CreationUtcTime: 2024-02-14 03:21:11.996
User: NT AUTHORITY\SYSTEM
",2026-02-11T19:41:58.000-0800,,Dns query (rule: DnsQuery),wrk-pprice,wrk-pprice,118888,endpoint_services_processes windows_event_signature windows_ta_data,wrk-pprice,118888,SplunkEx,24,,,,,"//_::._=--/===-==---==--====__(:_)==_:\r:_=.,=___\r:",,,,,informational,4,,11,WinEventLog:Microsoft-Windows-Sysmon/Operational,WinEventLog,DESKTOP-6DT4EHE,,,track_event_signatures,track_event_signatures,,,Microsoft Windows
,,,,,wrk-pprice,,,,,,,,,,Binary Data,13,"4
SetValue",,,,,C:\Windows\syswow64\MsiExec.exe,,,,,,None,Microsoft-Windows-Sysmon/Operational,,,"Registry value set:
RuleName: technique_id=T1543,technique_name=Service Creation
EventType: SetValue
UtcTime: 2024-02-14 03:41:58.655
ProcessGuid: {817bddf3-3686-65cc-3102-000000001900}
ProcessId: 10280
Image: C:\Windows\syswow64\MsiExec.exe
TargetObject: HKLM\System\CurrentControlSet\Services\bam\State\UserSettings\S-1-5-21-3393683511-3463148672-371912004-1001\\Device\HarddiskVolume3\Windows\SysWOW64\msiexec.exe
Details: Binary Data
User: wrk-pprice\CyberJunkie",Info,,,,,,,,,{817bddf3-3686-65cc-3102-000000001900},10280,,,,,,118887,"technique_id=T1543,technique_name=Service Creation",S-1-5-18,5,,,,,,,,Microsoft-Windows-Sysmon,,,,,,,,,HKLM\System\CurrentControlSet\Services\bam\State\UserSettings\S-1-5-21-3393683511-3463148672-371912004-1001\\Device\HarddiskVolume3\Windows\SysWOW64\msiexec.exe,,,,Dns query (rule: DnsQuery),,Information,"SYSTEM
wrk-pprice\CyberJunkie",41:58.7,"02/11/2026 07:41:58.667 PM
LogName=Microsoft-Windows-Sysmon/Operational
EventCode=13
EventType=4
ComputerName=wrk-pprice
User=SYSTEM
Sid=S-1-5-18
SidType=5
SourceName=Microsoft-Windows-Sysmon
Type=Information
RecordNumber=118887
Keywords=None
TaskCategory=Dns query (rule: DnsQuery)
OpCode=Info
Message=Registry value set:
RuleName: technique_id=T1543,technique_name=Service Creation
EventType: SetValue
UtcTime: 2024-02-14 03:41:58.655
ProcessGuid: {817bddf3-3686-65cc-3102-000000001900}
ProcessId: 10280
Image: C:\Windows\syswow64\MsiExec.exe
TargetObject: HKLM\System\CurrentControlSet\Services\bam\State\UserSettings\S-1-5-21-3393683511-3463148672-371912004-1001\\Device\HarddiskVolume3\Windows\SysWOW64\msiexec.exe
Details: Binary Data
User: wrk-pprice\CyberJunkie
",2026-02-11T19:41:58.000-0800,,Dns query (rule: DnsQuery),wrk-pprice,wrk-pprice,118887,endpoint_services_processes windows_event_signature windows_ta_data,wrk-pprice,118887,SplunkEx,25,,,,,"//_::._=--/===-==---==--====__(:_)==__:\r:_=,=_\r:_\r",,,,,informational,"4
SetValue",,13,WinEventLog:Microsoft-Windows-Sysmon/Operational,WinEventLog,DESKTOP-6DT4EHE,,,track_event_signatures,track_event_signatures,,,Microsoft Windows
,,,,,wrk-pprice,,41:58.7,,,,,,,,,11,4,,,,,C:\Windows\system32\msiexec.exe,,,,,,None,Microsoft-Windows-Sysmon/Operational,,,"File created:
RuleName: technique_id=T1574.010,technique_name=Services File Permissions Weakness
UtcTime: 2024-02-14 03:41:58.655
ProcessGuid: {817bddf3-3685-65cc-2e02-000000001900}
ProcessId: 10220
Image: C:\Windows\system32\msiexec.exe
TargetFilename: C:\Windows\Temp\~DF510BE11EEE4A3FC7.TMP
CreationUtcTime: 2024-02-14 03:41:58.655
User: NT AUTHORITY\SYSTEM",Info,,,,,,,,,{817bddf3-3685-65cc-2e02-000000001900},10220,,,,,,118886,"technique_id=T1574.010,technique_name=Services File Permissions Weakness",S-1-5-18,5,,,,,,,,Microsoft-Windows-Sysmon,,,,,,,C:\Windows\Temp\~DF510BE11EEE4A3FC7.TMP,,,,,,Dns query (rule: DnsQuery),,Information,"SYSTEM
NT AUTHORITY\SYSTEM",41:58.7,"02/11/2026 07:41:58.662 PM
LogName=Microsoft-Windows-Sysmon/Operational
EventCode=11
EventType=4
ComputerName=wrk-pprice
User=SYSTEM
Sid=S-1-5-18
SidType=5
SourceName=Microsoft-Windows-Sysmon
Type=Information
RecordNumber=118886
Keywords=None
TaskCategory=Dns query (rule: DnsQuery)
OpCode=Info
Message=File created:
RuleName: technique_id=T1574.010,technique_name=Services File Permissions Weakness
UtcTime: 2024-02-14 03:41:58.655
ProcessGuid: {817bddf3-3685-65cc-2e02-000000001900}
ProcessId: 10220
Image: C:\Windows\system32\msiexec.exe
TargetFilename: C:\Windows\Temp\~DF510BE11EEE4A3FC7.TMP
CreationUtcTime: 2024-02-14 03:41:58.655
User: NT AUTHORITY\SYSTEM
",2026-02-11T19:41:58.000-0800,,Dns query (rule: DnsQuery),wrk-pprice,wrk-pprice,118886,endpoint_services_processes windows_event_signature windows_ta_data,wrk-pprice,118886,SplunkEx,24,,,,,"//_::._=--/===-==---==--====__(:_)==_:\r:_=.,=___\r:",,,,,informational,4,,11,WinEventLog:Microsoft-Windows-Sysmon/Operational,WinEventLog,DESKTOP-6DT4EHE,,,track_event_signatures,track_event_signatures,,,Microsoft Windows
,,,,,wrk-pprice,,41:58.7,,,,,,,,,11,4,,,,,C:\Windows\system32\msiexec.exe,,,,,,None,Microsoft-Windows-Sysmon/Operational,,,"File created:
RuleName: technique_id=T1574.010,technique_name=Services File Permissions Weakness
UtcTime: 2024-02-14 03:41:58.655
ProcessGuid: {817bddf3-3685-65cc-2e02-000000001900}
ProcessId: 10220
Image: C:\Windows\system32\msiexec.exe
TargetFilename: C:\Windows\Temp\~DFCF343AEE22609D1A.TMP
CreationUtcTime: 2024-02-14 03:41:58.655
User: NT AUTHORITY\SYSTEM",Info,,,,,,,,,{817bddf3-3685-65cc-2e02-000000001900},10220,,,,,,118885,"technique_id=T1574.010,technique_name=Services File Permissions Weakness",S-1-5-18,5,,,,,,,,Microsoft-Windows-Sysmon,,,,,,,C:\Windows\Temp\~DFCF343AEE22609D1A.TMP,,,,,,Dns query (rule: DnsQuery),,Information,"SYSTEM
NT AUTHORITY\SYSTEM",41:58.7,"02/11/2026 07:41:58.661 PM
LogName=Microsoft-Windows-Sysmon/Operational
EventCode=11
EventType=4
ComputerName=wrk-pprice
User=SYSTEM
Sid=S-1-5-18
SidType=5
SourceName=Microsoft-Windows-Sysmon
Type=Information
RecordNumber=118885
Keywords=None
TaskCategory=Dns query (rule: DnsQuery)
OpCode=Info
Message=File created:
RuleName: technique_id=T1574.010,technique_name=Services File Permissions Weakness
UtcTime: 2024-02-14 03:41:58.655
ProcessGuid: {817bddf3-3685-65cc-2e02-000000001900}
ProcessId: 10220
Image: C:\Windows\system32\msiexec.exe
TargetFilename: C:\Windows\Temp\~DFCF343AEE22609D1A.TMP
CreationUtcTime: 2024-02-14 03:41:58.655
User: NT AUTHORITY\SYSTEM
",2026-02-11T19:41:58.000-0800,,Dns query (rule: DnsQuery),wrk-pprice,wrk-pprice,118885,endpoint_services_processes windows_event_signature windows_ta_data,wrk-pprice,118885,SplunkEx,24,,,,,"//_::._=--/===-==---==--====__(:_)==_:\r:_=.,=___\r:",,,,,informational,4,,11,WinEventLog:Microsoft-Windows-Sysmon/Operational,WinEventLog,DESKTOP-6DT4EHE,,,track_event_signatures,track_event_signatures,,,Microsoft Windows
,,,,,wrk-pprice,,41:58.7,,,,,,,,,11,4,,,,,C:\Windows\system32\msiexec.exe,,,,,,None,Microsoft-Windows-Sysmon/Operational,,,"File created:
RuleName: technique_id=T1574.010,technique_name=Services File Permissions Weakness
UtcTime: 2024-02-14 03:41:58.655
ProcessGuid: {817bddf3-3685-65cc-2e02-000000001900}
ProcessId: 10220
Image: C:\Windows\system32\msiexec.exe
TargetFilename: C:\Windows\Temp\~DFC3CF03F20917C7B5.TMP
CreationUtcTime: 2024-02-14 03:41:58.655
User: NT AUTHORITY\SYSTEM",Info,,,,,,,,,{817bddf3-3685-65cc-2e02-000000001900},10220,,,,,,118884,"technique_id=T1574.010,technique_name=Services File Permissions Weakness",S-1-5-18,5,,,,,,,,Microsoft-Windows-Sysmon,,,,,,,C:\Windows\Temp\~DFC3CF03F20917C7B5.TMP,,,,,,Dns query (rule: DnsQuery),,Information,"SYSTEM
NT AUTHORITY\SYSTEM",41:58.7,"02/11/2026 07:41:58.659 PM
LogName=Microsoft-Windows-Sysmon/Operational
EventCode=11
EventType=4
ComputerName=wrk-pprice
User=SYSTEM
Sid=S-1-5-18
SidType=5
SourceName=Microsoft-Windows-Sysmon
Type=Information
RecordNumber=118884
Keywords=None
TaskCategory=Dns query (rule: DnsQuery)
OpCode=Info
Message=File created:
RuleName: technique_id=T1574.010,technique_name=Services File Permissions Weakness
UtcTime: 2024-02-14 03:41:58.655
ProcessGuid: {817bddf3-3685-65cc-2e02-000000001900}
ProcessId: 10220
Image: C:\Windows\system32\msiexec.exe
TargetFilename: C:\Windows\Temp\~DFC3CF03F20917C7B5.TMP
CreationUtcTime: 2024-02-14 03:41:58.655
User: NT AUTHORITY\SYSTEM
",2026-02-11T19:41:58.000-0800,,Dns query (rule: DnsQuery),wrk-pprice,wrk-pprice,118884,endpoint_services_processes windows_event_signature windows_ta_data,wrk-pprice,118884,SplunkEx,24,,,,,"//_::._=--/===-==---==--====__(:_)==_:\r:_=.,=___\r:",,,,,informational,4,,11,WinEventLog:Microsoft-Windows-Sysmon/Operational,WinEventLog,DESKTOP-6DT4EHE,,,track_event_signatures,track_event_signatures,,,Microsoft Windows
,,,,,wrk-pprice,,41:58.7,,,,,,,,,11,4,,,,,C:\Windows\system32\msiexec.exe,,,,,,None,Microsoft-Windows-Sysmon/Operational,,,"File created:
RuleName: technique_id=T1574.010,technique_name=Services File Permissions Weakness
UtcTime: 2024-02-14 03:41:58.655
ProcessGuid: {817bddf3-3685-65cc-2e02-000000001900}
ProcessId: 10220
Image: C:\Windows\system32\msiexec.exe
TargetFilename: C:\Windows\Temp\~DF6B36AD641199B0BF.TMP
CreationUtcTime: 2024-02-14 03:41:58.655
User: NT AUTHORITY\SYSTEM",Info,,,,,,,,,{817bddf3-3685-65cc-2e02-000000001900},10220,,,,,,118883,"technique_id=T1574.010,technique_name=Services File Permissions Weakness",S-1-5-18,5,,,,,,,,Microsoft-Windows-Sysmon,,,,,,,C:\Windows\Temp\~DF6B36AD641199B0BF.TMP,,,,,,Dns query (rule: DnsQuery),,Information,"SYSTEM
NT AUTHORITY\SYSTEM",41:58.7,"02/11/2026 07:41:58.658 PM
LogName=Microsoft-Windows-Sysmon/Operational
EventCode=11
EventType=4
ComputerName=wrk-pprice
User=SYSTEM
Sid=S-1-5-18
SidType=5
SourceName=Microsoft-Windows-Sysmon
Type=Information
RecordNumber=118883
Keywords=None
TaskCategory=Dns query (rule: DnsQuery)
OpCode=Info
Message=File created:
RuleName: technique_id=T1574.010,technique_name=Services File Permissions Weakness
UtcTime: 2024-02-14 03:41:58.655
ProcessGuid: {817bddf3-3685-65cc-2e02-000000001900}
ProcessId: 10220
Image: C:\Windows\system32\msiexec.exe
TargetFilename: C:\Windows\Temp\~DF6B36AD641199B0BF.TMP
CreationUtcTime: 2024-02-14 03:41:58.655
User: NT AUTHORITY\SYSTEM
",2026-02-11T19:41:58.000-0800,,Dns query (rule: DnsQuery),wrk-pprice,wrk-pprice,118883,endpoint_services_processes windows_event_signature windows_ta_data,wrk-pprice,118883,SplunkEx,24,,,,,"//_::._=--/===-==---==--====__(:_)==_:\r:_=.,=___\r:",,,,,informational,4,,11,WinEventLog:Microsoft-Windows-Sysmon/Operational,WinEventLog,DESKTOP-6DT4EHE,,,track_event_signatures,track_event_signatures,,,Microsoft Windows
TRUE,,,,,wrk-pprice,,,,,,,,,,,23,4,,,,"SHA1=46167254D9A5475A3D0A36DCDB7F4031A8B148D1,MD5=ADC098D9A02A0A0710E8A7D6D2BFEA1D,SHA256=B73B46F35142989A10C91AA887F94037271B8EE7148CC3BFB061AE9848ED1FD9,IMPHASH=00000000000000000000000000000000",C:\Windows\system32\msiexec.exe,,,,,FALSE,None,Microsoft-Windows-Sysmon/Operational,,,"File Delete archived:
RuleName: other interesting files
UtcTime: 2024-02-14 03:41:58.655
ProcessGuid: {817bddf3-3685-65cc-2e02-000000001900}
ProcessId: 10220
User: NT AUTHORITY\SYSTEM
Image: C:\Windows\system32\msiexec.exe
TargetFilename: C:\Windows\Installer\17c5a1.msi
Hashes: SHA1=46167254D9A5475A3D0A36DCDB7F4031A8B148D1,MD5=ADC098D9A02A0A0710E8A7D6D2BFEA1D,SHA256=B73B46F35142989A10C91AA887F94037271B8EE7148CC3BFB061AE9848ED1FD9,IMPHASH=00000000000000000000000000000000
IsExecutable: false
Archived: true",Info,,,,,,,,,{817bddf3-3685-65cc-2e02-000000001900},10220,,,,,,118882,other interesting files,S-1-5-18,5,,,,,,,,Microsoft-Windows-Sysmon,,,,,,,C:\Windows\Installer\17c5a1.msi,,,,,,Dns query (rule: DnsQuery),,Information,"SYSTEM
NT AUTHORITY\SYSTEM",41:58.7,"02/11/2026 07:41:58.655 PM
LogName=Microsoft-Windows-Sysmon/Operational
EventCode=23
EventType=4
ComputerName=wrk-pprice
User=SYSTEM
Sid=S-1-5-18
SidType=5
SourceName=Microsoft-Windows-Sysmon
Type=Information
RecordNumber=118882
Keywords=None
TaskCategory=Dns query (rule: DnsQuery)
OpCode=Info
Message=File Delete archived:
RuleName: other interesting files
UtcTime: 2024-02-14 03:41:58.655
ProcessGuid: {817bddf3-3685-65cc-2e02-000000001900}
ProcessId: 10220
User: NT AUTHORITY\SYSTEM
Image: C:\Windows\system32\msiexec.exe
TargetFilename: C:\Windows\Installer\17c5a1.msi
Hashes: SHA1=46167254D9A5475A3D0A36DCDB7F4031A8B148D1,MD5=ADC098D9A02A0A0710E8A7D6D2BFEA1D,SHA256=B73B46F35142989A10C91AA887F94037271B8EE7148CC3BFB061AE9848ED1FD9,IMPHASH=00000000000000000000000000000000
IsExecutable: false
Archived: true
",2026-02-11T19:41:58.000-0800,,Dns query (rule: DnsQuery),wrk-pprice,wrk-pprice,118882,endpoint_services_processes windows_event_signature windows_ta_data,wrk-pprice,118882,SplunkEx,26,,,,,//_::._=--/===-==---==--====__(:_)==__:\r:___\r:_--_,,,,,informational,4,,23,WinEventLog:Microsoft-Windows-Sysmon/Operational,WinEventLog,DESKTOP-6DT4EHE,,,track_event_signatures,track_event_signatures,,,Microsoft Windows
TRUE,,,,,wrk-pprice,,,,,,,,,,,23,4,,,,"SHA1=2413442B9801AB5D5DFB628D7054A06A8CE31E55,MD5=98C6AC65A6371DF6DC1871415D681103,SHA256=28489C508E0D1E62B04C9EADC1B778E111A837E7374DEA2D346D06EE0A64783D,IMPHASH=93F47FEB08B7E50D26C2751466BF0E0F",C:\Windows\system32\msiexec.exe,,,,,TRUE,None,Microsoft-Windows-Sysmon/Operational,,,"File Delete archived:
RuleName: Executables
UtcTime: 2024-02-14 03:41:58.639
ProcessGuid: {817bddf3-3685-65cc-2e02-000000001900}
ProcessId: 10220
User: NT AUTHORITY\SYSTEM
Image: C:\Windows\system32\msiexec.exe
TargetFilename: C:\Windows\Installer\MSIC78D.tmp
Hashes: SHA1=2413442B9801AB5D5DFB628D7054A06A8CE31E55,MD5=98C6AC65A6371DF6DC1871415D681103,SHA256=28489C508E0D1E62B04C9EADC1B778E111A837E7374DEA2D346D06EE0A64783D,IMPHASH=93F47FEB08B7E50D26C2751466BF0E0F
IsExecutable: true
Archived: true",Info,,,,,,,,,{817bddf3-3685-65cc-2e02-000000001900},10220,,,,,,118881,Executables,S-1-5-18,5,,,,,,,,Microsoft-Windows-Sysmon,,,,,,,C:\Windows\Installer\MSIC78D.tmp,,,,,,Dns query (rule: DnsQuery),,Information,"SYSTEM
NT AUTHORITY\SYSTEM",41:58.6,"02/11/2026 07:41:58.642 PM
LogName=Microsoft-Windows-Sysmon/Operational
EventCode=23
EventType=4
ComputerName=wrk-pprice
User=SYSTEM
Sid=S-1-5-18
SidType=5
SourceName=Microsoft-Windows-Sysmon
Type=Information
RecordNumber=118881
Keywords=None
TaskCategory=Dns query (rule: DnsQuery)
OpCode=Info
Message=File Delete archived:
RuleName: Executables
UtcTime: 2024-02-14 03:41:58.639
ProcessGuid: {817bddf3-3685-65cc-2e02-000000001900}
ProcessId: 10220
User: NT AUTHORITY\SYSTEM
Image: C:\Windows\system32\msiexec.exe
TargetFilename: C:\Windows\Installer\MSIC78D.tmp
Hashes: SHA1=2413442B9801AB5D5DFB628D7054A06A8CE31E55,MD5=98C6AC65A6371DF6DC1871415D681103,SHA256=28489C508E0D1E62B04C9EADC1B778E111A837E7374DEA2D346D06EE0A64783D,IMPHASH=93F47FEB08B7E50D26C2751466BF0E0F
IsExecutable: true
Archived: true
",2026-02-11T19:41:58.000-0800,,Dns query (rule: DnsQuery),wrk-pprice,wrk-pprice,118881,endpoint_services_processes windows_event_signature windows_ta_data,wrk-pprice,118881,SplunkEx,26,,,,,//_::._=--/===-==---==--====__(:_)==__:\r:_\r:_--_::,,,,,informational,4,,23,WinEventLog:Microsoft-Windows-Sysmon/Operational,WinEventLog,DESKTOP-6DT4EHE,,,track_event_signatures,track_event_signatures,,,Microsoft Windows
,,,,,wrk-pprice,,41:58.6,,,,,,,,,11,4,,,,,C:\Windows\system32\msiexec.exe,,,,,,None,Microsoft-Windows-Sysmon/Operational,,,"File created:
RuleName: technique_id=T1574.010,technique_name=Services File Permissions Weakness
UtcTime: 2024-02-14 03:41:58.623
ProcessGuid: {817bddf3-3685-65cc-2e02-000000001900}
ProcessId: 10220
Image: C:\Windows\system32\msiexec.exe
TargetFilename: C:\Windows\Temp\~DF32F0688B9D8651BE.TMP
CreationUtcTime: 2024-02-14 03:41:58.623
User: NT AUTHORITY\SYSTEM",Info,,,,,,,,,{817bddf3-3685-65cc-2e02-000000001900},10220,,,,,,118880,"technique_id=T1574.010,technique_name=Services File Permissions Weakness",S-1-5-18,5,,,,,,,,Microsoft-Windows-Sysmon,,,,,,,C:\Windows\Temp\~DF32F0688B9D8651BE.TMP,,,,,,Dns query (rule: DnsQuery),,Information,"SYSTEM
NT AUTHORITY\SYSTEM",41:58.6,"02/11/2026 07:41:58.633 PM
LogName=Microsoft-Windows-Sysmon/Operational
EventCode=11
EventType=4
ComputerName=wrk-pprice
User=SYSTEM
Sid=S-1-5-18
SidType=5
SourceName=Microsoft-Windows-Sysmon
Type=Information
RecordNumber=118880
Keywords=None
TaskCategory=Dns query (rule: DnsQuery)
OpCode=Info
Message=File created:
RuleName: technique_id=T1574.010,technique_name=Services File Permissions Weakness
UtcTime: 2024-02-14 03:41:58.623
ProcessGuid: {817bddf3-3685-65cc-2e02-000000001900}
ProcessId: 10220
Image: C:\Windows\system32\msiexec.exe
TargetFilename: C:\Windows\Temp\~DF32F0688B9D8651BE.TMP
CreationUtcTime: 2024-02-14 03:41:58.623
User: NT AUTHORITY\SYSTEM
",2026-02-11T19:41:58.000-0800,,Dns query (rule: DnsQuery),wrk-pprice,wrk-pprice,118880,endpoint_services_processes windows_event_signature windows_ta_data,wrk-pprice,118880,SplunkEx,24,,,,,"//_::._=--/===-==---==--====__(:_)==_:\r:_=.,=___\r:",,,,,informational,4,,11,WinEventLog:Microsoft-Windows-Sysmon/Operational,WinEventLog,DESKTOP-6DT4EHE,,,track_event_signatures,track_event_signatures,,,Microsoft Windows
,,,,,wrk-pprice,,41:58.6,,,,,,,,,11,4,,,,,C:\Windows\system32\msiexec.exe,,,,,,None,Microsoft-Windows-Sysmon/Operational,,,"File created:
RuleName: technique_id=T1574.010,technique_name=Services File Permissions Weakness
UtcTime: 2024-02-14 03:41:58.623
ProcessGuid: {817bddf3-3685-65cc-2e02-000000001900}
ProcessId: 10220
Image: C:\Windows\system32\msiexec.exe
TargetFilename: C:\Windows\Temp\~DF72F8CFFC54411041.TMP
CreationUtcTime: 2024-02-14 03:41:58.623
User: NT AUTHORITY\SYSTEM",Info,,,,,,,,,{817bddf3-3685-65cc-2e02-000000001900},10220,,,,,,118879,"technique_id=T1574.010,technique_name=Services File Permissions Weakness",S-1-5-18,5,,,,,,,,Microsoft-Windows-Sysmon,,,,,,,C:\Windows\Temp\~DF72F8CFFC54411041.TMP,,,,,,Dns query (rule: DnsQuery),,Information,"SYSTEM
NT AUTHORITY\SYSTEM",41:58.6,"02/11/2026 07:41:58.632 PM
LogName=Microsoft-Windows-Sysmon/Operational
EventCode=11
EventType=4
ComputerName=wrk-pprice
User=SYSTEM
Sid=S-1-5-18
SidType=5
SourceName=Microsoft-Windows-Sysmon
Type=Information
RecordNumber=118879
Keywords=None
TaskCategory=Dns query (rule: DnsQuery)
OpCode=Info
Message=File created:
RuleName: technique_id=T1574.010,technique_name=Services File Permissions Weakness
UtcTime: 2024-02-14 03:41:58.623
ProcessGuid: {817bddf3-3685-65cc-2e02-000000001900}
ProcessId: 10220
Image: C:\Windows\system32\msiexec.exe
TargetFilename: C:\Windows\Temp\~DF72F8CFFC54411041.TMP
CreationUtcTime: 2024-02-14 03:41:58.623
User: NT AUTHORITY\SYSTEM
",2026-02-11T19:41:58.000-0800,,Dns query (rule: DnsQuery),wrk-pprice,wrk-pprice,118879,endpoint_services_processes windows_event_signature windows_ta_data,wrk-pprice,118879,SplunkEx,24,,,,,"//_::._=--/===-==---==--====__(:_)==_:\r:_=.,=___\r:",,,,,informational,4,,11,WinEventLog:Microsoft-Windows-Sysmon/Operational,WinEventLog,DESKTOP-6DT4EHE,,,track_event_signatures,track_event_signatures,,,Microsoft Windows
,,,,,wrk-pprice,,41:58.6,,,,,,,,,11,4,,,,,C:\Windows\system32\msiexec.exe,,,,,,None,Microsoft-Windows-Sysmon/Operational,,,"File created:
RuleName: technique_id=T1574.010,technique_name=Services File Permissions Weakness
UtcTime: 2024-02-14 03:41:58.623
ProcessGuid: {817bddf3-3685-65cc-2e02-000000001900}
ProcessId: 10220
Image: C:\Windows\system32\msiexec.exe
TargetFilename: C:\Windows\Temp\~DFCDC2B7767AF6F394.TMP
CreationUtcTime: 2024-02-14 03:41:58.623
User: NT AUTHORITY\SYSTEM",Info,,,,,,,,,{817bddf3-3685-65cc-2e02-000000001900},10220,,,,,,118878,"technique_id=T1574.010,technique_name=Services File Permissions Weakness",S-1-5-18,5,,,,,,,,Microsoft-Windows-Sysmon,,,,,,,C:\Windows\Temp\~DFCDC2B7767AF6F394.TMP,,,,,,Dns query (rule: DnsQuery),,Information,"SYSTEM
NT AUTHORITY\SYSTEM",41:58.6,"02/11/2026 07:41:58.630 PM
LogName=Microsoft-Windows-Sysmon/Operational
EventCode=11
EventType=4
ComputerName=wrk-pprice
User=SYSTEM
Sid=S-1-5-18
SidType=5
SourceName=Microsoft-Windows-Sysmon
Type=Information
RecordNumber=118878
Keywords=None
TaskCategory=Dns query (rule: DnsQuery)
OpCode=Info
Message=File created:
RuleName: technique_id=T1574.010,technique_name=Services File Permissions Weakness
UtcTime: 2024-02-14 03:41:58.623
ProcessGuid: {817bddf3-3685-65cc-2e02-000000001900}
ProcessId: 10220
Image: C:\Windows\system32\msiexec.exe
TargetFilename: C:\Windows\Temp\~DFCDC2B7767AF6F394.TMP
CreationUtcTime: 2024-02-14 03:41:58.623
User: NT AUTHORITY\SYSTEM
",2026-02-11T19:41:58.000-0800,,Dns query (rule: DnsQuery),wrk-pprice,wrk-pprice,118878,endpoint_services_processes windows_event_signature windows_ta_data,wrk-pprice,118878,SplunkEx,24,,,,,"//_::._=--/===-==---==--====__(:_)==_:\r:_=.,=___\r:",,,,,informational,4,,11,WinEventLog:Microsoft-Windows-Sysmon/Operational,WinEventLog,DESKTOP-6DT4EHE,,,track_event_signatures,track_event_signatures,,,Microsoft Windows
,,,,,wrk-pprice,,41:58.6,,,,,,,,,11,4,,,,,C:\Windows\system32\msiexec.exe,,,,,,None,Microsoft-Windows-Sysmon/Operational,,,"File created:
RuleName: technique_id=T1574.010,technique_name=Services File Permissions Weakness
UtcTime: 2024-02-14 03:41:58.623
ProcessGuid: {817bddf3-3685-65cc-2e02-000000001900}
ProcessId: 10220
Image: C:\Windows\system32\msiexec.exe
TargetFilename: C:\Windows\Temp\~DF3F75EAA6EFF686F3.TMP
CreationUtcTime: 2024-02-14 03:41:58.623
User: NT AUTHORITY\SYSTEM",Info,,,,,,,,,{817bddf3-3685-65cc-2e02-000000001900},10220,,,,,,118877,"technique_id=T1574.010,technique_name=Services File Permissions Weakness",S-1-5-18,5,,,,,,,,Microsoft-Windows-Sysmon,,,,,,,C:\Windows\Temp\~DF3F75EAA6EFF686F3.TMP,,,,,,Dns query (rule: DnsQuery),,Information,"SYSTEM
NT AUTHORITY\SYSTEM",41:58.6,"02/11/2026 07:41:58.629 PM
LogName=Microsoft-Windows-Sysmon/Operational
EventCode=11
EventType=4
ComputerName=wrk-pprice
User=SYSTEM
Sid=S-1-5-18
SidType=5
SourceName=Microsoft-Windows-Sysmon
Type=Information
RecordNumber=118877
Keywords=None
TaskCategory=Dns query (rule: DnsQuery)
OpCode=Info
Message=File created:
RuleName: technique_id=T1574.010,technique_name=Services File Permissions Weakness
UtcTime: 2024-02-14 03:41:58.623
ProcessGuid: {817bddf3-3685-65cc-2e02-000000001900}
ProcessId: 10220
Image: C:\Windows\system32\msiexec.exe
TargetFilename: C:\Windows\Temp\~DF3F75EAA6EFF686F3.TMP
CreationUtcTime: 2024-02-14 03:41:58.623
User: NT AUTHORITY\SYSTEM
",2026-02-11T19:41:58.000-0800,,Dns query (rule: DnsQuery),wrk-pprice,wrk-pprice,118877,endpoint_services_processes windows_event_signature windows_ta_data,wrk-pprice,118877,SplunkEx,24,,,,,"//_::._=--/===-==---==--====__(:_)==_:\r:_=.,=___\r:",,,,,informational,4,,11,WinEventLog:Microsoft-Windows-Sysmon/Operational,WinEventLog,DESKTOP-6DT4EHE,,,track_event_signatures,track_event_signatures,,,Microsoft Windows
,,,,,wrk-pprice,,41:58.6,,,,,,,,,11,4,,,,,C:\Windows\system32\msiexec.exe,,,,,,None,Microsoft-Windows-Sysmon/Operational,,,"File created:
RuleName: -
UtcTime: 2024-02-14 03:41:58.608
ProcessGuid: {817bddf3-3685-65cc-2e02-000000001900}
ProcessId: 10220
Image: C:\Windows\system32\msiexec.exe
TargetFilename: C:\Games\taskhost.exe
CreationUtcTime: 2024-02-14 03:41:58.592
User: NT AUTHORITY\SYSTEM",Info,,,,,,,,,{817bddf3-3685-65cc-2e02-000000001900},10220,,,,,,118876,-,S-1-5-18,5,,,,,,,,Microsoft-Windows-Sysmon,,,,,,,C:\Games\taskhost.exe,,,,,,Dns query (rule: DnsQuery),,Information,"SYSTEM
NT AUTHORITY\SYSTEM",41:58.6,"02/11/2026 07:41:58.608 PM
LogName=Microsoft-Windows-Sysmon/Operational
EventCode=11
EventType=4
ComputerName=wrk-pprice
User=SYSTEM
Sid=S-1-5-18
SidType=5
SourceName=Microsoft-Windows-Sysmon
Type=Information
RecordNumber=118876
Keywords=None
TaskCategory=Dns query (rule: DnsQuery)
OpCode=Info
Message=File created:
RuleName: -
UtcTime: 2024-02-14 03:41:58.608
ProcessGuid: {817bddf3-3685-65cc-2e02-000000001900}
ProcessId: 10220
Image: C:\Windows\system32\msiexec.exe
TargetFilename: C:\Games\taskhost.exe
CreationUtcTime: 2024-02-14 03:41:58.592
User: NT AUTHORITY\SYSTEM
",2026-02-11T19:41:58.000-0800,,Dns query (rule: DnsQuery),wrk-pprice,wrk-pprice,118876,endpoint_services_processes windows_event_signature windows_ta_data,wrk-pprice,118876,SplunkEx,24,,,,,//_::._=--/===-==---==--====__(:_)==_:\r:_-\r:_--_::,,,,,informational,4,,11,WinEventLog:Microsoft-Windows-Sysmon/Operational,WinEventLog,DESKTOP-6DT4EHE,,,track_event_signatures,track_event_signatures,,,Microsoft Windows
,,,,,wrk-pprice,,41:58.6,,,,,,,,,11,4,,,,,C:\Windows\system32\msiexec.exe,,,,,,None,Microsoft-Windows-Sysmon/Operational,,,"File created:
RuleName: -
UtcTime: 2024-02-14 03:41:58.577
ProcessGuid: {817bddf3-3685-65cc-2e02-000000001900}
ProcessId: 10220
Image: C:\Windows\system32\msiexec.exe
TargetFilename: C:\Games\once.cmd
CreationUtcTime: 2024-02-14 03:41:58.577
User: NT AUTHORITY\SYSTEM",Info,,,,,,,,,{817bddf3-3685-65cc-2e02-000000001900},10220,,,,,,118875,-,S-1-5-18,5,,,,,,,,Microsoft-Windows-Sysmon,,,,,,,C:\Games\once.cmd,,,,,,Dns query (rule: DnsQuery),,Information,"SYSTEM
NT AUTHORITY\SYSTEM",41:58.6,"02/11/2026 07:41:58.590 PM
LogName=Microsoft-Windows-Sysmon/Operational
EventCode=11
EventType=4
ComputerName=wrk-pprice
User=SYSTEM
Sid=S-1-5-18
SidType=5
SourceName=Microsoft-Windows-Sysmon
Type=Information
RecordNumber=118875
Keywords=None
TaskCategory=Dns query (rule: DnsQuery)
OpCode=Info
Message=File created:
RuleName: -
UtcTime: 2024-02-14 03:41:58.577
ProcessGuid: {817bddf3-3685-65cc-2e02-000000001900}
ProcessId: 10220
Image: C:\Windows\system32\msiexec.exe
TargetFilename: C:\Games\once.cmd
CreationUtcTime: 2024-02-14 03:41:58.577
User: NT AUTHORITY\SYSTEM
",2026-02-11T19:41:58.000-0800,,Dns query (rule: DnsQuery),wrk-pprice,wrk-pprice,118875,endpoint_services_processes windows_event_signature windows_ta_data,wrk-pprice,118875,SplunkEx,24,,,,,//_::._=--/===-==---==--====__(:_)==_:\r:_-\r:_--_::,,,,,informational,4,,11,WinEventLog:Microsoft-Windows-Sysmon/Operational,WinEventLog,DESKTOP-6DT4EHE,,,track_event_signatures,track_event_signatures,,,Microsoft Windows
,,,,,wrk-pprice,,41:58.6,,,,,,,,,11,4,,,,,C:\Windows\system32\msiexec.exe,,,,,,None,Microsoft-Windows-Sysmon/Operational,,,"File created:
RuleName: -
UtcTime: 2024-02-14 03:41:58.577
ProcessGuid: {817bddf3-3685-65cc-2e02-000000001900}
ProcessId: 10220
Image: C:\Windows\system32\msiexec.exe
TargetFilename: C:\Games\viewer.exe
CreationUtcTime: 2024-02-14 03:41:58.577
User: NT AUTHORITY\SYSTEM",Info,,,,,,,,,{817bddf3-3685-65cc-2e02-000000001900},10220,,,,,,118874,-,S-1-5-18,5,,,,,,,,Microsoft-Windows-Sysmon,,,,,,,C:\Games\viewer.exe,,,,,,Dns query (rule: DnsQuery),,Information,"SYSTEM
NT AUTHORITY\SYSTEM",41:58.6,"02/11/2026 07:41:58.581 PM
LogName=Microsoft-Windows-Sysmon/Operational
EventCode=11
EventType=4
ComputerName=wrk-pprice
User=SYSTEM
Sid=S-1-5-18
SidType=5
SourceName=Microsoft-Windows-Sysmon
Type=Information
RecordNumber=118874
Keywords=None
TaskCategory=Dns query (rule: DnsQuery)
OpCode=Info
Message=File created:
RuleName: -
UtcTime: 2024-02-14 03:41:58.577
ProcessGuid: {817bddf3-3685-65cc-2e02-000000001900}
ProcessId: 10220
Image: C:\Windows\system32\msiexec.exe
TargetFilename: C:\Games\viewer.exe
CreationUtcTime: 2024-02-14 03:41:58.577
User: NT AUTHORITY\SYSTEM
",2026-02-11T19:41:58.000-0800,,Dns query (rule: DnsQuery),wrk-pprice,wrk-pprice,118874,endpoint_services_processes windows_event_signature windows_ta_data,wrk-pprice,118874,SplunkEx,24,,,,,//_::._=--/===-==---==--====__(:_)==_:\r:_-\r:_--_::,,,,,informational,4,,11,WinEventLog:Microsoft-Windows-Sysmon/Operational,WinEventLog,DESKTOP-6DT4EHE,,,track_event_signatures,track_event_signatures,,,Microsoft Windows
,,,,,wrk-pprice,,41:58.6,,,,,,,,,11,4,,,,,C:\Windows\system32\msiexec.exe,,,,,,None,Microsoft-Windows-Sysmon/Operational,,,"File created:
RuleName: -
UtcTime: 2024-02-14 03:41:58.577
ProcessGuid: {817bddf3-3685-65cc-2e02-000000001900}
ProcessId: 10220
Image: C:\Windows\system32\msiexec.exe
TargetFilename: C:\Games\cmmc.cmd
CreationUtcTime: 2024-02-14 03:41:58.577
User: NT AUTHORITY\SYSTEM",Info,,,,,,,,,{817bddf3-3685-65cc-2e02-000000001900},10220,,,,,,118873,-,S-1-5-18,5,,,,,,,,Microsoft-Windows-Sysmon,,,,,,,C:\Games\cmmc.cmd,,,,,,Dns query (rule: DnsQuery),,Information,"SYSTEM
NT AUTHORITY\SYSTEM",41:58.6,"02/11/2026 07:41:58.579 PM
LogName=Microsoft-Windows-Sysmon/Operational
EventCode=11
EventType=4
ComputerName=wrk-pprice
User=SYSTEM
Sid=S-1-5-18
SidType=5
SourceName=Microsoft-Windows-Sysmon
Type=Information
RecordNumber=118873
Keywords=None
TaskCategory=Dns query (rule: DnsQuery)
OpCode=Info
Message=File created:
RuleName: -
UtcTime: 2024-02-14 03:41:58.577
ProcessGuid: {817bddf3-3685-65cc-2e02-000000001900}
ProcessId: 10220
Image: C:\Windows\system32\msiexec.exe
TargetFilename: C:\Games\cmmc.cmd
CreationUtcTime: 2024-02-14 03:41:58.577
User: NT AUTHORITY\SYSTEM
",2026-02-11T19:41:58.000-0800,,Dns query (rule: DnsQuery),wrk-pprice,wrk-pprice,118873,endpoint_services_processes windows_event_signature windows_ta_data,wrk-pprice,118873,SplunkEx,24,,,,,//_::._=--/===-==---==--====__(:_)==_:\r:_-\r:_--_::,,,,,informational,4,,11,WinEventLog:Microsoft-Windows-Sysmon/Operational,WinEventLog,DESKTOP-6DT4EHE,,,track_event_signatures,track_event_signatures,,,Microsoft Windows
,,,,,wrk-pprice,,41:58.6,,,,,,,,,11,4,,,,,C:\Windows\system32\msiexec.exe,,,,,,None,Microsoft-Windows-Sysmon/Operational,,,"File created:
RuleName: -
UtcTime: 2024-02-14 03:41:58.577
ProcessGuid: {817bddf3-3685-65cc-2e02-000000001900}
ProcessId: 10220
Image: C:\Windows\system32\msiexec.exe
TargetFilename: C:\Games\c.cmd
CreationUtcTime: 2024-02-14 03:41:58.561
User: NT AUTHORITY\SYSTEM",Info,,,,,,,,,{817bddf3-3685-65cc-2e02-000000001900},10220,,,,,,118872,-,S-1-5-18,5,,,,,,,,Microsoft-Windows-Sysmon,,,,,,,C:\Games\c.cmd,,,,,,Dns query (rule: DnsQuery),,Information,"SYSTEM
NT AUTHORITY\SYSTEM",41:58.6,"02/11/2026 07:41:58.577 PM
LogName=Microsoft-Windows-Sysmon/Operational
EventCode=11
EventType=4
ComputerName=wrk-pprice
User=SYSTEM
Sid=S-1-5-18
SidType=5
SourceName=Microsoft-Windows-Sysmon
Type=Information
RecordNumber=118872
Keywords=None
TaskCategory=Dns query (rule: DnsQuery)
OpCode=Info
Message=File created:
RuleName: -
UtcTime: 2024-02-14 03:41:58.577
ProcessGuid: {817bddf3-3685-65cc-2e02-000000001900}
ProcessId: 10220
Image: C:\Windows\system32\msiexec.exe
TargetFilename: C:\Games\c.cmd
CreationUtcTime: 2024-02-14 03:41:58.561
User: NT AUTHORITY\SYSTEM
",2026-02-11T19:41:58.000-0800,,Dns query (rule: DnsQuery),wrk-pprice,wrk-pprice,118872,endpoint_services_processes windows_event_signature windows_ta_data,wrk-pprice,118872,SplunkEx,24,,,,,//_::._=--/===-==---==--====__(:_)==_:\r:_-\r:_--_::,,,,,informational,4,,11,WinEventLog:Microsoft-Windows-Sysmon/Operational,WinEventLog,DESKTOP-6DT4EHE,,,track_event_signatures,track_event_signatures,,,Microsoft Windows
,,,,,wrk-pprice,,41:58.6,,,,,,,,,11,4,,,,,C:\Windows\system32\msiexec.exe,,,,,,None,Microsoft-Windows-Sysmon/Operational,,,"File created:
RuleName: -
UtcTime: 2024-02-14 03:41:58.561
ProcessGuid: {817bddf3-3685-65cc-2e02-000000001900}
ProcessId: 10220
Image: C:\Windows\system32\msiexec.exe
TargetFilename: C:\Games\on.cmd
CreationUtcTime: 2024-02-14 03:41:58.561
User: NT AUTHORITY\SYSTEM",Info,,,,,,,,,{817bddf3-3685-65cc-2e02-000000001900},10220,,,,,,118871,-,S-1-5-18,5,,,,,,,,Microsoft-Windows-Sysmon,,,,,,,C:\Games\on.cmd,,,,,,Dns query (rule: DnsQuery),,Information,"SYSTEM
NT AUTHORITY\SYSTEM",41:58.6,"02/11/2026 07:41:58.575 PM
LogName=Microsoft-Windows-Sysmon/Operational
EventCode=11
EventType=4
ComputerName=wrk-pprice
User=SYSTEM
Sid=S-1-5-18
SidType=5
SourceName=Microsoft-Windows-Sysmon
Type=Information
RecordNumber=118871
Keywords=None
TaskCategory=Dns query (rule: DnsQuery)
OpCode=Info
Message=File created:
RuleName: -
UtcTime: 2024-02-14 03:41:58.561
ProcessGuid: {817bddf3-3685-65cc-2e02-000000001900}
ProcessId: 10220
Image: C:\Windows\system32\msiexec.exe
TargetFilename: C:\Games\on.cmd
CreationUtcTime: 2024-02-14 03:41:58.561
User: NT AUTHORITY\SYSTEM
",2026-02-11T19:41:58.000-0800,,Dns query (rule: DnsQuery),wrk-pprice,wrk-pprice,118871,endpoint_services_processes windows_event_signature windows_ta_data,wrk-pprice,118871,SplunkEx,24,,,,,//_::._=--/===-==---==--====__(:_)==_:\r:_-\r:_--_::,,,,,informational,4,,11,WinEventLog:Microsoft-Windows-Sysmon/Operational,WinEventLog,DESKTOP-6DT4EHE,,,track_event_signatures,track_event_signatures,,,Microsoft Windows
,,,,,wrk-pprice,,41:58.6,,,,,,,,,11,4,,,,,C:\Windows\system32\svchost.exe,,,,,,None,Microsoft-Windows-Sysmon/Operational,,,"File created:
RuleName: technique_id=T1574.010,technique_name=Services File Permissions Weakness
UtcTime: 2024-02-14 03:41:58.561
ProcessGuid: {817bddf3-307d-65cc-2200-000000001900}
ProcessId: 1668
Image: C:\Windows\system32\svchost.exe
TargetFilename: C:\Windows\Prefetch\MSIC78D.TMP-EE917AE7.pf
CreationUtcTime: 2024-02-14 03:41:58.561
User: NT AUTHORITY\SYSTEM",Info,,,,,,,,,{817bddf3-307d-65cc-2200-000000001900},1668,,,,,,118870,"technique_id=T1574.010,technique_name=Services File Permissions Weakness",S-1-5-18,5,,,,,,,,Microsoft-Windows-Sysmon,,,,,,,C:\Windows\Prefetch\MSIC78D.TMP-EE917AE7.pf,,,,,,Dns query (rule: DnsQuery),,Information,"SYSTEM
NT AUTHORITY\SYSTEM",41:58.6,"02/11/2026 07:41:58.569 PM
LogName=Microsoft-Windows-Sysmon/Operational
EventCode=11
