EventType: CreatePipe
UtcTime: 2024-02-14 03:41:45.218
ProcessGuid: {817bddf3-3514-65cc-0802-000000001900}
ProcessId: 4292
PipeName: \gecko.4292.836.9062700107698403912
Image: C:\Program Files\Mozilla Firefox\firefox.exe
User: wrk-pprice\CyberJunkie
",2026-02-11T19:41:45.000-0800,,Dns query (rule: DnsQuery),wrk-pprice,wrk-pprice,118769,endpoint_services_processes windows_event_signature windows_ta_data,wrk-pprice,118769,SplunkEx,24,,,,,//_::._=--/===-==---==--====__(:_)==_:\r:_-\r:_\r:_--,,,,,informational,"4
CreatePipe",,17,WinEventLog:Microsoft-Windows-Sysmon/Operational,WinEventLog,DESKTOP-6DT4EHE,,,track_event_signatures,track_event_signatures,,,Microsoft Windows
,,,,,wrk-pprice,,,,,,,,,,Binary Data,13,"4
SetValue",,,,,C:\Program Files\Mozilla Firefox\firefox.exe,,,,,,None,Microsoft-Windows-Sysmon/Operational,,,"Registry value set:
RuleName: technique_id=T1543,technique_name=Service Creation
EventType: SetValue
UtcTime: 2024-02-14 03:41:45.218
ProcessGuid: {817bddf3-3596-65cc-1a02-000000001900}
ProcessId: 2352
Image: C:\Program Files\Mozilla Firefox\firefox.exe
TargetObject: HKLM\System\CurrentControlSet\Services\bam\State\UserSettings\S-1-5-21-3393683511-3463148672-371912004-1001\\Device\HarddiskVolume3\Program Files\Mozilla Firefox\firefox.exe
Details: Binary Data
User: wrk-pprice\CyberJunkie",Info,,,,,,,,,{817bddf3-3596-65cc-1a02-000000001900},2352,,,,,,118768,"technique_id=T1543,technique_name=Service Creation",S-1-5-18,5,,,,,,,,Microsoft-Windows-Sysmon,,,,,,,,,HKLM\System\CurrentControlSet\Services\bam\State\UserSettings\S-1-5-21-3393683511-3463148672-371912004-1001\\Device\HarddiskVolume3\Program Files\Mozilla Firefox\firefox.exe,,,,Dns query (rule: DnsQuery),,Information,"SYSTEM
wrk-pprice\CyberJunkie",41:45.2,"02/11/2026 07:41:45.226 PM
LogName=Microsoft-Windows-Sysmon/Operational
EventCode=13
EventType=4
ComputerName=wrk-pprice
User=SYSTEM
Sid=S-1-5-18
SidType=5
SourceName=Microsoft-Windows-Sysmon
Type=Information
RecordNumber=118768
Keywords=None
TaskCategory=Dns query (rule: DnsQuery)
OpCode=Info
Message=Registry value set:
RuleName: technique_id=T1543,technique_name=Service Creation
EventType: SetValue
UtcTime: 2024-02-14 03:41:45.218
ProcessGuid: {817bddf3-3596-65cc-1a02-000000001900}
ProcessId: 2352
Image: C:\Program Files\Mozilla Firefox\firefox.exe
TargetObject: HKLM\System\CurrentControlSet\Services\bam\State\UserSettings\S-1-5-21-3393683511-3463148672-371912004-1001\\Device\HarddiskVolume3\Program Files\Mozilla Firefox\firefox.exe
Details: Binary Data
User: wrk-pprice\CyberJunkie
",2026-02-11T19:41:45.000-0800,,Dns query (rule: DnsQuery),wrk-pprice,wrk-pprice,118768,endpoint_services_processes windows_event_signature windows_ta_data,wrk-pprice,118768,SplunkEx,25,,,,,"//_::._=--/===-==---==--====__(:_)==__:\r:_=,=_\r:_\r",,,,,informational,"4
SetValue",,13,WinEventLog:Microsoft-Windows-Sysmon/Operational,WinEventLog,DESKTOP-6DT4EHE,,,track_event_signatures,track_event_signatures,,,Microsoft Windows
,,,,,wrk-pprice,,,,,,,,,,,17,"4
CreatePipe",,,,,C:\Program Files\Mozilla Firefox\firefox.exe,,,,,,None,Microsoft-Windows-Sysmon/Operational,,,"Pipe Created:
RuleName: -
EventType: CreatePipe
UtcTime: 2024-02-14 03:41:45.218
ProcessGuid: {817bddf3-3514-65cc-0802-000000001900}
ProcessId: 4292
PipeName: \gecko.4292.836.6532221361142828356
Image: C:\Program Files\Mozilla Firefox\firefox.exe
User: wrk-pprice\CyberJunkie",Info,,,,,,,\gecko.4292.836.6532221361142828356,,{817bddf3-3514-65cc-0802-000000001900},4292,,,,,,118767,-,S-1-5-18,5,,,,,,,,Microsoft-Windows-Sysmon,,,,,,,,,,,,,Dns query (rule: DnsQuery),,Information,"SYSTEM
wrk-pprice\CyberJunkie",41:45.2,"02/11/2026 07:41:45.225 PM
LogName=Microsoft-Windows-Sysmon/Operational
EventCode=17
EventType=4
ComputerName=wrk-pprice
User=SYSTEM
Sid=S-1-5-18
SidType=5
SourceName=Microsoft-Windows-Sysmon
Type=Information
RecordNumber=118767
Keywords=None
TaskCategory=Dns query (rule: DnsQuery)
OpCode=Info
Message=Pipe Created:
RuleName: -
EventType: CreatePipe
UtcTime: 2024-02-14 03:41:45.218
ProcessGuid: {817bddf3-3514-65cc-0802-000000001900}
ProcessId: 4292
PipeName: \gecko.4292.836.6532221361142828356
Image: C:\Program Files\Mozilla Firefox\firefox.exe
User: wrk-pprice\CyberJunkie
",2026-02-11T19:41:45.000-0800,,Dns query (rule: DnsQuery),wrk-pprice,wrk-pprice,118767,endpoint_services_processes windows_event_signature windows_ta_data,wrk-pprice,118767,SplunkEx,24,,,,,//_::._=--/===-==---==--====__(:_)==_:\r:_-\r:_\r:_--,,,,,informational,"4
CreatePipe",,17,WinEventLog:Microsoft-Windows-Sysmon/Operational,WinEventLog,DESKTOP-6DT4EHE,,,track_event_signatures,track_event_signatures,,,Microsoft Windows
,,,,,wrk-pprice,,,,,,,,,,,17,"4
CreatePipe",,,,,C:\Program Files\Mozilla Firefox\firefox.exe,,,,,,None,Microsoft-Windows-Sysmon/Operational,,,"Pipe Created:
RuleName: -
EventType: CreatePipe
UtcTime: 2024-02-14 03:41:45.218
ProcessGuid: {817bddf3-3514-65cc-0802-000000001900}
ProcessId: 4292
PipeName: \gecko.4292.836.9181581807249756864
Image: C:\Program Files\Mozilla Firefox\firefox.exe
User: wrk-pprice\CyberJunkie",Info,,,,,,,\gecko.4292.836.9181581807249756864,,{817bddf3-3514-65cc-0802-000000001900},4292,,,,,,118766,-,S-1-5-18,5,,,,,,,,Microsoft-Windows-Sysmon,,,,,,,,,,,,,Dns query (rule: DnsQuery),,Information,"SYSTEM
wrk-pprice\CyberJunkie",41:45.2,"02/11/2026 07:41:45.225 PM
LogName=Microsoft-Windows-Sysmon/Operational
EventCode=17
EventType=4
ComputerName=wrk-pprice
User=SYSTEM
Sid=S-1-5-18
SidType=5
SourceName=Microsoft-Windows-Sysmon
Type=Information
RecordNumber=118766
Keywords=None
TaskCategory=Dns query (rule: DnsQuery)
OpCode=Info
Message=Pipe Created:
RuleName: -
EventType: CreatePipe
UtcTime: 2024-02-14 03:41:45.218
ProcessGuid: {817bddf3-3514-65cc-0802-000000001900}
ProcessId: 4292
PipeName: \gecko.4292.836.9181581807249756864
Image: C:\Program Files\Mozilla Firefox\firefox.exe
User: wrk-pprice\CyberJunkie
",2026-02-11T19:41:45.000-0800,,Dns query (rule: DnsQuery),wrk-pprice,wrk-pprice,118766,endpoint_services_processes windows_event_signature windows_ta_data,wrk-pprice,118766,SplunkEx,24,,,,,//_::._=--/===-==---==--====__(:_)==_:\r:_-\r:_\r:_--,,,,,informational,"4
CreatePipe",,17,WinEventLog:Microsoft-Windows-Sysmon/Operational,WinEventLog,DESKTOP-6DT4EHE,,,track_event_signatures,track_event_signatures,,,Microsoft Windows
,,,,,wrk-pprice,,,,,,,,,,Binary Data,13,"4
SetValue",,,,,C:\Program Files\Mozilla Firefox\firefox.exe,,,,,,None,Microsoft-Windows-Sysmon/Operational,,,"Registry value set:
RuleName: technique_id=T1543,technique_name=Service Creation
EventType: SetValue
UtcTime: 2024-02-14 03:41:45.218
ProcessGuid: {817bddf3-3538-65cc-1702-000000001900}
ProcessId: 4916
Image: C:\Program Files\Mozilla Firefox\firefox.exe
TargetObject: HKLM\System\CurrentControlSet\Services\bam\State\UserSettings\S-1-5-21-3393683511-3463148672-371912004-1001\\Device\HarddiskVolume3\Program Files\Mozilla Firefox\firefox.exe
Details: Binary Data
User: wrk-pprice\CyberJunkie",Info,,,,,,,,,{817bddf3-3538-65cc-1702-000000001900},4916,,,,,,118765,"technique_id=T1543,technique_name=Service Creation",S-1-5-18,5,,,,,,,,Microsoft-Windows-Sysmon,,,,,,,,,HKLM\System\CurrentControlSet\Services\bam\State\UserSettings\S-1-5-21-3393683511-3463148672-371912004-1001\\Device\HarddiskVolume3\Program Files\Mozilla Firefox\firefox.exe,,,,Dns query (rule: DnsQuery),,Information,"SYSTEM
wrk-pprice\CyberJunkie",41:45.2,"02/11/2026 07:41:45.225 PM
LogName=Microsoft-Windows-Sysmon/Operational
EventCode=13
EventType=4
ComputerName=wrk-pprice
User=SYSTEM
Sid=S-1-5-18
SidType=5
SourceName=Microsoft-Windows-Sysmon
Type=Information
RecordNumber=118765
Keywords=None
TaskCategory=Dns query (rule: DnsQuery)
OpCode=Info
Message=Registry value set:
RuleName: technique_id=T1543,technique_name=Service Creation
EventType: SetValue
UtcTime: 2024-02-14 03:41:45.218
ProcessGuid: {817bddf3-3538-65cc-1702-000000001900}
ProcessId: 4916
Image: C:\Program Files\Mozilla Firefox\firefox.exe
TargetObject: HKLM\System\CurrentControlSet\Services\bam\State\UserSettings\S-1-5-21-3393683511-3463148672-371912004-1001\\Device\HarddiskVolume3\Program Files\Mozilla Firefox\firefox.exe
Details: Binary Data
User: wrk-pprice\CyberJunkie
",2026-02-11T19:41:45.000-0800,,Dns query (rule: DnsQuery),wrk-pprice,wrk-pprice,118765,endpoint_services_processes windows_event_signature windows_ta_data,wrk-pprice,118765,SplunkEx,25,,,,,"//_::._=--/===-==---==--====__(:_)==__:\r:_=,=_\r:_\r",,,,,informational,"4
SetValue",,13,WinEventLog:Microsoft-Windows-Sysmon/Operational,WinEventLog,DESKTOP-6DT4EHE,,,track_event_signatures,track_event_signatures,,,Microsoft Windows
,,,,,wrk-pprice,,,,,,,,,,Binary Data,13,"4
SetValue",,,,,C:\Program Files\Mozilla Firefox\firefox.exe,,,,,,None,Microsoft-Windows-Sysmon/Operational,,,"Registry value set:
RuleName: technique_id=T1543,technique_name=Service Creation
EventType: SetValue
UtcTime: 2024-02-14 03:41:45.218
ProcessGuid: {817bddf3-3515-65cc-0b02-000000001900}
ProcessId: 7904
Image: C:\Program Files\Mozilla Firefox\firefox.exe
TargetObject: HKLM\System\CurrentControlSet\Services\bam\State\UserSettings\S-1-5-21-3393683511-3463148672-371912004-1001\\Device\HarddiskVolume3\Program Files\Mozilla Firefox\firefox.exe
Details: Binary Data
User: wrk-pprice\CyberJunkie",Info,,,,,,,,,{817bddf3-3515-65cc-0b02-000000001900},7904,,,,,,118764,"technique_id=T1543,technique_name=Service Creation",S-1-5-18,5,,,,,,,,Microsoft-Windows-Sysmon,,,,,,,,,HKLM\System\CurrentControlSet\Services\bam\State\UserSettings\S-1-5-21-3393683511-3463148672-371912004-1001\\Device\HarddiskVolume3\Program Files\Mozilla Firefox\firefox.exe,,,,Dns query (rule: DnsQuery),,Information,"SYSTEM
wrk-pprice\CyberJunkie",41:45.2,"02/11/2026 07:41:45.225 PM
LogName=Microsoft-Windows-Sysmon/Operational
EventCode=13
EventType=4
ComputerName=wrk-pprice
User=SYSTEM
Sid=S-1-5-18
SidType=5
SourceName=Microsoft-Windows-Sysmon
Type=Information
RecordNumber=118764
Keywords=None
TaskCategory=Dns query (rule: DnsQuery)
OpCode=Info
Message=Registry value set:
RuleName: technique_id=T1543,technique_name=Service Creation
EventType: SetValue
UtcTime: 2024-02-14 03:41:45.218
ProcessGuid: {817bddf3-3515-65cc-0b02-000000001900}
ProcessId: 7904
Image: C:\Program Files\Mozilla Firefox\firefox.exe
TargetObject: HKLM\System\CurrentControlSet\Services\bam\State\UserSettings\S-1-5-21-3393683511-3463148672-371912004-1001\\Device\HarddiskVolume3\Program Files\Mozilla Firefox\firefox.exe
Details: Binary Data
User: wrk-pprice\CyberJunkie
",2026-02-11T19:41:45.000-0800,,Dns query (rule: DnsQuery),wrk-pprice,wrk-pprice,118764,endpoint_services_processes windows_event_signature windows_ta_data,wrk-pprice,118764,SplunkEx,25,,,,,"//_::._=--/===-==---==--====__(:_)==__:\r:_=,=_\r:_\r",,,,,informational,"4
SetValue",,13,WinEventLog:Microsoft-Windows-Sysmon/Operational,WinEventLog,DESKTOP-6DT4EHE,,,track_event_signatures,track_event_signatures,,,Microsoft Windows
,,,,,wrk-pprice,,41:45.2,,,,,,,,,11,4,,,,,C:\Program Files\Mozilla Firefox\firefox.exe,,,,,,None,Microsoft-Windows-Sysmon/Operational,,,"File created:
RuleName: technique_id=T1059.007,technique_name=JavaScript
UtcTime: 2024-02-14 03:41:45.211
ProcessGuid: {817bddf3-3514-65cc-0802-000000001900}
ProcessId: 4292
Image: C:\Program Files\Mozilla Firefox\firefox.exe
TargetFilename: C:\Users\CyberJunkie\AppData\Roaming\Mozilla\Firefox\Profiles\avsa4d81.default-release\prefs-1.js
CreationUtcTime: 2024-02-14 03:41:45.211
User: wrk-pprice\CyberJunkie",Info,,,,,,,,,{817bddf3-3514-65cc-0802-000000001900},4292,,,,,,118763,"technique_id=T1059.007,technique_name=JavaScript",S-1-5-18,5,,,,,,,,Microsoft-Windows-Sysmon,,,,,,,C:\Users\CyberJunkie\AppData\Roaming\Mozilla\Firefox\Profiles\avsa4d81.default-release\prefs-1.js,,,,,,Dns query (rule: DnsQuery),,Information,"SYSTEM
wrk-pprice\CyberJunkie",41:45.2,"02/11/2026 07:41:45.213 PM
LogName=Microsoft-Windows-Sysmon/Operational
EventCode=11
EventType=4
ComputerName=wrk-pprice
User=SYSTEM
Sid=S-1-5-18
SidType=5
SourceName=Microsoft-Windows-Sysmon
Type=Information
RecordNumber=118763
Keywords=None
TaskCategory=Dns query (rule: DnsQuery)
OpCode=Info
Message=File created:
RuleName: technique_id=T1059.007,technique_name=JavaScript
UtcTime: 2024-02-14 03:41:45.211
ProcessGuid: {817bddf3-3514-65cc-0802-000000001900}
ProcessId: 4292
Image: C:\Program Files\Mozilla Firefox\firefox.exe
TargetFilename: C:\Users\CyberJunkie\AppData\Roaming\Mozilla\Firefox\Profiles\avsa4d81.default-release\prefs-1.js
CreationUtcTime: 2024-02-14 03:41:45.211
User: wrk-pprice\CyberJunkie
",2026-02-11T19:41:45.000-0800,,Dns query (rule: DnsQuery),wrk-pprice,wrk-pprice,118763,endpoint_services_processes windows_event_signature windows_ta_data,wrk-pprice,118763,SplunkEx,24,,,,,"//_::._=--/===-==---==--====__(:_)==_:\r:_=.,=\r:_--",,,,,informational,4,,11,WinEventLog:Microsoft-Windows-Sysmon/Operational,WinEventLog,DESKTOP-6DT4EHE,,,track_event_signatures,track_event_signatures,,,Microsoft Windows
TRUE,,,,,wrk-pprice,,,,,,,,,,,23,4,,,,"SHA1=DA39A3EE5E6B4B0D3255BFEF95601890AFD80709,MD5=D41D8CD98F00B204E9800998ECF8427E,SHA256=E3B0C44298FC1C149AFBF4C8996FB92427AE41E4649B934CA495991B7852B855,IMPHASH=00000000000000000000000000000000",C:\Program Files\Mozilla Firefox\firefox.exe,,,,,FALSE,None,Microsoft-Windows-Sysmon/Operational,,,"File Delete archived:
RuleName: Scripts and payloads
UtcTime: 2024-02-14 03:41:45.211
ProcessGuid: {817bddf3-3514-65cc-0802-000000001900}
ProcessId: 4292
User: wrk-pprice\CyberJunkie
Image: C:\Program Files\Mozilla Firefox\firefox.exe
TargetFilename: C:\Users\CyberJunkie\AppData\Roaming\Mozilla\Firefox\Profiles\avsa4d81.default-release\prefs-1.js
Hashes: SHA1=DA39A3EE5E6B4B0D3255BFEF95601890AFD80709,MD5=D41D8CD98F00B204E9800998ECF8427E,SHA256=E3B0C44298FC1C149AFBF4C8996FB92427AE41E4649B934CA495991B7852B855,IMPHASH=00000000000000000000000000000000
IsExecutable: false
Archived: true",Info,,,,,,,,,{817bddf3-3514-65cc-0802-000000001900},4292,,,,,,118762,Scripts and payloads,S-1-5-18,5,,,,,,,,Microsoft-Windows-Sysmon,,,,,,,C:\Users\CyberJunkie\AppData\Roaming\Mozilla\Firefox\Profiles\avsa4d81.default-release\prefs-1.js,,,,,,Dns query (rule: DnsQuery),,Information,"SYSTEM
wrk-pprice\CyberJunkie",41:45.2,"02/11/2026 07:41:45.213 PM
LogName=Microsoft-Windows-Sysmon/Operational
EventCode=23
EventType=4
ComputerName=wrk-pprice
User=SYSTEM
Sid=S-1-5-18
SidType=5
SourceName=Microsoft-Windows-Sysmon
Type=Information
RecordNumber=118762
Keywords=None
TaskCategory=Dns query (rule: DnsQuery)
OpCode=Info
Message=File Delete archived:
RuleName: Scripts and payloads
UtcTime: 2024-02-14 03:41:45.211
ProcessGuid: {817bddf3-3514-65cc-0802-000000001900}
ProcessId: 4292
User: wrk-pprice\CyberJunkie
Image: C:\Program Files\Mozilla Firefox\firefox.exe
TargetFilename: C:\Users\CyberJunkie\AppData\Roaming\Mozilla\Firefox\Profiles\avsa4d81.default-release\prefs-1.js
Hashes: SHA1=DA39A3EE5E6B4B0D3255BFEF95601890AFD80709,MD5=D41D8CD98F00B204E9800998ECF8427E,SHA256=E3B0C44298FC1C149AFBF4C8996FB92427AE41E4649B934CA495991B7852B855,IMPHASH=00000000000000000000000000000000
IsExecutable: false
Archived: true
",2026-02-11T19:41:45.000-0800,,Dns query (rule: DnsQuery),wrk-pprice,wrk-pprice,118762,endpoint_services_processes windows_event_signature windows_ta_data,wrk-pprice,118762,SplunkEx,26,,,,,//_::._=--/===-==---==--====__(:_)==__:\r:___\r:_--_,,,,,informational,4,,23,WinEventLog:Microsoft-Windows-Sysmon/Operational,WinEventLog,DESKTOP-6DT4EHE,,,track_event_signatures,track_event_signatures,,,Microsoft Windows
,,,,,wrk-pprice,,41:45.2,,,,,,,,,11,4,,,,,C:\Program Files\Mozilla Firefox\firefox.exe,,,,,,None,Microsoft-Windows-Sysmon/Operational,,,"File created:
RuleName: technique_id=T1059.007,technique_name=JavaScript
UtcTime: 2024-02-14 03:41:45.211
ProcessGuid: {817bddf3-3514-65cc-0802-000000001900}
ProcessId: 4292
Image: C:\Program Files\Mozilla Firefox\firefox.exe
TargetFilename: C:\Users\CyberJunkie\AppData\Roaming\Mozilla\Firefox\Profiles\avsa4d81.default-release\prefs-1.js
CreationUtcTime: 2024-02-14 03:41:45.211
User: wrk-pprice\CyberJunkie",Info,,,,,,,,,{817bddf3-3514-65cc-0802-000000001900},4292,,,,,,118761,"technique_id=T1059.007,technique_name=JavaScript",S-1-5-18,5,,,,,,,,Microsoft-Windows-Sysmon,,,,,,,C:\Users\CyberJunkie\AppData\Roaming\Mozilla\Firefox\Profiles\avsa4d81.default-release\prefs-1.js,,,,,,Dns query (rule: DnsQuery),,Information,"SYSTEM
wrk-pprice\CyberJunkie",41:45.2,"02/11/2026 07:41:45.212 PM
LogName=Microsoft-Windows-Sysmon/Operational
EventCode=11
EventType=4
ComputerName=wrk-pprice
User=SYSTEM
Sid=S-1-5-18
SidType=5
SourceName=Microsoft-Windows-Sysmon
Type=Information
RecordNumber=118761
Keywords=None
TaskCategory=Dns query (rule: DnsQuery)
OpCode=Info
Message=File created:
RuleName: technique_id=T1059.007,technique_name=JavaScript
UtcTime: 2024-02-14 03:41:45.211
ProcessGuid: {817bddf3-3514-65cc-0802-000000001900}
ProcessId: 4292
Image: C:\Program Files\Mozilla Firefox\firefox.exe
TargetFilename: C:\Users\CyberJunkie\AppData\Roaming\Mozilla\Firefox\Profiles\avsa4d81.default-release\prefs-1.js
CreationUtcTime: 2024-02-14 03:41:45.211
User: wrk-pprice\CyberJunkie
",2026-02-11T19:41:45.000-0800,,Dns query (rule: DnsQuery),wrk-pprice,wrk-pprice,118761,endpoint_services_processes windows_event_signature windows_ta_data,wrk-pprice,118761,SplunkEx,24,,,,,"//_::._=--/===-==---==--====__(:_)==_:\r:_=.,=\r:_--",,,,,informational,4,,11,WinEventLog:Microsoft-Windows-Sysmon/Operational,WinEventLog,DESKTOP-6DT4EHE,,,track_event_signatures,track_event_signatures,,,Microsoft Windows
,,,,,wrk-pprice,,,,,,,,,,,17,"4
CreatePipe",,,,,C:\Program Files\Mozilla Firefox\firefox.exe,,,,,,None,Microsoft-Windows-Sysmon/Operational,,,"Pipe Created:
RuleName: -
EventType: CreatePipe
UtcTime: 2024-02-14 03:41:45.180
ProcessGuid: {817bddf3-3514-65cc-0802-000000001900}
ProcessId: 4292
PipeName: \gecko.4292.836.11904995371982344805
Image: C:\Program Files\Mozilla Firefox\firefox.exe
User: wrk-pprice\CyberJunkie",Info,,,,,,,\gecko.4292.836.11904995371982344805,,{817bddf3-3514-65cc-0802-000000001900},4292,,,,,,118760,-,S-1-5-18,5,,,,,,,,Microsoft-Windows-Sysmon,,,,,,,,,,,,,Dns query (rule: DnsQuery),,Information,"SYSTEM
wrk-pprice\CyberJunkie",41:45.2,"02/11/2026 07:41:45.195 PM
LogName=Microsoft-Windows-Sysmon/Operational
EventCode=17
EventType=4
ComputerName=wrk-pprice
User=SYSTEM
Sid=S-1-5-18
SidType=5
SourceName=Microsoft-Windows-Sysmon
Type=Information
RecordNumber=118760
Keywords=None
TaskCategory=Dns query (rule: DnsQuery)
OpCode=Info
Message=Pipe Created:
RuleName: -
EventType: CreatePipe
UtcTime: 2024-02-14 03:41:45.180
ProcessGuid: {817bddf3-3514-65cc-0802-000000001900}
ProcessId: 4292
PipeName: \gecko.4292.836.11904995371982344805
Image: C:\Program Files\Mozilla Firefox\firefox.exe
User: wrk-pprice\CyberJunkie
",2026-02-11T19:41:45.000-0800,,Dns query (rule: DnsQuery),wrk-pprice,wrk-pprice,118760,endpoint_services_processes windows_event_signature windows_ta_data,wrk-pprice,118760,SplunkEx,24,,,,,//_::._=--/===-==---==--====__(:_)==_:\r:_-\r:_\r:_--,,,,,informational,"4
CreatePipe",,17,WinEventLog:Microsoft-Windows-Sysmon/Operational,WinEventLog,DESKTOP-6DT4EHE,,,track_event_signatures,track_event_signatures,,,Microsoft Windows
,,,,,wrk-pprice,,,,,,,,,,Binary Data,13,"4
SetValue",,,,,C:\Program Files\Mozilla Firefox\firefox.exe,,,,,,None,Microsoft-Windows-Sysmon/Operational,,,"Registry value set:
RuleName: technique_id=T1543,technique_name=Service Creation
EventType: SetValue
UtcTime: 2024-02-14 03:41:45.180
ProcessGuid: {817bddf3-3515-65cc-0c02-000000001900}
ProcessId: 11120
Image: C:\Program Files\Mozilla Firefox\firefox.exe
TargetObject: HKLM\System\CurrentControlSet\Services\bam\State\UserSettings\S-1-5-21-3393683511-3463148672-371912004-1001\\Device\HarddiskVolume3\Program Files\Mozilla Firefox\firefox.exe
Details: Binary Data
User: wrk-pprice\CyberJunkie",Info,,,,,,,,,{817bddf3-3515-65cc-0c02-000000001900},11120,,,,,,118759,"technique_id=T1543,technique_name=Service Creation",S-1-5-18,5,,,,,,,,Microsoft-Windows-Sysmon,,,,,,,,,HKLM\System\CurrentControlSet\Services\bam\State\UserSettings\S-1-5-21-3393683511-3463148672-371912004-1001\\Device\HarddiskVolume3\Program Files\Mozilla Firefox\firefox.exe,,,,Dns query (rule: DnsQuery),,Information,"SYSTEM
wrk-pprice\CyberJunkie",41:45.2,"02/11/2026 07:41:45.195 PM
LogName=Microsoft-Windows-Sysmon/Operational
EventCode=13
EventType=4
ComputerName=wrk-pprice
User=SYSTEM
Sid=S-1-5-18
SidType=5
SourceName=Microsoft-Windows-Sysmon
Type=Information
RecordNumber=118759
Keywords=None
TaskCategory=Dns query (rule: DnsQuery)
OpCode=Info
Message=Registry value set:
RuleName: technique_id=T1543,technique_name=Service Creation
EventType: SetValue
UtcTime: 2024-02-14 03:41:45.180
ProcessGuid: {817bddf3-3515-65cc-0c02-000000001900}
ProcessId: 11120
Image: C:\Program Files\Mozilla Firefox\firefox.exe
TargetObject: HKLM\System\CurrentControlSet\Services\bam\State\UserSettings\S-1-5-21-3393683511-3463148672-371912004-1001\\Device\HarddiskVolume3\Program Files\Mozilla Firefox\firefox.exe
Details: Binary Data
User: wrk-pprice\CyberJunkie
",2026-02-11T19:41:45.000-0800,,Dns query (rule: DnsQuery),wrk-pprice,wrk-pprice,118759,endpoint_services_processes windows_event_signature windows_ta_data,wrk-pprice,118759,SplunkEx,25,,,,,"//_::._=--/===-==---==--====__(:_)==__:\r:_=,=_\r:_\r",,,,,informational,"4
SetValue",,13,WinEventLog:Microsoft-Windows-Sysmon/Operational,WinEventLog,DESKTOP-6DT4EHE,,,track_event_signatures,track_event_signatures,,,Microsoft Windows
,,,,,wrk-pprice,,,,,,,,,,,17,"4
CreatePipe",,,,,C:\Program Files\Mozilla Firefox\firefox.exe,,,,,,None,Microsoft-Windows-Sysmon/Operational,,,"Pipe Created:
RuleName: -
EventType: CreatePipe
UtcTime: 2024-02-14 03:41:45.180
ProcessGuid: {817bddf3-3514-65cc-0802-000000001900}
ProcessId: 4292
PipeName: \gecko.4292.836.5832889297430034854
Image: C:\Program Files\Mozilla Firefox\firefox.exe
User: wrk-pprice\CyberJunkie",Info,,,,,,,\gecko.4292.836.5832889297430034854,,{817bddf3-3514-65cc-0802-000000001900},4292,,,,,,118758,-,S-1-5-18,5,,,,,,,,Microsoft-Windows-Sysmon,,,,,,,,,,,,,Dns query (rule: DnsQuery),,Information,"SYSTEM
wrk-pprice\CyberJunkie",41:45.2,"02/11/2026 07:41:45.193 PM
LogName=Microsoft-Windows-Sysmon/Operational
EventCode=17
EventType=4
ComputerName=wrk-pprice
User=SYSTEM
Sid=S-1-5-18
SidType=5
SourceName=Microsoft-Windows-Sysmon
Type=Information
RecordNumber=118758
Keywords=None
TaskCategory=Dns query (rule: DnsQuery)
OpCode=Info
Message=Pipe Created:
RuleName: -
EventType: CreatePipe
UtcTime: 2024-02-14 03:41:45.180
ProcessGuid: {817bddf3-3514-65cc-0802-000000001900}
ProcessId: 4292
PipeName: \gecko.4292.836.5832889297430034854
Image: C:\Program Files\Mozilla Firefox\firefox.exe
User: wrk-pprice\CyberJunkie
",2026-02-11T19:41:45.000-0800,,Dns query (rule: DnsQuery),wrk-pprice,wrk-pprice,118758,endpoint_services_processes windows_event_signature windows_ta_data,wrk-pprice,118758,SplunkEx,24,,,,,//_::._=--/===-==---==--====__(:_)==_:\r:_-\r:_\r:_--,,,,,informational,"4
CreatePipe",,17,WinEventLog:Microsoft-Windows-Sysmon/Operational,WinEventLog,DESKTOP-6DT4EHE,,,track_event_signatures,track_event_signatures,,,Microsoft Windows
,,,,,wrk-pprice,,,,,,,,,,Binary Data,13,"4
SetValue",,,,,C:\Program Files\Mozilla Firefox\firefox.exe,,,,,,None,Microsoft-Windows-Sysmon/Operational,,,"Registry value set:
RuleName: technique_id=T1543,technique_name=Service Creation
EventType: SetValue
UtcTime: 2024-02-14 03:41:45.180
ProcessGuid: {817bddf3-3516-65cc-0f02-000000001900}
ProcessId: 4152
Image: C:\Program Files\Mozilla Firefox\firefox.exe
TargetObject: HKLM\System\CurrentControlSet\Services\bam\State\UserSettings\S-1-5-21-3393683511-3463148672-371912004-1001\\Device\HarddiskVolume3\Program Files\Mozilla Firefox\firefox.exe
Details: Binary Data
User: wrk-pprice\CyberJunkie",Info,,,,,,,,,{817bddf3-3516-65cc-0f02-000000001900},4152,,,,,,118757,"technique_id=T1543,technique_name=Service Creation",S-1-5-18,5,,,,,,,,Microsoft-Windows-Sysmon,,,,,,,,,HKLM\System\CurrentControlSet\Services\bam\State\UserSettings\S-1-5-21-3393683511-3463148672-371912004-1001\\Device\HarddiskVolume3\Program Files\Mozilla Firefox\firefox.exe,,,,Dns query (rule: DnsQuery),,Information,"SYSTEM
wrk-pprice\CyberJunkie",41:45.2,"02/11/2026 07:41:45.193 PM
LogName=Microsoft-Windows-Sysmon/Operational
EventCode=13
EventType=4
ComputerName=wrk-pprice
User=SYSTEM
Sid=S-1-5-18
SidType=5
SourceName=Microsoft-Windows-Sysmon
Type=Information
RecordNumber=118757
Keywords=None
TaskCategory=Dns query (rule: DnsQuery)
OpCode=Info
Message=Registry value set:
RuleName: technique_id=T1543,technique_name=Service Creation
EventType: SetValue
UtcTime: 2024-02-14 03:41:45.180
ProcessGuid: {817bddf3-3516-65cc-0f02-000000001900}
ProcessId: 4152
Image: C:\Program Files\Mozilla Firefox\firefox.exe
TargetObject: HKLM\System\CurrentControlSet\Services\bam\State\UserSettings\S-1-5-21-3393683511-3463148672-371912004-1001\\Device\HarddiskVolume3\Program Files\Mozilla Firefox\firefox.exe
Details: Binary Data
User: wrk-pprice\CyberJunkie
",2026-02-11T19:41:45.000-0800,,Dns query (rule: DnsQuery),wrk-pprice,wrk-pprice,118757,endpoint_services_processes windows_event_signature windows_ta_data,wrk-pprice,118757,SplunkEx,25,,,,,"//_::._=--/===-==---==--====__(:_)==__:\r:_=,=_\r:_\r",,,,,informational,"4
SetValue",,13,WinEventLog:Microsoft-Windows-Sysmon/Operational,WinEventLog,DESKTOP-6DT4EHE,,,track_event_signatures,track_event_signatures,,,Microsoft Windows
,,,,,wrk-pprice,,59:18.3,,,,,,,,,11,4,,,,,C:\Windows\system32\svchost.exe,,,,,,None,Microsoft-Windows-Sysmon/Operational,,,"File created:
RuleName: technique_id=T1574.010,technique_name=Services File Permissions Weakness
UtcTime: 2024-02-14 03:41:37.967
ProcessGuid: {817bddf3-307d-65cc-2200-000000001900}
ProcessId: 1668
Image: C:\Windows\system32\svchost.exe
TargetFilename: C:\Windows\Prefetch\SEARCHFILTERHOST.EXE-44162447.pf
CreationUtcTime: 2023-02-01 00:59:18.274
User: NT AUTHORITY\SYSTEM",Info,,,,,,,,,{817bddf3-307d-65cc-2200-000000001900},1668,,,,,,118756,"technique_id=T1574.010,technique_name=Services File Permissions Weakness",S-1-5-18,5,,,,,,,,Microsoft-Windows-Sysmon,,,,,,,C:\Windows\Prefetch\SEARCHFILTERHOST.EXE-44162447.pf,,,,,,Dns query (rule: DnsQuery),,Information,"SYSTEM
NT AUTHORITY\SYSTEM",41:38.0,"02/11/2026 07:41:37.968 PM
LogName=Microsoft-Windows-Sysmon/Operational
EventCode=11
EventType=4
ComputerName=wrk-pprice
User=SYSTEM
Sid=S-1-5-18
SidType=5
SourceName=Microsoft-Windows-Sysmon
Type=Information
RecordNumber=118756
Keywords=None
TaskCategory=Dns query (rule: DnsQuery)
OpCode=Info
Message=File created:
RuleName: technique_id=T1574.010,technique_name=Services File Permissions Weakness
UtcTime: 2024-02-14 03:41:37.967
ProcessGuid: {817bddf3-307d-65cc-2200-000000001900}
ProcessId: 1668
Image: C:\Windows\system32\svchost.exe
TargetFilename: C:\Windows\Prefetch\SEARCHFILTERHOST.EXE-44162447.pf
CreationUtcTime: 2023-02-01 00:59:18.274
User: NT AUTHORITY\SYSTEM
",2026-02-11T19:41:37.000-0800,,Dns query (rule: DnsQuery),wrk-pprice,wrk-pprice,118756,endpoint_services_processes windows_event_signature windows_ta_data,wrk-pprice,118756,SplunkEx,24,,,,,"//_::._=--/===-==---==--====__(:_)==_:\r:_=.,=___\r:",,,,,informational,4,,11,WinEventLog:Microsoft-Windows-Sysmon/Operational,WinEventLog,DESKTOP-6DT4EHE,,,track_event_signatures,track_event_signatures,,,Microsoft Windows
,,,,,wrk-pprice,[ZoneTransfer]  ZoneId=3  ReferrerUrl=https://www.dropbox.com/  HostUrl=https://uc2f030016253ec53f4953980a4e.dl.dropboxusercontent.com/cd/0/get/CNNlOCYTD8cqLXFQzXaeYHRkHg_PoR35Et2T0_IkqE5ijvkTAQNljV7ZkK2fLXWI2bJy944RnwKttvmNWpVd5olpBcffnvnL_IfEjzr65jZZUOxtWA9rSgJ1jc91IZILHVAJHgRhjpZYLtGo83_QbeInB7x2oEAoYg-JLF54zbhziQ/file#,41:26.5,,,,,,,,,15,4,,,"SHA1=2CFE549E8DEB113DFAD2E7702637C1772ACFDBE6,MD5=41F87E73FBAEA5D3B335EBC3B3B70FAE,SHA256=5607425CF7DCB090216F4531D099FD780193899383CBB3441017E3615E03068B,IMPHASH=00000000000000000000000000000000",,C:\Program Files\Mozilla Firefox\firefox.exe,,,,,,None,Microsoft-Windows-Sysmon/Operational,,,"File stream created:
RuleName: technique_id=T1189,technique_name=Drive-by Compromise
UtcTime: 2024-02-14 03:41:30.472
ProcessGuid: {817bddf3-3514-65cc-0802-000000001900}
ProcessId: 4292
Image: C:\Program Files\Mozilla Firefox\firefox.exe
TargetFilename: C:\Users\CyberJunkie\Downloads\Preventivo24.02.14.exe.exe:Zone.Identifier
CreationUtcTime: 2024-02-14 03:41:26.459
Hash: SHA1=2CFE549E8DEB113DFAD2E7702637C1772ACFDBE6,MD5=41F87E73FBAEA5D3B335EBC3B3B70FAE,SHA256=5607425CF7DCB090216F4531D099FD780193899383CBB3441017E3615E03068B,IMPHASH=00000000000000000000000000000000
Contents: [ZoneTransfer]  ZoneId=3  ReferrerUrl=https://www.dropbox.com/  HostUrl=https://uc2f030016253ec53f4953980a4e.dl.dropboxusercontent.com/cd/0/get/CNNlOCYTD8cqLXFQzXaeYHRkHg_PoR35Et2T0_IkqE5ijvkTAQNljV7ZkK2fLXWI2bJy944RnwKttvmNWpVd5olpBcffnvnL_IfEjzr65jZZUOxtWA9rSgJ1jc91IZILHVAJHgRhjpZYLtGo83_QbeInB7x2oEAoYg-JLF54zbhziQ/file#  
User: wrk-pprice\CyberJunkie",Info,,,,,,,,,{817bddf3-3514-65cc-0802-000000001900},4292,,,,,,118755,"technique_id=T1189,technique_name=Drive-by Compromise",S-1-5-18,5,,,,,,,,Microsoft-Windows-Sysmon,,,,,,,C:\Users\CyberJunkie\Downloads\Preventivo24.02.14.exe.exe:Zone.Identifier,,,,,,Dns query (rule: DnsQuery),,Information,"SYSTEM
wrk-pprice\CyberJunkie",41:30.5,"02/11/2026 07:41:30.474 PM
LogName=Microsoft-Windows-Sysmon/Operational
EventCode=15
EventType=4
ComputerName=wrk-pprice
User=SYSTEM
Sid=S-1-5-18
SidType=5
SourceName=Microsoft-Windows-Sysmon
Type=Information
RecordNumber=118755
Keywords=None
TaskCategory=Dns query (rule: DnsQuery)
OpCode=Info
Message=File stream created:
RuleName: technique_id=T1189,technique_name=Drive-by Compromise
UtcTime: 2024-02-14 03:41:30.472
ProcessGuid: {817bddf3-3514-65cc-0802-000000001900}
ProcessId: 4292
Image: C:\Program Files\Mozilla Firefox\firefox.exe
TargetFilename: C:\Users\CyberJunkie\Downloads\Preventivo24.02.14.exe.exe:Zone.Identifier
CreationUtcTime: 2024-02-14 03:41:26.459
Hash: SHA1=2CFE549E8DEB113DFAD2E7702637C1772ACFDBE6,MD5=41F87E73FBAEA5D3B335EBC3B3B70FAE,SHA256=5607425CF7DCB090216F4531D099FD780193899383CBB3441017E3615E03068B,IMPHASH=00000000000000000000000000000000
Contents: [ZoneTransfer]  ZoneId=3  ReferrerUrl=https://www.dropbox.com/  HostUrl=https://uc2f030016253ec53f4953980a4e.dl.dropboxusercontent.com/cd/0/get/CNNlOCYTD8cqLXFQzXaeYHRkHg_PoR35Et2T0_IkqE5ijvkTAQNljV7ZkK2fLXWI2bJy944RnwKttvmNWpVd5olpBcffnvnL_IfEjzr65jZZUOxtWA9rSgJ1jc91IZILHVAJHgRhjpZYLtGo83_QbeInB7x2oEAoYg-JLF54zbhziQ/file#  
User: wrk-pprice\CyberJunkie
",2026-02-11T19:41:30.000-0800,,Dns query (rule: DnsQuery),wrk-pprice,wrk-pprice,118755,endpoint_services_processes windows_event_signature windows_ta_data,wrk-pprice,118755,SplunkEx,26,,,,,"//_::._=--/===-==---==--====__(:_)==__:\r:_=,=-_\r:_",,,,,informational,4,,15,WinEventLog:Microsoft-Windows-Sysmon/Operational,WinEventLog,DESKTOP-6DT4EHE,,,track_event_signatures,track_event_signatures,,,Microsoft Windows
,,,,,wrk-pprice,,41:26.5,,,,,,,,,11,4,,,,,C:\Program Files\Mozilla Firefox\firefox.exe,,,,,,None,Microsoft-Windows-Sysmon/Operational,,,"File created:
RuleName: -
UtcTime: 2024-02-14 03:41:30.472
ProcessGuid: {817bddf3-3514-65cc-0802-000000001900}
ProcessId: 4292
Image: C:\Program Files\Mozilla Firefox\firefox.exe
TargetFilename: C:\Users\CyberJunkie\Downloads\Preventivo24.02.14.exe.exe:Zone.Identifier
CreationUtcTime: 2024-02-14 03:41:26.459
User: wrk-pprice\CyberJunkie",Info,,,,,,,,,{817bddf3-3514-65cc-0802-000000001900},4292,,,,,,118754,-,S-1-5-18,5,,,,,,,,Microsoft-Windows-Sysmon,,,,,,,C:\Users\CyberJunkie\Downloads\Preventivo24.02.14.exe.exe:Zone.Identifier,,,,,,Dns query (rule: DnsQuery),,Information,"SYSTEM
wrk-pprice\CyberJunkie",41:30.5,"02/11/2026 07:41:30.474 PM
LogName=Microsoft-Windows-Sysmon/Operational
EventCode=11
EventType=4
ComputerName=wrk-pprice
User=SYSTEM
Sid=S-1-5-18
SidType=5
SourceName=Microsoft-Windows-Sysmon
Type=Information
RecordNumber=118754
Keywords=None
TaskCategory=Dns query (rule: DnsQuery)
OpCode=Info
Message=File created:
RuleName: -
UtcTime: 2024-02-14 03:41:30.472
ProcessGuid: {817bddf3-3514-65cc-0802-000000001900}
ProcessId: 4292
Image: C:\Program Files\Mozilla Firefox\firefox.exe
TargetFilename: C:\Users\CyberJunkie\Downloads\Preventivo24.02.14.exe.exe:Zone.Identifier
CreationUtcTime: 2024-02-14 03:41:26.459
User: wrk-pprice\CyberJunkie
",2026-02-11T19:41:30.000-0800,,Dns query (rule: DnsQuery),wrk-pprice,wrk-pprice,118754,endpoint_services_processes windows_event_signature windows_ta_data,wrk-pprice,118754,SplunkEx,24,,,,,//_::._=--/===-==---==--====__(:_)==_:\r:_-\r:_--_::,,,,,informational,4,,11,WinEventLog:Microsoft-Windows-Sysmon/Operational,WinEventLog,DESKTOP-6DT4EHE,,,track_event_signatures,track_event_signatures,,,Microsoft Windows
,,,,,wrk-pprice,-,41:26.5,,,,,,,,,15,4,,,"SHA1=18A24AA0AC052D31FC5B56F5C0187041174FFC61,MD5=32F35B78A3DC5949CE3C99F2981DEF6B,SHA256=0CB44C4F8273750FA40497FCA81E850F73927E70B13C8F80CDCFEE9D1478E6F3,IMPHASH=36ACA8EDDDB161C588FCF5AFDC1AD9FA",,C:\Program Files\Mozilla Firefox\firefox.exe,,,,,,None,Microsoft-Windows-Sysmon/Operational,,,"File stream created:
RuleName: -
UtcTime: 2024-02-14 03:41:30.441
ProcessGuid: {817bddf3-3514-65cc-0802-000000001900}
ProcessId: 4292
Image: C:\Program Files\Mozilla Firefox\firefox.exe
TargetFilename: C:\Users\CyberJunkie\Downloads\Preventivo24.02.14.exe.exe
CreationUtcTime: 2024-02-14 03:41:26.459
Hash: SHA1=18A24AA0AC052D31FC5B56F5C0187041174FFC61,MD5=32F35B78A3DC5949CE3C99F2981DEF6B,SHA256=0CB44C4F8273750FA40497FCA81E850F73927E70B13C8F80CDCFEE9D1478E6F3,IMPHASH=36ACA8EDDDB161C588FCF5AFDC1AD9FA
Contents: -
User: wrk-pprice\CyberJunkie",Info,,,,,,,,,{817bddf3-3514-65cc-0802-000000001900},4292,,,,,,118753,-,S-1-5-18,5,,,,,,,,Microsoft-Windows-Sysmon,,,,,,,C:\Users\CyberJunkie\Downloads\Preventivo24.02.14.exe.exe,,,,,,Dns query (rule: DnsQuery),,Information,"SYSTEM
wrk-pprice\CyberJunkie",41:30.4,"02/11/2026 07:41:30.474 PM
LogName=Microsoft-Windows-Sysmon/Operational
EventCode=15
EventType=4
ComputerName=wrk-pprice
User=SYSTEM
Sid=S-1-5-18
SidType=5
SourceName=Microsoft-Windows-Sysmon
Type=Information
RecordNumber=118753
Keywords=None
TaskCategory=Dns query (rule: DnsQuery)
OpCode=Info
Message=File stream created:
RuleName: -
UtcTime: 2024-02-14 03:41:30.441
ProcessGuid: {817bddf3-3514-65cc-0802-000000001900}
ProcessId: 4292
Image: C:\Program Files\Mozilla Firefox\firefox.exe
TargetFilename: C:\Users\CyberJunkie\Downloads\Preventivo24.02.14.exe.exe
CreationUtcTime: 2024-02-14 03:41:26.459
Hash: SHA1=18A24AA0AC052D31FC5B56F5C0187041174FFC61,MD5=32F35B78A3DC5949CE3C99F2981DEF6B,SHA256=0CB44C4F8273750FA40497FCA81E850F73927E70B13C8F80CDCFEE9D1478E6F3,IMPHASH=36ACA8EDDDB161C588FCF5AFDC1AD9FA
Contents: -
User: wrk-pprice\CyberJunkie
",2026-02-11T19:41:30.000-0800,,Dns query (rule: DnsQuery),wrk-pprice,wrk-pprice,118753,endpoint_services_processes windows_event_signature windows_ta_data,wrk-pprice,118753,SplunkEx,26,,,,,//_::._=--/===-==---==--====__(:_)==__:\r:_-\r:_--_:,,,,,informational,4,,15,WinEventLog:Microsoft-Windows-Sysmon/Operational,WinEventLog,DESKTOP-6DT4EHE,,,track_event_signatures,track_event_signatures,,,Microsoft Windows
,,,,,wrk-pprice,,41:26.5,,,,,,,,,11,4,,,,,C:\Program Files\Mozilla Firefox\firefox.exe,,,,,,None,Microsoft-Windows-Sysmon/Operational,,,"File created:
RuleName: -
UtcTime: 2024-02-14 03:41:26.459
ProcessGuid: {817bddf3-3514-65cc-0802-000000001900}
ProcessId: 4292
Image: C:\Program Files\Mozilla Firefox\firefox.exe
TargetFilename: C:\Users\CyberJunkie\Downloads\Preventivo24.02.14.exe.exe
CreationUtcTime: 2024-02-14 03:41:26.459
User: wrk-pprice\CyberJunkie",Info,,,,,,,,,{817bddf3-3514-65cc-0802-000000001900},4292,,,,,,118752,-,S-1-5-18,5,,,,,,,,Microsoft-Windows-Sysmon,,,,,,,C:\Users\CyberJunkie\Downloads\Preventivo24.02.14.exe.exe,,,,,,Dns query (rule: DnsQuery),,Information,"SYSTEM
wrk-pprice\CyberJunkie",41:26.5,"02/11/2026 07:41:26.464 PM
LogName=Microsoft-Windows-Sysmon/Operational
EventCode=11
EventType=4
ComputerName=wrk-pprice
User=SYSTEM
Sid=S-1-5-18
SidType=5
SourceName=Microsoft-Windows-Sysmon
Type=Information
RecordNumber=118752
Keywords=None
TaskCategory=Dns query (rule: DnsQuery)
OpCode=Info
Message=File created:
RuleName: -
UtcTime: 2024-02-14 03:41:26.459
ProcessGuid: {817bddf3-3514-65cc-0802-000000001900}
ProcessId: 4292
Image: C:\Program Files\Mozilla Firefox\firefox.exe
TargetFilename: C:\Users\CyberJunkie\Downloads\Preventivo24.02.14.exe.exe
CreationUtcTime: 2024-02-14 03:41:26.459
User: wrk-pprice\CyberJunkie
",2026-02-11T19:41:26.000-0800,,Dns query (rule: DnsQuery),wrk-pprice,wrk-pprice,118752,endpoint_services_processes windows_event_signature windows_ta_data,wrk-pprice,118752,SplunkEx,24,,,,,//_::._=--/===-==---==--====__(:_)==_:\r:_-\r:_--_::,,,,,informational,4,,11,WinEventLog:Microsoft-Windows-Sysmon/Operational,WinEventLog,DESKTOP-6DT4EHE,,,track_event_signatures,track_event_signatures,,,Microsoft Windows
,,,,,wrk-pprice,,41:26.5,,,,,,,,,11,4,,,,,C:\Program Files\Mozilla Firefox\firefox.exe,,,,,,None,Microsoft-Windows-Sysmon/Operational,,,"File created:
RuleName: -
UtcTime: 2024-02-14 03:41:26.459
ProcessGuid: {817bddf3-3514-65cc-0802-000000001900}
ProcessId: 4292
Image: C:\Program Files\Mozilla Firefox\firefox.exe
TargetFilename: C:\Users\CyberJunkie\Downloads\skZdsnwf.exe.part
CreationUtcTime: 2024-02-14 03:41:26.459
User: wrk-pprice\CyberJunkie",Info,,,,,,,,,{817bddf3-3514-65cc-0802-000000001900},4292,,,,,,118751,-,S-1-5-18,5,,,,,,,,Microsoft-Windows-Sysmon,,,,,,,C:\Users\CyberJunkie\Downloads\skZdsnwf.exe.part,,,,,,Dns query (rule: DnsQuery),,Information,"SYSTEM
wrk-pprice\CyberJunkie",41:26.5,"02/11/2026 07:41:26.463 PM
LogName=Microsoft-Windows-Sysmon/Operational
EventCode=11
EventType=4
ComputerName=wrk-pprice
User=SYSTEM
Sid=S-1-5-18
SidType=5
SourceName=Microsoft-Windows-Sysmon
Type=Information
RecordNumber=118751
Keywords=None
TaskCategory=Dns query (rule: DnsQuery)
OpCode=Info
Message=File created:
RuleName: -
UtcTime: 2024-02-14 03:41:26.459
ProcessGuid: {817bddf3-3514-65cc-0802-000000001900}
ProcessId: 4292
Image: C:\Program Files\Mozilla Firefox\firefox.exe
TargetFilename: C:\Users\CyberJunkie\Downloads\skZdsnwf.exe.part
CreationUtcTime: 2024-02-14 03:41:26.459
User: wrk-pprice\CyberJunkie
",2026-02-11T19:41:26.000-0800,,Dns query (rule: DnsQuery),wrk-pprice,wrk-pprice,118751,endpoint_services_processes windows_event_signature windows_ta_data,wrk-pprice,118751,SplunkEx,24,,,,,//_::._=--/===-==---==--====__(:_)==_:\r:_-\r:_--_::,,,,,informational,4,,11,WinEventLog:Microsoft-Windows-Sysmon/Operational,WinEventLog,DESKTOP-6DT4EHE,,,track_event_signatures,track_event_signatures,,,Microsoft Windows
,,,,,wrk-pprice,,,,,,,,,,,26,4,,,,"SHA1=DA39A3EE5E6B4B0D3255BFEF95601890AFD80709,MD5=D41D8CD98F00B204E9800998ECF8427E,SHA256=E3B0C44298FC1C149AFBF4C8996FB92427AE41E4649B934CA495991B7852B855,IMPHASH=00000000000000000000000000000000",C:\Program Files\Mozilla Firefox\firefox.exe,,,,,FALSE,None,Microsoft-Windows-Sysmon/Operational,,,"File Delete logged:
RuleName: -
UtcTime: 2024-02-14 03:41:26.459
ProcessGuid: {817bddf3-3514-65cc-0802-000000001900}
ProcessId: 4292
User: wrk-pprice\CyberJunkie
Image: C:\Program Files\Mozilla Firefox\firefox.exe
TargetFilename: C:\Users\CyberJunkie\Downloads\skZdsnwf.exe.part
Hashes: SHA1=DA39A3EE5E6B4B0D3255BFEF95601890AFD80709,MD5=D41D8CD98F00B204E9800998ECF8427E,SHA256=E3B0C44298FC1C149AFBF4C8996FB92427AE41E4649B934CA495991B7852B855,IMPHASH=00000000000000000000000000000000
IsExecutable: false",Info,,,,,,,,,{817bddf3-3514-65cc-0802-000000001900},4292,,,,,,118750,-,S-1-5-18,5,,,,,,,,Microsoft-Windows-Sysmon,,,,,,,C:\Users\CyberJunkie\Downloads\skZdsnwf.exe.part,,,,,,Dns query (rule: DnsQuery),,Information,"SYSTEM
wrk-pprice\CyberJunkie",41:26.5,"02/11/2026 07:41:26.463 PM
LogName=Microsoft-Windows-Sysmon/Operational
EventCode=26
EventType=4
ComputerName=wrk-pprice
User=SYSTEM
Sid=S-1-5-18
SidType=5
SourceName=Microsoft-Windows-Sysmon
Type=Information
RecordNumber=118750
Keywords=None
TaskCategory=Dns query (rule: DnsQuery)
OpCode=Info
Message=File Delete logged:
RuleName: -
UtcTime: 2024-02-14 03:41:26.459
ProcessGuid: {817bddf3-3514-65cc-0802-000000001900}
ProcessId: 4292
User: wrk-pprice\CyberJunkie
Image: C:\Program Files\Mozilla Firefox\firefox.exe
TargetFilename: C:\Users\CyberJunkie\Downloads\skZdsnwf.exe.part
Hashes: SHA1=DA39A3EE5E6B4B0D3255BFEF95601890AFD80709,MD5=D41D8CD98F00B204E9800998ECF8427E,SHA256=E3B0C44298FC1C149AFBF4C8996FB92427AE41E4649B934CA495991B7852B855,IMPHASH=00000000000000000000000000000000
IsExecutable: false
",2026-02-11T19:41:26.000-0800,,Dns query (rule: DnsQuery),wrk-pprice,wrk-pprice,118750,endpoint_services_processes windows_event_signature windows_ta_data,wrk-pprice,118750,SplunkEx,25,,,,,//_::._=--/===-==---==--====__(:_)==__:\r:_-\r:_--_:,,,,,informational,4,,26,WinEventLog:Microsoft-Windows-Sysmon/Operational,WinEventLog,DESKTOP-6DT4EHE,,,track_event_signatures,track_event_signatures,,,Microsoft Windows
,,,,,wrk-pprice,,41:26.5,,,,,,,,,11,4,,,,,C:\Program Files\Mozilla Firefox\firefox.exe,,,,,,None,Microsoft-Windows-Sysmon/Operational,,,"File created:
RuleName: -
UtcTime: 2024-02-14 03:41:26.459
ProcessGuid: {817bddf3-3514-65cc-0802-000000001900}
ProcessId: 4292
Image: C:\Program Files\Mozilla Firefox\firefox.exe
TargetFilename: C:\Users\CyberJunkie\Downloads\skZdsnwf.exe.part
CreationUtcTime: 2024-02-14 03:41:26.459
User: wrk-pprice\CyberJunkie",Info,,,,,,,,,{817bddf3-3514-65cc-0802-000000001900},4292,,,,,,118749,-,S-1-5-18,5,,,,,,,,Microsoft-Windows-Sysmon,,,,,,,C:\Users\CyberJunkie\Downloads\skZdsnwf.exe.part,,,,,,Dns query (rule: DnsQuery),,Information,"SYSTEM
wrk-pprice\CyberJunkie",41:26.5,"02/11/2026 07:41:26.463 PM
LogName=Microsoft-Windows-Sysmon/Operational
EventCode=11
EventType=4
ComputerName=wrk-pprice
User=SYSTEM
Sid=S-1-5-18
SidType=5
SourceName=Microsoft-Windows-Sysmon
Type=Information
RecordNumber=118749
Keywords=None
TaskCategory=Dns query (rule: DnsQuery)
OpCode=Info
Message=File created:
RuleName: -
UtcTime: 2024-02-14 03:41:26.459
ProcessGuid: {817bddf3-3514-65cc-0802-000000001900}
ProcessId: 4292
Image: C:\Program Files\Mozilla Firefox\firefox.exe
TargetFilename: C:\Users\CyberJunkie\Downloads\skZdsnwf.exe.part
CreationUtcTime: 2024-02-14 03:41:26.459
User: wrk-pprice\CyberJunkie
",2026-02-11T19:41:26.000-0800,,Dns query (rule: DnsQuery),wrk-pprice,wrk-pprice,118749,endpoint_services_processes windows_event_signature windows_ta_data,wrk-pprice,118749,SplunkEx,24,,,,,//_::._=--/===-==---==--====__(:_)==_:\r:_-\r:_--_::,,,,,informational,4,,11,WinEventLog:Microsoft-Windows-Sysmon/Operational,WinEventLog,DESKTOP-6DT4EHE,,,track_event_signatures,track_event_signatures,,,Microsoft Windows
,,,,,wrk-pprice,,41:26.5,,,,,,,,,11,4,,,,,C:\Program Files\Mozilla Firefox\firefox.exe,,,,,,None,Microsoft-Windows-Sysmon/Operational,,,"File created:
RuleName: -
UtcTime: 2024-02-14 03:41:26.459
ProcessGuid: {817bddf3-3514-65cc-0802-000000001900}
ProcessId: 4292
Image: C:\Program Files\Mozilla Firefox\firefox.exe
TargetFilename: C:\Users\CYBERJ~1\AppData\Local\Temp\skZdsnwf.exe
CreationUtcTime: 2024-02-14 03:41:26.459
User: wrk-pprice\CyberJunkie",Info,,,,,,,,,{817bddf3-3514-65cc-0802-000000001900},4292,,,,,,118748,-,S-1-5-18,5,,,,,,,,Microsoft-Windows-Sysmon,,,,,,,C:\Users\CYBERJ~1\AppData\Local\Temp\skZdsnwf.exe,,,,,,Dns query (rule: DnsQuery),,Information,"SYSTEM
wrk-pprice\CyberJunkie",41:26.5,"02/11/2026 07:41:26.463 PM
LogName=Microsoft-Windows-Sysmon/Operational
EventCode=11
EventType=4
ComputerName=wrk-pprice
User=SYSTEM
Sid=S-1-5-18
SidType=5
SourceName=Microsoft-Windows-Sysmon
Type=Information
RecordNumber=118748
Keywords=None
TaskCategory=Dns query (rule: DnsQuery)
OpCode=Info
Message=File created:
RuleName: -
UtcTime: 2024-02-14 03:41:26.459
ProcessGuid: {817bddf3-3514-65cc-0802-000000001900}
ProcessId: 4292
Image: C:\Program Files\Mozilla Firefox\firefox.exe
TargetFilename: C:\Users\CYBERJ~1\AppData\Local\Temp\skZdsnwf.exe
CreationUtcTime: 2024-02-14 03:41:26.459
User: wrk-pprice\CyberJunkie
",2026-02-11T19:41:26.000-0800,,Dns query (rule: DnsQuery),wrk-pprice,wrk-pprice,118748,endpoint_services_processes windows_event_signature windows_ta_data,wrk-pprice,118748,SplunkEx,24,,,,,//_::._=--/===-==---==--====__(:_)==_:\r:_-\r:_--_::,,,,,informational,4,,11,WinEventLog:Microsoft-Windows-Sysmon/Operational,WinEventLog,DESKTOP-6DT4EHE,,,track_event_signatures,track_event_signatures,,,Microsoft Windows
,,,,,wrk-pprice,,,,,,,,,,,22,4,,,,,C:\Program Files\Mozilla Firefox\firefox.exe,,,,,,None,Microsoft-Windows-Sysmon/Operational,,,"Dns query:
RuleName: -
UtcTime: 2024-02-14 03:41:25.269
ProcessGuid: {817bddf3-3514-65cc-0802-000000001900}
ProcessId: 4292
QueryName: uc2f030016253ec53f4953980a4e.dl.dropboxusercontent.com
QueryStatus: 0
QueryResults: type:  5 edge-block-www-env.dropbox-dns.com;::ffff:162.125.81.15;198.51.44.6;2620:4d:4000:6259:7:6:0:1;198.51.45.6;2a00:edc0:6259:7:6::2;198.51.44.70;2620:4d:4000:6259:7:6:0:3;198.51.45.70;2a00:edc0:6259:7:6::4;
Image: C:\Program Files\Mozilla Firefox\firefox.exe
User: wrk-pprice\CyberJunkie",Info,,,,,,,,,{817bddf3-3514-65cc-0802-000000001900},4292,,,uc2f030016253ec53f4953980a4e.dl.dropboxusercontent.com,type:  5 edge-block-www-env.dropbox-dns.com;::ffff:162.125.81.15;198.51.44.6;2620:4d:4000:6259:7:6:0:1;198.51.45.6;2a00:edc0:6259:7:6::2;198.51.44.70;2620:4d:4000:6259:7:6:0:3;198.51.45.70;2a00:edc0:6259:7:6::4;,0,118747,-,S-1-5-18,5,,,,,,,,Microsoft-Windows-Sysmon,,,,,,,,,,,,,Dns query (rule: DnsQuery),,Information,"SYSTEM
wrk-pprice\CyberJunkie",41:25.3,"02/11/2026 07:41:26.444 PM
LogName=Microsoft-Windows-Sysmon/Operational
EventCode=22
EventType=4
ComputerName=wrk-pprice
User=SYSTEM
Sid=S-1-5-18
SidType=5
SourceName=Microsoft-Windows-Sysmon
Type=Information
RecordNumber=118747
Keywords=None
TaskCategory=Dns query (rule: DnsQuery)
OpCode=Info
Message=Dns query:
RuleName: -
UtcTime: 2024-02-14 03:41:25.269
ProcessGuid: {817bddf3-3514-65cc-0802-000000001900}
ProcessId: 4292
QueryName: uc2f030016253ec53f4953980a4e.dl.dropboxusercontent.com
QueryStatus: 0
QueryResults: type:  5 edge-block-www-env.dropbox-dns.com;::ffff:162.125.81.15;198.51.44.6;2620:4d:4000:6259:7:6:0:1;198.51.45.6;2a00:edc0:6259:7:6::2;198.51.44.70;2620:4d:4000:6259:7:6:0:3;198.51.45.70;2a00:edc0:6259:7:6::4;
Image: C:\Program Files\Mozilla Firefox\firefox.exe
User: wrk-pprice\CyberJunkie
",2026-02-11T19:41:26.000-0800,,Dns query (rule: DnsQuery),wrk-pprice,wrk-pprice,118747,endpoint_services_processes windows_event_signature windows_ta_data,wrk-pprice,118747,SplunkEx,25,,,,,//_::._=--/===-==---==--====__(:_)==_:\r:_-\r:_--_::,,,,,informational,4,,22,WinEventLog:Microsoft-Windows-Sysmon/Operational,WinEventLog,DESKTOP-6DT4EHE,,,track_event_signatures,track_event_signatures,,,Microsoft Windows
