EventType=4
ComputerName=wrk-pprice
User=SYSTEM
Sid=S-1-5-18
SidType=5
SourceName=Microsoft-Windows-Sysmon
Type=Information
RecordNumber=118825
Keywords=None
TaskCategory=Dns query (rule: DnsQuery)
OpCode=Info
Message=Image loaded:
RuleName: technique_id=T1055,technique_name=Process Injection
UtcTime: 2024-02-14 03:41:58.123
ProcessGuid: {817bddf3-3685-65cc-2e02-000000001900}
ProcessId: 10220
Image: C:\Windows\System32\msiexec.exe
ImageLoaded: C:\Windows\Microsoft.NET\Framework64\v4.0.30319\clr.dll
FileVersion: 4.8.9195.0 built by: NET481REL1LAST_B
Description: Microsoft .NET Runtime Common Language Runtime - WorkStation
Product: Microsoft .NET Framework
Company: Microsoft Corporation
OriginalFileName: clr.dll
Hashes: SHA1=0D61503DA9EE0D7DA4DB688203F847233A560698,MD5=F2AA65F837A1E92CB00F9B26B18ADAD1,SHA256=0B73084BB28E0D93EB32D45304351D769C67F4DABA99D5A0C291C791749DDCB9,IMPHASH=AB5E2E36C1E62672DDDD7B4D2E5D81D4
Signed: true
Signature: Microsoft Corporation
SignatureStatus: Valid
User: NT AUTHORITY\SYSTEM
",2026-02-11T19:41:58.000-0800,,Dns query (rule: DnsQuery),wrk-pprice,wrk-pprice,118825,endpoint_services_processes windows_event_signature windows_ta_data,wrk-pprice,118825,SplunkEx,32,,,,,"//_::._=--/===-==---==--====__(:_)==_:\r:_=,=_\r:_--",,,,,informational,4,,7,WinEventLog:Microsoft-Windows-Sysmon/Operational,WinEventLog,DESKTOP-6DT4EHE,,,track_event_signatures,track_event_signatures,,,Microsoft Windows
,,,,Microsoft Corporation,wrk-pprice,,,,Microsoft .NET Runtime Execution Engine,,,,,,,7,4,4.8.9093.0 built by: NET481REL1LAST_C,,,"SHA1=2186F29C0312A9BE5B9D08BD3A95DFC14A7BB0A4,MD5=89AB48AC59F9E5302E10A6A2ED5E9F9E,SHA256=791E1A6F0C1024B2AC8142F0D85B25A7510B57606EF2D903289BE76970ADE9DD,IMPHASH=BDAAD270BEE58C9A3A7622CD1CA3EF79",C:\Windows\System32\msiexec.exe,C:\Windows\Microsoft.NET\Framework64\v4.0.30319\mscoreei.dll,,,,,None,Microsoft-Windows-Sysmon/Operational,,,"Image loaded:
RuleName: technique_id=T1055,technique_name=Process Injection
UtcTime: 2024-02-14 03:41:58.092
ProcessGuid: {817bddf3-3685-65cc-2e02-000000001900}
ProcessId: 10220
Image: C:\Windows\System32\msiexec.exe
ImageLoaded: C:\Windows\Microsoft.NET\Framework64\v4.0.30319\mscoreei.dll
FileVersion: 4.8.9093.0 built by: NET481REL1LAST_C
Description: Microsoft .NET Runtime Execution Engine
Product: Microsoft .NET Framework
Company: Microsoft Corporation
OriginalFileName: mscoreei.dll
Hashes: SHA1=2186F29C0312A9BE5B9D08BD3A95DFC14A7BB0A4,MD5=89AB48AC59F9E5302E10A6A2ED5E9F9E,SHA256=791E1A6F0C1024B2AC8142F0D85B25A7510B57606EF2D903289BE76970ADE9DD,IMPHASH=BDAAD270BEE58C9A3A7622CD1CA3EF79
Signed: true
Signature: Microsoft Corporation
SignatureStatus: Valid
User: NT AUTHORITY\SYSTEM",Info,mscoreei.dll,,,,,,,,{817bddf3-3685-65cc-2e02-000000001900},10220,Microsoft .NET Framework,,,,,118824,"technique_id=T1055,technique_name=Process Injection",S-1-5-18,5,Microsoft Corporation,Valid,TRUE,,,,,Microsoft-Windows-Sysmon,,,,,,,,,,,,,Dns query (rule: DnsQuery),,Information,"SYSTEM
NT AUTHORITY\SYSTEM",41:58.1,"02/11/2026 07:41:58.100 PM
LogName=Microsoft-Windows-Sysmon/Operational
EventCode=7
EventType=4
ComputerName=wrk-pprice
User=SYSTEM
Sid=S-1-5-18
SidType=5
SourceName=Microsoft-Windows-Sysmon
Type=Information
RecordNumber=118824
Keywords=None
TaskCategory=Dns query (rule: DnsQuery)
OpCode=Info
Message=Image loaded:
RuleName: technique_id=T1055,technique_name=Process Injection
UtcTime: 2024-02-14 03:41:58.092
ProcessGuid: {817bddf3-3685-65cc-2e02-000000001900}
ProcessId: 10220
Image: C:\Windows\System32\msiexec.exe
ImageLoaded: C:\Windows\Microsoft.NET\Framework64\v4.0.30319\mscoreei.dll
FileVersion: 4.8.9093.0 built by: NET481REL1LAST_C
Description: Microsoft .NET Runtime Execution Engine
Product: Microsoft .NET Framework
Company: Microsoft Corporation
OriginalFileName: mscoreei.dll
Hashes: SHA1=2186F29C0312A9BE5B9D08BD3A95DFC14A7BB0A4,MD5=89AB48AC59F9E5302E10A6A2ED5E9F9E,SHA256=791E1A6F0C1024B2AC8142F0D85B25A7510B57606EF2D903289BE76970ADE9DD,IMPHASH=BDAAD270BEE58C9A3A7622CD1CA3EF79
Signed: true
Signature: Microsoft Corporation
SignatureStatus: Valid
User: NT AUTHORITY\SYSTEM
",2026-02-11T19:41:58.000-0800,,Dns query (rule: DnsQuery),wrk-pprice,wrk-pprice,118824,endpoint_services_processes windows_event_signature windows_ta_data,wrk-pprice,118824,SplunkEx,32,,,,,"//_::._=--/===-==---==--====__(:_)==_:\r:_=,=_\r:_--",,,,,informational,4,,7,WinEventLog:Microsoft-Windows-Sysmon/Operational,WinEventLog,DESKTOP-6DT4EHE,,,track_event_signatures,track_event_signatures,,,Microsoft Windows
,,,,Microsoft Corporation,wrk-pprice,,,,Microsoft .NET Runtime Execution Engine,,,,,,,7,4,10.0.19041.1 (WinBuild.160101.0800),,,"SHA1=CFEF8F0BA040939B87B74F101970A6BBEB5DA15F,MD5=D5971EF71DE1BDD46D537203ABFCC756,SHA256=8828DE042D008783BA5B31C82935A3ED38D5996927C3399B3E1FC6FE723FC84E,IMPHASH=65F23EFA1EB51A5DAAB399BFAA840074",C:\Windows\System32\msiexec.exe,C:\Windows\System32\mscoree.dll,,,,,None,Microsoft-Windows-Sysmon/Operational,,,"Image loaded:
RuleName: technique_id=T1055,technique_name=Process Injection
UtcTime: 2024-02-14 03:41:58.077
ProcessGuid: {817bddf3-3685-65cc-2e02-000000001900}
ProcessId: 10220
Image: C:\Windows\System32\msiexec.exe
ImageLoaded: C:\Windows\System32\mscoree.dll
FileVersion: 10.0.19041.1 (WinBuild.160101.0800)
Description: Microsoft .NET Runtime Execution Engine
Product: Microsoft Windows Operating System
Company: Microsoft Corporation
OriginalFileName: mscoree.dll
Hashes: SHA1=CFEF8F0BA040939B87B74F101970A6BBEB5DA15F,MD5=D5971EF71DE1BDD46D537203ABFCC756,SHA256=8828DE042D008783BA5B31C82935A3ED38D5996927C3399B3E1FC6FE723FC84E,IMPHASH=65F23EFA1EB51A5DAAB399BFAA840074
Signed: true
Signature: Microsoft Windows
SignatureStatus: Valid
User: NT AUTHORITY\SYSTEM",Info,mscoree.dll,,,,,,,,{817bddf3-3685-65cc-2e02-000000001900},10220,Microsoft Windows Operating System,,,,,118823,"technique_id=T1055,technique_name=Process Injection",S-1-5-18,5,Microsoft Windows,Valid,TRUE,,,,,Microsoft-Windows-Sysmon,,,,,,,,,,,,,Dns query (rule: DnsQuery),,Information,"SYSTEM
NT AUTHORITY\SYSTEM",41:58.1,"02/11/2026 07:41:58.096 PM
LogName=Microsoft-Windows-Sysmon/Operational
EventCode=7
EventType=4
ComputerName=wrk-pprice
User=SYSTEM
Sid=S-1-5-18
SidType=5
SourceName=Microsoft-Windows-Sysmon
Type=Information
RecordNumber=118823
Keywords=None
TaskCategory=Dns query (rule: DnsQuery)
OpCode=Info
Message=Image loaded:
RuleName: technique_id=T1055,technique_name=Process Injection
UtcTime: 2024-02-14 03:41:58.077
ProcessGuid: {817bddf3-3685-65cc-2e02-000000001900}
ProcessId: 10220
Image: C:\Windows\System32\msiexec.exe
ImageLoaded: C:\Windows\System32\mscoree.dll
FileVersion: 10.0.19041.1 (WinBuild.160101.0800)
Description: Microsoft .NET Runtime Execution Engine
Product: Microsoft Windows Operating System
Company: Microsoft Corporation
OriginalFileName: mscoree.dll
Hashes: SHA1=CFEF8F0BA040939B87B74F101970A6BBEB5DA15F,MD5=D5971EF71DE1BDD46D537203ABFCC756,SHA256=8828DE042D008783BA5B31C82935A3ED38D5996927C3399B3E1FC6FE723FC84E,IMPHASH=65F23EFA1EB51A5DAAB399BFAA840074
Signed: true
Signature: Microsoft Windows
SignatureStatus: Valid
User: NT AUTHORITY\SYSTEM
",2026-02-11T19:41:58.000-0800,,Dns query (rule: DnsQuery),wrk-pprice,wrk-pprice,118823,endpoint_services_processes windows_event_signature windows_ta_data,wrk-pprice,118823,SplunkEx,32,,,,,"//_::._=--/===-==---==--====__(:_)==_:\r:_=,=_\r:_--",,,,,informational,4,,7,WinEventLog:Microsoft-Windows-Sysmon/Operational,WinEventLog,DESKTOP-6DT4EHE,,,track_event_signatures,track_event_signatures,,,Microsoft Windows
,,,,,wrk-pprice,,,,,,,,,,,12,"4
CreateKey",,,,,C:\Windows\system32\msiexec.exe,,,,,,None,Microsoft-Windows-Sysmon/Operational,,,"Registry object added or deleted:
RuleName: technique_id=T1553.004,technique_name=Install Root Certificate
EventType: CreateKey
UtcTime: 2024-02-14 03:41:58.077
ProcessGuid: {817bddf3-3685-65cc-2e02-000000001900}
ProcessId: 10220
Image: C:\Windows\system32\msiexec.exe
TargetObject: HKU\S-1-5-21-3393683511-3463148672-371912004-1001\Software\Microsoft\SystemCertificates\Root\Certificates
User: NT AUTHORITY\SYSTEM",Info,,,,,,,,,{817bddf3-3685-65cc-2e02-000000001900},10220,,,,,,118822,"technique_id=T1553.004,technique_name=Install Root Certificate",S-1-5-18,5,,,,,,,,Microsoft-Windows-Sysmon,,,,,,,,,HKU\S-1-5-21-3393683511-3463148672-371912004-1001\Software\Microsoft\SystemCertificates\Root\Certificates,,,,Dns query (rule: DnsQuery),,Information,"SYSTEM
NT AUTHORITY\SYSTEM",41:58.1,"02/11/2026 07:41:58.083 PM
LogName=Microsoft-Windows-Sysmon/Operational
EventCode=12
EventType=4
ComputerName=wrk-pprice
User=SYSTEM
Sid=S-1-5-18
SidType=5
SourceName=Microsoft-Windows-Sysmon
Type=Information
RecordNumber=118822
Keywords=None
TaskCategory=Dns query (rule: DnsQuery)
OpCode=Info
Message=Registry object added or deleted:
RuleName: technique_id=T1553.004,technique_name=Install Root Certificate
EventType: CreateKey
UtcTime: 2024-02-14 03:41:58.077
ProcessGuid: {817bddf3-3685-65cc-2e02-000000001900}
ProcessId: 10220
Image: C:\Windows\system32\msiexec.exe
TargetObject: HKU\S-1-5-21-3393683511-3463148672-371912004-1001\Software\Microsoft\SystemCertificates\Root\Certificates
User: NT AUTHORITY\SYSTEM
",2026-02-11T19:41:58.000-0800,,Dns query (rule: DnsQuery),wrk-pprice,wrk-pprice,118822,endpoint_services_processes windows_event_signature windows_ta_data,wrk-pprice,118822,SplunkEx,24,,,,,"//_::._=--/===-==---==--====__(:_)==____:\r:_=.,=__",,,,,informational,"4
CreateKey",,12,WinEventLog:Microsoft-Windows-Sysmon/Operational,WinEventLog,DESKTOP-6DT4EHE,,,track_event_signatures,track_event_signatures,,,Microsoft Windows
,,,,,wrk-pprice,,,,,,,,,,,12,"4
CreateKey",,,,,C:\Windows\system32\msiexec.exe,,,,,,None,Microsoft-Windows-Sysmon/Operational,,,"Registry object added or deleted:
RuleName: technique_id=T1553.004,technique_name=Install Root Certificate
EventType: CreateKey
UtcTime: 2024-02-14 03:41:58.077
ProcessGuid: {817bddf3-3685-65cc-2e02-000000001900}
ProcessId: 10220
Image: C:\Windows\system32\msiexec.exe
TargetObject: HKU\S-1-5-21-3393683511-3463148672-371912004-1001\Software\Microsoft\SystemCertificates\CA\Certificates
User: NT AUTHORITY\SYSTEM",Info,,,,,,,,,{817bddf3-3685-65cc-2e02-000000001900},10220,,,,,,118821,"technique_id=T1553.004,technique_name=Install Root Certificate",S-1-5-18,5,,,,,,,,Microsoft-Windows-Sysmon,,,,,,,,,HKU\S-1-5-21-3393683511-3463148672-371912004-1001\Software\Microsoft\SystemCertificates\CA\Certificates,,,,Dns query (rule: DnsQuery),,Information,"SYSTEM
NT AUTHORITY\SYSTEM",41:58.1,"02/11/2026 07:41:58.080 PM
LogName=Microsoft-Windows-Sysmon/Operational
EventCode=12
EventType=4
ComputerName=wrk-pprice
User=SYSTEM
Sid=S-1-5-18
SidType=5
SourceName=Microsoft-Windows-Sysmon
Type=Information
RecordNumber=118821
Keywords=None
TaskCategory=Dns query (rule: DnsQuery)
OpCode=Info
Message=Registry object added or deleted:
RuleName: technique_id=T1553.004,technique_name=Install Root Certificate
EventType: CreateKey
UtcTime: 2024-02-14 03:41:58.077
ProcessGuid: {817bddf3-3685-65cc-2e02-000000001900}
ProcessId: 10220
Image: C:\Windows\system32\msiexec.exe
TargetObject: HKU\S-1-5-21-3393683511-3463148672-371912004-1001\Software\Microsoft\SystemCertificates\CA\Certificates
User: NT AUTHORITY\SYSTEM
",2026-02-11T19:41:58.000-0800,,Dns query (rule: DnsQuery),wrk-pprice,wrk-pprice,118821,endpoint_services_processes windows_event_signature windows_ta_data,wrk-pprice,118821,SplunkEx,24,,,,,"//_::._=--/===-==---==--====__(:_)==____:\r:_=.,=__",,,,,informational,"4
CreateKey",,12,WinEventLog:Microsoft-Windows-Sysmon/Operational,WinEventLog,DESKTOP-6DT4EHE,,,track_event_signatures,track_event_signatures,,,Microsoft Windows
,,,,,wrk-pprice,,41:58.0,,,,,,,,,11,4,,,,,C:\Windows\system32\msiexec.exe,,,,,,None,Microsoft-Windows-Sysmon/Operational,,,"File created:
RuleName: technique_id=T1574.010,technique_name=Services File Permissions Weakness
UtcTime: 2024-02-14 03:41:58.061
ProcessGuid: {817bddf3-3685-65cc-2e02-000000001900}
ProcessId: 10220
Image: C:\Windows\system32\msiexec.exe
TargetFilename: C:\Windows\Installer\17c5a1.msi
CreationUtcTime: 2024-02-14 03:41:58.045
User: NT AUTHORITY\SYSTEM",Info,,,,,,,,,{817bddf3-3685-65cc-2e02-000000001900},10220,,,,,,118820,"technique_id=T1574.010,technique_name=Services File Permissions Weakness",S-1-5-18,5,,,,,,,,Microsoft-Windows-Sysmon,,,,,,,C:\Windows\Installer\17c5a1.msi,,,,,,Dns query (rule: DnsQuery),,Information,"SYSTEM
NT AUTHORITY\SYSTEM",41:58.1,"02/11/2026 07:41:58.062 PM
LogName=Microsoft-Windows-Sysmon/Operational
EventCode=11
EventType=4
ComputerName=wrk-pprice
User=SYSTEM
Sid=S-1-5-18
SidType=5
SourceName=Microsoft-Windows-Sysmon
Type=Information
RecordNumber=118820
Keywords=None
TaskCategory=Dns query (rule: DnsQuery)
OpCode=Info
Message=File created:
RuleName: technique_id=T1574.010,technique_name=Services File Permissions Weakness
UtcTime: 2024-02-14 03:41:58.061
ProcessGuid: {817bddf3-3685-65cc-2e02-000000001900}
ProcessId: 10220
Image: C:\Windows\system32\msiexec.exe
TargetFilename: C:\Windows\Installer\17c5a1.msi
CreationUtcTime: 2024-02-14 03:41:58.045
User: NT AUTHORITY\SYSTEM
",2026-02-11T19:41:58.000-0800,,Dns query (rule: DnsQuery),wrk-pprice,wrk-pprice,118820,endpoint_services_processes windows_event_signature windows_ta_data,wrk-pprice,118820,SplunkEx,24,,,,,"//_::._=--/===-==---==--====__(:_)==_:\r:_=.,=___\r:",,,,,informational,4,,11,WinEventLog:Microsoft-Windows-Sysmon/Operational,WinEventLog,DESKTOP-6DT4EHE,,,track_event_signatures,track_event_signatures,,,Microsoft Windows
TRUE,,,,,wrk-pprice,,,,,,,,,,,23,4,,,,"SHA1=DA39A3EE5E6B4B0D3255BFEF95601890AFD80709,MD5=D41D8CD98F00B204E9800998ECF8427E,SHA256=E3B0C44298FC1C149AFBF4C8996FB92427AE41E4649B934CA495991B7852B855,IMPHASH=00000000000000000000000000000000",C:\Windows\system32\msiexec.exe,,,,,FALSE,None,Microsoft-Windows-Sysmon/Operational,,,"File Delete archived:
RuleName: other interesting files
UtcTime: 2024-02-14 03:41:58.061
ProcessGuid: {817bddf3-3685-65cc-2e02-000000001900}
ProcessId: 10220
User: NT AUTHORITY\SYSTEM
Image: C:\Windows\system32\msiexec.exe
TargetFilename: C:\Windows\Installer\17c5a1.msi
Hashes: SHA1=DA39A3EE5E6B4B0D3255BFEF95601890AFD80709,MD5=D41D8CD98F00B204E9800998ECF8427E,SHA256=E3B0C44298FC1C149AFBF4C8996FB92427AE41E4649B934CA495991B7852B855,IMPHASH=00000000000000000000000000000000
IsExecutable: false
Archived: true",Info,,,,,,,,,{817bddf3-3685-65cc-2e02-000000001900},10220,,,,,,118819,other interesting files,S-1-5-18,5,,,,,,,,Microsoft-Windows-Sysmon,,,,,,,C:\Windows\Installer\17c5a1.msi,,,,,,Dns query (rule: DnsQuery),,Information,"SYSTEM
NT AUTHORITY\SYSTEM",41:58.1,"02/11/2026 07:41:58.061 PM
LogName=Microsoft-Windows-Sysmon/Operational
EventCode=23
EventType=4
ComputerName=wrk-pprice
User=SYSTEM
Sid=S-1-5-18
SidType=5
SourceName=Microsoft-Windows-Sysmon
Type=Information
RecordNumber=118819
Keywords=None
TaskCategory=Dns query (rule: DnsQuery)
OpCode=Info
Message=File Delete archived:
RuleName: other interesting files
UtcTime: 2024-02-14 03:41:58.061
ProcessGuid: {817bddf3-3685-65cc-2e02-000000001900}
ProcessId: 10220
User: NT AUTHORITY\SYSTEM
Image: C:\Windows\system32\msiexec.exe
TargetFilename: C:\Windows\Installer\17c5a1.msi
Hashes: SHA1=DA39A3EE5E6B4B0D3255BFEF95601890AFD80709,MD5=D41D8CD98F00B204E9800998ECF8427E,SHA256=E3B0C44298FC1C149AFBF4C8996FB92427AE41E4649B934CA495991B7852B855,IMPHASH=00000000000000000000000000000000
IsExecutable: false
Archived: true
",2026-02-11T19:41:58.000-0800,,Dns query (rule: DnsQuery),wrk-pprice,wrk-pprice,118819,endpoint_services_processes windows_event_signature windows_ta_data,wrk-pprice,118819,SplunkEx,26,,,,,//_::._=--/===-==---==--====__(:_)==__:\r:___\r:_--_,,,,,informational,4,,23,WinEventLog:Microsoft-Windows-Sysmon/Operational,WinEventLog,DESKTOP-6DT4EHE,,,track_event_signatures,track_event_signatures,,,Microsoft Windows
,,,,,wrk-pprice,,41:58.0,,,,,,,,,11,4,,,,,C:\Windows\system32\msiexec.exe,,,,,,None,Microsoft-Windows-Sysmon/Operational,,,"File created:
RuleName: technique_id=T1574.010,technique_name=Services File Permissions Weakness
UtcTime: 2024-02-14 03:41:58.045
ProcessGuid: {817bddf3-3685-65cc-2e02-000000001900}
ProcessId: 10220
Image: C:\Windows\system32\msiexec.exe
TargetFilename: C:\Windows\Installer\17c5a1.msi
CreationUtcTime: 2024-02-14 03:41:58.045
User: NT AUTHORITY\SYSTEM",Info,,,,,,,,,{817bddf3-3685-65cc-2e02-000000001900},10220,,,,,,118818,"technique_id=T1574.010,technique_name=Services File Permissions Weakness",S-1-5-18,5,,,,,,,,Microsoft-Windows-Sysmon,,,,,,,C:\Windows\Installer\17c5a1.msi,,,,,,Dns query (rule: DnsQuery),,Information,"SYSTEM
NT AUTHORITY\SYSTEM",41:58.0,"02/11/2026 07:41:58.060 PM
LogName=Microsoft-Windows-Sysmon/Operational
EventCode=11
EventType=4
ComputerName=wrk-pprice
User=SYSTEM
Sid=S-1-5-18
SidType=5
SourceName=Microsoft-Windows-Sysmon
Type=Information
RecordNumber=118818
Keywords=None
TaskCategory=Dns query (rule: DnsQuery)
OpCode=Info
Message=File created:
RuleName: technique_id=T1574.010,technique_name=Services File Permissions Weakness
UtcTime: 2024-02-14 03:41:58.045
ProcessGuid: {817bddf3-3685-65cc-2e02-000000001900}
ProcessId: 10220
Image: C:\Windows\system32\msiexec.exe
TargetFilename: C:\Windows\Installer\17c5a1.msi
CreationUtcTime: 2024-02-14 03:41:58.045
User: NT AUTHORITY\SYSTEM
",2026-02-11T19:41:58.000-0800,,Dns query (rule: DnsQuery),wrk-pprice,wrk-pprice,118818,endpoint_services_processes windows_event_signature windows_ta_data,wrk-pprice,118818,SplunkEx,24,,,,,"//_::._=--/===-==---==--====__(:_)==_:\r:_=.,=___\r:",,,,,informational,4,,11,WinEventLog:Microsoft-Windows-Sysmon/Operational,WinEventLog,DESKTOP-6DT4EHE,,,track_event_signatures,track_event_signatures,,,Microsoft Windows
,,,,Microsoft Corporation,wrk-pprice,,,,Microsoft .NET Runtime Execution Engine,,,,,,,7,4,4.8.9093.0 built by: NET481REL1LAST_C,,,"SHA1=53F0BCD0A2F21B77C0589D47C68539DCF2D70D6D,MD5=3ED8CA94264C230FAE496CDA693C3682,SHA256=8D1C6B8BB7769F30BD524F4444310696955180EDCD6BB68C4F82C67BFDC5506B,IMPHASH=5D336B857D2402F5D6C5C0D2740F08D3",C:\Windows\SysWOW64\msiexec.exe,C:\Windows\Microsoft.NET\Framework\v4.0.30319\mscoreei.dll,,,,,None,Microsoft-Windows-Sysmon/Operational,,,"Image loaded:
RuleName: technique_id=T1055,technique_name=Process Injection
UtcTime: 2024-02-14 03:41:57.998
ProcessGuid: {817bddf3-3685-65cc-3002-000000001900}
ProcessId: 10324
Image: C:\Windows\SysWOW64\msiexec.exe
ImageLoaded: C:\Windows\Microsoft.NET\Framework\v4.0.30319\mscoreei.dll
FileVersion: 4.8.9093.0 built by: NET481REL1LAST_C
Description: Microsoft .NET Runtime Execution Engine
Product: Microsoft .NET Framework
Company: Microsoft Corporation
OriginalFileName: mscoreei.dll
Hashes: SHA1=53F0BCD0A2F21B77C0589D47C68539DCF2D70D6D,MD5=3ED8CA94264C230FAE496CDA693C3682,SHA256=8D1C6B8BB7769F30BD524F4444310696955180EDCD6BB68C4F82C67BFDC5506B,IMPHASH=5D336B857D2402F5D6C5C0D2740F08D3
Signed: true
Signature: Microsoft Corporation
SignatureStatus: Valid
User: wrk-pprice\CyberJunkie",Info,mscoreei.dll,,,,,,,,{817bddf3-3685-65cc-3002-000000001900},10324,Microsoft .NET Framework,,,,,118817,"technique_id=T1055,technique_name=Process Injection",S-1-5-18,5,Microsoft Corporation,Valid,TRUE,,,,,Microsoft-Windows-Sysmon,,,,,,,,,,,,,Dns query (rule: DnsQuery),,Information,"SYSTEM
wrk-pprice\CyberJunkie",41:58.0,"02/11/2026 07:41:58.010 PM
LogName=Microsoft-Windows-Sysmon/Operational
EventCode=7
EventType=4
ComputerName=wrk-pprice
User=SYSTEM
Sid=S-1-5-18
SidType=5
SourceName=Microsoft-Windows-Sysmon
Type=Information
RecordNumber=118817
Keywords=None
TaskCategory=Dns query (rule: DnsQuery)
OpCode=Info
Message=Image loaded:
RuleName: technique_id=T1055,technique_name=Process Injection
UtcTime: 2024-02-14 03:41:57.998
ProcessGuid: {817bddf3-3685-65cc-3002-000000001900}
ProcessId: 10324
Image: C:\Windows\SysWOW64\msiexec.exe
ImageLoaded: C:\Windows\Microsoft.NET\Framework\v4.0.30319\mscoreei.dll
FileVersion: 4.8.9093.0 built by: NET481REL1LAST_C
Description: Microsoft .NET Runtime Execution Engine
Product: Microsoft .NET Framework
Company: Microsoft Corporation
OriginalFileName: mscoreei.dll
Hashes: SHA1=53F0BCD0A2F21B77C0589D47C68539DCF2D70D6D,MD5=3ED8CA94264C230FAE496CDA693C3682,SHA256=8D1C6B8BB7769F30BD524F4444310696955180EDCD6BB68C4F82C67BFDC5506B,IMPHASH=5D336B857D2402F5D6C5C0D2740F08D3
Signed: true
Signature: Microsoft Corporation
SignatureStatus: Valid
User: wrk-pprice\CyberJunkie
",2026-02-11T19:41:58.000-0800,,Dns query (rule: DnsQuery),wrk-pprice,wrk-pprice,118817,endpoint_services_processes windows_event_signature windows_ta_data,wrk-pprice,118817,SplunkEx,32,,,,,"//_::._=--/===-==---==--====__(:_)==_:\r:_=,=_\r:_--",,,,,informational,4,,7,WinEventLog:Microsoft-Windows-Sysmon/Operational,WinEventLog,DESKTOP-6DT4EHE,,,track_event_signatures,track_event_signatures,,,Microsoft Windows
,,,,Microsoft Corporation,wrk-pprice,,,,Microsoft .NET Runtime Execution Engine,,,,,,,7,4,10.0.19041.1 (WinBuild.160101.0800),,,"SHA1=E37695676AE23AE265E2E9110371DD93FCBD2078,MD5=3398E4051E8F4E2FF3CF0F365FA9238D,SHA256=57EFA31B9F0116E46AB5E46C2E1764A79C507F751995DB2E1C8727BDCEB0C576,IMPHASH=47F306C12509ADBBC266F7DA43529A4D",C:\Windows\SysWOW64\msiexec.exe,C:\Windows\SysWOW64\mscoree.dll,,,,,None,Microsoft-Windows-Sysmon/Operational,,,"Image loaded:
RuleName: technique_id=T1055,technique_name=Process Injection
UtcTime: 2024-02-14 03:41:57.998
ProcessGuid: {817bddf3-3685-65cc-3002-000000001900}
ProcessId: 10324
Image: C:\Windows\SysWOW64\msiexec.exe
ImageLoaded: C:\Windows\SysWOW64\mscoree.dll
FileVersion: 10.0.19041.1 (WinBuild.160101.0800)
Description: Microsoft .NET Runtime Execution Engine
Product: Microsoft Windows Operating System
Company: Microsoft Corporation
OriginalFileName: mscoree.dll
Hashes: SHA1=E37695676AE23AE265E2E9110371DD93FCBD2078,MD5=3398E4051E8F4E2FF3CF0F365FA9238D,SHA256=57EFA31B9F0116E46AB5E46C2E1764A79C507F751995DB2E1C8727BDCEB0C576,IMPHASH=47F306C12509ADBBC266F7DA43529A4D
Signed: true
Signature: Microsoft Windows
SignatureStatus: Valid
User: wrk-pprice\CyberJunkie",Info,mscoree.dll,,,,,,,,{817bddf3-3685-65cc-3002-000000001900},10324,Microsoft Windows Operating System,,,,,118816,"technique_id=T1055,technique_name=Process Injection",S-1-5-18,5,Microsoft Windows,Valid,TRUE,,,,,Microsoft-Windows-Sysmon,,,,,,,,,,,,,Dns query (rule: DnsQuery),,Information,"SYSTEM
wrk-pprice\CyberJunkie",41:58.0,"02/11/2026 07:41:58.009 PM
LogName=Microsoft-Windows-Sysmon/Operational
EventCode=7
EventType=4
ComputerName=wrk-pprice
User=SYSTEM
Sid=S-1-5-18
SidType=5
SourceName=Microsoft-Windows-Sysmon
Type=Information
RecordNumber=118816
Keywords=None
TaskCategory=Dns query (rule: DnsQuery)
OpCode=Info
Message=Image loaded:
RuleName: technique_id=T1055,technique_name=Process Injection
UtcTime: 2024-02-14 03:41:57.998
ProcessGuid: {817bddf3-3685-65cc-3002-000000001900}
ProcessId: 10324
Image: C:\Windows\SysWOW64\msiexec.exe
ImageLoaded: C:\Windows\SysWOW64\mscoree.dll
FileVersion: 10.0.19041.1 (WinBuild.160101.0800)
Description: Microsoft .NET Runtime Execution Engine
Product: Microsoft Windows Operating System
Company: Microsoft Corporation
OriginalFileName: mscoree.dll
Hashes: SHA1=E37695676AE23AE265E2E9110371DD93FCBD2078,MD5=3398E4051E8F4E2FF3CF0F365FA9238D,SHA256=57EFA31B9F0116E46AB5E46C2E1764A79C507F751995DB2E1C8727BDCEB0C576,IMPHASH=47F306C12509ADBBC266F7DA43529A4D
Signed: true
Signature: Microsoft Windows
SignatureStatus: Valid
User: wrk-pprice\CyberJunkie
",2026-02-11T19:41:58.000-0800,,Dns query (rule: DnsQuery),wrk-pprice,wrk-pprice,118816,endpoint_services_processes windows_event_signature windows_ta_data,wrk-pprice,118816,SplunkEx,32,,,,,"//_::._=--/===-==---==--====__(:_)==_:\r:_=,=_\r:_--",,,,,informational,4,,7,WinEventLog:Microsoft-Windows-Sysmon/Operational,WinEventLog,DESKTOP-6DT4EHE,,,track_event_signatures,track_event_signatures,,,Microsoft Windows
,,,,,wrk-pprice,,,,,,,,,,,12,"4
CreateKey",,,,,C:\Windows\SysWOW64\msiexec.exe,,,,,,None,Microsoft-Windows-Sysmon/Operational,,,"Registry object added or deleted:
RuleName: technique_id=T1553.004,technique_name=Install Root Certificate
EventType: CreateKey
UtcTime: 2024-02-14 03:41:57.983
ProcessGuid: {817bddf3-3685-65cc-3002-000000001900}
ProcessId: 10324
Image: C:\Windows\SysWOW64\msiexec.exe
TargetObject: HKU\S-1-5-21-3393683511-3463148672-371912004-1001\Software\Microsoft\SystemCertificates\Root\Certificates
User: wrk-pprice\CyberJunkie",Info,,,,,,,,,{817bddf3-3685-65cc-3002-000000001900},10324,,,,,,118815,"technique_id=T1553.004,technique_name=Install Root Certificate",S-1-5-18,5,,,,,,,,Microsoft-Windows-Sysmon,,,,,,,,,HKU\S-1-5-21-3393683511-3463148672-371912004-1001\Software\Microsoft\SystemCertificates\Root\Certificates,,,,Dns query (rule: DnsQuery),,Information,"SYSTEM
wrk-pprice\CyberJunkie",41:58.0,"02/11/2026 07:41:57.984 PM
LogName=Microsoft-Windows-Sysmon/Operational
EventCode=12
EventType=4
ComputerName=wrk-pprice
User=SYSTEM
Sid=S-1-5-18
SidType=5
SourceName=Microsoft-Windows-Sysmon
Type=Information
RecordNumber=118815
Keywords=None
TaskCategory=Dns query (rule: DnsQuery)
OpCode=Info
Message=Registry object added or deleted:
RuleName: technique_id=T1553.004,technique_name=Install Root Certificate
EventType: CreateKey
UtcTime: 2024-02-14 03:41:57.983
ProcessGuid: {817bddf3-3685-65cc-3002-000000001900}
ProcessId: 10324
Image: C:\Windows\SysWOW64\msiexec.exe
TargetObject: HKU\S-1-5-21-3393683511-3463148672-371912004-1001\Software\Microsoft\SystemCertificates\Root\Certificates
User: wrk-pprice\CyberJunkie
",2026-02-11T19:41:57.000-0800,,Dns query (rule: DnsQuery),wrk-pprice,wrk-pprice,118815,endpoint_services_processes windows_event_signature windows_ta_data,wrk-pprice,118815,SplunkEx,24,,,,,"//_::._=--/===-==---==--====__(:_)==____:\r:_=.,=__",,,,,informational,"4
CreateKey",,12,WinEventLog:Microsoft-Windows-Sysmon/Operational,WinEventLog,DESKTOP-6DT4EHE,,,track_event_signatures,track_event_signatures,,,Microsoft Windows
,,,,,wrk-pprice,,,,,,,,,,,12,"4
CreateKey",,,,,C:\Windows\SysWOW64\msiexec.exe,,,,,,None,Microsoft-Windows-Sysmon/Operational,,,"Registry object added or deleted:
RuleName: technique_id=T1553.004,technique_name=Install Root Certificate
EventType: CreateKey
UtcTime: 2024-02-14 03:41:57.967
ProcessGuid: {817bddf3-3685-65cc-3002-000000001900}
ProcessId: 10324
Image: C:\Windows\SysWOW64\msiexec.exe
TargetObject: HKU\S-1-5-21-3393683511-3463148672-371912004-1001\Software\Microsoft\SystemCertificates\CA\Certificates
User: wrk-pprice\CyberJunkie",Info,,,,,,,,,{817bddf3-3685-65cc-3002-000000001900},10324,,,,,,118814,"technique_id=T1553.004,technique_name=Install Root Certificate",S-1-5-18,5,,,,,,,,Microsoft-Windows-Sysmon,,,,,,,,,HKU\S-1-5-21-3393683511-3463148672-371912004-1001\Software\Microsoft\SystemCertificates\CA\Certificates,,,,Dns query (rule: DnsQuery),,Information,"SYSTEM
wrk-pprice\CyberJunkie",41:58.0,"02/11/2026 07:41:57.981 PM
LogName=Microsoft-Windows-Sysmon/Operational
EventCode=12
EventType=4
ComputerName=wrk-pprice
User=SYSTEM
Sid=S-1-5-18
SidType=5
SourceName=Microsoft-Windows-Sysmon
Type=Information
RecordNumber=118814
Keywords=None
TaskCategory=Dns query (rule: DnsQuery)
OpCode=Info
Message=Registry object added or deleted:
RuleName: technique_id=T1553.004,technique_name=Install Root Certificate
EventType: CreateKey
UtcTime: 2024-02-14 03:41:57.967
ProcessGuid: {817bddf3-3685-65cc-3002-000000001900}
ProcessId: 10324
Image: C:\Windows\SysWOW64\msiexec.exe
TargetObject: HKU\S-1-5-21-3393683511-3463148672-371912004-1001\Software\Microsoft\SystemCertificates\CA\Certificates
User: wrk-pprice\CyberJunkie
",2026-02-11T19:41:57.000-0800,,Dns query (rule: DnsQuery),wrk-pprice,wrk-pprice,118814,endpoint_services_processes windows_event_signature windows_ta_data,wrk-pprice,118814,SplunkEx,24,,,,,"//_::._=--/===-==---==--====__(:_)==____:\r:_=.,=__",,,,,informational,"4
CreateKey",,12,WinEventLog:Microsoft-Windows-Sysmon/Operational,WinEventLog,DESKTOP-6DT4EHE,,,track_event_signatures,track_event_signatures,,,Microsoft Windows
,,,"""C:\Windows\system32\msiexec.exe"" /i ""C:\Users\CyberJunkie\AppData\Roaming\Photo and Fax Vn\Photo and vn 1.1.2\install\F97891C\main1.msi"" AI_SETUPEXEPATH=C:\Users\CyberJunkie\Downloads\Preventivo24.02.14.exe.exe SETUPEXEDIR=C:\Users\CyberJunkie\Downloads\ EXE_CMD_LINE=""/exenoupdates  /forcecleanup  /wintime 1707880560  "" AI_EUIMSI=""""",Microsoft Corporation,wrk-pprice,,,C:\Users\CyberJunkie\Downloads\,Windows installer,,,,,,,1,4,5.0.19041.3636 (WinBuild.160101.0800),,,"SHA1=9AB9B12901E1EA2DF943B45AD20D8732618608CD,MD5=898277AC5894C4E1412A49040053B0D3,SHA256=445A2E800DC68DF89ABF713F3B4B632D40AE6310EF3660B42D974BB582426BC5,IMPHASH=E4E40938E4BF6C66424859ED02171C41",C:\Windows\SysWOW64\msiexec.exe,,,,Medium,,None,Microsoft-Windows-Sysmon/Operational,{817bddf3-311e-65cc-a7ae-1b0000000000},0x1BAEA7,"Process Create:
RuleName: technique_id=T1218,technique_name=Signed Binary Proxy Execution
UtcTime: 2024-02-14 03:41:57.905
ProcessGuid: {817bddf3-3685-65cc-3002-000000001900}
ProcessId: 10324
Image: C:\Windows\SysWOW64\msiexec.exe
FileVersion: 5.0.19041.3636 (WinBuild.160101.0800)
Description: Windows installer
Product: Windows Installer - Unicode
Company: Microsoft Corporation
OriginalFileName: msiexec.exe
CommandLine: ""C:\Windows\system32\msiexec.exe"" /i ""C:\Users\CyberJunkie\AppData\Roaming\Photo and Fax Vn\Photo and vn 1.1.2\install\F97891C\main1.msi"" AI_SETUPEXEPATH=C:\Users\CyberJunkie\Downloads\Preventivo24.02.14.exe.exe SETUPEXEDIR=C:\Users\CyberJunkie\Downloads\ EXE_CMD_LINE=""/exenoupdates  /forcecleanup  /wintime 1707880560  "" AI_EUIMSI=""""
CurrentDirectory: C:\Users\CyberJunkie\Downloads\
User: wrk-pprice\CyberJunkie
LogonGuid: {817bddf3-311e-65cc-a7ae-1b0000000000}
LogonId: 0x1BAEA7
TerminalSessionId: 1
IntegrityLevel: Medium
Hashes: SHA1=9AB9B12901E1EA2DF943B45AD20D8732618608CD,MD5=898277AC5894C4E1412A49040053B0D3,SHA256=445A2E800DC68DF89ABF713F3B4B632D40AE6310EF3660B42D974BB582426BC5,IMPHASH=E4E40938E4BF6C66424859ED02171C41
ParentProcessGuid: {817bddf3-3684-65cc-2d02-000000001900}
ParentProcessId: 10672
ParentImage: C:\Users\CyberJunkie\Downloads\Preventivo24.02.14.exe.exe
ParentCommandLine: ""C:\Users\CyberJunkie\Downloads\Preventivo24.02.14.exe.exe"" 
ParentUser: wrk-pprice\CyberJunkie",Info,msiexec.exe,"""C:\Users\CyberJunkie\Downloads\Preventivo24.02.14.exe.exe""",C:\Users\CyberJunkie\Downloads\Preventivo24.02.14.exe.exe,{817bddf3-3684-65cc-2d02-000000001900},10672,wrk-pprice\CyberJunkie,,,{817bddf3-3685-65cc-3002-000000001900},10324,Windows Installer - Unicode,,,,,118813,"technique_id=T1218,technique_name=Signed Binary Proxy Execution",S-1-5-18,5,,,,,,,,Microsoft-Windows-Sysmon,,,,,,,,,,,,,Dns query (rule: DnsQuery),1,Information,"SYSTEM
wrk-pprice\CyberJunkie",41:57.9,"02/11/2026 07:41:57.905 PM
LogName=Microsoft-Windows-Sysmon/Operational
EventCode=1
EventType=4
ComputerName=wrk-pprice
User=SYSTEM
Sid=S-1-5-18
SidType=5
SourceName=Microsoft-Windows-Sysmon
Type=Information
RecordNumber=118813
Keywords=None
TaskCategory=Dns query (rule: DnsQuery)
OpCode=Info
Message=Process Create:
RuleName: technique_id=T1218,technique_name=Signed Binary Proxy Execution
UtcTime: 2024-02-14 03:41:57.905
ProcessGuid: {817bddf3-3685-65cc-3002-000000001900}
ProcessId: 10324
Image: C:\Windows\SysWOW64\msiexec.exe
FileVersion: 5.0.19041.3636 (WinBuild.160101.0800)
Description: Windows installer
Product: Windows Installer - Unicode
Company: Microsoft Corporation
OriginalFileName: msiexec.exe
CommandLine: ""C:\Windows\system32\msiexec.exe"" /i ""C:\Users\CyberJunkie\AppData\Roaming\Photo and Fax Vn\Photo and vn 1.1.2\install\F97891C\main1.msi"" AI_SETUPEXEPATH=C:\Users\CyberJunkie\Downloads\Preventivo24.02.14.exe.exe SETUPEXEDIR=C:\Users\CyberJunkie\Downloads\ EXE_CMD_LINE=""/exenoupdates  /forcecleanup  /wintime 1707880560  "" AI_EUIMSI=""""
CurrentDirectory: C:\Users\CyberJunkie\Downloads\
User: wrk-pprice\CyberJunkie
LogonGuid: {817bddf3-311e-65cc-a7ae-1b0000000000}
LogonId: 0x1BAEA7
TerminalSessionId: 1
IntegrityLevel: Medium
Hashes: SHA1=9AB9B12901E1EA2DF943B45AD20D8732618608CD,MD5=898277AC5894C4E1412A49040053B0D3,SHA256=445A2E800DC68DF89ABF713F3B4B632D40AE6310EF3660B42D974BB582426BC5,IMPHASH=E4E40938E4BF6C66424859ED02171C41
ParentProcessGuid: {817bddf3-3684-65cc-2d02-000000001900}
ParentProcessId: 10672
ParentImage: C:\Users\CyberJunkie\Downloads\Preventivo24.02.14.exe.exe
ParentCommandLine: ""C:\Users\CyberJunkie\Downloads\Preventivo24.02.14.exe.exe"" 
ParentUser: wrk-pprice\CyberJunkie
",2026-02-11T19:41:57.000-0800,,Dns query (rule: DnsQuery),wrk-pprice,wrk-pprice,118813,endpoint_services_processes windows_event_signature windows_ta_data,wrk-pprice,118813,SplunkEx,39,,,,,"//_::._=--/===-==---==--====__(:_)==_:\r:_=,=___\r:_",,,,,informational,4,,1,WinEventLog:Microsoft-Windows-Sysmon/Operational,WinEventLog,DESKTOP-6DT4EHE,,,track_event_signatures,track_event_signatures,,,Microsoft Windows
,,,,,wrk-pprice,,,,,,,,,,Binary Data,13,"4
SetValue",,,,,C:\Users\CyberJunkie\Downloads\Preventivo24.02.14.exe.exe,,,,,,None,Microsoft-Windows-Sysmon/Operational,,,"Registry value set:
RuleName: technique_id=T1543,technique_name=Service Creation
EventType: SetValue
UtcTime: 2024-02-14 03:41:57.905
ProcessGuid: {817bddf3-3684-65cc-2d02-000000001900}
ProcessId: 10672
Image: C:\Users\CyberJunkie\Downloads\Preventivo24.02.14.exe.exe
TargetObject: HKLM\System\CurrentControlSet\Services\bam\State\UserSettings\S-1-5-21-3393683511-3463148672-371912004-1001\\Device\HarddiskVolume3\Windows\SysWOW64\msiexec.exe
Details: Binary Data
User: wrk-pprice\CyberJunkie",Info,,,,,,,,,{817bddf3-3684-65cc-2d02-000000001900},10672,,,,,,118812,"technique_id=T1543,technique_name=Service Creation",S-1-5-18,5,,,,,,,,Microsoft-Windows-Sysmon,,,,,,,,,HKLM\System\CurrentControlSet\Services\bam\State\UserSettings\S-1-5-21-3393683511-3463148672-371912004-1001\\Device\HarddiskVolume3\Windows\SysWOW64\msiexec.exe,,,,Dns query (rule: DnsQuery),,Information,"SYSTEM
wrk-pprice\CyberJunkie",41:57.9,"02/11/2026 07:41:57.905 PM
LogName=Microsoft-Windows-Sysmon/Operational
EventCode=13
EventType=4
ComputerName=wrk-pprice
User=SYSTEM
Sid=S-1-5-18
SidType=5
SourceName=Microsoft-Windows-Sysmon
Type=Information
RecordNumber=118812
Keywords=None
TaskCategory=Dns query (rule: DnsQuery)
OpCode=Info
Message=Registry value set:
RuleName: technique_id=T1543,technique_name=Service Creation
EventType: SetValue
UtcTime: 2024-02-14 03:41:57.905
ProcessGuid: {817bddf3-3684-65cc-2d02-000000001900}
ProcessId: 10672
Image: C:\Users\CyberJunkie\Downloads\Preventivo24.02.14.exe.exe
TargetObject: HKLM\System\CurrentControlSet\Services\bam\State\UserSettings\S-1-5-21-3393683511-3463148672-371912004-1001\\Device\HarddiskVolume3\Windows\SysWOW64\msiexec.exe
Details: Binary Data
User: wrk-pprice\CyberJunkie
",2026-02-11T19:41:57.000-0800,,Dns query (rule: DnsQuery),wrk-pprice,wrk-pprice,118812,endpoint_services_processes windows_event_signature windows_ta_data,wrk-pprice,118812,SplunkEx,25,,,,,"//_::._=--/===-==---==--====__(:_)==__:\r:_=,=_\r:_\r",,,,,informational,"4
SetValue",,13,WinEventLog:Microsoft-Windows-Sysmon/Operational,WinEventLog,DESKTOP-6DT4EHE,,,track_event_signatures,track_event_signatures,,,Microsoft Windows
TRUE,,,,,wrk-pprice,,,,,,,,,,,23,4,,,,"SHA1=BB91AE1F2F7142B9099E3CC285F4F5B84DE568E4,MD5=B158D8D605571EA47A238DF5AB43DFAA,SHA256=CA763693CC25D316F14A9EBAD80EBF00590329550C45ADB7E5205486533C2504,IMPHASH=8B52E108EA5F90B3A554E42291127487",C:\Users\CyberJunkie\Downloads\Preventivo24.02.14.exe.exe,,,,,TRUE,None,Microsoft-Windows-Sysmon/Operational,,,"File Delete archived:
RuleName: Executables
UtcTime: 2024-02-14 03:41:57.889
ProcessGuid: {817bddf3-3684-65cc-2d02-000000001900}
ProcessId: 10672
User: wrk-pprice\CyberJunkie
Image: C:\Users\CyberJunkie\Downloads\Preventivo24.02.14.exe.exe
TargetFilename: C:\Users\CYBERJ~1\AppData\Local\Temp\MSIC4FA.tmp
Hashes: SHA1=BB91AE1F2F7142B9099E3CC285F4F5B84DE568E4,MD5=B158D8D605571EA47A238DF5AB43DFAA,SHA256=CA763693CC25D316F14A9EBAD80EBF00590329550C45ADB7E5205486533C2504,IMPHASH=8B52E108EA5F90B3A554E42291127487
IsExecutable: true
Archived: true",Info,,,,,,,,,{817bddf3-3684-65cc-2d02-000000001900},10672,,,,,,118811,Executables,S-1-5-18,5,,,,,,,,Microsoft-Windows-Sysmon,,,,,,,C:\Users\CYBERJ~1\AppData\Local\Temp\MSIC4FA.tmp,,,,,,Dns query (rule: DnsQuery),,Information,"SYSTEM
wrk-pprice\CyberJunkie",41:57.9,"02/11/2026 07:41:57.901 PM
LogName=Microsoft-Windows-Sysmon/Operational
EventCode=23
EventType=4
ComputerName=wrk-pprice
User=SYSTEM
Sid=S-1-5-18
SidType=5
SourceName=Microsoft-Windows-Sysmon
Type=Information
RecordNumber=118811
Keywords=None
TaskCategory=Dns query (rule: DnsQuery)
OpCode=Info
Message=File Delete archived:
RuleName: Executables
UtcTime: 2024-02-14 03:41:57.889
ProcessGuid: {817bddf3-3684-65cc-2d02-000000001900}
ProcessId: 10672
User: wrk-pprice\CyberJunkie
Image: C:\Users\CyberJunkie\Downloads\Preventivo24.02.14.exe.exe
TargetFilename: C:\Users\CYBERJ~1\AppData\Local\Temp\MSIC4FA.tmp
Hashes: SHA1=BB91AE1F2F7142B9099E3CC285F4F5B84DE568E4,MD5=B158D8D605571EA47A238DF5AB43DFAA,SHA256=CA763693CC25D316F14A9EBAD80EBF00590329550C45ADB7E5205486533C2504,IMPHASH=8B52E108EA5F90B3A554E42291127487
IsExecutable: true
Archived: true
",2026-02-11T19:41:57.000-0800,,Dns query (rule: DnsQuery),wrk-pprice,wrk-pprice,118811,endpoint_services_processes windows_event_signature windows_ta_data,wrk-pprice,118811,SplunkEx,26,,,,,//_::._=--/===-==---==--====__(:_)==__:\r:_\r:_--_::,,,,,informational,4,,23,WinEventLog:Microsoft-Windows-Sysmon/Operational,WinEventLog,DESKTOP-6DT4EHE,,,track_event_signatures,track_event_signatures,,,Microsoft Windows
,,,,Caphyon LTD,wrk-pprice,,,,Various custom actions,,,,,,,7,4,21.3.1.0,,,"SHA1=BB91AE1F2F7142B9099E3CC285F4F5B84DE568E4,MD5=B158D8D605571EA47A238DF5AB43DFAA,SHA256=CA763693CC25D316F14A9EBAD80EBF00590329550C45ADB7E5205486533C2504,IMPHASH=8B52E108EA5F90B3A554E42291127487",C:\Windows\SysWOW64\msiexec.exe,C:\Users\CYBERJ~1\AppData\Local\Temp\MSIC4FA.tmp,,,,,None,Microsoft-Windows-Sysmon/Operational,,,"Image loaded:
RuleName: technique_id=T1574.002,technique_name=DLL Side-Loading
UtcTime: 2024-02-14 03:41:57.889
ProcessGuid: {817bddf3-3685-65cc-2f02-000000001900}
ProcessId: 6996
Image: C:\Windows\SysWOW64\msiexec.exe
ImageLoaded: C:\Users\CYBERJ~1\AppData\Local\Temp\MSIC4FA.tmp
FileVersion: 21.3.1.0
Description: Various custom actions
Product: Advanced Installer
Company: Caphyon LTD
OriginalFileName: AICustAct.dll
Hashes: SHA1=BB91AE1F2F7142B9099E3CC285F4F5B84DE568E4,MD5=B158D8D605571EA47A238DF5AB43DFAA,SHA256=CA763693CC25D316F14A9EBAD80EBF00590329550C45ADB7E5205486533C2504,IMPHASH=8B52E108EA5F90B3A554E42291127487
Signed: true
Signature: Caphyon SRL
SignatureStatus: Valid
User: wrk-pprice\CyberJunkie",Info,AICustAct.dll,,,,,,,,{817bddf3-3685-65cc-2f02-000000001900},6996,Advanced Installer,,,,,118810,"technique_id=T1574.002,technique_name=DLL Side-Loading",S-1-5-18,5,Caphyon SRL,Valid,TRUE,,,,,Microsoft-Windows-Sysmon,,,,,,,,,,,,,Dns query (rule: DnsQuery),,Information,"SYSTEM
wrk-pprice\CyberJunkie",41:57.9,"02/11/2026 07:41:57.893 PM
LogName=Microsoft-Windows-Sysmon/Operational
EventCode=7
EventType=4
ComputerName=wrk-pprice
User=SYSTEM
Sid=S-1-5-18
SidType=5
SourceName=Microsoft-Windows-Sysmon
Type=Information
RecordNumber=118810
Keywords=None
TaskCategory=Dns query (rule: DnsQuery)
OpCode=Info
Message=Image loaded:
RuleName: technique_id=T1574.002,technique_name=DLL Side-Loading
UtcTime: 2024-02-14 03:41:57.889
ProcessGuid: {817bddf3-3685-65cc-2f02-000000001900}
ProcessId: 6996
Image: C:\Windows\SysWOW64\msiexec.exe
ImageLoaded: C:\Users\CYBERJ~1\AppData\Local\Temp\MSIC4FA.tmp
FileVersion: 21.3.1.0
Description: Various custom actions
Product: Advanced Installer
Company: Caphyon LTD
OriginalFileName: AICustAct.dll
Hashes: SHA1=BB91AE1F2F7142B9099E3CC285F4F5B84DE568E4,MD5=B158D8D605571EA47A238DF5AB43DFAA,SHA256=CA763693CC25D316F14A9EBAD80EBF00590329550C45ADB7E5205486533C2504,IMPHASH=8B52E108EA5F90B3A554E42291127487
Signed: true
Signature: Caphyon SRL
SignatureStatus: Valid
User: wrk-pprice\CyberJunkie
",2026-02-11T19:41:57.000-0800,,Dns query (rule: DnsQuery),wrk-pprice,wrk-pprice,118810,endpoint_services_processes windows_event_signature windows_ta_data,wrk-pprice,118810,SplunkEx,32,,,,,"//_::._=--/===-==---==--====__(:_)==_:\r:_=.,=_-\r:_",,,,,informational,4,,7,WinEventLog:Microsoft-Windows-Sysmon/Operational,WinEventLog,DESKTOP-6DT4EHE,,,track_event_signatures,track_event_signatures,,,Microsoft Windows
TRUE,,,,,wrk-pprice,,,,,,,,,,,23,4,,,,"SHA1=BB91AE1F2F7142B9099E3CC285F4F5B84DE568E4,MD5=B158D8D605571EA47A238DF5AB43DFAA,SHA256=CA763693CC25D316F14A9EBAD80EBF00590329550C45ADB7E5205486533C2504,IMPHASH=8B52E108EA5F90B3A554E42291127487",C:\Users\CyberJunkie\Downloads\Preventivo24.02.14.exe.exe,,,,,TRUE,None,Microsoft-Windows-Sysmon/Operational,,,"File Delete archived:
RuleName: Executables
UtcTime: 2024-02-14 03:41:57.873
ProcessGuid: {817bddf3-3684-65cc-2d02-000000001900}
ProcessId: 10672
User: wrk-pprice\CyberJunkie
Image: C:\Users\CyberJunkie\Downloads\Preventivo24.02.14.exe.exe
TargetFilename: C:\Users\CYBERJ~1\AppData\Local\Temp\MSIC4E9.tmp
Hashes: SHA1=BB91AE1F2F7142B9099E3CC285F4F5B84DE568E4,MD5=B158D8D605571EA47A238DF5AB43DFAA,SHA256=CA763693CC25D316F14A9EBAD80EBF00590329550C45ADB7E5205486533C2504,IMPHASH=8B52E108EA5F90B3A554E42291127487
IsExecutable: true
Archived: true",Info,,,,,,,,,{817bddf3-3684-65cc-2d02-000000001900},10672,,,,,,118809,Executables,S-1-5-18,5,,,,,,,,Microsoft-Windows-Sysmon,,,,,,,C:\Users\CYBERJ~1\AppData\Local\Temp\MSIC4E9.tmp,,,,,,Dns query (rule: DnsQuery),,Information,"SYSTEM
wrk-pprice\CyberJunkie",41:57.9,"02/11/2026 07:41:57.886 PM
LogName=Microsoft-Windows-Sysmon/Operational
EventCode=23
EventType=4
ComputerName=wrk-pprice
User=SYSTEM
Sid=S-1-5-18
SidType=5
SourceName=Microsoft-Windows-Sysmon
Type=Information
RecordNumber=118809
Keywords=None
TaskCategory=Dns query (rule: DnsQuery)
OpCode=Info
Message=File Delete archived:
RuleName: Executables
UtcTime: 2024-02-14 03:41:57.873
ProcessGuid: {817bddf3-3684-65cc-2d02-000000001900}
ProcessId: 10672
User: wrk-pprice\CyberJunkie
Image: C:\Users\CyberJunkie\Downloads\Preventivo24.02.14.exe.exe
TargetFilename: C:\Users\CYBERJ~1\AppData\Local\Temp\MSIC4E9.tmp
Hashes: SHA1=BB91AE1F2F7142B9099E3CC285F4F5B84DE568E4,MD5=B158D8D605571EA47A238DF5AB43DFAA,SHA256=CA763693CC25D316F14A9EBAD80EBF00590329550C45ADB7E5205486533C2504,IMPHASH=8B52E108EA5F90B3A554E42291127487
IsExecutable: true
Archived: true
",2026-02-11T19:41:57.000-0800,,Dns query (rule: DnsQuery),wrk-pprice,wrk-pprice,118809,endpoint_services_processes windows_event_signature windows_ta_data,wrk-pprice,118809,SplunkEx,26,,,,,//_::._=--/===-==---==--====__(:_)==__:\r:_\r:_--_::,,,,,informational,4,,23,WinEventLog:Microsoft-Windows-Sysmon/Operational,WinEventLog,DESKTOP-6DT4EHE,,,track_event_signatures,track_event_signatures,,,Microsoft Windows
,,,,Caphyon LTD,wrk-pprice,,,,Various custom actions,,,,,,,7,4,21.3.1.0,,,"SHA1=BB91AE1F2F7142B9099E3CC285F4F5B84DE568E4,MD5=B158D8D605571EA47A238DF5AB43DFAA,SHA256=CA763693CC25D316F14A9EBAD80EBF00590329550C45ADB7E5205486533C2504,IMPHASH=8B52E108EA5F90B3A554E42291127487",C:\Windows\SysWOW64\msiexec.exe,C:\Users\CYBERJ~1\AppData\Local\Temp\MSIC4E9.tmp,,,,,None,Microsoft-Windows-Sysmon/Operational,,,"Image loaded:
RuleName: technique_id=T1574.002,technique_name=DLL Side-Loading
UtcTime: 2024-02-14 03:41:57.873
ProcessGuid: {817bddf3-3685-65cc-2f02-000000001900}
ProcessId: 6996
Image: C:\Windows\SysWOW64\msiexec.exe
ImageLoaded: C:\Users\CYBERJ~1\AppData\Local\Temp\MSIC4E9.tmp
FileVersion: 21.3.1.0
Description: Various custom actions
Product: Advanced Installer
Company: Caphyon LTD
OriginalFileName: AICustAct.dll
Hashes: SHA1=BB91AE1F2F7142B9099E3CC285F4F5B84DE568E4,MD5=B158D8D605571EA47A238DF5AB43DFAA,SHA256=CA763693CC25D316F14A9EBAD80EBF00590329550C45ADB7E5205486533C2504,IMPHASH=8B52E108EA5F90B3A554E42291127487
Signed: true
Signature: Caphyon SRL
SignatureStatus: Valid
User: wrk-pprice\CyberJunkie",Info,AICustAct.dll,,,,,,,,{817bddf3-3685-65cc-2f02-000000001900},6996,Advanced Installer,,,,,118808,"technique_id=T1574.002,technique_name=DLL Side-Loading",S-1-5-18,5,Caphyon SRL,Valid,TRUE,,,,,Microsoft-Windows-Sysmon,,,,,,,,,,,,,Dns query (rule: DnsQuery),,Information,"SYSTEM
wrk-pprice\CyberJunkie",41:57.9,"02/11/2026 07:41:57.877 PM
LogName=Microsoft-Windows-Sysmon/Operational
EventCode=7
EventType=4
ComputerName=wrk-pprice
User=SYSTEM
Sid=S-1-5-18
SidType=5
SourceName=Microsoft-Windows-Sysmon
Type=Information
RecordNumber=118808
Keywords=None
TaskCategory=Dns query (rule: DnsQuery)
OpCode=Info
Message=Image loaded:
RuleName: technique_id=T1574.002,technique_name=DLL Side-Loading
UtcTime: 2024-02-14 03:41:57.873
ProcessGuid: {817bddf3-3685-65cc-2f02-000000001900}
ProcessId: 6996
Image: C:\Windows\SysWOW64\msiexec.exe
ImageLoaded: C:\Users\CYBERJ~1\AppData\Local\Temp\MSIC4E9.tmp
FileVersion: 21.3.1.0
Description: Various custom actions
Product: Advanced Installer
Company: Caphyon LTD
OriginalFileName: AICustAct.dll
Hashes: SHA1=BB91AE1F2F7142B9099E3CC285F4F5B84DE568E4,MD5=B158D8D605571EA47A238DF5AB43DFAA,SHA256=CA763693CC25D316F14A9EBAD80EBF00590329550C45ADB7E5205486533C2504,IMPHASH=8B52E108EA5F90B3A554E42291127487
Signed: true
Signature: Caphyon SRL
SignatureStatus: Valid
User: wrk-pprice\CyberJunkie
",2026-02-11T19:41:57.000-0800,,Dns query (rule: DnsQuery),wrk-pprice,wrk-pprice,118808,endpoint_services_processes windows_event_signature windows_ta_data,wrk-pprice,118808,SplunkEx,32,,,,,"//_::._=--/===-==---==--====__(:_)==_:\r:_=.,=_-\r:_",,,,,informational,4,,7,WinEventLog:Microsoft-Windows-Sysmon/Operational,WinEventLog,DESKTOP-6DT4EHE,,,track_event_signatures,track_event_signatures,,,Microsoft Windows
TRUE,,,,,wrk-pprice,,,,,,,,,,,23,4,,,,"SHA1=BB91AE1F2F7142B9099E3CC285F4F5B84DE568E4,MD5=B158D8D605571EA47A238DF5AB43DFAA,SHA256=CA763693CC25D316F14A9EBAD80EBF00590329550C45ADB7E5205486533C2504,IMPHASH=8B52E108EA5F90B3A554E42291127487",C:\Users\CyberJunkie\Downloads\Preventivo24.02.14.exe.exe,,,,,TRUE,None,Microsoft-Windows-Sysmon/Operational,,,"File Delete archived:
RuleName: Executables
UtcTime: 2024-02-14 03:41:57.857
ProcessGuid: {817bddf3-3684-65cc-2d02-000000001900}
ProcessId: 10672
User: wrk-pprice\CyberJunkie
Image: C:\Users\CyberJunkie\Downloads\Preventivo24.02.14.exe.exe
TargetFilename: C:\Users\CYBERJ~1\AppData\Local\Temp\MSIC49A.tmp
Hashes: SHA1=BB91AE1F2F7142B9099E3CC285F4F5B84DE568E4,MD5=B158D8D605571EA47A238DF5AB43DFAA,SHA256=CA763693CC25D316F14A9EBAD80EBF00590329550C45ADB7E5205486533C2504,IMPHASH=8B52E108EA5F90B3A554E42291127487
IsExecutable: true
Archived: true",Info,,,,,,,,,{817bddf3-3684-65cc-2d02-000000001900},10672,,,,,,118807,Executables,S-1-5-18,5,,,,,,,,Microsoft-Windows-Sysmon,,,,,,,C:\Users\CYBERJ~1\AppData\Local\Temp\MSIC49A.tmp,,,,,,Dns query (rule: DnsQuery),,Information,"SYSTEM
wrk-pprice\CyberJunkie",41:57.9,"02/11/2026 07:41:57.870 PM
LogName=Microsoft-Windows-Sysmon/Operational
EventCode=23
