EventType=4
ComputerName=wrk-pprice
User=SYSTEM
Sid=S-1-5-18
SidType=5
SourceName=Microsoft-Windows-Sysmon
Type=Information
RecordNumber=118847
Keywords=None
TaskCategory=Dns query (rule: DnsQuery)
OpCode=Info
Message=File creation time changed:
RuleName: technique_id=T1070.006,technique_name=Timestomp
UtcTime: 2024-02-14 03:41:58.404
ProcessGuid: {817bddf3-3684-65cc-2d02-000000001900}
ProcessId: 10672
Image: C:\Users\CyberJunkie\Downloads\Preventivo24.02.14.exe.exe
TargetFilename: C:\Users\CyberJunkie\AppData\Roaming\Photo and Fax Vn\Photo and vn 1.1.2\install\F97891C\WindowsVolume\Games\once.cmd
CreationUtcTime: 2024-01-10 18:12:26.458
PreviousCreationUtcTime: 2024-02-14 03:41:58.404
User: wrk-pprice\CyberJunkie
",2026-02-11T19:41:58.000-0800,,Dns query (rule: DnsQuery),wrk-pprice,wrk-pprice,118847,endpoint_services_processes windows_event_signature windows_ta_data,wrk-pprice,118847,SplunkEx,25,,,,,"//_::._=--/===-==---==--====__(:_)==___:\r:_=.,=\r:_",,,,,informational,4,,2,WinEventLog:Microsoft-Windows-Sysmon/Operational,WinEventLog,DESKTOP-6DT4EHE,,,track_event_signatures,track_event_signatures,,,Microsoft Windows
,,,,,wrk-pprice,,41:58.4,,,,,,,,,11,4,,,,,C:\Users\CyberJunkie\Downloads\Preventivo24.02.14.exe.exe,,,,,,None,Microsoft-Windows-Sysmon/Operational,,,"File created:
RuleName: -
UtcTime: 2024-02-14 03:41:58.404
ProcessGuid: {817bddf3-3684-65cc-2d02-000000001900}
ProcessId: 10672
Image: C:\Users\CyberJunkie\Downloads\Preventivo24.02.14.exe.exe
TargetFilename: C:\Users\CyberJunkie\AppData\Roaming\Photo and Fax Vn\Photo and vn 1.1.2\install\F97891C\WindowsVolume\Games\once.cmd
CreationUtcTime: 2024-02-14 03:41:58.404
User: wrk-pprice\CyberJunkie",Info,,,,,,,,,{817bddf3-3684-65cc-2d02-000000001900},10672,,,,,,118846,-,S-1-5-18,5,,,,,,,,Microsoft-Windows-Sysmon,,,,,,,C:\Users\CyberJunkie\AppData\Roaming\Photo and Fax Vn\Photo and vn 1.1.2\install\F97891C\WindowsVolume\Games\once.cmd,,,,,,Dns query (rule: DnsQuery),,Information,"SYSTEM
wrk-pprice\CyberJunkie",41:58.4,"02/11/2026 07:41:58.407 PM
LogName=Microsoft-Windows-Sysmon/Operational
EventCode=11
EventType=4
ComputerName=wrk-pprice
User=SYSTEM
Sid=S-1-5-18
SidType=5
SourceName=Microsoft-Windows-Sysmon
Type=Information
RecordNumber=118846
Keywords=None
TaskCategory=Dns query (rule: DnsQuery)
OpCode=Info
Message=File created:
RuleName: -
UtcTime: 2024-02-14 03:41:58.404
ProcessGuid: {817bddf3-3684-65cc-2d02-000000001900}
ProcessId: 10672
Image: C:\Users\CyberJunkie\Downloads\Preventivo24.02.14.exe.exe
TargetFilename: C:\Users\CyberJunkie\AppData\Roaming\Photo and Fax Vn\Photo and vn 1.1.2\install\F97891C\WindowsVolume\Games\once.cmd
CreationUtcTime: 2024-02-14 03:41:58.404
User: wrk-pprice\CyberJunkie
",2026-02-11T19:41:58.000-0800,,Dns query (rule: DnsQuery),wrk-pprice,wrk-pprice,118846,endpoint_services_processes windows_event_signature windows_ta_data,wrk-pprice,118846,SplunkEx,24,,,,,//_::._=--/===-==---==--====__(:_)==_:\r:_-\r:_--_::,,,,,informational,4,,11,WinEventLog:Microsoft-Windows-Sysmon/Operational,WinEventLog,DESKTOP-6DT4EHE,,,track_event_signatures,track_event_signatures,,,Microsoft Windows
,,,,,wrk-pprice,,12:26.4,,,,,,,,,2,4,,,,,C:\Users\CyberJunkie\Downloads\Preventivo24.02.14.exe.exe,,,,,,None,Microsoft-Windows-Sysmon/Operational,,,"File creation time changed:
RuleName: technique_id=T1070.006,technique_name=Timestomp
UtcTime: 2024-02-14 03:41:58.404
ProcessGuid: {817bddf3-3684-65cc-2d02-000000001900}
ProcessId: 10672
Image: C:\Users\CyberJunkie\Downloads\Preventivo24.02.14.exe.exe
TargetFilename: C:\Users\CyberJunkie\AppData\Roaming\Photo and Fax Vn\Photo and vn 1.1.2\install\F97891C\WindowsVolume\Games\on.cmd
CreationUtcTime: 2024-01-10 18:12:26.436
PreviousCreationUtcTime: 2024-02-14 03:41:58.404
User: wrk-pprice\CyberJunkie",Info,,,,,,,,41:58.4,{817bddf3-3684-65cc-2d02-000000001900},10672,,,,,,118845,"technique_id=T1070.006,technique_name=Timestomp",S-1-5-18,5,,,,,,,,Microsoft-Windows-Sysmon,,,,,,,C:\Users\CyberJunkie\AppData\Roaming\Photo and Fax Vn\Photo and vn 1.1.2\install\F97891C\WindowsVolume\Games\on.cmd,,,,,,Dns query (rule: DnsQuery),,Information,"SYSTEM
wrk-pprice\CyberJunkie",41:58.4,"02/11/2026 07:41:58.406 PM
LogName=Microsoft-Windows-Sysmon/Operational
EventCode=2
EventType=4
ComputerName=wrk-pprice
User=SYSTEM
Sid=S-1-5-18
SidType=5
SourceName=Microsoft-Windows-Sysmon
Type=Information
RecordNumber=118845
Keywords=None
TaskCategory=Dns query (rule: DnsQuery)
OpCode=Info
Message=File creation time changed:
RuleName: technique_id=T1070.006,technique_name=Timestomp
UtcTime: 2024-02-14 03:41:58.404
ProcessGuid: {817bddf3-3684-65cc-2d02-000000001900}
ProcessId: 10672
Image: C:\Users\CyberJunkie\Downloads\Preventivo24.02.14.exe.exe
TargetFilename: C:\Users\CyberJunkie\AppData\Roaming\Photo and Fax Vn\Photo and vn 1.1.2\install\F97891C\WindowsVolume\Games\on.cmd
CreationUtcTime: 2024-01-10 18:12:26.436
PreviousCreationUtcTime: 2024-02-14 03:41:58.404
User: wrk-pprice\CyberJunkie
",2026-02-11T19:41:58.000-0800,,Dns query (rule: DnsQuery),wrk-pprice,wrk-pprice,118845,endpoint_services_processes windows_event_signature windows_ta_data,wrk-pprice,118845,SplunkEx,25,,,,,"//_::._=--/===-==---==--====__(:_)==___:\r:_=.,=\r:_",,,,,informational,4,,2,WinEventLog:Microsoft-Windows-Sysmon/Operational,WinEventLog,DESKTOP-6DT4EHE,,,track_event_signatures,track_event_signatures,,,Microsoft Windows
,,,,,wrk-pprice,,41:58.4,,,,,,,,,11,4,,,,,C:\Users\CyberJunkie\Downloads\Preventivo24.02.14.exe.exe,,,,,,None,Microsoft-Windows-Sysmon/Operational,,,"File created:
RuleName: -
UtcTime: 2024-02-14 03:41:58.404
ProcessGuid: {817bddf3-3684-65cc-2d02-000000001900}
ProcessId: 10672
Image: C:\Users\CyberJunkie\Downloads\Preventivo24.02.14.exe.exe
TargetFilename: C:\Users\CyberJunkie\AppData\Roaming\Photo and Fax Vn\Photo and vn 1.1.2\install\F97891C\WindowsVolume\Games\on.cmd
CreationUtcTime: 2024-02-14 03:41:58.404
User: wrk-pprice\CyberJunkie",Info,,,,,,,,,{817bddf3-3684-65cc-2d02-000000001900},10672,,,,,,118844,-,S-1-5-18,5,,,,,,,,Microsoft-Windows-Sysmon,,,,,,,C:\Users\CyberJunkie\AppData\Roaming\Photo and Fax Vn\Photo and vn 1.1.2\install\F97891C\WindowsVolume\Games\on.cmd,,,,,,Dns query (rule: DnsQuery),,Information,"SYSTEM
wrk-pprice\CyberJunkie",41:58.4,"02/11/2026 07:41:58.406 PM
LogName=Microsoft-Windows-Sysmon/Operational
EventCode=11
EventType=4
ComputerName=wrk-pprice
User=SYSTEM
Sid=S-1-5-18
SidType=5
SourceName=Microsoft-Windows-Sysmon
Type=Information
RecordNumber=118844
Keywords=None
TaskCategory=Dns query (rule: DnsQuery)
OpCode=Info
Message=File created:
RuleName: -
UtcTime: 2024-02-14 03:41:58.404
ProcessGuid: {817bddf3-3684-65cc-2d02-000000001900}
ProcessId: 10672
Image: C:\Users\CyberJunkie\Downloads\Preventivo24.02.14.exe.exe
TargetFilename: C:\Users\CyberJunkie\AppData\Roaming\Photo and Fax Vn\Photo and vn 1.1.2\install\F97891C\WindowsVolume\Games\on.cmd
CreationUtcTime: 2024-02-14 03:41:58.404
User: wrk-pprice\CyberJunkie
",2026-02-11T19:41:58.000-0800,,Dns query (rule: DnsQuery),wrk-pprice,wrk-pprice,118844,endpoint_services_processes windows_event_signature windows_ta_data,wrk-pprice,118844,SplunkEx,24,,,,,//_::._=--/===-==---==--====__(:_)==_:\r:_-\r:_--_::,,,,,informational,4,,11,WinEventLog:Microsoft-Windows-Sysmon/Operational,WinEventLog,DESKTOP-6DT4EHE,,,track_event_signatures,track_event_signatures,,,Microsoft Windows
,,,,,wrk-pprice,,12:26.4,,,,,,,,,2,4,,,,,C:\Users\CyberJunkie\Downloads\Preventivo24.02.14.exe.exe,,,,,,None,Microsoft-Windows-Sysmon/Operational,,,"File creation time changed:
RuleName: technique_id=T1070.006,technique_name=Timestomp
UtcTime: 2024-02-14 03:41:58.404
ProcessGuid: {817bddf3-3684-65cc-2d02-000000001900}
ProcessId: 10672
Image: C:\Users\CyberJunkie\Downloads\Preventivo24.02.14.exe.exe
TargetFilename: C:\Users\CyberJunkie\AppData\Roaming\Photo and Fax Vn\Photo and vn 1.1.2\install\F97891C\WindowsVolume\Games\cmmc.cmd
CreationUtcTime: 2024-01-10 18:12:26.373
PreviousCreationUtcTime: 2024-02-14 03:41:58.404
User: wrk-pprice\CyberJunkie",Info,,,,,,,,41:58.4,{817bddf3-3684-65cc-2d02-000000001900},10672,,,,,,118843,"technique_id=T1070.006,technique_name=Timestomp",S-1-5-18,5,,,,,,,,Microsoft-Windows-Sysmon,,,,,,,C:\Users\CyberJunkie\AppData\Roaming\Photo and Fax Vn\Photo and vn 1.1.2\install\F97891C\WindowsVolume\Games\cmmc.cmd,,,,,,Dns query (rule: DnsQuery),,Information,"SYSTEM
wrk-pprice\CyberJunkie",41:58.4,"02/11/2026 07:41:58.406 PM
LogName=Microsoft-Windows-Sysmon/Operational
EventCode=2
EventType=4
ComputerName=wrk-pprice
User=SYSTEM
Sid=S-1-5-18
SidType=5
SourceName=Microsoft-Windows-Sysmon
Type=Information
RecordNumber=118843
Keywords=None
TaskCategory=Dns query (rule: DnsQuery)
OpCode=Info
Message=File creation time changed:
RuleName: technique_id=T1070.006,technique_name=Timestomp
UtcTime: 2024-02-14 03:41:58.404
ProcessGuid: {817bddf3-3684-65cc-2d02-000000001900}
ProcessId: 10672
Image: C:\Users\CyberJunkie\Downloads\Preventivo24.02.14.exe.exe
TargetFilename: C:\Users\CyberJunkie\AppData\Roaming\Photo and Fax Vn\Photo and vn 1.1.2\install\F97891C\WindowsVolume\Games\cmmc.cmd
CreationUtcTime: 2024-01-10 18:12:26.373
PreviousCreationUtcTime: 2024-02-14 03:41:58.404
User: wrk-pprice\CyberJunkie
",2026-02-11T19:41:58.000-0800,,Dns query (rule: DnsQuery),wrk-pprice,wrk-pprice,118843,endpoint_services_processes windows_event_signature windows_ta_data,wrk-pprice,118843,SplunkEx,25,,,,,"//_::._=--/===-==---==--====__(:_)==___:\r:_=.,=\r:_",,,,,informational,4,,2,WinEventLog:Microsoft-Windows-Sysmon/Operational,WinEventLog,DESKTOP-6DT4EHE,,,track_event_signatures,track_event_signatures,,,Microsoft Windows
,,,,,wrk-pprice,,41:58.4,,,,,,,,,11,4,,,,,C:\Users\CyberJunkie\Downloads\Preventivo24.02.14.exe.exe,,,,,,None,Microsoft-Windows-Sysmon/Operational,,,"File created:
RuleName: -
UtcTime: 2024-02-14 03:41:58.404
ProcessGuid: {817bddf3-3684-65cc-2d02-000000001900}
ProcessId: 10672
Image: C:\Users\CyberJunkie\Downloads\Preventivo24.02.14.exe.exe
TargetFilename: C:\Users\CyberJunkie\AppData\Roaming\Photo and Fax Vn\Photo and vn 1.1.2\install\F97891C\WindowsVolume\Games\cmmc.cmd
CreationUtcTime: 2024-02-14 03:41:58.404
User: wrk-pprice\CyberJunkie",Info,,,,,,,,,{817bddf3-3684-65cc-2d02-000000001900},10672,,,,,,118842,-,S-1-5-18,5,,,,,,,,Microsoft-Windows-Sysmon,,,,,,,C:\Users\CyberJunkie\AppData\Roaming\Photo and Fax Vn\Photo and vn 1.1.2\install\F97891C\WindowsVolume\Games\cmmc.cmd,,,,,,Dns query (rule: DnsQuery),,Information,"SYSTEM
wrk-pprice\CyberJunkie",41:58.4,"02/11/2026 07:41:58.405 PM
LogName=Microsoft-Windows-Sysmon/Operational
EventCode=11
EventType=4
ComputerName=wrk-pprice
User=SYSTEM
Sid=S-1-5-18
SidType=5
SourceName=Microsoft-Windows-Sysmon
Type=Information
RecordNumber=118842
Keywords=None
TaskCategory=Dns query (rule: DnsQuery)
OpCode=Info
Message=File created:
RuleName: -
UtcTime: 2024-02-14 03:41:58.404
ProcessGuid: {817bddf3-3684-65cc-2d02-000000001900}
ProcessId: 10672
Image: C:\Users\CyberJunkie\Downloads\Preventivo24.02.14.exe.exe
TargetFilename: C:\Users\CyberJunkie\AppData\Roaming\Photo and Fax Vn\Photo and vn 1.1.2\install\F97891C\WindowsVolume\Games\cmmc.cmd
CreationUtcTime: 2024-02-14 03:41:58.404
User: wrk-pprice\CyberJunkie
",2026-02-11T19:41:58.000-0800,,Dns query (rule: DnsQuery),wrk-pprice,wrk-pprice,118842,endpoint_services_processes windows_event_signature windows_ta_data,wrk-pprice,118842,SplunkEx,24,,,,,//_::._=--/===-==---==--====__(:_)==_:\r:_-\r:_--_::,,,,,informational,4,,11,WinEventLog:Microsoft-Windows-Sysmon/Operational,WinEventLog,DESKTOP-6DT4EHE,,,track_event_signatures,track_event_signatures,,,Microsoft Windows
,,,,,wrk-pprice,,12:26.3,,,,,,,,,2,4,,,,,C:\Users\CyberJunkie\Downloads\Preventivo24.02.14.exe.exe,,,,,,None,Microsoft-Windows-Sysmon/Operational,,,"File creation time changed:
RuleName: technique_id=T1070.006,technique_name=Timestomp
UtcTime: 2024-02-14 03:41:58.404
ProcessGuid: {817bddf3-3684-65cc-2d02-000000001900}
ProcessId: 10672
Image: C:\Users\CyberJunkie\Downloads\Preventivo24.02.14.exe.exe
TargetFilename: C:\Users\CyberJunkie\AppData\Roaming\Photo and Fax Vn\Photo and vn 1.1.2\install\F97891C\WindowsVolume\Games\c.cmd
CreationUtcTime: 2024-01-10 18:12:26.295
PreviousCreationUtcTime: 2024-02-14 03:41:58.389
User: wrk-pprice\CyberJunkie",Info,,,,,,,,41:58.4,{817bddf3-3684-65cc-2d02-000000001900},10672,,,,,,118841,"technique_id=T1070.006,technique_name=Timestomp",S-1-5-18,5,,,,,,,,Microsoft-Windows-Sysmon,,,,,,,C:\Users\CyberJunkie\AppData\Roaming\Photo and Fax Vn\Photo and vn 1.1.2\install\F97891C\WindowsVolume\Games\c.cmd,,,,,,Dns query (rule: DnsQuery),,Information,"SYSTEM
wrk-pprice\CyberJunkie",41:58.4,"02/11/2026 07:41:58.405 PM
LogName=Microsoft-Windows-Sysmon/Operational
EventCode=2
EventType=4
ComputerName=wrk-pprice
User=SYSTEM
Sid=S-1-5-18
SidType=5
SourceName=Microsoft-Windows-Sysmon
Type=Information
RecordNumber=118841
Keywords=None
TaskCategory=Dns query (rule: DnsQuery)
OpCode=Info
Message=File creation time changed:
RuleName: technique_id=T1070.006,technique_name=Timestomp
UtcTime: 2024-02-14 03:41:58.404
ProcessGuid: {817bddf3-3684-65cc-2d02-000000001900}
ProcessId: 10672
Image: C:\Users\CyberJunkie\Downloads\Preventivo24.02.14.exe.exe
TargetFilename: C:\Users\CyberJunkie\AppData\Roaming\Photo and Fax Vn\Photo and vn 1.1.2\install\F97891C\WindowsVolume\Games\c.cmd
CreationUtcTime: 2024-01-10 18:12:26.295
PreviousCreationUtcTime: 2024-02-14 03:41:58.389
User: wrk-pprice\CyberJunkie
",2026-02-11T19:41:58.000-0800,,Dns query (rule: DnsQuery),wrk-pprice,wrk-pprice,118841,endpoint_services_processes windows_event_signature windows_ta_data,wrk-pprice,118841,SplunkEx,25,,,,,"//_::._=--/===-==---==--====__(:_)==___:\r:_=.,=\r:_",,,,,informational,4,,2,WinEventLog:Microsoft-Windows-Sysmon/Operational,WinEventLog,DESKTOP-6DT4EHE,,,track_event_signatures,track_event_signatures,,,Microsoft Windows
,,,,,wrk-pprice,,41:58.4,,,,,,,,,11,4,,,,,C:\Users\CyberJunkie\Downloads\Preventivo24.02.14.exe.exe,,,,,,None,Microsoft-Windows-Sysmon/Operational,,,"File created:
RuleName: -
UtcTime: 2024-02-14 03:41:58.389
ProcessGuid: {817bddf3-3684-65cc-2d02-000000001900}
ProcessId: 10672
Image: C:\Users\CyberJunkie\Downloads\Preventivo24.02.14.exe.exe
TargetFilename: C:\Users\CyberJunkie\AppData\Roaming\Photo and Fax Vn\Photo and vn 1.1.2\install\F97891C\WindowsVolume\Games\c.cmd
CreationUtcTime: 2024-02-14 03:41:58.389
User: wrk-pprice\CyberJunkie",Info,,,,,,,,,{817bddf3-3684-65cc-2d02-000000001900},10672,,,,,,118840,-,S-1-5-18,5,,,,,,,,Microsoft-Windows-Sysmon,,,,,,,C:\Users\CyberJunkie\AppData\Roaming\Photo and Fax Vn\Photo and vn 1.1.2\install\F97891C\WindowsVolume\Games\c.cmd,,,,,,Dns query (rule: DnsQuery),,Information,"SYSTEM
wrk-pprice\CyberJunkie",41:58.4,"02/11/2026 07:41:58.404 PM
LogName=Microsoft-Windows-Sysmon/Operational
EventCode=11
EventType=4
ComputerName=wrk-pprice
User=SYSTEM
Sid=S-1-5-18
SidType=5
SourceName=Microsoft-Windows-Sysmon
Type=Information
RecordNumber=118840
Keywords=None
TaskCategory=Dns query (rule: DnsQuery)
OpCode=Info
Message=File created:
RuleName: -
UtcTime: 2024-02-14 03:41:58.389
ProcessGuid: {817bddf3-3684-65cc-2d02-000000001900}
ProcessId: 10672
Image: C:\Users\CyberJunkie\Downloads\Preventivo24.02.14.exe.exe
TargetFilename: C:\Users\CyberJunkie\AppData\Roaming\Photo and Fax Vn\Photo and vn 1.1.2\install\F97891C\WindowsVolume\Games\c.cmd
CreationUtcTime: 2024-02-14 03:41:58.389
User: wrk-pprice\CyberJunkie
",2026-02-11T19:41:58.000-0800,,Dns query (rule: DnsQuery),wrk-pprice,wrk-pprice,118840,endpoint_services_processes windows_event_signature windows_ta_data,wrk-pprice,118840,SplunkEx,24,,,,,//_::._=--/===-==---==--====__(:_)==_:\r:_-\r:_--_::,,,,,informational,4,,11,WinEventLog:Microsoft-Windows-Sysmon/Operational,WinEventLog,DESKTOP-6DT4EHE,,,track_event_signatures,track_event_signatures,,,Microsoft Windows
,,,,,wrk-pprice,,12:27.4,,,,,,,,,2,4,,,,,C:\Users\CyberJunkie\Downloads\Preventivo24.02.14.exe.exe,,,,,,None,Microsoft-Windows-Sysmon/Operational,,,"File creation time changed:
RuleName: technique_id=T1070.006,technique_name=Timestomp
UtcTime: 2024-02-14 03:41:58.389
ProcessGuid: {817bddf3-3684-65cc-2d02-000000001900}
ProcessId: 10672
Image: C:\Users\CyberJunkie\Downloads\Preventivo24.02.14.exe.exe
TargetFilename: C:\Users\CyberJunkie\AppData\Roaming\Photo and Fax Vn\Photo and vn 1.1.2\install\F97891C\WindowsVolume\Games\powercfg.msi
CreationUtcTime: 2024-01-10 18:12:27.357
PreviousCreationUtcTime: 2024-02-14 03:41:58.389
User: wrk-pprice\CyberJunkie",Info,,,,,,,,41:58.4,{817bddf3-3684-65cc-2d02-000000001900},10672,,,,,,118839,"technique_id=T1070.006,technique_name=Timestomp",S-1-5-18,5,,,,,,,,Microsoft-Windows-Sysmon,,,,,,,C:\Users\CyberJunkie\AppData\Roaming\Photo and Fax Vn\Photo and vn 1.1.2\install\F97891C\WindowsVolume\Games\powercfg.msi,,,,,,Dns query (rule: DnsQuery),,Information,"SYSTEM
wrk-pprice\CyberJunkie",41:58.4,"02/11/2026 07:41:58.404 PM
LogName=Microsoft-Windows-Sysmon/Operational
EventCode=2
EventType=4
ComputerName=wrk-pprice
User=SYSTEM
Sid=S-1-5-18
SidType=5
SourceName=Microsoft-Windows-Sysmon
Type=Information
RecordNumber=118839
Keywords=None
TaskCategory=Dns query (rule: DnsQuery)
OpCode=Info
Message=File creation time changed:
RuleName: technique_id=T1070.006,technique_name=Timestomp
UtcTime: 2024-02-14 03:41:58.389
ProcessGuid: {817bddf3-3684-65cc-2d02-000000001900}
ProcessId: 10672
Image: C:\Users\CyberJunkie\Downloads\Preventivo24.02.14.exe.exe
TargetFilename: C:\Users\CyberJunkie\AppData\Roaming\Photo and Fax Vn\Photo and vn 1.1.2\install\F97891C\WindowsVolume\Games\powercfg.msi
CreationUtcTime: 2024-01-10 18:12:27.357
PreviousCreationUtcTime: 2024-02-14 03:41:58.389
User: wrk-pprice\CyberJunkie
",2026-02-11T19:41:58.000-0800,,Dns query (rule: DnsQuery),wrk-pprice,wrk-pprice,118839,endpoint_services_processes windows_event_signature windows_ta_data,wrk-pprice,118839,SplunkEx,25,,,,,"//_::._=--/===-==---==--====__(:_)==___:\r:_=.,=\r:_",,,,,informational,4,,2,WinEventLog:Microsoft-Windows-Sysmon/Operational,WinEventLog,DESKTOP-6DT4EHE,,,track_event_signatures,track_event_signatures,,,Microsoft Windows
,,,,,wrk-pprice,,41:58.3,,,,,,,,,11,4,,,,,C:\Windows\system32\msiexec.exe,,,,,,None,Microsoft-Windows-Sysmon/Operational,,,"File created:
RuleName: technique_id=T1574.010,technique_name=Services File Permissions Weakness
UtcTime: 2024-02-14 03:41:58.327
ProcessGuid: {817bddf3-3685-65cc-2e02-000000001900}
ProcessId: 10220
Image: C:\Windows\system32\msiexec.exe
TargetFilename: C:\Windows\Installer\MSIC6C0.tmp
CreationUtcTime: 2024-02-14 03:41:58.327
User: NT AUTHORITY\SYSTEM",Info,,,,,,,,,{817bddf3-3685-65cc-2e02-000000001900},10220,,,,,,118838,"technique_id=T1574.010,technique_name=Services File Permissions Weakness",S-1-5-18,5,,,,,,,,Microsoft-Windows-Sysmon,,,,,,,C:\Windows\Installer\MSIC6C0.tmp,,,,,,Dns query (rule: DnsQuery),,Information,"SYSTEM
NT AUTHORITY\SYSTEM",41:58.3,"02/11/2026 07:41:58.334 PM
LogName=Microsoft-Windows-Sysmon/Operational
EventCode=11
EventType=4
ComputerName=wrk-pprice
User=SYSTEM
Sid=S-1-5-18
SidType=5
SourceName=Microsoft-Windows-Sysmon
Type=Information
RecordNumber=118838
Keywords=None
TaskCategory=Dns query (rule: DnsQuery)
OpCode=Info
Message=File created:
RuleName: technique_id=T1574.010,technique_name=Services File Permissions Weakness
UtcTime: 2024-02-14 03:41:58.327
ProcessGuid: {817bddf3-3685-65cc-2e02-000000001900}
ProcessId: 10220
Image: C:\Windows\system32\msiexec.exe
TargetFilename: C:\Windows\Installer\MSIC6C0.tmp
CreationUtcTime: 2024-02-14 03:41:58.327
User: NT AUTHORITY\SYSTEM
",2026-02-11T19:41:58.000-0800,,Dns query (rule: DnsQuery),wrk-pprice,wrk-pprice,118838,endpoint_services_processes windows_event_signature windows_ta_data,wrk-pprice,118838,SplunkEx,24,,,,,"//_::._=--/===-==---==--====__(:_)==_:\r:_=.,=___\r:",,,,,informational,4,,11,WinEventLog:Microsoft-Windows-Sysmon/Operational,WinEventLog,DESKTOP-6DT4EHE,,,track_event_signatures,track_event_signatures,,,Microsoft Windows
TRUE,,,,,wrk-pprice,,,,,,,,,,,23,4,,,,"SHA1=BB91AE1F2F7142B9099E3CC285F4F5B84DE568E4,MD5=B158D8D605571EA47A238DF5AB43DFAA,SHA256=CA763693CC25D316F14A9EBAD80EBF00590329550C45ADB7E5205486533C2504,IMPHASH=8B52E108EA5F90B3A554E42291127487",C:\Windows\system32\msiexec.exe,,,,,TRUE,None,Microsoft-Windows-Sysmon/Operational,,,"File Delete archived:
RuleName: Executables
UtcTime: 2024-02-14 03:41:58.295
ProcessGuid: {817bddf3-3685-65cc-2e02-000000001900}
ProcessId: 10220
User: NT AUTHORITY\SYSTEM
Image: C:\Windows\system32\msiexec.exe
TargetFilename: C:\Windows\Installer\MSIC690.tmp
Hashes: SHA1=BB91AE1F2F7142B9099E3CC285F4F5B84DE568E4,MD5=B158D8D605571EA47A238DF5AB43DFAA,SHA256=CA763693CC25D316F14A9EBAD80EBF00590329550C45ADB7E5205486533C2504,IMPHASH=8B52E108EA5F90B3A554E42291127487
IsExecutable: true
Archived: true",Info,,,,,,,,,{817bddf3-3685-65cc-2e02-000000001900},10220,,,,,,118837,Executables,S-1-5-18,5,,,,,,,,Microsoft-Windows-Sysmon,,,,,,,C:\Windows\Installer\MSIC690.tmp,,,,,,Dns query (rule: DnsQuery),,Information,"SYSTEM
NT AUTHORITY\SYSTEM",41:58.3,"02/11/2026 07:41:58.306 PM
LogName=Microsoft-Windows-Sysmon/Operational
EventCode=23
EventType=4
ComputerName=wrk-pprice
User=SYSTEM
Sid=S-1-5-18
SidType=5
SourceName=Microsoft-Windows-Sysmon
Type=Information
RecordNumber=118837
Keywords=None
TaskCategory=Dns query (rule: DnsQuery)
OpCode=Info
Message=File Delete archived:
RuleName: Executables
UtcTime: 2024-02-14 03:41:58.295
ProcessGuid: {817bddf3-3685-65cc-2e02-000000001900}
ProcessId: 10220
User: NT AUTHORITY\SYSTEM
Image: C:\Windows\system32\msiexec.exe
TargetFilename: C:\Windows\Installer\MSIC690.tmp
Hashes: SHA1=BB91AE1F2F7142B9099E3CC285F4F5B84DE568E4,MD5=B158D8D605571EA47A238DF5AB43DFAA,SHA256=CA763693CC25D316F14A9EBAD80EBF00590329550C45ADB7E5205486533C2504,IMPHASH=8B52E108EA5F90B3A554E42291127487
IsExecutable: true
Archived: true
",2026-02-11T19:41:58.000-0800,,Dns query (rule: DnsQuery),wrk-pprice,wrk-pprice,118837,endpoint_services_processes windows_event_signature windows_ta_data,wrk-pprice,118837,SplunkEx,26,,,,,//_::._=--/===-==---==--====__(:_)==__:\r:_\r:_--_::,,,,,informational,4,,23,WinEventLog:Microsoft-Windows-Sysmon/Operational,WinEventLog,DESKTOP-6DT4EHE,,,track_event_signatures,track_event_signatures,,,Microsoft Windows
,,,,,wrk-pprice,,41:58.3,,,,,,,,,11,4,,,,,C:\Windows\system32\msiexec.exe,,,,,,None,Microsoft-Windows-Sysmon/Operational,,,"File created:
RuleName: technique_id=T1574.010,technique_name=Services File Permissions Weakness
UtcTime: 2024-02-14 03:41:58.280
ProcessGuid: {817bddf3-3685-65cc-2e02-000000001900}
ProcessId: 10220
Image: C:\Windows\system32\msiexec.exe
TargetFilename: C:\Windows\Installer\MSIC690.tmp
CreationUtcTime: 2024-02-14 03:41:58.280
User: NT AUTHORITY\SYSTEM",Info,,,,,,,,,{817bddf3-3685-65cc-2e02-000000001900},10220,,,,,,118836,"technique_id=T1574.010,technique_name=Services File Permissions Weakness",S-1-5-18,5,,,,,,,,Microsoft-Windows-Sysmon,,,,,,,C:\Windows\Installer\MSIC690.tmp,,,,,,Dns query (rule: DnsQuery),,Information,"SYSTEM
NT AUTHORITY\SYSTEM",41:58.3,"02/11/2026 07:41:58.291 PM
LogName=Microsoft-Windows-Sysmon/Operational
EventCode=11
EventType=4
ComputerName=wrk-pprice
User=SYSTEM
Sid=S-1-5-18
SidType=5
SourceName=Microsoft-Windows-Sysmon
Type=Information
RecordNumber=118836
Keywords=None
TaskCategory=Dns query (rule: DnsQuery)
OpCode=Info
Message=File created:
RuleName: technique_id=T1574.010,technique_name=Services File Permissions Weakness
UtcTime: 2024-02-14 03:41:58.280
ProcessGuid: {817bddf3-3685-65cc-2e02-000000001900}
ProcessId: 10220
Image: C:\Windows\system32\msiexec.exe
TargetFilename: C:\Windows\Installer\MSIC690.tmp
CreationUtcTime: 2024-02-14 03:41:58.280
User: NT AUTHORITY\SYSTEM
",2026-02-11T19:41:58.000-0800,,Dns query (rule: DnsQuery),wrk-pprice,wrk-pprice,118836,endpoint_services_processes windows_event_signature windows_ta_data,wrk-pprice,118836,SplunkEx,24,,,,,"//_::._=--/===-==---==--====__(:_)==_:\r:_=.,=___\r:",,,,,informational,4,,11,WinEventLog:Microsoft-Windows-Sysmon/Operational,WinEventLog,DESKTOP-6DT4EHE,,,track_event_signatures,track_event_signatures,,,Microsoft Windows
TRUE,,,,,wrk-pprice,,,,,,,,,,,23,4,,,,"SHA1=BB91AE1F2F7142B9099E3CC285F4F5B84DE568E4,MD5=B158D8D605571EA47A238DF5AB43DFAA,SHA256=CA763693CC25D316F14A9EBAD80EBF00590329550C45ADB7E5205486533C2504,IMPHASH=8B52E108EA5F90B3A554E42291127487",C:\Windows\system32\msiexec.exe,,,,,TRUE,None,Microsoft-Windows-Sysmon/Operational,,,"File Delete archived:
RuleName: Executables
UtcTime: 2024-02-14 03:41:58.280
ProcessGuid: {817bddf3-3685-65cc-2e02-000000001900}
ProcessId: 10220
User: NT AUTHORITY\SYSTEM
Image: C:\Windows\system32\msiexec.exe
TargetFilename: C:\Windows\Installer\MSIC670.tmp
Hashes: SHA1=BB91AE1F2F7142B9099E3CC285F4F5B84DE568E4,MD5=B158D8D605571EA47A238DF5AB43DFAA,SHA256=CA763693CC25D316F14A9EBAD80EBF00590329550C45ADB7E5205486533C2504,IMPHASH=8B52E108EA5F90B3A554E42291127487
IsExecutable: true
Archived: true",Info,,,,,,,,,{817bddf3-3685-65cc-2e02-000000001900},10220,,,,,,118835,Executables,S-1-5-18,5,,,,,,,,Microsoft-Windows-Sysmon,,,,,,,C:\Windows\Installer\MSIC670.tmp,,,,,,Dns query (rule: DnsQuery),,Information,"SYSTEM
NT AUTHORITY\SYSTEM",41:58.3,"02/11/2026 07:41:58.284 PM
LogName=Microsoft-Windows-Sysmon/Operational
EventCode=23
EventType=4
ComputerName=wrk-pprice
User=SYSTEM
Sid=S-1-5-18
SidType=5
SourceName=Microsoft-Windows-Sysmon
Type=Information
RecordNumber=118835
Keywords=None
TaskCategory=Dns query (rule: DnsQuery)
OpCode=Info
Message=File Delete archived:
RuleName: Executables
UtcTime: 2024-02-14 03:41:58.280
ProcessGuid: {817bddf3-3685-65cc-2e02-000000001900}
ProcessId: 10220
User: NT AUTHORITY\SYSTEM
Image: C:\Windows\system32\msiexec.exe
TargetFilename: C:\Windows\Installer\MSIC670.tmp
Hashes: SHA1=BB91AE1F2F7142B9099E3CC285F4F5B84DE568E4,MD5=B158D8D605571EA47A238DF5AB43DFAA,SHA256=CA763693CC25D316F14A9EBAD80EBF00590329550C45ADB7E5205486533C2504,IMPHASH=8B52E108EA5F90B3A554E42291127487
IsExecutable: true
Archived: true
",2026-02-11T19:41:58.000-0800,,Dns query (rule: DnsQuery),wrk-pprice,wrk-pprice,118835,endpoint_services_processes windows_event_signature windows_ta_data,wrk-pprice,118835,SplunkEx,26,,,,,//_::._=--/===-==---==--====__(:_)==__:\r:_\r:_--_::,,,,,informational,4,,23,WinEventLog:Microsoft-Windows-Sysmon/Operational,WinEventLog,DESKTOP-6DT4EHE,,,track_event_signatures,track_event_signatures,,,Microsoft Windows
,,,,,wrk-pprice,,41:58.2,,,,,,,,,11,4,,,,,C:\Windows\system32\msiexec.exe,,,,,,None,Microsoft-Windows-Sysmon/Operational,,,"File created:
RuleName: technique_id=T1574.010,technique_name=Services File Permissions Weakness
UtcTime: 2024-02-14 03:41:58.248
ProcessGuid: {817bddf3-3685-65cc-2e02-000000001900}
ProcessId: 10220
Image: C:\Windows\system32\msiexec.exe
TargetFilename: C:\Windows\Installer\MSIC670.tmp
CreationUtcTime: 2024-02-14 03:41:58.248
User: NT AUTHORITY\SYSTEM",Info,,,,,,,,,{817bddf3-3685-65cc-2e02-000000001900},10220,,,,,,118834,"technique_id=T1574.010,technique_name=Services File Permissions Weakness",S-1-5-18,5,,,,,,,,Microsoft-Windows-Sysmon,,,,,,,C:\Windows\Installer\MSIC670.tmp,,,,,,Dns query (rule: DnsQuery),,Information,"SYSTEM
NT AUTHORITY\SYSTEM",41:58.2,"02/11/2026 07:41:58.264 PM
LogName=Microsoft-Windows-Sysmon/Operational
EventCode=11
EventType=4
ComputerName=wrk-pprice
User=SYSTEM
Sid=S-1-5-18
SidType=5
SourceName=Microsoft-Windows-Sysmon
Type=Information
RecordNumber=118834
Keywords=None
TaskCategory=Dns query (rule: DnsQuery)
OpCode=Info
Message=File created:
RuleName: technique_id=T1574.010,technique_name=Services File Permissions Weakness
UtcTime: 2024-02-14 03:41:58.248
ProcessGuid: {817bddf3-3685-65cc-2e02-000000001900}
ProcessId: 10220
Image: C:\Windows\system32\msiexec.exe
TargetFilename: C:\Windows\Installer\MSIC670.tmp
CreationUtcTime: 2024-02-14 03:41:58.248
User: NT AUTHORITY\SYSTEM
",2026-02-11T19:41:58.000-0800,,Dns query (rule: DnsQuery),wrk-pprice,wrk-pprice,118834,endpoint_services_processes windows_event_signature windows_ta_data,wrk-pprice,118834,SplunkEx,24,,,,,"//_::._=--/===-==---==--====__(:_)==_:\r:_=.,=___\r:",,,,,informational,4,,11,WinEventLog:Microsoft-Windows-Sysmon/Operational,WinEventLog,DESKTOP-6DT4EHE,,,track_event_signatures,track_event_signatures,,,Microsoft Windows
TRUE,,,,,wrk-pprice,,,,,,,,,,,23,4,,,,"SHA1=BB91AE1F2F7142B9099E3CC285F4F5B84DE568E4,MD5=B158D8D605571EA47A238DF5AB43DFAA,SHA256=CA763693CC25D316F14A9EBAD80EBF00590329550C45ADB7E5205486533C2504,IMPHASH=8B52E108EA5F90B3A554E42291127487",C:\Windows\system32\msiexec.exe,,,,,TRUE,None,Microsoft-Windows-Sysmon/Operational,,,"File Delete archived:
RuleName: Executables
UtcTime: 2024-02-14 03:41:58.248
ProcessGuid: {817bddf3-3685-65cc-2e02-000000001900}
ProcessId: 10220
User: NT AUTHORITY\SYSTEM
Image: C:\Windows\system32\msiexec.exe
TargetFilename: C:\Windows\Installer\MSIC65F.tmp
Hashes: SHA1=BB91AE1F2F7142B9099E3CC285F4F5B84DE568E4,MD5=B158D8D605571EA47A238DF5AB43DFAA,SHA256=CA763693CC25D316F14A9EBAD80EBF00590329550C45ADB7E5205486533C2504,IMPHASH=8B52E108EA5F90B3A554E42291127487
IsExecutable: true
Archived: true",Info,,,,,,,,,{817bddf3-3685-65cc-2e02-000000001900},10220,,,,,,118833,Executables,S-1-5-18,5,,,,,,,,Microsoft-Windows-Sysmon,,,,,,,C:\Windows\Installer\MSIC65F.tmp,,,,,,Dns query (rule: DnsQuery),,Information,"SYSTEM
NT AUTHORITY\SYSTEM",41:58.2,"02/11/2026 07:41:58.262 PM
LogName=Microsoft-Windows-Sysmon/Operational
EventCode=23
EventType=4
ComputerName=wrk-pprice
User=SYSTEM
Sid=S-1-5-18
SidType=5
SourceName=Microsoft-Windows-Sysmon
Type=Information
RecordNumber=118833
Keywords=None
TaskCategory=Dns query (rule: DnsQuery)
OpCode=Info
Message=File Delete archived:
RuleName: Executables
UtcTime: 2024-02-14 03:41:58.248
ProcessGuid: {817bddf3-3685-65cc-2e02-000000001900}
ProcessId: 10220
User: NT AUTHORITY\SYSTEM
Image: C:\Windows\system32\msiexec.exe
TargetFilename: C:\Windows\Installer\MSIC65F.tmp
Hashes: SHA1=BB91AE1F2F7142B9099E3CC285F4F5B84DE568E4,MD5=B158D8D605571EA47A238DF5AB43DFAA,SHA256=CA763693CC25D316F14A9EBAD80EBF00590329550C45ADB7E5205486533C2504,IMPHASH=8B52E108EA5F90B3A554E42291127487
IsExecutable: true
Archived: true
",2026-02-11T19:41:58.000-0800,,Dns query (rule: DnsQuery),wrk-pprice,wrk-pprice,118833,endpoint_services_processes windows_event_signature windows_ta_data,wrk-pprice,118833,SplunkEx,26,,,,,//_::._=--/===-==---==--====__(:_)==__:\r:_\r:_--_::,,,,,informational,4,,23,WinEventLog:Microsoft-Windows-Sysmon/Operational,WinEventLog,DESKTOP-6DT4EHE,,,track_event_signatures,track_event_signatures,,,Microsoft Windows
,,,,,wrk-pprice,,41:58.2,,,,,,,,,11,4,,,,,C:\Windows\system32\msiexec.exe,,,,,,None,Microsoft-Windows-Sysmon/Operational,,,"File created:
RuleName: technique_id=T1574.010,technique_name=Services File Permissions Weakness
UtcTime: 2024-02-14 03:41:58.233
ProcessGuid: {817bddf3-3685-65cc-2e02-000000001900}
ProcessId: 10220
Image: C:\Windows\system32\msiexec.exe
TargetFilename: C:\Windows\Installer\MSIC65F.tmp
CreationUtcTime: 2024-02-14 03:41:58.233
User: NT AUTHORITY\SYSTEM",Info,,,,,,,,,{817bddf3-3685-65cc-2e02-000000001900},10220,,,,,,118832,"technique_id=T1574.010,technique_name=Services File Permissions Weakness",S-1-5-18,5,,,,,,,,Microsoft-Windows-Sysmon,,,,,,,C:\Windows\Installer\MSIC65F.tmp,,,,,,Dns query (rule: DnsQuery),,Information,"SYSTEM
NT AUTHORITY\SYSTEM",41:58.2,"02/11/2026 07:41:58.247 PM
LogName=Microsoft-Windows-Sysmon/Operational
EventCode=11
EventType=4
ComputerName=wrk-pprice
User=SYSTEM
Sid=S-1-5-18
SidType=5
SourceName=Microsoft-Windows-Sysmon
Type=Information
RecordNumber=118832
Keywords=None
TaskCategory=Dns query (rule: DnsQuery)
OpCode=Info
Message=File created:
RuleName: technique_id=T1574.010,technique_name=Services File Permissions Weakness
UtcTime: 2024-02-14 03:41:58.233
ProcessGuid: {817bddf3-3685-65cc-2e02-000000001900}
ProcessId: 10220
Image: C:\Windows\system32\msiexec.exe
TargetFilename: C:\Windows\Installer\MSIC65F.tmp
CreationUtcTime: 2024-02-14 03:41:58.233
User: NT AUTHORITY\SYSTEM
",2026-02-11T19:41:58.000-0800,,Dns query (rule: DnsQuery),wrk-pprice,wrk-pprice,118832,endpoint_services_processes windows_event_signature windows_ta_data,wrk-pprice,118832,SplunkEx,24,,,,,"//_::._=--/===-==---==--====__(:_)==_:\r:_=.,=___\r:",,,,,informational,4,,11,WinEventLog:Microsoft-Windows-Sysmon/Operational,WinEventLog,DESKTOP-6DT4EHE,,,track_event_signatures,track_event_signatures,,,Microsoft Windows
TRUE,,,,,wrk-pprice,,,,,,,,,,,23,4,,,,"SHA1=BB91AE1F2F7142B9099E3CC285F4F5B84DE568E4,MD5=B158D8D605571EA47A238DF5AB43DFAA,SHA256=CA763693CC25D316F14A9EBAD80EBF00590329550C45ADB7E5205486533C2504,IMPHASH=8B52E108EA5F90B3A554E42291127487",C:\Windows\system32\msiexec.exe,,,,,TRUE,None,Microsoft-Windows-Sysmon/Operational,,,"File Delete archived:
RuleName: Executables
UtcTime: 2024-02-14 03:41:58.233
ProcessGuid: {817bddf3-3685-65cc-2e02-000000001900}
ProcessId: 10220
User: NT AUTHORITY\SYSTEM
Image: C:\Windows\system32\msiexec.exe
TargetFilename: C:\Windows\Installer\MSIC64E.tmp
Hashes: SHA1=BB91AE1F2F7142B9099E3CC285F4F5B84DE568E4,MD5=B158D8D605571EA47A238DF5AB43DFAA,SHA256=CA763693CC25D316F14A9EBAD80EBF00590329550C45ADB7E5205486533C2504,IMPHASH=8B52E108EA5F90B3A554E42291127487
IsExecutable: true
Archived: true",Info,,,,,,,,,{817bddf3-3685-65cc-2e02-000000001900},10220,,,,,,118831,Executables,S-1-5-18,5,,,,,,,,Microsoft-Windows-Sysmon,,,,,,,C:\Windows\Installer\MSIC64E.tmp,,,,,,Dns query (rule: DnsQuery),,Information,"SYSTEM
NT AUTHORITY\SYSTEM",41:58.2,"02/11/2026 07:41:58.246 PM
LogName=Microsoft-Windows-Sysmon/Operational
EventCode=23
EventType=4
ComputerName=wrk-pprice
User=SYSTEM
Sid=S-1-5-18
SidType=5
SourceName=Microsoft-Windows-Sysmon
Type=Information
RecordNumber=118831
Keywords=None
TaskCategory=Dns query (rule: DnsQuery)
OpCode=Info
Message=File Delete archived:
RuleName: Executables
UtcTime: 2024-02-14 03:41:58.233
ProcessGuid: {817bddf3-3685-65cc-2e02-000000001900}
ProcessId: 10220
User: NT AUTHORITY\SYSTEM
Image: C:\Windows\system32\msiexec.exe
TargetFilename: C:\Windows\Installer\MSIC64E.tmp
Hashes: SHA1=BB91AE1F2F7142B9099E3CC285F4F5B84DE568E4,MD5=B158D8D605571EA47A238DF5AB43DFAA,SHA256=CA763693CC25D316F14A9EBAD80EBF00590329550C45ADB7E5205486533C2504,IMPHASH=8B52E108EA5F90B3A554E42291127487
IsExecutable: true
Archived: true
",2026-02-11T19:41:58.000-0800,,Dns query (rule: DnsQuery),wrk-pprice,wrk-pprice,118831,endpoint_services_processes windows_event_signature windows_ta_data,wrk-pprice,118831,SplunkEx,26,,,,,//_::._=--/===-==---==--====__(:_)==__:\r:_\r:_--_::,,,,,informational,4,,23,WinEventLog:Microsoft-Windows-Sysmon/Operational,WinEventLog,DESKTOP-6DT4EHE,,,track_event_signatures,track_event_signatures,,,Microsoft Windows
,,,,,wrk-pprice,,41:58.2,,,,,,,,,11,4,,,,,C:\Windows\system32\msiexec.exe,,,,,,None,Microsoft-Windows-Sysmon/Operational,,,"File created:
RuleName: technique_id=T1574.010,technique_name=Services File Permissions Weakness
UtcTime: 2024-02-14 03:41:58.217
ProcessGuid: {817bddf3-3685-65cc-2e02-000000001900}
ProcessId: 10220
Image: C:\Windows\system32\msiexec.exe
TargetFilename: C:\Windows\Installer\MSIC64E.tmp
CreationUtcTime: 2024-02-14 03:41:58.217
User: NT AUTHORITY\SYSTEM",Info,,,,,,,,,{817bddf3-3685-65cc-2e02-000000001900},10220,,,,,,118830,"technique_id=T1574.010,technique_name=Services File Permissions Weakness",S-1-5-18,5,,,,,,,,Microsoft-Windows-Sysmon,,,,,,,C:\Windows\Installer\MSIC64E.tmp,,,,,,Dns query (rule: DnsQuery),,Information,"SYSTEM
NT AUTHORITY\SYSTEM",41:58.2,"02/11/2026 07:41:58.224 PM
LogName=Microsoft-Windows-Sysmon/Operational
EventCode=11
EventType=4
ComputerName=wrk-pprice
User=SYSTEM
Sid=S-1-5-18
SidType=5
SourceName=Microsoft-Windows-Sysmon
Type=Information
RecordNumber=118830
Keywords=None
TaskCategory=Dns query (rule: DnsQuery)
OpCode=Info
Message=File created:
RuleName: technique_id=T1574.010,technique_name=Services File Permissions Weakness
UtcTime: 2024-02-14 03:41:58.217
ProcessGuid: {817bddf3-3685-65cc-2e02-000000001900}
ProcessId: 10220
Image: C:\Windows\system32\msiexec.exe
TargetFilename: C:\Windows\Installer\MSIC64E.tmp
CreationUtcTime: 2024-02-14 03:41:58.217
User: NT AUTHORITY\SYSTEM
",2026-02-11T19:41:58.000-0800,,Dns query (rule: DnsQuery),wrk-pprice,wrk-pprice,118830,endpoint_services_processes windows_event_signature windows_ta_data,wrk-pprice,118830,SplunkEx,24,,,,,"//_::._=--/===-==---==--====__(:_)==_:\r:_=.,=___\r:",,,,,informational,4,,11,WinEventLog:Microsoft-Windows-Sysmon/Operational,WinEventLog,DESKTOP-6DT4EHE,,,track_event_signatures,track_event_signatures,,,Microsoft Windows
TRUE,,,,,wrk-pprice,,,,,,,,,,,23,4,,,,"SHA1=BB91AE1F2F7142B9099E3CC285F4F5B84DE568E4,MD5=B158D8D605571EA47A238DF5AB43DFAA,SHA256=CA763693CC25D316F14A9EBAD80EBF00590329550C45ADB7E5205486533C2504,IMPHASH=8B52E108EA5F90B3A554E42291127487",C:\Windows\system32\msiexec.exe,,,,,TRUE,None,Microsoft-Windows-Sysmon/Operational,,,"File Delete archived:
RuleName: Executables
UtcTime: 2024-02-14 03:41:58.217
ProcessGuid: {817bddf3-3685-65cc-2e02-000000001900}
ProcessId: 10220
User: NT AUTHORITY\SYSTEM
Image: C:\Windows\system32\msiexec.exe
TargetFilename: C:\Windows\Installer\MSIC61E.tmp
Hashes: SHA1=BB91AE1F2F7142B9099E3CC285F4F5B84DE568E4,MD5=B158D8D605571EA47A238DF5AB43DFAA,SHA256=CA763693CC25D316F14A9EBAD80EBF00590329550C45ADB7E5205486533C2504,IMPHASH=8B52E108EA5F90B3A554E42291127487
IsExecutable: true
Archived: true",Info,,,,,,,,,{817bddf3-3685-65cc-2e02-000000001900},10220,,,,,,118829,Executables,S-1-5-18,5,,,,,,,,Microsoft-Windows-Sysmon,,,,,,,C:\Windows\Installer\MSIC61E.tmp,,,,,,Dns query (rule: DnsQuery),,Information,"SYSTEM
NT AUTHORITY\SYSTEM",41:58.2,"02/11/2026 07:41:58.223 PM
LogName=Microsoft-Windows-Sysmon/Operational
EventCode=23
EventType=4
ComputerName=wrk-pprice
User=SYSTEM
Sid=S-1-5-18
SidType=5
SourceName=Microsoft-Windows-Sysmon
Type=Information
RecordNumber=118829
Keywords=None
TaskCategory=Dns query (rule: DnsQuery)
OpCode=Info
Message=File Delete archived:
RuleName: Executables
UtcTime: 2024-02-14 03:41:58.217
ProcessGuid: {817bddf3-3685-65cc-2e02-000000001900}
ProcessId: 10220
User: NT AUTHORITY\SYSTEM
Image: C:\Windows\system32\msiexec.exe
TargetFilename: C:\Windows\Installer\MSIC61E.tmp
Hashes: SHA1=BB91AE1F2F7142B9099E3CC285F4F5B84DE568E4,MD5=B158D8D605571EA47A238DF5AB43DFAA,SHA256=CA763693CC25D316F14A9EBAD80EBF00590329550C45ADB7E5205486533C2504,IMPHASH=8B52E108EA5F90B3A554E42291127487
IsExecutable: true
Archived: true
",2026-02-11T19:41:58.000-0800,,Dns query (rule: DnsQuery),wrk-pprice,wrk-pprice,118829,endpoint_services_processes windows_event_signature windows_ta_data,wrk-pprice,118829,SplunkEx,26,,,,,//_::._=--/===-==---==--====__(:_)==__:\r:_\r:_--_::,,,,,informational,4,,23,WinEventLog:Microsoft-Windows-Sysmon/Operational,WinEventLog,DESKTOP-6DT4EHE,,,track_event_signatures,track_event_signatures,,,Microsoft Windows
,,,C:\Windows\syswow64\MsiExec.exe -Embedding 5250A3DB12224F77D2A18B4EB99AC5EB,Microsoft Corporation,wrk-pprice,,,C:\Windows\SysWOW64\,Windows installer,,,,,,,1,4,5.0.19041.3636 (WinBuild.160101.0800),,,"SHA1=9AB9B12901E1EA2DF943B45AD20D8732618608CD,MD5=898277AC5894C4E1412A49040053B0D3,SHA256=445A2E800DC68DF89ABF713F3B4B632D40AE6310EF3660B42D974BB582426BC5,IMPHASH=E4E40938E4BF6C66424859ED02171C41",C:\Windows\SysWOW64\msiexec.exe,,,,Medium,,None,Microsoft-Windows-Sysmon/Operational,{817bddf3-311e-65cc-a7ae-1b0000000000},0x1BAEA7,"Process Create:
RuleName: technique_id=T1218,technique_name=Signed Binary Proxy Execution
UtcTime: 2024-02-14 03:41:58.178
ProcessGuid: {817bddf3-3686-65cc-3102-000000001900}
ProcessId: 10280
Image: C:\Windows\SysWOW64\msiexec.exe
FileVersion: 5.0.19041.3636 (WinBuild.160101.0800)
Description: Windows installer
Product: Windows Installer - Unicode
Company: Microsoft Corporation
OriginalFileName: msiexec.exe
CommandLine: C:\Windows\syswow64\MsiExec.exe -Embedding 5250A3DB12224F77D2A18B4EB99AC5EB
CurrentDirectory: C:\Windows\SysWOW64\
User: wrk-pprice\CyberJunkie
LogonGuid: {817bddf3-311e-65cc-a7ae-1b0000000000}
LogonId: 0x1BAEA7
TerminalSessionId: 1
IntegrityLevel: Medium
Hashes: SHA1=9AB9B12901E1EA2DF943B45AD20D8732618608CD,MD5=898277AC5894C4E1412A49040053B0D3,SHA256=445A2E800DC68DF89ABF713F3B4B632D40AE6310EF3660B42D974BB582426BC5,IMPHASH=E4E40938E4BF6C66424859ED02171C41
ParentProcessGuid: {817bddf3-3685-65cc-2e02-000000001900}
ParentProcessId: 10220
ParentImage: C:\Windows\System32\msiexec.exe
ParentCommandLine: C:\Windows\system32\msiexec.exe /V
ParentUser: NT AUTHORITY\SYSTEM",Info,msiexec.exe,C:\Windows\system32\msiexec.exe /V,C:\Windows\System32\msiexec.exe,{817bddf3-3685-65cc-2e02-000000001900},10220,NT AUTHORITY\SYSTEM,,,{817bddf3-3686-65cc-3102-000000001900},10280,Windows Installer - Unicode,,,,,118828,"technique_id=T1218,technique_name=Signed Binary Proxy Execution",S-1-5-18,5,,,,,,,,Microsoft-Windows-Sysmon,,,,,,,,,,,,,Dns query (rule: DnsQuery),1,Information,"SYSTEM
wrk-pprice\CyberJunkie",41:58.2,"02/11/2026 07:41:58.179 PM
LogName=Microsoft-Windows-Sysmon/Operational
EventCode=1
EventType=4
ComputerName=wrk-pprice
User=SYSTEM
Sid=S-1-5-18
SidType=5
SourceName=Microsoft-Windows-Sysmon
Type=Information
RecordNumber=118828
Keywords=None
TaskCategory=Dns query (rule: DnsQuery)
OpCode=Info
Message=Process Create:
RuleName: technique_id=T1218,technique_name=Signed Binary Proxy Execution
UtcTime: 2024-02-14 03:41:58.178
ProcessGuid: {817bddf3-3686-65cc-3102-000000001900}
ProcessId: 10280
Image: C:\Windows\SysWOW64\msiexec.exe
FileVersion: 5.0.19041.3636 (WinBuild.160101.0800)
Description: Windows installer
Product: Windows Installer - Unicode
Company: Microsoft Corporation
OriginalFileName: msiexec.exe
CommandLine: C:\Windows\syswow64\MsiExec.exe -Embedding 5250A3DB12224F77D2A18B4EB99AC5EB
CurrentDirectory: C:\Windows\SysWOW64\
User: wrk-pprice\CyberJunkie
LogonGuid: {817bddf3-311e-65cc-a7ae-1b0000000000}
LogonId: 0x1BAEA7
TerminalSessionId: 1
IntegrityLevel: Medium
Hashes: SHA1=9AB9B12901E1EA2DF943B45AD20D8732618608CD,MD5=898277AC5894C4E1412A49040053B0D3,SHA256=445A2E800DC68DF89ABF713F3B4B632D40AE6310EF3660B42D974BB582426BC5,IMPHASH=E4E40938E4BF6C66424859ED02171C41
ParentProcessGuid: {817bddf3-3685-65cc-2e02-000000001900}
ParentProcessId: 10220
ParentImage: C:\Windows\System32\msiexec.exe
ParentCommandLine: C:\Windows\system32\msiexec.exe /V
ParentUser: NT AUTHORITY\SYSTEM
",2026-02-11T19:41:58.000-0800,,Dns query (rule: DnsQuery),wrk-pprice,wrk-pprice,118828,endpoint_services_processes windows_event_signature windows_ta_data,wrk-pprice,118828,SplunkEx,39,,,,,"//_::._=--/===-==---==--====__(:_)==_:\r:_=,=___\r:_",,,,,informational,4,,1,WinEventLog:Microsoft-Windows-Sysmon/Operational,WinEventLog,DESKTOP-6DT4EHE,,,track_event_signatures,track_event_signatures,,,Microsoft Windows
,,,,,wrk-pprice,,,,,,,,,,Binary Data,13,"4
SetValue",,,,,C:\Windows\system32\msiexec.exe,,,,,,None,Microsoft-Windows-Sysmon/Operational,,,"Registry value set:
RuleName: technique_id=T1543,technique_name=Service Creation
EventType: SetValue
UtcTime: 2024-02-14 03:41:58.170
ProcessGuid: {817bddf3-3685-65cc-2e02-000000001900}
ProcessId: 10220
Image: C:\Windows\system32\msiexec.exe
TargetObject: HKLM\System\CurrentControlSet\Services\bam\State\UserSettings\S-1-5-21-3393683511-3463148672-371912004-1001\\Device\HarddiskVolume3\Windows\SysWOW64\msiexec.exe
Details: Binary Data
User: NT AUTHORITY\SYSTEM",Info,,,,,,,,,{817bddf3-3685-65cc-2e02-000000001900},10220,,,,,,118827,"technique_id=T1543,technique_name=Service Creation",S-1-5-18,5,,,,,,,,Microsoft-Windows-Sysmon,,,,,,,,,HKLM\System\CurrentControlSet\Services\bam\State\UserSettings\S-1-5-21-3393683511-3463148672-371912004-1001\\Device\HarddiskVolume3\Windows\SysWOW64\msiexec.exe,,,,Dns query (rule: DnsQuery),,Information,"SYSTEM
NT AUTHORITY\SYSTEM",41:58.2,"02/11/2026 07:41:58.179 PM
LogName=Microsoft-Windows-Sysmon/Operational
EventCode=13
EventType=4
ComputerName=wrk-pprice
User=SYSTEM
Sid=S-1-5-18
SidType=5
SourceName=Microsoft-Windows-Sysmon
Type=Information
RecordNumber=118827
Keywords=None
TaskCategory=Dns query (rule: DnsQuery)
OpCode=Info
Message=Registry value set:
RuleName: technique_id=T1543,technique_name=Service Creation
EventType: SetValue
UtcTime: 2024-02-14 03:41:58.170
ProcessGuid: {817bddf3-3685-65cc-2e02-000000001900}
ProcessId: 10220
Image: C:\Windows\system32\msiexec.exe
TargetObject: HKLM\System\CurrentControlSet\Services\bam\State\UserSettings\S-1-5-21-3393683511-3463148672-371912004-1001\\Device\HarddiskVolume3\Windows\SysWOW64\msiexec.exe
Details: Binary Data
User: NT AUTHORITY\SYSTEM
",2026-02-11T19:41:58.000-0800,,Dns query (rule: DnsQuery),wrk-pprice,wrk-pprice,118827,endpoint_services_processes windows_event_signature windows_ta_data,wrk-pprice,118827,SplunkEx,25,,,,,"//_::._=--/===-==---==--====__(:_)==__:\r:_=,=_\r:_\r",,,,,informational,"4
SetValue",,13,WinEventLog:Microsoft-Windows-Sysmon/Operational,WinEventLog,DESKTOP-6DT4EHE,,,track_event_signatures,track_event_signatures,,,Microsoft Windows
,,,,,wrk-pprice,,41:58.2,,,,,,,,,11,4,,,,,C:\Windows\system32\msiexec.exe,,,,,,None,Microsoft-Windows-Sysmon/Operational,,,"File created:
RuleName: technique_id=T1574.010,technique_name=Services File Permissions Weakness
UtcTime: 2024-02-14 03:41:58.170
ProcessGuid: {817bddf3-3685-65cc-2e02-000000001900}
ProcessId: 10220
Image: C:\Windows\system32\msiexec.exe
TargetFilename: C:\Windows\Installer\MSIC61E.tmp
CreationUtcTime: 2024-02-14 03:41:58.170
User: NT AUTHORITY\SYSTEM",Info,,,,,,,,,{817bddf3-3685-65cc-2e02-000000001900},10220,,,,,,118826,"technique_id=T1574.010,technique_name=Services File Permissions Weakness",S-1-5-18,5,,,,,,,,Microsoft-Windows-Sysmon,,,,,,,C:\Windows\Installer\MSIC61E.tmp,,,,,,Dns query (rule: DnsQuery),,Information,"SYSTEM
NT AUTHORITY\SYSTEM",41:58.2,"02/11/2026 07:41:58.175 PM
LogName=Microsoft-Windows-Sysmon/Operational
EventCode=11
EventType=4
ComputerName=wrk-pprice
User=SYSTEM
Sid=S-1-5-18
SidType=5
SourceName=Microsoft-Windows-Sysmon
Type=Information
RecordNumber=118826
Keywords=None
TaskCategory=Dns query (rule: DnsQuery)
OpCode=Info
Message=File created:
RuleName: technique_id=T1574.010,technique_name=Services File Permissions Weakness
UtcTime: 2024-02-14 03:41:58.170
ProcessGuid: {817bddf3-3685-65cc-2e02-000000001900}
ProcessId: 10220
Image: C:\Windows\system32\msiexec.exe
TargetFilename: C:\Windows\Installer\MSIC61E.tmp
CreationUtcTime: 2024-02-14 03:41:58.170
User: NT AUTHORITY\SYSTEM
",2026-02-11T19:41:58.000-0800,,Dns query (rule: DnsQuery),wrk-pprice,wrk-pprice,118826,endpoint_services_processes windows_event_signature windows_ta_data,wrk-pprice,118826,SplunkEx,24,,,,,"//_::._=--/===-==---==--====__(:_)==_:\r:_=.,=___\r:",,,,,informational,4,,11,WinEventLog:Microsoft-Windows-Sysmon/Operational,WinEventLog,DESKTOP-6DT4EHE,,,track_event_signatures,track_event_signatures,,,Microsoft Windows
,,,,Microsoft Corporation,wrk-pprice,,,,Microsoft .NET Runtime Common Language Runtime - WorkStation,,,,,,,7,4,4.8.9195.0 built by: NET481REL1LAST_B,,,"SHA1=0D61503DA9EE0D7DA4DB688203F847233A560698,MD5=F2AA65F837A1E92CB00F9B26B18ADAD1,SHA256=0B73084BB28E0D93EB32D45304351D769C67F4DABA99D5A0C291C791749DDCB9,IMPHASH=AB5E2E36C1E62672DDDD7B4D2E5D81D4",C:\Windows\System32\msiexec.exe,C:\Windows\Microsoft.NET\Framework64\v4.0.30319\clr.dll,,,,,None,Microsoft-Windows-Sysmon/Operational,,,"Image loaded:
RuleName: technique_id=T1055,technique_name=Process Injection
UtcTime: 2024-02-14 03:41:58.123
ProcessGuid: {817bddf3-3685-65cc-2e02-000000001900}
ProcessId: 10220
Image: C:\Windows\System32\msiexec.exe
ImageLoaded: C:\Windows\Microsoft.NET\Framework64\v4.0.30319\clr.dll
FileVersion: 4.8.9195.0 built by: NET481REL1LAST_B
Description: Microsoft .NET Runtime Common Language Runtime - WorkStation
Product: Microsoft .NET Framework
Company: Microsoft Corporation
OriginalFileName: clr.dll
Hashes: SHA1=0D61503DA9EE0D7DA4DB688203F847233A560698,MD5=F2AA65F837A1E92CB00F9B26B18ADAD1,SHA256=0B73084BB28E0D93EB32D45304351D769C67F4DABA99D5A0C291C791749DDCB9,IMPHASH=AB5E2E36C1E62672DDDD7B4D2E5D81D4
Signed: true
Signature: Microsoft Corporation
SignatureStatus: Valid
User: NT AUTHORITY\SYSTEM",Info,clr.dll,,,,,,,,{817bddf3-3685-65cc-2e02-000000001900},10220,Microsoft .NET Framework,,,,,118825,"technique_id=T1055,technique_name=Process Injection",S-1-5-18,5,Microsoft Corporation,Valid,TRUE,,,,,Microsoft-Windows-Sysmon,,,,,,,,,,,,,Dns query (rule: DnsQuery),,Information,"SYSTEM
NT AUTHORITY\SYSTEM",41:58.1,"02/11/2026 07:41:58.143 PM
LogName=Microsoft-Windows-Sysmon/Operational
EventCode=7
