Archived,CallTrace,CategoryString,CommandLine,Company,ComputerName,Contents,CreationUtcTime,CurrentDirectory,Description,DestinationHostname,DestinationIp,DestinationIsIpv6,DestinationPort,DestinationPortName,Details,EventCode,EventType,FileVersion,GrantedAccess,Hash,Hashes,Image,ImageLoaded,Image_File_Name,Initiated,IntegrityLevel,IsExecutable,Keywords,LogName,LogonGuid,LogonId,Message,OpCode,OriginalFileName,ParentCommandLine,ParentImage,ParentProcessGuid,ParentProcessId,ParentUser,PipeName,PreviousCreationUtcTime,ProcessGuid,ProcessId,Product,Protocol,QueryName,QueryResults,QueryStatus,RecordNumber,RuleName,Sid,SidType,Signature,SignatureStatus,Signed,SourceHostname,SourceImage,SourceIp,SourceIsIpv6,SourceName,SourcePort,SourcePortName,SourceProcessGUID,SourceProcessId,SourceThreadId,SourceUser,TargetFilename,TargetImage,TargetObject,TargetProcessGUID,TargetProcessId,TargetUser,TaskCategory,TerminalSessionId,Type,User,UtcTime,_raw,_time,action,category,dvc,dvc_nt_host,event_id,eventtype,host,id,index,linecount,name,parent_process,process,process_name,punct,result,service,service_id,service_name,severity,severity_id,signature,signature_id,source,sourcetype,splunk_server,splunk_server_group,subject,tag,tag::eventtype,user_group_id,user_id,vendor_product
,,,,,wrk-pprice,,,,,,,,,,,12,"4
CreateKey",,,,,C:\Windows\Explorer.EXE,,,,,,None,Microsoft-Windows-Sysmon/Operational,,,"Registry object added or deleted:
RuleName: technique_id=T1546.001,technique_name=Change Default File Association
EventType: CreateKey
UtcTime: 2024-02-14 03:43:26.880
ProcessGuid: {817bddf3-311f-65cc-0a01-000000001900}
ProcessId: 1116
Image: C:\Windows\Explorer.EXE
TargetObject: HKU\S-1-5-21-3393683511-3463148672-371912004-1001\Software\Microsoft\Windows\CurrentVersion\Explorer\FileExts\.evtx
User: wrk-pprice\CyberJunkie",Info,,,,,,,,,{817bddf3-311f-65cc-0a01-000000001900},1116,,,,,,118915,"technique_id=T1546.001,technique_name=Change Default File Association",S-1-5-18,5,,,,,,,,Microsoft-Windows-Sysmon,,,,,,,,,HKU\S-1-5-21-3393683511-3463148672-371912004-1001\Software\Microsoft\Windows\CurrentVersion\Explorer\FileExts\.evtx,,,,Dns query (rule: DnsQuery),,Information,"SYSTEM
wrk-pprice\CyberJunkie",43:26.9,"02/11/2026 07:43:26.887 PM
LogName=Microsoft-Windows-Sysmon/Operational
EventCode=12
EventType=4
ComputerName=wrk-pprice
User=SYSTEM
Sid=S-1-5-18
SidType=5
SourceName=Microsoft-Windows-Sysmon
Type=Information
RecordNumber=118915
Keywords=None
TaskCategory=Dns query (rule: DnsQuery)
OpCode=Info
Message=Registry object added or deleted:
RuleName: technique_id=T1546.001,technique_name=Change Default File Association
EventType: CreateKey
UtcTime: 2024-02-14 03:43:26.880
ProcessGuid: {817bddf3-311f-65cc-0a01-000000001900}
ProcessId: 1116
Image: C:\Windows\Explorer.EXE
TargetObject: HKU\S-1-5-21-3393683511-3463148672-371912004-1001\Software\Microsoft\Windows\CurrentVersion\Explorer\FileExts\.evtx
User: wrk-pprice\CyberJunkie
",2026-02-11T19:43:26.000-0800,,Dns query (rule: DnsQuery),wrk-pprice,wrk-pprice,118915,endpoint_services_processes windows_event_signature windows_ta_data,wrk-pprice,118915,SplunkEx,24,,,,,"//_::._=--/===-==---==--====__(:_)==____:\r:_=.,=__",,,,,informational,"4
CreateKey",,12,WinEventLog:Microsoft-Windows-Sysmon/Operational,WinEventLog,DESKTOP-6DT4EHE,,,track_event_signatures,track_event_signatures,,,Microsoft Windows
,,,,,wrk-pprice,,43:26.9,,,,,,,,,11,4,,,,,C:\Windows\system32\mmc.exe,,,,,,None,Microsoft-Windows-Sysmon/Operational,,,"File created:
RuleName: -
UtcTime: 2024-02-14 03:43:26.880
ProcessGuid: {817bddf3-312a-65cc-2901-000000001900}
ProcessId: 6368
Image: C:\Windows\system32\mmc.exe
TargetFilename: C:\Users\CyberJunkie\Desktop\Microsoft-Windows-Sysmon-Operational.evtx
CreationUtcTime: 2024-02-14 03:43:26.880
User: wrk-pprice\CyberJunkie",Info,,,,,,,,,{817bddf3-312a-65cc-2901-000000001900},6368,,,,,,118914,-,S-1-5-18,5,,,,,,,,Microsoft-Windows-Sysmon,,,,,,,C:\Users\CyberJunkie\Desktop\Microsoft-Windows-Sysmon-Operational.evtx,,,,,,Dns query (rule: DnsQuery),,Information,"SYSTEM
wrk-pprice\CyberJunkie",43:26.9,"02/11/2026 07:43:26.880 PM
LogName=Microsoft-Windows-Sysmon/Operational
EventCode=11
EventType=4
ComputerName=wrk-pprice
User=SYSTEM
Sid=S-1-5-18
SidType=5
SourceName=Microsoft-Windows-Sysmon
Type=Information
RecordNumber=118914
Keywords=None
TaskCategory=Dns query (rule: DnsQuery)
OpCode=Info
Message=File created:
RuleName: -
UtcTime: 2024-02-14 03:43:26.880
ProcessGuid: {817bddf3-312a-65cc-2901-000000001900}
ProcessId: 6368
Image: C:\Windows\system32\mmc.exe
TargetFilename: C:\Users\CyberJunkie\Desktop\Microsoft-Windows-Sysmon-Operational.evtx
CreationUtcTime: 2024-02-14 03:43:26.880
User: wrk-pprice\CyberJunkie
",2026-02-11T19:43:26.000-0800,,Dns query (rule: DnsQuery),wrk-pprice,wrk-pprice,118914,endpoint_services_processes windows_event_signature windows_ta_data,wrk-pprice,118914,SplunkEx,24,,,,,//_::._=--/===-==---==--====__(:_)==_:\r:_-\r:_--_::,,,,,informational,4,,11,WinEventLog:Microsoft-Windows-Sysmon/Operational,WinEventLog,DESKTOP-6DT4EHE,,,track_event_signatures,track_event_signatures,,,Microsoft Windows
,,,,,wrk-pprice,,44:18.8,,,,,,,,,11,4,,,,,C:\Windows\system32\svchost.exe,,,,,,None,Microsoft-Windows-Sysmon/Operational,,,"File created:
RuleName: technique_id=T1574.010,technique_name=Services File Permissions Weakness
UtcTime: 2024-02-14 03:43:26.192
ProcessGuid: {817bddf3-307d-65cc-2200-000000001900}
ProcessId: 1668
Image: C:\Windows\system32\svchost.exe
TargetFilename: C:\Windows\Prefetch\AUDIODG.EXE-AB22E9A6.pf
CreationUtcTime: 2023-02-01 00:44:18.791
User: NT AUTHORITY\SYSTEM",Info,,,,,,,,,{817bddf3-307d-65cc-2200-000000001900},1668,,,,,,118913,"technique_id=T1574.010,technique_name=Services File Permissions Weakness",S-1-5-18,5,,,,,,,,Microsoft-Windows-Sysmon,,,,,,,C:\Windows\Prefetch\AUDIODG.EXE-AB22E9A6.pf,,,,,,Dns query (rule: DnsQuery),,Information,"SYSTEM
NT AUTHORITY\SYSTEM",43:26.2,"02/11/2026 07:43:26.194 PM
LogName=Microsoft-Windows-Sysmon/Operational
EventCode=11
EventType=4
ComputerName=wrk-pprice
User=SYSTEM
Sid=S-1-5-18
SidType=5
SourceName=Microsoft-Windows-Sysmon
Type=Information
RecordNumber=118913
Keywords=None
TaskCategory=Dns query (rule: DnsQuery)
OpCode=Info
Message=File created:
RuleName: technique_id=T1574.010,technique_name=Services File Permissions Weakness
UtcTime: 2024-02-14 03:43:26.192
ProcessGuid: {817bddf3-307d-65cc-2200-000000001900}
ProcessId: 1668
Image: C:\Windows\system32\svchost.exe
TargetFilename: C:\Windows\Prefetch\AUDIODG.EXE-AB22E9A6.pf
CreationUtcTime: 2023-02-01 00:44:18.791
User: NT AUTHORITY\SYSTEM
",2026-02-11T19:43:26.000-0800,,Dns query (rule: DnsQuery),wrk-pprice,wrk-pprice,118913,endpoint_services_processes windows_event_signature windows_ta_data,wrk-pprice,118913,SplunkEx,24,,,,,"//_::._=--/===-==---==--====__(:_)==_:\r:_=.,=___\r:",,,,,informational,4,,11,WinEventLog:Microsoft-Windows-Sysmon/Operational,WinEventLog,DESKTOP-6DT4EHE,,,track_event_signatures,track_event_signatures,,,Microsoft Windows
,,,,,wrk-pprice,,57:53.2,,,,,,,,,11,4,,,,,C:\Windows\system32\svchost.exe,,,,,,None,Microsoft-Windows-Sysmon/Operational,,,"File created:
RuleName: technique_id=T1574.010,technique_name=Services File Permissions Weakness
UtcTime: 2024-02-14 03:42:07.718
ProcessGuid: {817bddf3-307d-65cc-2200-000000001900}
ProcessId: 1668
Image: C:\Windows\system32\svchost.exe
TargetFilename: C:\Windows\Prefetch\MSIEXEC.EXE-8FFB1633.pf
CreationUtcTime: 2023-03-23 20:57:53.236
User: NT AUTHORITY\SYSTEM",Info,,,,,,,,,{817bddf3-307d-65cc-2200-000000001900},1668,,,,,,118912,"technique_id=T1574.010,technique_name=Services File Permissions Weakness",S-1-5-18,5,,,,,,,,Microsoft-Windows-Sysmon,,,,,,,C:\Windows\Prefetch\MSIEXEC.EXE-8FFB1633.pf,,,,,,Dns query (rule: DnsQuery),,Information,"SYSTEM
NT AUTHORITY\SYSTEM",42:07.7,"02/11/2026 07:42:07.722 PM
LogName=Microsoft-Windows-Sysmon/Operational
EventCode=11
EventType=4
ComputerName=wrk-pprice
User=SYSTEM
Sid=S-1-5-18
SidType=5
SourceName=Microsoft-Windows-Sysmon
Type=Information
RecordNumber=118912
Keywords=None
TaskCategory=Dns query (rule: DnsQuery)
OpCode=Info
Message=File created:
RuleName: technique_id=T1574.010,technique_name=Services File Permissions Weakness
UtcTime: 2024-02-14 03:42:07.718
ProcessGuid: {817bddf3-307d-65cc-2200-000000001900}
ProcessId: 1668
Image: C:\Windows\system32\svchost.exe
TargetFilename: C:\Windows\Prefetch\MSIEXEC.EXE-8FFB1633.pf
CreationUtcTime: 2023-03-23 20:57:53.236
User: NT AUTHORITY\SYSTEM
",2026-02-11T19:42:07.000-0800,,Dns query (rule: DnsQuery),wrk-pprice,wrk-pprice,118912,endpoint_services_processes windows_event_signature windows_ta_data,wrk-pprice,118912,SplunkEx,24,,,,,"//_::._=--/===-==---==--====__(:_)==_:\r:_=.,=___\r:",,,,,informational,4,,11,WinEventLog:Microsoft-Windows-Sysmon/Operational,WinEventLog,DESKTOP-6DT4EHE,,,track_event_signatures,track_event_signatures,,,Microsoft Windows
,,,,,wrk-pprice,,54:29.0,,,,,,,,,11,4,,,,,C:\Windows\system32\svchost.exe,,,,,,None,Microsoft-Windows-Sysmon/Operational,,,"File created:
RuleName: technique_id=T1574.010,technique_name=Services File Permissions Weakness
UtcTime: 2024-02-14 03:42:05.734
ProcessGuid: {817bddf3-307d-65cc-2200-000000001900}
ProcessId: 1668
Image: C:\Windows\system32\svchost.exe
TargetFilename: C:\Windows\Prefetch\SMARTSCREEN.EXE-EACC1250.pf
CreationUtcTime: 2023-02-01 00:54:29.008
User: NT AUTHORITY\SYSTEM",Info,,,,,,,,,{817bddf3-307d-65cc-2200-000000001900},1668,,,,,,118911,"technique_id=T1574.010,technique_name=Services File Permissions Weakness",S-1-5-18,5,,,,,,,,Microsoft-Windows-Sysmon,,,,,,,C:\Windows\Prefetch\SMARTSCREEN.EXE-EACC1250.pf,,,,,,Dns query (rule: DnsQuery),,Information,"SYSTEM
NT AUTHORITY\SYSTEM",42:05.7,"02/11/2026 07:42:05.736 PM
LogName=Microsoft-Windows-Sysmon/Operational
EventCode=11
EventType=4
ComputerName=wrk-pprice
User=SYSTEM
Sid=S-1-5-18
SidType=5
SourceName=Microsoft-Windows-Sysmon
Type=Information
RecordNumber=118911
Keywords=None
TaskCategory=Dns query (rule: DnsQuery)
OpCode=Info
Message=File created:
RuleName: technique_id=T1574.010,technique_name=Services File Permissions Weakness
UtcTime: 2024-02-14 03:42:05.734
ProcessGuid: {817bddf3-307d-65cc-2200-000000001900}
ProcessId: 1668
Image: C:\Windows\system32\svchost.exe
TargetFilename: C:\Windows\Prefetch\SMARTSCREEN.EXE-EACC1250.pf
CreationUtcTime: 2023-02-01 00:54:29.008
User: NT AUTHORITY\SYSTEM
",2026-02-11T19:42:05.000-0800,,Dns query (rule: DnsQuery),wrk-pprice,wrk-pprice,118911,endpoint_services_processes windows_event_signature windows_ta_data,wrk-pprice,118911,SplunkEx,24,,,,,"//_::._=--/===-==---==--====__(:_)==_:\r:_=.,=___\r:",,,,,informational,4,,11,WinEventLog:Microsoft-Windows-Sysmon/Operational,WinEventLog,DESKTOP-6DT4EHE,,,track_event_signatures,track_event_signatures,,,Microsoft Windows
,,,,,wrk-pprice,,,,,-,93.184.216.34,FALSE,80,-,,3,4,,,,,C:\Users\CyberJunkie\Downloads\Preventivo24.02.14.exe.exe,,,TRUE,,,None,Microsoft-Windows-Sysmon/Operational,,,"Network connection detected:
RuleName: technique_id=T1036,technique_name=Masquerading
UtcTime: 2024-02-14 03:41:57.159
ProcessGuid: {817bddf3-3684-65cc-2d02-000000001900}
ProcessId: 10672
Image: C:\Users\CyberJunkie\Downloads\Preventivo24.02.14.exe.exe
User: wrk-pprice\CyberJunkie
Protocol: tcp
Initiated: true
SourceIsIpv6: false
SourceIp: 172.17.79.132
SourceHostname: -
SourcePort: 61177
SourcePortName: -
DestinationIsIpv6: false
DestinationIp: 93.184.216.34
DestinationHostname: -
DestinationPort: 80
DestinationPortName: -",Info,,,,,,,,,{817bddf3-3684-65cc-2d02-000000001900},10672,,tcp,,,,118910,"technique_id=T1036,technique_name=Masquerading",S-1-5-18,5,,,,-,,172.17.79.132,FALSE,Microsoft-Windows-Sysmon,61177,-,,,,,,,,,,,Dns query (rule: DnsQuery),,Information,"SYSTEM
wrk-pprice\CyberJunkie",41:57.2,"02/11/2026 07:41:58.905 PM
LogName=Microsoft-Windows-Sysmon/Operational
EventCode=3
EventType=4
ComputerName=wrk-pprice
User=SYSTEM
Sid=S-1-5-18
SidType=5
SourceName=Microsoft-Windows-Sysmon
Type=Information
RecordNumber=118910
Keywords=None
TaskCategory=Dns query (rule: DnsQuery)
OpCode=Info
Message=Network connection detected:
RuleName: technique_id=T1036,technique_name=Masquerading
UtcTime: 2024-02-14 03:41:57.159
ProcessGuid: {817bddf3-3684-65cc-2d02-000000001900}
ProcessId: 10672
Image: C:\Users\CyberJunkie\Downloads\Preventivo24.02.14.exe.exe
User: wrk-pprice\CyberJunkie
Protocol: tcp
Initiated: true
SourceIsIpv6: false
SourceIp: 172.17.79.132
SourceHostname: -
SourcePort: 61177
SourcePortName: -
DestinationIsIpv6: false
DestinationIp: 93.184.216.34
DestinationHostname: -
DestinationPort: 80
DestinationPortName: -
",2026-02-11T19:41:58.000-0800,,Dns query (rule: DnsQuery),wrk-pprice,wrk-pprice,118910,endpoint_services_processes windows_event_signature windows_ta_data,wrk-pprice,118910,SplunkEx,34,,,,,"//_::._=--/===-==---==--====__(:_)==__:\r:_=,=\r:_--",,,,,informational,4,,3,WinEventLog:Microsoft-Windows-Sysmon/Operational,WinEventLog,DESKTOP-6DT4EHE,,,track_event_signatures,track_event_signatures,,,Microsoft Windows
,,,,,wrk-pprice,,41:58.8,,,,,,,,,11,4,,,,,C:\Windows\system32\svchost.exe,,,,,,None,Microsoft-Windows-Sysmon/Operational,,,"File created:
RuleName: technique_id=T1574.010,technique_name=Services File Permissions Weakness
UtcTime: 2024-02-14 03:41:58.795
ProcessGuid: {817bddf3-307d-65cc-2200-000000001900}
ProcessId: 1668
Image: C:\Windows\system32\svchost.exe
TargetFilename: C:\Windows\Prefetch\PREVENTIVO24.02.14.EXE.EXE-74B3D8B7.pf
CreationUtcTime: 2024-02-14 03:41:58.795
User: NT AUTHORITY\SYSTEM",Info,,,,,,,,,{817bddf3-307d-65cc-2200-000000001900},1668,,,,,,118909,"technique_id=T1574.010,technique_name=Services File Permissions Weakness",S-1-5-18,5,,,,,,,,Microsoft-Windows-Sysmon,,,,,,,C:\Windows\Prefetch\PREVENTIVO24.02.14.EXE.EXE-74B3D8B7.pf,,,,,,Dns query (rule: DnsQuery),,Information,"SYSTEM
NT AUTHORITY\SYSTEM",41:58.8,"02/11/2026 07:41:58.802 PM
LogName=Microsoft-Windows-Sysmon/Operational
EventCode=11
EventType=4
ComputerName=wrk-pprice
User=SYSTEM
Sid=S-1-5-18
SidType=5
SourceName=Microsoft-Windows-Sysmon
Type=Information
RecordNumber=118909
Keywords=None
TaskCategory=Dns query (rule: DnsQuery)
OpCode=Info
Message=File created:
RuleName: technique_id=T1574.010,technique_name=Services File Permissions Weakness
UtcTime: 2024-02-14 03:41:58.795
ProcessGuid: {817bddf3-307d-65cc-2200-000000001900}
ProcessId: 1668
Image: C:\Windows\system32\svchost.exe
TargetFilename: C:\Windows\Prefetch\PREVENTIVO24.02.14.EXE.EXE-74B3D8B7.pf
CreationUtcTime: 2024-02-14 03:41:58.795
User: NT AUTHORITY\SYSTEM
",2026-02-11T19:41:58.000-0800,,Dns query (rule: DnsQuery),wrk-pprice,wrk-pprice,118909,endpoint_services_processes windows_event_signature windows_ta_data,wrk-pprice,118909,SplunkEx,24,,,,,"//_::._=--/===-==---==--====__(:_)==_:\r:_=.,=___\r:",,,,,informational,4,,11,WinEventLog:Microsoft-Windows-Sysmon/Operational,WinEventLog,DESKTOP-6DT4EHE,,,track_event_signatures,track_event_signatures,,,Microsoft Windows
,,,,,wrk-pprice,,,,,,,,,,Binary Data,13,"4
SetValue",,,,,C:\Users\CyberJunkie\Downloads\Preventivo24.02.14.exe.exe,,,,,,None,Microsoft-Windows-Sysmon/Operational,,,"Registry value set:
RuleName: technique_id=T1543,technique_name=Service Creation
EventType: SetValue
UtcTime: 2024-02-14 03:41:58.795
ProcessGuid: {817bddf3-3684-65cc-2d02-000000001900}
ProcessId: 10672
Image: C:\Users\CyberJunkie\Downloads\Preventivo24.02.14.exe.exe
TargetObject: HKLM\System\CurrentControlSet\Services\bam\State\UserSettings\S-1-5-21-3393683511-3463148672-371912004-1001\\Device\HarddiskVolume3\Users\CyberJunkie\Downloads\Preventivo24.02.14.exe.exe
Details: Binary Data
User: wrk-pprice\CyberJunkie",Info,,,,,,,,,{817bddf3-3684-65cc-2d02-000000001900},10672,,,,,,118908,"technique_id=T1543,technique_name=Service Creation",S-1-5-18,5,,,,,,,,Microsoft-Windows-Sysmon,,,,,,,,,HKLM\System\CurrentControlSet\Services\bam\State\UserSettings\S-1-5-21-3393683511-3463148672-371912004-1001\\Device\HarddiskVolume3\Users\CyberJunkie\Downloads\Preventivo24.02.14.exe.exe,,,,Dns query (rule: DnsQuery),,Information,"SYSTEM
wrk-pprice\CyberJunkie",41:58.8,"02/11/2026 07:41:58.799 PM
LogName=Microsoft-Windows-Sysmon/Operational
EventCode=13
EventType=4
ComputerName=wrk-pprice
User=SYSTEM
Sid=S-1-5-18
SidType=5
SourceName=Microsoft-Windows-Sysmon
Type=Information
RecordNumber=118908
Keywords=None
TaskCategory=Dns query (rule: DnsQuery)
OpCode=Info
Message=Registry value set:
RuleName: technique_id=T1543,technique_name=Service Creation
EventType: SetValue
UtcTime: 2024-02-14 03:41:58.795
ProcessGuid: {817bddf3-3684-65cc-2d02-000000001900}
ProcessId: 10672
Image: C:\Users\CyberJunkie\Downloads\Preventivo24.02.14.exe.exe
TargetObject: HKLM\System\CurrentControlSet\Services\bam\State\UserSettings\S-1-5-21-3393683511-3463148672-371912004-1001\\Device\HarddiskVolume3\Users\CyberJunkie\Downloads\Preventivo24.02.14.exe.exe
Details: Binary Data
User: wrk-pprice\CyberJunkie
",2026-02-11T19:41:58.000-0800,,Dns query (rule: DnsQuery),wrk-pprice,wrk-pprice,118908,endpoint_services_processes windows_event_signature windows_ta_data,wrk-pprice,118908,SplunkEx,25,,,,,"//_::._=--/===-==---==--====__(:_)==__:\r:_=,=_\r:_\r",,,,,informational,"4
SetValue",,13,WinEventLog:Microsoft-Windows-Sysmon/Operational,WinEventLog,DESKTOP-6DT4EHE,,,track_event_signatures,track_event_signatures,,,Microsoft Windows
,,,,,wrk-pprice,,,,,,,,,,,5,4,,,,,C:\Users\CyberJunkie\Downloads\Preventivo24.02.14.exe.exe,,,,,,None,Microsoft-Windows-Sysmon/Operational,,,"Process terminated:
RuleName: -
UtcTime: 2024-02-14 03:41:58.795
ProcessGuid: {817bddf3-3684-65cc-2d02-000000001900}
ProcessId: 10672
Image: C:\Users\CyberJunkie\Downloads\Preventivo24.02.14.exe.exe
User: wrk-pprice\CyberJunkie",Info,,,,,,,,,{817bddf3-3684-65cc-2d02-000000001900},10672,,,,,,118907,-,S-1-5-18,5,,,,,,,,Microsoft-Windows-Sysmon,,,,,,,,,,,,,Dns query (rule: DnsQuery),,Information,"SYSTEM
wrk-pprice\CyberJunkie",41:58.8,"02/11/2026 07:41:58.799 PM
LogName=Microsoft-Windows-Sysmon/Operational
EventCode=5
EventType=4
ComputerName=wrk-pprice
User=SYSTEM
Sid=S-1-5-18
SidType=5
SourceName=Microsoft-Windows-Sysmon
Type=Information
RecordNumber=118907
Keywords=None
TaskCategory=Dns query (rule: DnsQuery)
OpCode=Info
Message=Process terminated:
RuleName: -
UtcTime: 2024-02-14 03:41:58.795
ProcessGuid: {817bddf3-3684-65cc-2d02-000000001900}
ProcessId: 10672
Image: C:\Users\CyberJunkie\Downloads\Preventivo24.02.14.exe.exe
User: wrk-pprice\CyberJunkie
",2026-02-11T19:41:58.000-0800,,Dns query (rule: DnsQuery),wrk-pprice,wrk-pprice,118907,endpoint_services_processes windows_event_signature windows_ta_data,wrk-pprice,118907,SplunkEx,22,,,,,//_::._=--/===-==---==--====__(:_)==_:\r:_-\r:_--_::,,,,,informational,4,,5,WinEventLog:Microsoft-Windows-Sysmon/Operational,WinEventLog,DESKTOP-6DT4EHE,,,track_event_signatures,track_event_signatures,,,Microsoft Windows
,,,,,wrk-pprice,,,,,,,,,,,22,4,,,,,C:\Users\CyberJunkie\Downloads\Preventivo24.02.14.exe.exe,,,,,,None,Microsoft-Windows-Sysmon/Operational,,,"Dns query:
RuleName: -
UtcTime: 2024-02-14 03:41:56.955
ProcessGuid: {817bddf3-3684-65cc-2d02-000000001900}
ProcessId: 10672
QueryName: www.example.com
QueryStatus: 0
QueryResults: ::ffff:93.184.216.34;199.43.135.53;2001:500:8f::53;199.43.133.53;2001:500:8d::53;
Image: C:\Users\CyberJunkie\Downloads\Preventivo24.02.14.exe.exe
User: wrk-pprice\CyberJunkie",Info,,,,,,,,,{817bddf3-3684-65cc-2d02-000000001900},10672,,,www.example.com,::ffff:93.184.216.34;199.43.135.53;2001:500:8f::53;199.43.133.53;2001:500:8d::53;,0,118906,-,S-1-5-18,5,,,,,,,,Microsoft-Windows-Sysmon,,,,,,,,,,,,,Dns query (rule: DnsQuery),,Information,"SYSTEM
wrk-pprice\CyberJunkie",41:57.0,"02/11/2026 07:41:58.764 PM
LogName=Microsoft-Windows-Sysmon/Operational
EventCode=22
EventType=4
ComputerName=wrk-pprice
User=SYSTEM
Sid=S-1-5-18
SidType=5
SourceName=Microsoft-Windows-Sysmon
Type=Information
RecordNumber=118906
Keywords=None
TaskCategory=Dns query (rule: DnsQuery)
OpCode=Info
Message=Dns query:
RuleName: -
UtcTime: 2024-02-14 03:41:56.955
ProcessGuid: {817bddf3-3684-65cc-2d02-000000001900}
ProcessId: 10672
QueryName: www.example.com
QueryStatus: 0
QueryResults: ::ffff:93.184.216.34;199.43.135.53;2001:500:8f::53;199.43.133.53;2001:500:8d::53;
Image: C:\Users\CyberJunkie\Downloads\Preventivo24.02.14.exe.exe
User: wrk-pprice\CyberJunkie
",2026-02-11T19:41:58.000-0800,,Dns query (rule: DnsQuery),wrk-pprice,wrk-pprice,118906,endpoint_services_processes windows_event_signature windows_ta_data,wrk-pprice,118906,SplunkEx,25,,,,,//_::._=--/===-==---==--====__(:_)==_:\r:_-\r:_--_::,,,,,informational,4,,22,WinEventLog:Microsoft-Windows-Sysmon/Operational,WinEventLog,DESKTOP-6DT4EHE,,,track_event_signatures,track_event_signatures,,,Microsoft Windows
TRUE,,,,,wrk-pprice,,,,,,,,,,,23,4,,,,"SHA1=A8F96C8708E0BD23FC9F0B959C49863080A188DD,MD5=7065625D4F5E1730EADE5A9B4B5A6948,SHA256=4D12FEBD622266220AA2DD2074972EE82545C144DC599F68866212A29DB9F442,IMPHASH=EF1E9DDE52DC9EAC6CA5A709346FB484",C:\Users\CyberJunkie\Downloads\Preventivo24.02.14.exe.exe,,,,,TRUE,None,Microsoft-Windows-Sysmon/Operational,,,"File Delete archived:
RuleName: Executables
UtcTime: 2024-02-14 03:41:58.748
ProcessGuid: {817bddf3-3684-65cc-2d02-000000001900}
ProcessId: 10672
User: wrk-pprice\CyberJunkie
Image: C:\Users\CyberJunkie\Downloads\Preventivo24.02.14.exe.exe
TargetFilename: C:\Users\CyberJunkie\AppData\Roaming\Photo and Fax Vn\Photo and vn 1.1.2\install\F97891C\WindowsVolume\Games\vnchooks.dll
Hashes: SHA1=A8F96C8708E0BD23FC9F0B959C49863080A188DD,MD5=7065625D4F5E1730EADE5A9B4B5A6948,SHA256=4D12FEBD622266220AA2DD2074972EE82545C144DC599F68866212A29DB9F442,IMPHASH=EF1E9DDE52DC9EAC6CA5A709346FB484
IsExecutable: true
Archived: true",Info,,,,,,,,,{817bddf3-3684-65cc-2d02-000000001900},10672,,,,,,118905,Executables,S-1-5-18,5,,,,,,,,Microsoft-Windows-Sysmon,,,,,,,C:\Users\CyberJunkie\AppData\Roaming\Photo and Fax Vn\Photo and vn 1.1.2\install\F97891C\WindowsVolume\Games\vnchooks.dll,,,,,,Dns query (rule: DnsQuery),,Information,"SYSTEM
wrk-pprice\CyberJunkie",41:58.7,"02/11/2026 07:41:58.763 PM
LogName=Microsoft-Windows-Sysmon/Operational
EventCode=23
EventType=4
ComputerName=wrk-pprice
User=SYSTEM
Sid=S-1-5-18
SidType=5
SourceName=Microsoft-Windows-Sysmon
Type=Information
RecordNumber=118905
Keywords=None
TaskCategory=Dns query (rule: DnsQuery)
OpCode=Info
Message=File Delete archived:
RuleName: Executables
UtcTime: 2024-02-14 03:41:58.748
ProcessGuid: {817bddf3-3684-65cc-2d02-000000001900}
ProcessId: 10672
User: wrk-pprice\CyberJunkie
Image: C:\Users\CyberJunkie\Downloads\Preventivo24.02.14.exe.exe
TargetFilename: C:\Users\CyberJunkie\AppData\Roaming\Photo and Fax Vn\Photo and vn 1.1.2\install\F97891C\WindowsVolume\Games\vnchooks.dll
Hashes: SHA1=A8F96C8708E0BD23FC9F0B959C49863080A188DD,MD5=7065625D4F5E1730EADE5A9B4B5A6948,SHA256=4D12FEBD622266220AA2DD2074972EE82545C144DC599F68866212A29DB9F442,IMPHASH=EF1E9DDE52DC9EAC6CA5A709346FB484
IsExecutable: true
Archived: true
",2026-02-11T19:41:58.000-0800,,Dns query (rule: DnsQuery),wrk-pprice,wrk-pprice,118905,endpoint_services_processes windows_event_signature windows_ta_data,wrk-pprice,118905,SplunkEx,26,,,,,//_::._=--/===-==---==--====__(:_)==__:\r:_\r:_--_::,,,,,informational,4,,23,WinEventLog:Microsoft-Windows-Sysmon/Operational,WinEventLog,DESKTOP-6DT4EHE,,,track_event_signatures,track_event_signatures,,,Microsoft Windows
TRUE,,,,,wrk-pprice,,,,,,,,,,,23,4,,,,"SHA1=8172071A639681934D3DC77189EB88A04C8BCFAC,MD5=29ED7D64CE8003C0139CCCB04D9AF7F0,SHA256=E48AAC5148B261371C714B9E00268809832E4F82D23748E44F5CFBBF20CA3D3F,IMPHASH=8AC12C005CCBDB38AAA8071E1F1ADD70",C:\Users\CyberJunkie\Downloads\Preventivo24.02.14.exe.exe,,,,,TRUE,None,Microsoft-Windows-Sysmon/Operational,,,"File Delete archived:
RuleName: Executables
UtcTime: 2024-02-14 03:41:58.748
ProcessGuid: {817bddf3-3684-65cc-2d02-000000001900}
ProcessId: 10672
User: wrk-pprice\CyberJunkie
Image: C:\Users\CyberJunkie\Downloads\Preventivo24.02.14.exe.exe
TargetFilename: C:\Users\CyberJunkie\AppData\Roaming\Photo and Fax Vn\Photo and vn 1.1.2\install\F97891C\WindowsVolume\Games\viewer.exe
Hashes: SHA1=8172071A639681934D3DC77189EB88A04C8BCFAC,MD5=29ED7D64CE8003C0139CCCB04D9AF7F0,SHA256=E48AAC5148B261371C714B9E00268809832E4F82D23748E44F5CFBBF20CA3D3F,IMPHASH=8AC12C005CCBDB38AAA8071E1F1ADD70
IsExecutable: true
Archived: true",Info,,,,,,,,,{817bddf3-3684-65cc-2d02-000000001900},10672,,,,,,118904,Executables,S-1-5-18,5,,,,,,,,Microsoft-Windows-Sysmon,,,,,,,C:\Users\CyberJunkie\AppData\Roaming\Photo and Fax Vn\Photo and vn 1.1.2\install\F97891C\WindowsVolume\Games\viewer.exe,,,,,,Dns query (rule: DnsQuery),,Information,"SYSTEM
wrk-pprice\CyberJunkie",41:58.7,"02/11/2026 07:41:58.762 PM
LogName=Microsoft-Windows-Sysmon/Operational
EventCode=23
EventType=4
ComputerName=wrk-pprice
User=SYSTEM
Sid=S-1-5-18
SidType=5
SourceName=Microsoft-Windows-Sysmon
Type=Information
RecordNumber=118904
Keywords=None
TaskCategory=Dns query (rule: DnsQuery)
OpCode=Info
Message=File Delete archived:
RuleName: Executables
UtcTime: 2024-02-14 03:41:58.748
ProcessGuid: {817bddf3-3684-65cc-2d02-000000001900}
ProcessId: 10672
User: wrk-pprice\CyberJunkie
Image: C:\Users\CyberJunkie\Downloads\Preventivo24.02.14.exe.exe
TargetFilename: C:\Users\CyberJunkie\AppData\Roaming\Photo and Fax Vn\Photo and vn 1.1.2\install\F97891C\WindowsVolume\Games\viewer.exe
Hashes: SHA1=8172071A639681934D3DC77189EB88A04C8BCFAC,MD5=29ED7D64CE8003C0139CCCB04D9AF7F0,SHA256=E48AAC5148B261371C714B9E00268809832E4F82D23748E44F5CFBBF20CA3D3F,IMPHASH=8AC12C005CCBDB38AAA8071E1F1ADD70
IsExecutable: true
Archived: true
",2026-02-11T19:41:58.000-0800,,Dns query (rule: DnsQuery),wrk-pprice,wrk-pprice,118904,endpoint_services_processes windows_event_signature windows_ta_data,wrk-pprice,118904,SplunkEx,26,,,,,//_::._=--/===-==---==--====__(:_)==__:\r:_\r:_--_::,,,,,informational,4,,23,WinEventLog:Microsoft-Windows-Sysmon/Operational,WinEventLog,DESKTOP-6DT4EHE,,,track_event_signatures,track_event_signatures,,,Microsoft Windows
TRUE,,,,,wrk-pprice,,,,,,,,,,,23,4,,,,"SHA1=644D473097112A48338202A418911716AAC5B9D8,MD5=E818AB67C68E3EE621A8888FBBF2F266,SHA256=FF9D8F7FC2C3F5D0AFAF6F76E87D41FEEABF54FACBE26DC59661A78830F32972,IMPHASH=99B1C563DEA009BEF9B7DD9F16A80DC9",C:\Users\CyberJunkie\Downloads\Preventivo24.02.14.exe.exe,,,,,TRUE,None,Microsoft-Windows-Sysmon/Operational,,,"File Delete archived:
RuleName: Executables
UtcTime: 2024-02-14 03:41:58.748
ProcessGuid: {817bddf3-3684-65cc-2d02-000000001900}
ProcessId: 10672
User: wrk-pprice\CyberJunkie
Image: C:\Users\CyberJunkie\Downloads\Preventivo24.02.14.exe.exe
TargetFilename: C:\Users\CyberJunkie\AppData\Roaming\Photo and Fax Vn\Photo and vn 1.1.2\install\F97891C\WindowsVolume\Games\UVncVirtualDisplay\UVncVirtualDisplay.dll
Hashes: SHA1=644D473097112A48338202A418911716AAC5B9D8,MD5=E818AB67C68E3EE621A8888FBBF2F266,SHA256=FF9D8F7FC2C3F5D0AFAF6F76E87D41FEEABF54FACBE26DC59661A78830F32972,IMPHASH=99B1C563DEA009BEF9B7DD9F16A80DC9
IsExecutable: true
Archived: true",Info,,,,,,,,,{817bddf3-3684-65cc-2d02-000000001900},10672,,,,,,118903,Executables,S-1-5-18,5,,,,,,,,Microsoft-Windows-Sysmon,,,,,,,C:\Users\CyberJunkie\AppData\Roaming\Photo and Fax Vn\Photo and vn 1.1.2\install\F97891C\WindowsVolume\Games\UVncVirtualDisplay\UVncVirtualDisplay.dll,,,,,,Dns query (rule: DnsQuery),,Information,"SYSTEM
wrk-pprice\CyberJunkie",41:58.7,"02/11/2026 07:41:58.758 PM
LogName=Microsoft-Windows-Sysmon/Operational
EventCode=23
EventType=4
ComputerName=wrk-pprice
User=SYSTEM
Sid=S-1-5-18
SidType=5
SourceName=Microsoft-Windows-Sysmon
Type=Information
RecordNumber=118903
Keywords=None
TaskCategory=Dns query (rule: DnsQuery)
OpCode=Info
Message=File Delete archived:
RuleName: Executables
UtcTime: 2024-02-14 03:41:58.748
ProcessGuid: {817bddf3-3684-65cc-2d02-000000001900}
ProcessId: 10672
User: wrk-pprice\CyberJunkie
Image: C:\Users\CyberJunkie\Downloads\Preventivo24.02.14.exe.exe
TargetFilename: C:\Users\CyberJunkie\AppData\Roaming\Photo and Fax Vn\Photo and vn 1.1.2\install\F97891C\WindowsVolume\Games\UVncVirtualDisplay\UVncVirtualDisplay.dll
Hashes: SHA1=644D473097112A48338202A418911716AAC5B9D8,MD5=E818AB67C68E3EE621A8888FBBF2F266,SHA256=FF9D8F7FC2C3F5D0AFAF6F76E87D41FEEABF54FACBE26DC59661A78830F32972,IMPHASH=99B1C563DEA009BEF9B7DD9F16A80DC9
IsExecutable: true
Archived: true
",2026-02-11T19:41:58.000-0800,,Dns query (rule: DnsQuery),wrk-pprice,wrk-pprice,118903,endpoint_services_processes windows_event_signature windows_ta_data,wrk-pprice,118903,SplunkEx,26,,,,,//_::._=--/===-==---==--====__(:_)==__:\r:_\r:_--_::,,,,,informational,4,,23,WinEventLog:Microsoft-Windows-Sysmon/Operational,WinEventLog,DESKTOP-6DT4EHE,,,track_event_signatures,track_event_signatures,,,Microsoft Windows
TRUE,,,,,wrk-pprice,,,,,,,,,,,23,4,,,,"SHA1=6F3E790D8E42A7C1655C37A64852BAB9EEAADCEE,MD5=663FE548A57BBD487144EC8226A7A549,SHA256=3FB38EEFB8DB4D52BE428FACC8A242997AB2AD58A8D08980A7688C9BF0B30454,IMPHASH=E17D69C6298036078D46D8E30D522921",C:\Users\CyberJunkie\Downloads\Preventivo24.02.14.exe.exe,,,,,TRUE,None,Microsoft-Windows-Sysmon/Operational,,,"File Delete archived:
RuleName: Executables
UtcTime: 2024-02-14 03:41:58.748
ProcessGuid: {817bddf3-3684-65cc-2d02-000000001900}
ProcessId: 10672
User: wrk-pprice\CyberJunkie
Image: C:\Users\CyberJunkie\Downloads\Preventivo24.02.14.exe.exe
TargetFilename: C:\Users\CyberJunkie\AppData\Roaming\Photo and Fax Vn\Photo and vn 1.1.2\install\F97891C\WindowsVolume\Games\taskhost.exe
Hashes: SHA1=6F3E790D8E42A7C1655C37A64852BAB9EEAADCEE,MD5=663FE548A57BBD487144EC8226A7A549,SHA256=3FB38EEFB8DB4D52BE428FACC8A242997AB2AD58A8D08980A7688C9BF0B30454,IMPHASH=E17D69C6298036078D46D8E30D522921
IsExecutable: true
Archived: true",Info,,,,,,,,,{817bddf3-3684-65cc-2d02-000000001900},10672,,,,,,118902,Executables,S-1-5-18,5,,,,,,,,Microsoft-Windows-Sysmon,,,,,,,C:\Users\CyberJunkie\AppData\Roaming\Photo and Fax Vn\Photo and vn 1.1.2\install\F97891C\WindowsVolume\Games\taskhost.exe,,,,,,Dns query (rule: DnsQuery),,Information,"SYSTEM
wrk-pprice\CyberJunkie",41:58.7,"02/11/2026 07:41:58.756 PM
LogName=Microsoft-Windows-Sysmon/Operational
EventCode=23
EventType=4
ComputerName=wrk-pprice
User=SYSTEM
Sid=S-1-5-18
SidType=5
SourceName=Microsoft-Windows-Sysmon
Type=Information
RecordNumber=118902
Keywords=None
TaskCategory=Dns query (rule: DnsQuery)
OpCode=Info
Message=File Delete archived:
RuleName: Executables
UtcTime: 2024-02-14 03:41:58.748
ProcessGuid: {817bddf3-3684-65cc-2d02-000000001900}
ProcessId: 10672
User: wrk-pprice\CyberJunkie
Image: C:\Users\CyberJunkie\Downloads\Preventivo24.02.14.exe.exe
TargetFilename: C:\Users\CyberJunkie\AppData\Roaming\Photo and Fax Vn\Photo and vn 1.1.2\install\F97891C\WindowsVolume\Games\taskhost.exe
Hashes: SHA1=6F3E790D8E42A7C1655C37A64852BAB9EEAADCEE,MD5=663FE548A57BBD487144EC8226A7A549,SHA256=3FB38EEFB8DB4D52BE428FACC8A242997AB2AD58A8D08980A7688C9BF0B30454,IMPHASH=E17D69C6298036078D46D8E30D522921
IsExecutable: true
Archived: true
",2026-02-11T19:41:58.000-0800,,Dns query (rule: DnsQuery),wrk-pprice,wrk-pprice,118902,endpoint_services_processes windows_event_signature windows_ta_data,wrk-pprice,118902,SplunkEx,26,,,,,//_::._=--/===-==---==--====__(:_)==__:\r:_\r:_--_::,,,,,informational,4,,23,WinEventLog:Microsoft-Windows-Sysmon/Operational,WinEventLog,DESKTOP-6DT4EHE,,,track_event_signatures,track_event_signatures,,,Microsoft Windows
TRUE,,,,,wrk-pprice,,,,,,,,,,,23,4,,,,"SHA1=A7A73BD177B58847F42DAE48DA443E33482DD337,MD5=AA6C669C39D9BE8B6289F10DAAFBA6F3,SHA256=C5BF02C8C23DBF8798D87FAD91EA44A3153FC1026248BD931F360BA0D6C5989E,IMPHASH=00000000000000000000000000000000",C:\Users\CyberJunkie\Downloads\Preventivo24.02.14.exe.exe,,,,,FALSE,None,Microsoft-Windows-Sysmon/Operational,,,"File Delete archived:
RuleName: other interesting files
UtcTime: 2024-02-14 03:41:58.733
ProcessGuid: {817bddf3-3684-65cc-2d02-000000001900}
ProcessId: 10672
User: wrk-pprice\CyberJunkie
Image: C:\Users\CyberJunkie\Downloads\Preventivo24.02.14.exe.exe
TargetFilename: C:\Users\CyberJunkie\AppData\Roaming\Photo and Fax Vn\Photo and vn 1.1.2\install\F97891C\WindowsVolume\Games\powercfg.msi
Hashes: SHA1=A7A73BD177B58847F42DAE48DA443E33482DD337,MD5=AA6C669C39D9BE8B6289F10DAAFBA6F3,SHA256=C5BF02C8C23DBF8798D87FAD91EA44A3153FC1026248BD931F360BA0D6C5989E,IMPHASH=00000000000000000000000000000000
IsExecutable: false
Archived: true",Info,,,,,,,,,{817bddf3-3684-65cc-2d02-000000001900},10672,,,,,,118901,other interesting files,S-1-5-18,5,,,,,,,,Microsoft-Windows-Sysmon,,,,,,,C:\Users\CyberJunkie\AppData\Roaming\Photo and Fax Vn\Photo and vn 1.1.2\install\F97891C\WindowsVolume\Games\powercfg.msi,,,,,,Dns query (rule: DnsQuery),,Information,"SYSTEM
wrk-pprice\CyberJunkie",41:58.7,"02/11/2026 07:41:58.746 PM
LogName=Microsoft-Windows-Sysmon/Operational
EventCode=23
EventType=4
ComputerName=wrk-pprice
User=SYSTEM
Sid=S-1-5-18
SidType=5
SourceName=Microsoft-Windows-Sysmon
Type=Information
RecordNumber=118901
Keywords=None
TaskCategory=Dns query (rule: DnsQuery)
OpCode=Info
Message=File Delete archived:
RuleName: other interesting files
UtcTime: 2024-02-14 03:41:58.733
ProcessGuid: {817bddf3-3684-65cc-2d02-000000001900}
ProcessId: 10672
User: wrk-pprice\CyberJunkie
Image: C:\Users\CyberJunkie\Downloads\Preventivo24.02.14.exe.exe
TargetFilename: C:\Users\CyberJunkie\AppData\Roaming\Photo and Fax Vn\Photo and vn 1.1.2\install\F97891C\WindowsVolume\Games\powercfg.msi
Hashes: SHA1=A7A73BD177B58847F42DAE48DA443E33482DD337,MD5=AA6C669C39D9BE8B6289F10DAAFBA6F3,SHA256=C5BF02C8C23DBF8798D87FAD91EA44A3153FC1026248BD931F360BA0D6C5989E,IMPHASH=00000000000000000000000000000000
IsExecutable: false
Archived: true
",2026-02-11T19:41:58.000-0800,,Dns query (rule: DnsQuery),wrk-pprice,wrk-pprice,118901,endpoint_services_processes windows_event_signature windows_ta_data,wrk-pprice,118901,SplunkEx,26,,,,,//_::._=--/===-==---==--====__(:_)==__:\r:___\r:_--_,,,,,informational,4,,23,WinEventLog:Microsoft-Windows-Sysmon/Operational,WinEventLog,DESKTOP-6DT4EHE,,,track_event_signatures,track_event_signatures,,,Microsoft Windows
false - shredded file with pattern 0x74697865,,,,,wrk-pprice,,,,,,,,,,,23,4,,,,"SHA1=DE3AC21778E51DE199438300E1A9F816C618D33A,MD5=F24F62EEB789199B9B2E467DF3B1876B,SHA256=E596899F114B5162402325DFB31FDAA792FABED718628336CC7A35A24F38EAA9,IMPHASH=00000000000000000000000000000000",C:\Users\CyberJunkie\Downloads\Preventivo24.02.14.exe.exe,,,,,FALSE,None,Microsoft-Windows-Sysmon/Operational,,,"File Delete archived:
RuleName: Scripts and payloads
UtcTime: 2024-02-14 03:41:58.733
ProcessGuid: {817bddf3-3684-65cc-2d02-000000001900}
ProcessId: 10672
User: wrk-pprice\CyberJunkie
Image: C:\Users\CyberJunkie\Downloads\Preventivo24.02.14.exe.exe
TargetFilename: C:\Users\CyberJunkie\AppData\Roaming\Photo and Fax Vn\Photo and vn 1.1.2\install\F97891C\WindowsVolume\Games\once.cmd
Hashes: SHA1=DE3AC21778E51DE199438300E1A9F816C618D33A,MD5=F24F62EEB789199B9B2E467DF3B1876B,SHA256=E596899F114B5162402325DFB31FDAA792FABED718628336CC7A35A24F38EAA9,IMPHASH=00000000000000000000000000000000
IsExecutable: false
Archived: false - shredded file with pattern 0x74697865",Info,,,,,,,,,{817bddf3-3684-65cc-2d02-000000001900},10672,,,,,,118900,Scripts and payloads,S-1-5-18,5,,,,,,,,Microsoft-Windows-Sysmon,,,,,,,C:\Users\CyberJunkie\AppData\Roaming\Photo and Fax Vn\Photo and vn 1.1.2\install\F97891C\WindowsVolume\Games\once.cmd,,,,,,Dns query (rule: DnsQuery),,Information,"SYSTEM
wrk-pprice\CyberJunkie",41:58.7,"02/11/2026 07:41:58.741 PM
LogName=Microsoft-Windows-Sysmon/Operational
EventCode=23
EventType=4
ComputerName=wrk-pprice
User=SYSTEM
Sid=S-1-5-18
SidType=5
SourceName=Microsoft-Windows-Sysmon
Type=Information
RecordNumber=118900
Keywords=None
TaskCategory=Dns query (rule: DnsQuery)
OpCode=Info
Message=File Delete archived:
RuleName: Scripts and payloads
UtcTime: 2024-02-14 03:41:58.733
ProcessGuid: {817bddf3-3684-65cc-2d02-000000001900}
ProcessId: 10672
User: wrk-pprice\CyberJunkie
Image: C:\Users\CyberJunkie\Downloads\Preventivo24.02.14.exe.exe
TargetFilename: C:\Users\CyberJunkie\AppData\Roaming\Photo and Fax Vn\Photo and vn 1.1.2\install\F97891C\WindowsVolume\Games\once.cmd
Hashes: SHA1=DE3AC21778E51DE199438300E1A9F816C618D33A,MD5=F24F62EEB789199B9B2E467DF3B1876B,SHA256=E596899F114B5162402325DFB31FDAA792FABED718628336CC7A35A24F38EAA9,IMPHASH=00000000000000000000000000000000
IsExecutable: false
Archived: false - shredded file with pattern 0x74697865
",2026-02-11T19:41:58.000-0800,,Dns query (rule: DnsQuery),wrk-pprice,wrk-pprice,118900,endpoint_services_processes windows_event_signature windows_ta_data,wrk-pprice,118900,SplunkEx,26,,,,,//_::._=--/===-==---==--====__(:_)==__:\r:___\r:_--_,,,,,informational,4,,23,WinEventLog:Microsoft-Windows-Sysmon/Operational,WinEventLog,DESKTOP-6DT4EHE,,,track_event_signatures,track_event_signatures,,,Microsoft Windows
TRUE,,,,,wrk-pprice,,,,,,,,,,,23,4,,,,"SHA1=9C1790DB6B9CBD9C5BF2B12B8FBCF6A342A6FD3A,MD5=FD877AE342E4E8B246D11700EB90B23D,SHA256=1CE4768F825372D55C1D30CE3AC41AFB913DE6299A64AE5B0AC1B3B752421D64,IMPHASH=00000000000000000000000000000000",C:\Users\CyberJunkie\Downloads\Preventivo24.02.14.exe.exe,,,,,FALSE,None,Microsoft-Windows-Sysmon/Operational,,,"File Delete archived:
RuleName: Scripts and payloads
UtcTime: 2024-02-14 03:41:58.733
ProcessGuid: {817bddf3-3684-65cc-2d02-000000001900}
ProcessId: 10672
User: wrk-pprice\CyberJunkie
Image: C:\Users\CyberJunkie\Downloads\Preventivo24.02.14.exe.exe
TargetFilename: C:\Users\CyberJunkie\AppData\Roaming\Photo and Fax Vn\Photo and vn 1.1.2\install\F97891C\WindowsVolume\Games\on.cmd
Hashes: SHA1=9C1790DB6B9CBD9C5BF2B12B8FBCF6A342A6FD3A,MD5=FD877AE342E4E8B246D11700EB90B23D,SHA256=1CE4768F825372D55C1D30CE3AC41AFB913DE6299A64AE5B0AC1B3B752421D64,IMPHASH=00000000000000000000000000000000
IsExecutable: false
Archived: true",Info,,,,,,,,,{817bddf3-3684-65cc-2d02-000000001900},10672,,,,,,118899,Scripts and payloads,S-1-5-18,5,,,,,,,,Microsoft-Windows-Sysmon,,,,,,,C:\Users\CyberJunkie\AppData\Roaming\Photo and Fax Vn\Photo and vn 1.1.2\install\F97891C\WindowsVolume\Games\on.cmd,,,,,,Dns query (rule: DnsQuery),,Information,"SYSTEM
wrk-pprice\CyberJunkie",41:58.7,"02/11/2026 07:41:58.741 PM
LogName=Microsoft-Windows-Sysmon/Operational
EventCode=23
EventType=4
ComputerName=wrk-pprice
User=SYSTEM
Sid=S-1-5-18
SidType=5
SourceName=Microsoft-Windows-Sysmon
Type=Information
RecordNumber=118899
Keywords=None
TaskCategory=Dns query (rule: DnsQuery)
OpCode=Info
Message=File Delete archived:
RuleName: Scripts and payloads
UtcTime: 2024-02-14 03:41:58.733
ProcessGuid: {817bddf3-3684-65cc-2d02-000000001900}
ProcessId: 10672
User: wrk-pprice\CyberJunkie
Image: C:\Users\CyberJunkie\Downloads\Preventivo24.02.14.exe.exe
TargetFilename: C:\Users\CyberJunkie\AppData\Roaming\Photo and Fax Vn\Photo and vn 1.1.2\install\F97891C\WindowsVolume\Games\on.cmd
Hashes: SHA1=9C1790DB6B9CBD9C5BF2B12B8FBCF6A342A6FD3A,MD5=FD877AE342E4E8B246D11700EB90B23D,SHA256=1CE4768F825372D55C1D30CE3AC41AFB913DE6299A64AE5B0AC1B3B752421D64,IMPHASH=00000000000000000000000000000000
IsExecutable: false
Archived: true
",2026-02-11T19:41:58.000-0800,,Dns query (rule: DnsQuery),wrk-pprice,wrk-pprice,118899,endpoint_services_processes windows_event_signature windows_ta_data,wrk-pprice,118899,SplunkEx,26,,,,,//_::._=--/===-==---==--====__(:_)==__:\r:___\r:_--_,,,,,informational,4,,23,WinEventLog:Microsoft-Windows-Sysmon/Operational,WinEventLog,DESKTOP-6DT4EHE,,,track_event_signatures,track_event_signatures,,,Microsoft Windows
TRUE,,,,,wrk-pprice,,,,,,,,,,,23,4,,,,"SHA1=E3A30BC84D733ED907A2CBBFC3F5E16900A5B2CE,MD5=1D34EBEE7F7B9966DC449388438E80D5,SHA256=0D44439A0425DF8ABF338BD1496679A144DD705A51832A05C1A4ED1F76756EBA,IMPHASH=468470EEAE49DF9D49455D0FA0C02FD0",C:\Users\CyberJunkie\Downloads\Preventivo24.02.14.exe.exe,,,,,TRUE,None,Microsoft-Windows-Sysmon/Operational,,,"File Delete archived:
RuleName: Executables
UtcTime: 2024-02-14 03:41:58.733
ProcessGuid: {817bddf3-3684-65cc-2d02-000000001900}
ProcessId: 10672
User: wrk-pprice\CyberJunkie
Image: C:\Users\CyberJunkie\Downloads\Preventivo24.02.14.exe.exe
TargetFilename: C:\Users\CyberJunkie\AppData\Roaming\Photo and Fax Vn\Photo and vn 1.1.2\install\F97891C\WindowsVolume\Games\ddengine.dll
Hashes: SHA1=E3A30BC84D733ED907A2CBBFC3F5E16900A5B2CE,MD5=1D34EBEE7F7B9966DC449388438E80D5,SHA256=0D44439A0425DF8ABF338BD1496679A144DD705A51832A05C1A4ED1F76756EBA,IMPHASH=468470EEAE49DF9D49455D0FA0C02FD0
IsExecutable: true
Archived: true",Info,,,,,,,,,{817bddf3-3684-65cc-2d02-000000001900},10672,,,,,,118898,Executables,S-1-5-18,5,,,,,,,,Microsoft-Windows-Sysmon,,,,,,,C:\Users\CyberJunkie\AppData\Roaming\Photo and Fax Vn\Photo and vn 1.1.2\install\F97891C\WindowsVolume\Games\ddengine.dll,,,,,,Dns query (rule: DnsQuery),,Information,"SYSTEM
wrk-pprice\CyberJunkie",41:58.7,"02/11/2026 07:41:58.740 PM
LogName=Microsoft-Windows-Sysmon/Operational
EventCode=23
EventType=4
ComputerName=wrk-pprice
User=SYSTEM
Sid=S-1-5-18
SidType=5
SourceName=Microsoft-Windows-Sysmon
Type=Information
RecordNumber=118898
Keywords=None
TaskCategory=Dns query (rule: DnsQuery)
OpCode=Info
Message=File Delete archived:
RuleName: Executables
UtcTime: 2024-02-14 03:41:58.733
ProcessGuid: {817bddf3-3684-65cc-2d02-000000001900}
ProcessId: 10672
User: wrk-pprice\CyberJunkie
Image: C:\Users\CyberJunkie\Downloads\Preventivo24.02.14.exe.exe
TargetFilename: C:\Users\CyberJunkie\AppData\Roaming\Photo and Fax Vn\Photo and vn 1.1.2\install\F97891C\WindowsVolume\Games\ddengine.dll
Hashes: SHA1=E3A30BC84D733ED907A2CBBFC3F5E16900A5B2CE,MD5=1D34EBEE7F7B9966DC449388438E80D5,SHA256=0D44439A0425DF8ABF338BD1496679A144DD705A51832A05C1A4ED1F76756EBA,IMPHASH=468470EEAE49DF9D49455D0FA0C02FD0
IsExecutable: true
Archived: true
",2026-02-11T19:41:58.000-0800,,Dns query (rule: DnsQuery),wrk-pprice,wrk-pprice,118898,endpoint_services_processes windows_event_signature windows_ta_data,wrk-pprice,118898,SplunkEx,26,,,,,//_::._=--/===-==---==--====__(:_)==__:\r:_\r:_--_::,,,,,informational,4,,23,WinEventLog:Microsoft-Windows-Sysmon/Operational,WinEventLog,DESKTOP-6DT4EHE,,,track_event_signatures,track_event_signatures,,,Microsoft Windows
TRUE,,,,,wrk-pprice,,,,,,,,,,,23,4,,,,"SHA1=FC90A4B0428DF537ED3FEE1A1B2E25C3C2A07D5A,MD5=76147E456F8F392405B1FBAC4F315A30,SHA256=D69E739F18BD24DB5CFD451FB2BDAB32B4EFEEF41145B75CB89C7DC56641852D,IMPHASH=00000000000000000000000000000000",C:\Users\CyberJunkie\Downloads\Preventivo24.02.14.exe.exe,,,,,FALSE,None,Microsoft-Windows-Sysmon/Operational,,,"File Delete archived:
RuleName: Scripts and payloads
UtcTime: 2024-02-14 03:41:58.733
ProcessGuid: {817bddf3-3684-65cc-2d02-000000001900}
ProcessId: 10672
User: wrk-pprice\CyberJunkie
Image: C:\Users\CyberJunkie\Downloads\Preventivo24.02.14.exe.exe
TargetFilename: C:\Users\CyberJunkie\AppData\Roaming\Photo and Fax Vn\Photo and vn 1.1.2\install\F97891C\WindowsVolume\Games\cmmc.cmd
Hashes: SHA1=FC90A4B0428DF537ED3FEE1A1B2E25C3C2A07D5A,MD5=76147E456F8F392405B1FBAC4F315A30,SHA256=D69E739F18BD24DB5CFD451FB2BDAB32B4EFEEF41145B75CB89C7DC56641852D,IMPHASH=00000000000000000000000000000000
IsExecutable: false
Archived: true",Info,,,,,,,,,{817bddf3-3684-65cc-2d02-000000001900},10672,,,,,,118897,Scripts and payloads,S-1-5-18,5,,,,,,,,Microsoft-Windows-Sysmon,,,,,,,C:\Users\CyberJunkie\AppData\Roaming\Photo and Fax Vn\Photo and vn 1.1.2\install\F97891C\WindowsVolume\Games\cmmc.cmd,,,,,,Dns query (rule: DnsQuery),,Information,"SYSTEM
wrk-pprice\CyberJunkie",41:58.7,"02/11/2026 07:41:58.738 PM
LogName=Microsoft-Windows-Sysmon/Operational
EventCode=23
EventType=4
ComputerName=wrk-pprice
User=SYSTEM
Sid=S-1-5-18
SidType=5
SourceName=Microsoft-Windows-Sysmon
Type=Information
RecordNumber=118897
Keywords=None
TaskCategory=Dns query (rule: DnsQuery)
OpCode=Info
Message=File Delete archived:
RuleName: Scripts and payloads
UtcTime: 2024-02-14 03:41:58.733
ProcessGuid: {817bddf3-3684-65cc-2d02-000000001900}
ProcessId: 10672
User: wrk-pprice\CyberJunkie
Image: C:\Users\CyberJunkie\Downloads\Preventivo24.02.14.exe.exe
TargetFilename: C:\Users\CyberJunkie\AppData\Roaming\Photo and Fax Vn\Photo and vn 1.1.2\install\F97891C\WindowsVolume\Games\cmmc.cmd
Hashes: SHA1=FC90A4B0428DF537ED3FEE1A1B2E25C3C2A07D5A,MD5=76147E456F8F392405B1FBAC4F315A30,SHA256=D69E739F18BD24DB5CFD451FB2BDAB32B4EFEEF41145B75CB89C7DC56641852D,IMPHASH=00000000000000000000000000000000
IsExecutable: false
Archived: true
",2026-02-11T19:41:58.000-0800,,Dns query (rule: DnsQuery),wrk-pprice,wrk-pprice,118897,endpoint_services_processes windows_event_signature windows_ta_data,wrk-pprice,118897,SplunkEx,26,,,,,//_::._=--/===-==---==--====__(:_)==__:\r:___\r:_--_,,,,,informational,4,,23,WinEventLog:Microsoft-Windows-Sysmon/Operational,WinEventLog,DESKTOP-6DT4EHE,,,track_event_signatures,track_event_signatures,,,Microsoft Windows
TRUE,,,,,wrk-pprice,,,,,,,,,,,23,4,,,,"SHA1=FC8D881BF7B13DF8E7BF31B6F811F53C44F8336D,MD5=B9B8C2AD3F16DD1EE7518B5B4ED165B1,SHA256=C2AB7B8701BDC36198A8F01791C8A3479EF3E8BCC6CCD3BD8C2F60DD9672E8E1,IMPHASH=00000000000000000000000000000000",C:\Users\CyberJunkie\Downloads\Preventivo24.02.14.exe.exe,,,,,FALSE,None,Microsoft-Windows-Sysmon/Operational,,,"File Delete archived:
RuleName: Scripts and payloads
UtcTime: 2024-02-14 03:41:58.733
ProcessGuid: {817bddf3-3684-65cc-2d02-000000001900}
ProcessId: 10672
User: wrk-pprice\CyberJunkie
Image: C:\Users\CyberJunkie\Downloads\Preventivo24.02.14.exe.exe
TargetFilename: C:\Users\CyberJunkie\AppData\Roaming\Photo and Fax Vn\Photo and vn 1.1.2\install\F97891C\WindowsVolume\Games\c.cmd
Hashes: SHA1=FC8D881BF7B13DF8E7BF31B6F811F53C44F8336D,MD5=B9B8C2AD3F16DD1EE7518B5B4ED165B1,SHA256=C2AB7B8701BDC36198A8F01791C8A3479EF3E8BCC6CCD3BD8C2F60DD9672E8E1,IMPHASH=00000000000000000000000000000000
IsExecutable: false
Archived: true",Info,,,,,,,,,{817bddf3-3684-65cc-2d02-000000001900},10672,,,,,,118896,Scripts and payloads,S-1-5-18,5,,,,,,,,Microsoft-Windows-Sysmon,,,,,,,C:\Users\CyberJunkie\AppData\Roaming\Photo and Fax Vn\Photo and vn 1.1.2\install\F97891C\WindowsVolume\Games\c.cmd,,,,,,Dns query (rule: DnsQuery),,Information,"SYSTEM
wrk-pprice\CyberJunkie",41:58.7,"02/11/2026 07:41:58.737 PM
LogName=Microsoft-Windows-Sysmon/Operational
EventCode=23
EventType=4
ComputerName=wrk-pprice
User=SYSTEM
Sid=S-1-5-18
SidType=5
SourceName=Microsoft-Windows-Sysmon
Type=Information
RecordNumber=118896
Keywords=None
TaskCategory=Dns query (rule: DnsQuery)
OpCode=Info
Message=File Delete archived:
RuleName: Scripts and payloads
UtcTime: 2024-02-14 03:41:58.733
ProcessGuid: {817bddf3-3684-65cc-2d02-000000001900}
ProcessId: 10672
User: wrk-pprice\CyberJunkie
Image: C:\Users\CyberJunkie\Downloads\Preventivo24.02.14.exe.exe
TargetFilename: C:\Users\CyberJunkie\AppData\Roaming\Photo and Fax Vn\Photo and vn 1.1.2\install\F97891C\WindowsVolume\Games\c.cmd
Hashes: SHA1=FC8D881BF7B13DF8E7BF31B6F811F53C44F8336D,MD5=B9B8C2AD3F16DD1EE7518B5B4ED165B1,SHA256=C2AB7B8701BDC36198A8F01791C8A3479EF3E8BCC6CCD3BD8C2F60DD9672E8E1,IMPHASH=00000000000000000000000000000000
IsExecutable: false
Archived: true
",2026-02-11T19:41:58.000-0800,,Dns query (rule: DnsQuery),wrk-pprice,wrk-pprice,118896,endpoint_services_processes windows_event_signature windows_ta_data,wrk-pprice,118896,SplunkEx,26,,,,,//_::._=--/===-==---==--====__(:_)==__:\r:___\r:_--_,,,,,informational,4,,23,WinEventLog:Microsoft-Windows-Sysmon/Operational,WinEventLog,DESKTOP-6DT4EHE,,,track_event_signatures,track_event_signatures,,,Microsoft Windows
TRUE,,,,,wrk-pprice,,,,,,,,,,,23,4,,,,"SHA1=F93D54BC3E20316DD9B596D4EB0FE22BD9F1D4D8,MD5=E3B54910AAE9324A7D56E5B22044104E,SHA256=01FA678A302763B83703F0449FC63309CF7677FC119D2755DEFAD6DEA9D25BCD,IMPHASH=00000000000000000000000000000000",C:\Users\CyberJunkie\Downloads\Preventivo24.02.14.exe.exe,,,,,FALSE,None,Microsoft-Windows-Sysmon/Operational,,,"File Delete archived:
RuleName: Office documents
UtcTime: 2024-02-14 03:41:58.733
ProcessGuid: {817bddf3-3684-65cc-2d02-000000001900}
ProcessId: 10672
User: wrk-pprice\CyberJunkie
Image: C:\Users\CyberJunkie\Downloads\Preventivo24.02.14.exe.exe
TargetFilename: C:\Users\CyberJunkie\AppData\Roaming\Photo and Fax Vn\Photo and vn 1.1.2\install\F97891C\TempFolder\~.pdf
Hashes: SHA1=F93D54BC3E20316DD9B596D4EB0FE22BD9F1D4D8,MD5=E3B54910AAE9324A7D56E5B22044104E,SHA256=01FA678A302763B83703F0449FC63309CF7677FC119D2755DEFAD6DEA9D25BCD,IMPHASH=00000000000000000000000000000000
IsExecutable: false
Archived: true",Info,,,,,,,,,{817bddf3-3684-65cc-2d02-000000001900},10672,,,,,,118895,Office documents,S-1-5-18,5,,,,,,,,Microsoft-Windows-Sysmon,,,,,,,C:\Users\CyberJunkie\AppData\Roaming\Photo and Fax Vn\Photo and vn 1.1.2\install\F97891C\TempFolder\~.pdf,,,,,,Dns query (rule: DnsQuery),,Information,"SYSTEM
wrk-pprice\CyberJunkie",41:58.7,"02/11/2026 07:41:58.736 PM
LogName=Microsoft-Windows-Sysmon/Operational
EventCode=23
