EventType=4
ComputerName=wrk-pprice
User=SYSTEM
Sid=S-1-5-18
SidType=5
SourceName=Microsoft-Windows-Sysmon
Type=Information
RecordNumber=118807
Keywords=None
TaskCategory=Dns query (rule: DnsQuery)
OpCode=Info
Message=File Delete archived:
RuleName: Executables
UtcTime: 2024-02-14 03:41:57.857
ProcessGuid: {817bddf3-3684-65cc-2d02-000000001900}
ProcessId: 10672
User: wrk-pprice\CyberJunkie
Image: C:\Users\CyberJunkie\Downloads\Preventivo24.02.14.exe.exe
TargetFilename: C:\Users\CYBERJ~1\AppData\Local\Temp\MSIC49A.tmp
Hashes: SHA1=BB91AE1F2F7142B9099E3CC285F4F5B84DE568E4,MD5=B158D8D605571EA47A238DF5AB43DFAA,SHA256=CA763693CC25D316F14A9EBAD80EBF00590329550C45ADB7E5205486533C2504,IMPHASH=8B52E108EA5F90B3A554E42291127487
IsExecutable: true
Archived: true
",2026-02-11T19:41:57.000-0800,,Dns query (rule: DnsQuery),wrk-pprice,wrk-pprice,118807,endpoint_services_processes windows_event_signature windows_ta_data,wrk-pprice,118807,SplunkEx,26,,,,,//_::._=--/===-==---==--====__(:_)==__:\r:_\r:_--_::,,,,,informational,4,,23,WinEventLog:Microsoft-Windows-Sysmon/Operational,WinEventLog,DESKTOP-6DT4EHE,,,track_event_signatures,track_event_signatures,,,Microsoft Windows
,,,,Caphyon LTD,wrk-pprice,,,,Various custom actions,,,,,,,7,4,21.3.1.0,,,"SHA1=BB91AE1F2F7142B9099E3CC285F4F5B84DE568E4,MD5=B158D8D605571EA47A238DF5AB43DFAA,SHA256=CA763693CC25D316F14A9EBAD80EBF00590329550C45ADB7E5205486533C2504,IMPHASH=8B52E108EA5F90B3A554E42291127487",C:\Windows\SysWOW64\msiexec.exe,C:\Users\CYBERJ~1\AppData\Local\Temp\MSIC49A.tmp,,,,,None,Microsoft-Windows-Sysmon/Operational,,,"Image loaded:
RuleName: technique_id=T1574.002,technique_name=DLL Side-Loading
UtcTime: 2024-02-14 03:41:57.826
ProcessGuid: {817bddf3-3685-65cc-2f02-000000001900}
ProcessId: 6996
Image: C:\Windows\SysWOW64\msiexec.exe
ImageLoaded: C:\Users\CYBERJ~1\AppData\Local\Temp\MSIC49A.tmp
FileVersion: 21.3.1.0
Description: Various custom actions
Product: Advanced Installer
Company: Caphyon LTD
OriginalFileName: AICustAct.dll
Hashes: SHA1=BB91AE1F2F7142B9099E3CC285F4F5B84DE568E4,MD5=B158D8D605571EA47A238DF5AB43DFAA,SHA256=CA763693CC25D316F14A9EBAD80EBF00590329550C45ADB7E5205486533C2504,IMPHASH=8B52E108EA5F90B3A554E42291127487
Signed: true
Signature: Caphyon SRL
SignatureStatus: Valid
User: wrk-pprice\CyberJunkie",Info,AICustAct.dll,,,,,,,,{817bddf3-3685-65cc-2f02-000000001900},6996,Advanced Installer,,,,,118806,"technique_id=T1574.002,technique_name=DLL Side-Loading",S-1-5-18,5,Caphyon SRL,Valid,TRUE,,,,,Microsoft-Windows-Sysmon,,,,,,,,,,,,,Dns query (rule: DnsQuery),,Information,"SYSTEM
wrk-pprice\CyberJunkie",41:57.8,"02/11/2026 07:41:57.844 PM
LogName=Microsoft-Windows-Sysmon/Operational
EventCode=7
EventType=4
ComputerName=wrk-pprice
User=SYSTEM
Sid=S-1-5-18
SidType=5
SourceName=Microsoft-Windows-Sysmon
Type=Information
RecordNumber=118806
Keywords=None
TaskCategory=Dns query (rule: DnsQuery)
OpCode=Info
Message=Image loaded:
RuleName: technique_id=T1574.002,technique_name=DLL Side-Loading
UtcTime: 2024-02-14 03:41:57.826
ProcessGuid: {817bddf3-3685-65cc-2f02-000000001900}
ProcessId: 6996
Image: C:\Windows\SysWOW64\msiexec.exe
ImageLoaded: C:\Users\CYBERJ~1\AppData\Local\Temp\MSIC49A.tmp
FileVersion: 21.3.1.0
Description: Various custom actions
Product: Advanced Installer
Company: Caphyon LTD
OriginalFileName: AICustAct.dll
Hashes: SHA1=BB91AE1F2F7142B9099E3CC285F4F5B84DE568E4,MD5=B158D8D605571EA47A238DF5AB43DFAA,SHA256=CA763693CC25D316F14A9EBAD80EBF00590329550C45ADB7E5205486533C2504,IMPHASH=8B52E108EA5F90B3A554E42291127487
Signed: true
Signature: Caphyon SRL
SignatureStatus: Valid
User: wrk-pprice\CyberJunkie
",2026-02-11T19:41:57.000-0800,,Dns query (rule: DnsQuery),wrk-pprice,wrk-pprice,118806,endpoint_services_processes windows_event_signature windows_ta_data,wrk-pprice,118806,SplunkEx,32,,,,,"//_::._=--/===-==---==--====__(:_)==_:\r:_=.,=_-\r:_",,,,,informational,4,,7,WinEventLog:Microsoft-Windows-Sysmon/Operational,WinEventLog,DESKTOP-6DT4EHE,,,track_event_signatures,track_event_signatures,,,Microsoft Windows
,,,C:\Windows\syswow64\MsiExec.exe -Embedding 5364C761FA9A55D636271A1CE8A6742D C,Microsoft Corporation,wrk-pprice,,,C:\Windows\SysWOW64\,Windows installer,,,,,,,1,4,5.0.19041.3636 (WinBuild.160101.0800),,,"SHA1=9AB9B12901E1EA2DF943B45AD20D8732618608CD,MD5=898277AC5894C4E1412A49040053B0D3,SHA256=445A2E800DC68DF89ABF713F3B4B632D40AE6310EF3660B42D974BB582426BC5,IMPHASH=E4E40938E4BF6C66424859ED02171C41",C:\Windows\SysWOW64\msiexec.exe,,,,Medium,,None,Microsoft-Windows-Sysmon/Operational,{817bddf3-311e-65cc-a7ae-1b0000000000},0x1BAEA7,"Process Create:
RuleName: technique_id=T1218,technique_name=Signed Binary Proxy Execution
UtcTime: 2024-02-14 03:41:57.787
ProcessGuid: {817bddf3-3685-65cc-2f02-000000001900}
ProcessId: 6996
Image: C:\Windows\SysWOW64\msiexec.exe
FileVersion: 5.0.19041.3636 (WinBuild.160101.0800)
Description: Windows installer
Product: Windows Installer - Unicode
Company: Microsoft Corporation
OriginalFileName: msiexec.exe
CommandLine: C:\Windows\syswow64\MsiExec.exe -Embedding 5364C761FA9A55D636271A1CE8A6742D C
CurrentDirectory: C:\Windows\SysWOW64\
User: wrk-pprice\CyberJunkie
LogonGuid: {817bddf3-311e-65cc-a7ae-1b0000000000}
LogonId: 0x1BAEA7
TerminalSessionId: 1
IntegrityLevel: Medium
Hashes: SHA1=9AB9B12901E1EA2DF943B45AD20D8732618608CD,MD5=898277AC5894C4E1412A49040053B0D3,SHA256=445A2E800DC68DF89ABF713F3B4B632D40AE6310EF3660B42D974BB582426BC5,IMPHASH=E4E40938E4BF6C66424859ED02171C41
ParentProcessGuid: {817bddf3-3685-65cc-2e02-000000001900}
ParentProcessId: 10220
ParentImage: C:\Windows\System32\msiexec.exe
ParentCommandLine: C:\Windows\system32\msiexec.exe /V
ParentUser: NT AUTHORITY\SYSTEM",Info,msiexec.exe,C:\Windows\system32\msiexec.exe /V,C:\Windows\System32\msiexec.exe,{817bddf3-3685-65cc-2e02-000000001900},10220,NT AUTHORITY\SYSTEM,,,{817bddf3-3685-65cc-2f02-000000001900},6996,Windows Installer - Unicode,,,,,118805,"technique_id=T1218,technique_name=Signed Binary Proxy Execution",S-1-5-18,5,,,,,,,,Microsoft-Windows-Sysmon,,,,,,,,,,,,,Dns query (rule: DnsQuery),1,Information,"SYSTEM
wrk-pprice\CyberJunkie",41:57.8,"02/11/2026 07:41:57.788 PM
LogName=Microsoft-Windows-Sysmon/Operational
EventCode=1
EventType=4
ComputerName=wrk-pprice
User=SYSTEM
Sid=S-1-5-18
SidType=5
SourceName=Microsoft-Windows-Sysmon
Type=Information
RecordNumber=118805
Keywords=None
TaskCategory=Dns query (rule: DnsQuery)
OpCode=Info
Message=Process Create:
RuleName: technique_id=T1218,technique_name=Signed Binary Proxy Execution
UtcTime: 2024-02-14 03:41:57.787
ProcessGuid: {817bddf3-3685-65cc-2f02-000000001900}
ProcessId: 6996
Image: C:\Windows\SysWOW64\msiexec.exe
FileVersion: 5.0.19041.3636 (WinBuild.160101.0800)
Description: Windows installer
Product: Windows Installer - Unicode
Company: Microsoft Corporation
OriginalFileName: msiexec.exe
CommandLine: C:\Windows\syswow64\MsiExec.exe -Embedding 5364C761FA9A55D636271A1CE8A6742D C
CurrentDirectory: C:\Windows\SysWOW64\
User: wrk-pprice\CyberJunkie
LogonGuid: {817bddf3-311e-65cc-a7ae-1b0000000000}
LogonId: 0x1BAEA7
TerminalSessionId: 1
IntegrityLevel: Medium
Hashes: SHA1=9AB9B12901E1EA2DF943B45AD20D8732618608CD,MD5=898277AC5894C4E1412A49040053B0D3,SHA256=445A2E800DC68DF89ABF713F3B4B632D40AE6310EF3660B42D974BB582426BC5,IMPHASH=E4E40938E4BF6C66424859ED02171C41
ParentProcessGuid: {817bddf3-3685-65cc-2e02-000000001900}
ParentProcessId: 10220
ParentImage: C:\Windows\System32\msiexec.exe
ParentCommandLine: C:\Windows\system32\msiexec.exe /V
ParentUser: NT AUTHORITY\SYSTEM
",2026-02-11T19:41:57.000-0800,,Dns query (rule: DnsQuery),wrk-pprice,wrk-pprice,118805,endpoint_services_processes windows_event_signature windows_ta_data,wrk-pprice,118805,SplunkEx,39,,,,,"//_::._=--/===-==---==--====__(:_)==_:\r:_=,=___\r:_",,,,,informational,4,,1,WinEventLog:Microsoft-Windows-Sysmon/Operational,WinEventLog,DESKTOP-6DT4EHE,,,track_event_signatures,track_event_signatures,,,Microsoft Windows
,,,,,wrk-pprice,,,,,,,,,,Binary Data,13,"4
SetValue",,,,,C:\Windows\system32\msiexec.exe,,,,,,None,Microsoft-Windows-Sysmon/Operational,,,"Registry value set:
RuleName: technique_id=T1543,technique_name=Service Creation
EventType: SetValue
UtcTime: 2024-02-14 03:41:57.780
ProcessGuid: {817bddf3-3685-65cc-2e02-000000001900}
ProcessId: 10220
Image: C:\Windows\system32\msiexec.exe
TargetObject: HKLM\System\CurrentControlSet\Services\bam\State\UserSettings\S-1-5-21-3393683511-3463148672-371912004-1001\\Device\HarddiskVolume3\Windows\SysWOW64\msiexec.exe
Details: Binary Data
User: NT AUTHORITY\SYSTEM",Info,,,,,,,,,{817bddf3-3685-65cc-2e02-000000001900},10220,,,,,,118804,"technique_id=T1543,technique_name=Service Creation",S-1-5-18,5,,,,,,,,Microsoft-Windows-Sysmon,,,,,,,,,HKLM\System\CurrentControlSet\Services\bam\State\UserSettings\S-1-5-21-3393683511-3463148672-371912004-1001\\Device\HarddiskVolume3\Windows\SysWOW64\msiexec.exe,,,,Dns query (rule: DnsQuery),,Information,"SYSTEM
NT AUTHORITY\SYSTEM",41:57.8,"02/11/2026 07:41:57.787 PM
LogName=Microsoft-Windows-Sysmon/Operational
EventCode=13
EventType=4
ComputerName=wrk-pprice
User=SYSTEM
Sid=S-1-5-18
SidType=5
SourceName=Microsoft-Windows-Sysmon
Type=Information
RecordNumber=118804
Keywords=None
TaskCategory=Dns query (rule: DnsQuery)
OpCode=Info
Message=Registry value set:
RuleName: technique_id=T1543,technique_name=Service Creation
EventType: SetValue
UtcTime: 2024-02-14 03:41:57.780
ProcessGuid: {817bddf3-3685-65cc-2e02-000000001900}
ProcessId: 10220
Image: C:\Windows\system32\msiexec.exe
TargetObject: HKLM\System\CurrentControlSet\Services\bam\State\UserSettings\S-1-5-21-3393683511-3463148672-371912004-1001\\Device\HarddiskVolume3\Windows\SysWOW64\msiexec.exe
Details: Binary Data
User: NT AUTHORITY\SYSTEM
",2026-02-11T19:41:57.000-0800,,Dns query (rule: DnsQuery),wrk-pprice,wrk-pprice,118804,endpoint_services_processes windows_event_signature windows_ta_data,wrk-pprice,118804,SplunkEx,25,,,,,"//_::._=--/===-==---==--====__(:_)==__:\r:_=,=_\r:_\r",,,,,informational,"4
SetValue",,13,WinEventLog:Microsoft-Windows-Sysmon/Operational,WinEventLog,DESKTOP-6DT4EHE,,,track_event_signatures,track_event_signatures,,,Microsoft Windows
TRUE,,,,,wrk-pprice,,,,,,,,,,,23,4,,,,"SHA1=D99C6EC045E313BBACEFA6EF8607B35154B169CC,MD5=84A34BF3486F7B9B7035DB78D78BDD1E,SHA256=F85911C910B660E528D2CF291BAA40A92D09961996D6D84E7A53A7095C7CD96E,IMPHASH=8F2ADB9F59F915BA37A117C6317DAB73",C:\Users\CyberJunkie\Downloads\Preventivo24.02.14.exe.exe,,,,,TRUE,None,Microsoft-Windows-Sysmon/Operational,,,"File Delete archived:
RuleName: Executables
UtcTime: 2024-02-14 03:41:57.780
ProcessGuid: {817bddf3-3684-65cc-2d02-000000001900}
ProcessId: 10672
User: wrk-pprice\CyberJunkie
Image: C:\Users\CyberJunkie\Downloads\Preventivo24.02.14.exe.exe
TargetFilename: C:\Users\CYBERJ~1\AppData\Local\Temp\shiC46A.tmp
Hashes: SHA1=D99C6EC045E313BBACEFA6EF8607B35154B169CC,MD5=84A34BF3486F7B9B7035DB78D78BDD1E,SHA256=F85911C910B660E528D2CF291BAA40A92D09961996D6D84E7A53A7095C7CD96E,IMPHASH=8F2ADB9F59F915BA37A117C6317DAB73
IsExecutable: true
Archived: true",Info,,,,,,,,,{817bddf3-3684-65cc-2d02-000000001900},10672,,,,,,118803,Executables,S-1-5-18,5,,,,,,,,Microsoft-Windows-Sysmon,,,,,,,C:\Users\CYBERJ~1\AppData\Local\Temp\shiC46A.tmp,,,,,,Dns query (rule: DnsQuery),,Information,"SYSTEM
wrk-pprice\CyberJunkie",41:57.8,"02/11/2026 07:41:57.781 PM
LogName=Microsoft-Windows-Sysmon/Operational
EventCode=23
EventType=4
ComputerName=wrk-pprice
User=SYSTEM
Sid=S-1-5-18
SidType=5
SourceName=Microsoft-Windows-Sysmon
Type=Information
RecordNumber=118803
Keywords=None
TaskCategory=Dns query (rule: DnsQuery)
OpCode=Info
Message=File Delete archived:
RuleName: Executables
UtcTime: 2024-02-14 03:41:57.780
ProcessGuid: {817bddf3-3684-65cc-2d02-000000001900}
ProcessId: 10672
User: wrk-pprice\CyberJunkie
Image: C:\Users\CyberJunkie\Downloads\Preventivo24.02.14.exe.exe
TargetFilename: C:\Users\CYBERJ~1\AppData\Local\Temp\shiC46A.tmp
Hashes: SHA1=D99C6EC045E313BBACEFA6EF8607B35154B169CC,MD5=84A34BF3486F7B9B7035DB78D78BDD1E,SHA256=F85911C910B660E528D2CF291BAA40A92D09961996D6D84E7A53A7095C7CD96E,IMPHASH=8F2ADB9F59F915BA37A117C6317DAB73
IsExecutable: true
Archived: true
",2026-02-11T19:41:57.000-0800,,Dns query (rule: DnsQuery),wrk-pprice,wrk-pprice,118803,endpoint_services_processes windows_event_signature windows_ta_data,wrk-pprice,118803,SplunkEx,26,,,,,//_::._=--/===-==---==--====__(:_)==__:\r:_\r:_--_::,,,,,informational,4,,23,WinEventLog:Microsoft-Windows-Sysmon/Operational,WinEventLog,DESKTOP-6DT4EHE,,,track_event_signatures,track_event_signatures,,,Microsoft Windows
,,,,Microsoft Corporation,wrk-pprice,,,,Microsoft .NET Runtime Execution Engine,,,,,,,7,4,4.8.9093.0 built by: NET481REL1LAST_C,,,"SHA1=53F0BCD0A2F21B77C0589D47C68539DCF2D70D6D,MD5=3ED8CA94264C230FAE496CDA693C3682,SHA256=8D1C6B8BB7769F30BD524F4444310696955180EDCD6BB68C4F82C67BFDC5506B,IMPHASH=5D336B857D2402F5D6C5C0D2740F08D3",C:\Users\CyberJunkie\Downloads\Preventivo24.02.14.exe.exe,C:\Windows\Microsoft.NET\Framework\v4.0.30319\mscoreei.dll,,,,,None,Microsoft-Windows-Sysmon/Operational,,,"Image loaded:
RuleName: technique_id=T1055,technique_name=Process Injection
UtcTime: 2024-02-14 03:41:57.717
ProcessGuid: {817bddf3-3684-65cc-2d02-000000001900}
ProcessId: 10672
Image: C:\Users\CyberJunkie\Downloads\Preventivo24.02.14.exe.exe
ImageLoaded: C:\Windows\Microsoft.NET\Framework\v4.0.30319\mscoreei.dll
FileVersion: 4.8.9093.0 built by: NET481REL1LAST_C
Description: Microsoft .NET Runtime Execution Engine
Product: Microsoft .NET Framework
Company: Microsoft Corporation
OriginalFileName: mscoreei.dll
Hashes: SHA1=53F0BCD0A2F21B77C0589D47C68539DCF2D70D6D,MD5=3ED8CA94264C230FAE496CDA693C3682,SHA256=8D1C6B8BB7769F30BD524F4444310696955180EDCD6BB68C4F82C67BFDC5506B,IMPHASH=5D336B857D2402F5D6C5C0D2740F08D3
Signed: true
Signature: Microsoft Corporation
SignatureStatus: Valid
User: wrk-pprice\CyberJunkie",Info,mscoreei.dll,,,,,,,,{817bddf3-3684-65cc-2d02-000000001900},10672,Microsoft .NET Framework,,,,,118802,"technique_id=T1055,technique_name=Process Injection",S-1-5-18,5,Microsoft Corporation,Valid,TRUE,,,,,Microsoft-Windows-Sysmon,,,,,,,,,,,,,Dns query (rule: DnsQuery),,Information,"SYSTEM
wrk-pprice\CyberJunkie",41:57.7,"02/11/2026 07:41:57.727 PM
LogName=Microsoft-Windows-Sysmon/Operational
EventCode=7
EventType=4
ComputerName=wrk-pprice
User=SYSTEM
Sid=S-1-5-18
SidType=5
SourceName=Microsoft-Windows-Sysmon
Type=Information
RecordNumber=118802
Keywords=None
TaskCategory=Dns query (rule: DnsQuery)
OpCode=Info
Message=Image loaded:
RuleName: technique_id=T1055,technique_name=Process Injection
UtcTime: 2024-02-14 03:41:57.717
ProcessGuid: {817bddf3-3684-65cc-2d02-000000001900}
ProcessId: 10672
Image: C:\Users\CyberJunkie\Downloads\Preventivo24.02.14.exe.exe
ImageLoaded: C:\Windows\Microsoft.NET\Framework\v4.0.30319\mscoreei.dll
FileVersion: 4.8.9093.0 built by: NET481REL1LAST_C
Description: Microsoft .NET Runtime Execution Engine
Product: Microsoft .NET Framework
Company: Microsoft Corporation
OriginalFileName: mscoreei.dll
Hashes: SHA1=53F0BCD0A2F21B77C0589D47C68539DCF2D70D6D,MD5=3ED8CA94264C230FAE496CDA693C3682,SHA256=8D1C6B8BB7769F30BD524F4444310696955180EDCD6BB68C4F82C67BFDC5506B,IMPHASH=5D336B857D2402F5D6C5C0D2740F08D3
Signed: true
Signature: Microsoft Corporation
SignatureStatus: Valid
User: wrk-pprice\CyberJunkie
",2026-02-11T19:41:57.000-0800,,Dns query (rule: DnsQuery),wrk-pprice,wrk-pprice,118802,endpoint_services_processes windows_event_signature windows_ta_data,wrk-pprice,118802,SplunkEx,32,,,,,"//_::._=--/===-==---==--====__(:_)==_:\r:_=,=_\r:_--",,,,,informational,4,,7,WinEventLog:Microsoft-Windows-Sysmon/Operational,WinEventLog,DESKTOP-6DT4EHE,,,track_event_signatures,track_event_signatures,,,Microsoft Windows
,,,,Microsoft Corporation,wrk-pprice,,,,Microsoft .NET Runtime Execution Engine,,,,,,,7,4,10.0.19041.1 (WinBuild.160101.0800),,,"SHA1=E37695676AE23AE265E2E9110371DD93FCBD2078,MD5=3398E4051E8F4E2FF3CF0F365FA9238D,SHA256=57EFA31B9F0116E46AB5E46C2E1764A79C507F751995DB2E1C8727BDCEB0C576,IMPHASH=47F306C12509ADBBC266F7DA43529A4D",C:\Users\CyberJunkie\Downloads\Preventivo24.02.14.exe.exe,C:\Windows\SysWOW64\mscoree.dll,,,,,None,Microsoft-Windows-Sysmon/Operational,,,"Image loaded:
RuleName: technique_id=T1055,technique_name=Process Injection
UtcTime: 2024-02-14 03:41:57.701
ProcessGuid: {817bddf3-3684-65cc-2d02-000000001900}
ProcessId: 10672
Image: C:\Users\CyberJunkie\Downloads\Preventivo24.02.14.exe.exe
ImageLoaded: C:\Windows\SysWOW64\mscoree.dll
FileVersion: 10.0.19041.1 (WinBuild.160101.0800)
Description: Microsoft .NET Runtime Execution Engine
Product: Microsoft Windows Operating System
Company: Microsoft Corporation
OriginalFileName: mscoree.dll
Hashes: SHA1=E37695676AE23AE265E2E9110371DD93FCBD2078,MD5=3398E4051E8F4E2FF3CF0F365FA9238D,SHA256=57EFA31B9F0116E46AB5E46C2E1764A79C507F751995DB2E1C8727BDCEB0C576,IMPHASH=47F306C12509ADBBC266F7DA43529A4D
Signed: true
Signature: Microsoft Windows
SignatureStatus: Valid
User: wrk-pprice\CyberJunkie",Info,mscoree.dll,,,,,,,,{817bddf3-3684-65cc-2d02-000000001900},10672,Microsoft Windows Operating System,,,,,118801,"technique_id=T1055,technique_name=Process Injection",S-1-5-18,5,Microsoft Windows,Valid,TRUE,,,,,Microsoft-Windows-Sysmon,,,,,,,,,,,,,Dns query (rule: DnsQuery),,Information,"SYSTEM
wrk-pprice\CyberJunkie",41:57.7,"02/11/2026 07:41:57.723 PM
LogName=Microsoft-Windows-Sysmon/Operational
EventCode=7
EventType=4
ComputerName=wrk-pprice
User=SYSTEM
Sid=S-1-5-18
SidType=5
SourceName=Microsoft-Windows-Sysmon
Type=Information
RecordNumber=118801
Keywords=None
TaskCategory=Dns query (rule: DnsQuery)
OpCode=Info
Message=Image loaded:
RuleName: technique_id=T1055,technique_name=Process Injection
UtcTime: 2024-02-14 03:41:57.701
ProcessGuid: {817bddf3-3684-65cc-2d02-000000001900}
ProcessId: 10672
Image: C:\Users\CyberJunkie\Downloads\Preventivo24.02.14.exe.exe
ImageLoaded: C:\Windows\SysWOW64\mscoree.dll
FileVersion: 10.0.19041.1 (WinBuild.160101.0800)
Description: Microsoft .NET Runtime Execution Engine
Product: Microsoft Windows Operating System
Company: Microsoft Corporation
OriginalFileName: mscoree.dll
Hashes: SHA1=E37695676AE23AE265E2E9110371DD93FCBD2078,MD5=3398E4051E8F4E2FF3CF0F365FA9238D,SHA256=57EFA31B9F0116E46AB5E46C2E1764A79C507F751995DB2E1C8727BDCEB0C576,IMPHASH=47F306C12509ADBBC266F7DA43529A4D
Signed: true
Signature: Microsoft Windows
SignatureStatus: Valid
User: wrk-pprice\CyberJunkie
",2026-02-11T19:41:57.000-0800,,Dns query (rule: DnsQuery),wrk-pprice,wrk-pprice,118801,endpoint_services_processes windows_event_signature windows_ta_data,wrk-pprice,118801,SplunkEx,32,,,,,"//_::._=--/===-==---==--====__(:_)==_:\r:_=,=_\r:_--",,,,,informational,4,,7,WinEventLog:Microsoft-Windows-Sysmon/Operational,WinEventLog,DESKTOP-6DT4EHE,,,track_event_signatures,track_event_signatures,,,Microsoft Windows
,,,C:\Windows\system32\msiexec.exe /V,Microsoft Corporation,wrk-pprice,,,C:\Windows\system32\,Windows installer,,,,,,,1,4,5.0.19041.3636 (WinBuild.160101.0800),,,"SHA1=32B8B2E3B3ECD8E194ACE65A5E5052C326D7CCAA,MD5=3A8464F2CECDF1D89430C64237949F20,SHA256=8CA4B8B7A2F8E6E7D1DF1AE46437FC252CD9C4B78CA3C7ADCAB721BD0F68B358,IMPHASH=0990A9500FF8DF93E0E059EE13E7C796",C:\Windows\System32\msiexec.exe,,,,System,,None,Microsoft-Windows-Sysmon/Operational,{817bddf3-307b-65cc-e703-000000000000},0x3E7,"Process Create:
RuleName: technique_id=T1218,technique_name=Signed Binary Proxy Execution
UtcTime: 2024-02-14 03:41:57.604
ProcessGuid: {817bddf3-3685-65cc-2e02-000000001900}
ProcessId: 10220
Image: C:\Windows\System32\msiexec.exe
FileVersion: 5.0.19041.3636 (WinBuild.160101.0800)
Description: Windows installer
Product: Windows Installer - Unicode
Company: Microsoft Corporation
OriginalFileName: msiexec.exe
CommandLine: C:\Windows\system32\msiexec.exe /V
CurrentDirectory: C:\Windows\system32\
User: NT AUTHORITY\SYSTEM
LogonGuid: {817bddf3-307b-65cc-e703-000000000000}
LogonId: 0x3E7
TerminalSessionId: 0
IntegrityLevel: System
Hashes: SHA1=32B8B2E3B3ECD8E194ACE65A5E5052C326D7CCAA,MD5=3A8464F2CECDF1D89430C64237949F20,SHA256=8CA4B8B7A2F8E6E7D1DF1AE46437FC252CD9C4B78CA3C7ADCAB721BD0F68B358,IMPHASH=0990A9500FF8DF93E0E059EE13E7C796
ParentProcessGuid: {817bddf3-307b-65cc-0b00-000000001900}
ParentProcessId: 740
ParentImage: C:\Windows\System32\services.exe
ParentCommandLine: C:\Windows\system32\services.exe
ParentUser: NT AUTHORITY\SYSTEM",Info,msiexec.exe,C:\Windows\system32\services.exe,C:\Windows\System32\services.exe,{817bddf3-307b-65cc-0b00-000000001900},740,NT AUTHORITY\SYSTEM,,,{817bddf3-3685-65cc-2e02-000000001900},10220,Windows Installer - Unicode,,,,,118800,"technique_id=T1218,technique_name=Signed Binary Proxy Execution",S-1-5-18,5,,,,,,,,Microsoft-Windows-Sysmon,,,,,,,,,,,,,Dns query (rule: DnsQuery),0,Information,"SYSTEM
NT AUTHORITY\SYSTEM",41:57.6,"02/11/2026 07:41:57.605 PM
LogName=Microsoft-Windows-Sysmon/Operational
EventCode=1
EventType=4
ComputerName=wrk-pprice
User=SYSTEM
Sid=S-1-5-18
SidType=5
SourceName=Microsoft-Windows-Sysmon
Type=Information
RecordNumber=118800
Keywords=None
TaskCategory=Dns query (rule: DnsQuery)
OpCode=Info
Message=Process Create:
RuleName: technique_id=T1218,technique_name=Signed Binary Proxy Execution
UtcTime: 2024-02-14 03:41:57.604
ProcessGuid: {817bddf3-3685-65cc-2e02-000000001900}
ProcessId: 10220
Image: C:\Windows\System32\msiexec.exe
FileVersion: 5.0.19041.3636 (WinBuild.160101.0800)
Description: Windows installer
Product: Windows Installer - Unicode
Company: Microsoft Corporation
OriginalFileName: msiexec.exe
CommandLine: C:\Windows\system32\msiexec.exe /V
CurrentDirectory: C:\Windows\system32\
User: NT AUTHORITY\SYSTEM
LogonGuid: {817bddf3-307b-65cc-e703-000000000000}
LogonId: 0x3E7
TerminalSessionId: 0
IntegrityLevel: System
Hashes: SHA1=32B8B2E3B3ECD8E194ACE65A5E5052C326D7CCAA,MD5=3A8464F2CECDF1D89430C64237949F20,SHA256=8CA4B8B7A2F8E6E7D1DF1AE46437FC252CD9C4B78CA3C7ADCAB721BD0F68B358,IMPHASH=0990A9500FF8DF93E0E059EE13E7C796
ParentProcessGuid: {817bddf3-307b-65cc-0b00-000000001900}
ParentProcessId: 740
ParentImage: C:\Windows\System32\services.exe
ParentCommandLine: C:\Windows\system32\services.exe
ParentUser: NT AUTHORITY\SYSTEM
",2026-02-11T19:41:57.000-0800,,Dns query (rule: DnsQuery),wrk-pprice,wrk-pprice,118800,endpoint_services_processes windows_event_signature windows_ta_data,wrk-pprice,118800,SplunkEx,39,,,,,"//_::._=--/===-==---==--====__(:_)==_:\r:_=,=___\r:_",,,,,informational,4,,1,WinEventLog:Microsoft-Windows-Sysmon/Operational,WinEventLog,DESKTOP-6DT4EHE,,,track_event_signatures,track_event_signatures,,,Microsoft Windows
,,,,,wrk-pprice,,,,,,,,,,,12,"4
CreateKey",,,,,C:\Users\CyberJunkie\Downloads\Preventivo24.02.14.exe.exe,,,,,,None,Microsoft-Windows-Sysmon/Operational,,,"Registry object added or deleted:
RuleName: technique_id=T1553.004,technique_name=Install Root Certificate
EventType: CreateKey
UtcTime: 2024-02-14 03:41:57.576
ProcessGuid: {817bddf3-3684-65cc-2d02-000000001900}
ProcessId: 10672
Image: C:\Users\CyberJunkie\Downloads\Preventivo24.02.14.exe.exe
TargetObject: HKU\S-1-5-21-3393683511-3463148672-371912004-1001\Software\Microsoft\SystemCertificates\Root\Certificates
User: wrk-pprice\CyberJunkie",Info,,,,,,,,,{817bddf3-3684-65cc-2d02-000000001900},10672,,,,,,118799,"technique_id=T1553.004,technique_name=Install Root Certificate",S-1-5-18,5,,,,,,,,Microsoft-Windows-Sysmon,,,,,,,,,HKU\S-1-5-21-3393683511-3463148672-371912004-1001\Software\Microsoft\SystemCertificates\Root\Certificates,,,,Dns query (rule: DnsQuery),,Information,"SYSTEM
wrk-pprice\CyberJunkie",41:57.6,"02/11/2026 07:41:57.587 PM
LogName=Microsoft-Windows-Sysmon/Operational
EventCode=12
EventType=4
ComputerName=wrk-pprice
User=SYSTEM
Sid=S-1-5-18
SidType=5
SourceName=Microsoft-Windows-Sysmon
Type=Information
RecordNumber=118799
Keywords=None
TaskCategory=Dns query (rule: DnsQuery)
OpCode=Info
Message=Registry object added or deleted:
RuleName: technique_id=T1553.004,technique_name=Install Root Certificate
EventType: CreateKey
UtcTime: 2024-02-14 03:41:57.576
ProcessGuid: {817bddf3-3684-65cc-2d02-000000001900}
ProcessId: 10672
Image: C:\Users\CyberJunkie\Downloads\Preventivo24.02.14.exe.exe
TargetObject: HKU\S-1-5-21-3393683511-3463148672-371912004-1001\Software\Microsoft\SystemCertificates\Root\Certificates
User: wrk-pprice\CyberJunkie
",2026-02-11T19:41:57.000-0800,,Dns query (rule: DnsQuery),wrk-pprice,wrk-pprice,118799,endpoint_services_processes windows_event_signature windows_ta_data,wrk-pprice,118799,SplunkEx,24,,,,,"//_::._=--/===-==---==--====__(:_)==____:\r:_=.,=__",,,,,informational,"4
CreateKey",,12,WinEventLog:Microsoft-Windows-Sysmon/Operational,WinEventLog,DESKTOP-6DT4EHE,,,track_event_signatures,track_event_signatures,,,Microsoft Windows
,,,,,wrk-pprice,,,,,,,,,,,12,"4
CreateKey",,,,,C:\Users\CyberJunkie\Downloads\Preventivo24.02.14.exe.exe,,,,,,None,Microsoft-Windows-Sysmon/Operational,,,"Registry object added or deleted:
RuleName: technique_id=T1553.004,technique_name=Install Root Certificate
EventType: CreateKey
UtcTime: 2024-02-14 03:41:57.576
ProcessGuid: {817bddf3-3684-65cc-2d02-000000001900}
ProcessId: 10672
Image: C:\Users\CyberJunkie\Downloads\Preventivo24.02.14.exe.exe
TargetObject: HKU\S-1-5-21-3393683511-3463148672-371912004-1001\Software\Microsoft\SystemCertificates\CA\Certificates
User: wrk-pprice\CyberJunkie",Info,,,,,,,,,{817bddf3-3684-65cc-2d02-000000001900},10672,,,,,,118798,"technique_id=T1553.004,technique_name=Install Root Certificate",S-1-5-18,5,,,,,,,,Microsoft-Windows-Sysmon,,,,,,,,,HKU\S-1-5-21-3393683511-3463148672-371912004-1001\Software\Microsoft\SystemCertificates\CA\Certificates,,,,Dns query (rule: DnsQuery),,Information,"SYSTEM
wrk-pprice\CyberJunkie",41:57.6,"02/11/2026 07:41:57.583 PM
LogName=Microsoft-Windows-Sysmon/Operational
EventCode=12
EventType=4
ComputerName=wrk-pprice
User=SYSTEM
Sid=S-1-5-18
SidType=5
SourceName=Microsoft-Windows-Sysmon
Type=Information
RecordNumber=118798
Keywords=None
TaskCategory=Dns query (rule: DnsQuery)
OpCode=Info
Message=Registry object added or deleted:
RuleName: technique_id=T1553.004,technique_name=Install Root Certificate
EventType: CreateKey
UtcTime: 2024-02-14 03:41:57.576
ProcessGuid: {817bddf3-3684-65cc-2d02-000000001900}
ProcessId: 10672
Image: C:\Users\CyberJunkie\Downloads\Preventivo24.02.14.exe.exe
TargetObject: HKU\S-1-5-21-3393683511-3463148672-371912004-1001\Software\Microsoft\SystemCertificates\CA\Certificates
User: wrk-pprice\CyberJunkie
",2026-02-11T19:41:57.000-0800,,Dns query (rule: DnsQuery),wrk-pprice,wrk-pprice,118798,endpoint_services_processes windows_event_signature windows_ta_data,wrk-pprice,118798,SplunkEx,24,,,,,"//_::._=--/===-==---==--====__(:_)==____:\r:_=.,=__",,,,,informational,"4
CreateKey",,12,WinEventLog:Microsoft-Windows-Sysmon/Operational,WinEventLog,DESKTOP-6DT4EHE,,,track_event_signatures,track_event_signatures,,,Microsoft Windows
,,,,,wrk-pprice,,,,,,,,,,,17,"4
CreatePipe",,,,,C:\Users\CyberJunkie\Downloads\Preventivo24.02.14.exe.exe,,,,,,None,Microsoft-Windows-Sysmon/Operational,,,"Pipe Created:
RuleName: -
EventType: CreatePipe
UtcTime: 2024-02-14 03:41:57.545
ProcessGuid: {817bddf3-3684-65cc-2d02-000000001900}
ProcessId: 10672
PipeName: \ToServerAdvinst_Extract_C:\Users\CyberJunkie\Downloads\Preventivo24.02.14.exe.exe
Image: C:\Users\CyberJunkie\Downloads\Preventivo24.02.14.exe.exe
User: wrk-pprice\CyberJunkie",Info,,,,,,,\ToServerAdvinst_Extract_C:\Users\CyberJunkie\Downloads\Preventivo24.02.14.exe.exe,,{817bddf3-3684-65cc-2d02-000000001900},10672,,,,,,118797,-,S-1-5-18,5,,,,,,,,Microsoft-Windows-Sysmon,,,,,,,,,,,,,Dns query (rule: DnsQuery),,Information,"SYSTEM
wrk-pprice\CyberJunkie",41:57.5,"02/11/2026 07:41:57.559 PM
LogName=Microsoft-Windows-Sysmon/Operational
EventCode=17
EventType=4
ComputerName=wrk-pprice
User=SYSTEM
Sid=S-1-5-18
SidType=5
SourceName=Microsoft-Windows-Sysmon
Type=Information
RecordNumber=118797
Keywords=None
TaskCategory=Dns query (rule: DnsQuery)
OpCode=Info
Message=Pipe Created:
RuleName: -
EventType: CreatePipe
UtcTime: 2024-02-14 03:41:57.545
ProcessGuid: {817bddf3-3684-65cc-2d02-000000001900}
ProcessId: 10672
PipeName: \ToServerAdvinst_Extract_C:\Users\CyberJunkie\Downloads\Preventivo24.02.14.exe.exe
Image: C:\Users\CyberJunkie\Downloads\Preventivo24.02.14.exe.exe
User: wrk-pprice\CyberJunkie
",2026-02-11T19:41:57.000-0800,,Dns query (rule: DnsQuery),wrk-pprice,wrk-pprice,118797,endpoint_services_processes windows_event_signature windows_ta_data,wrk-pprice,118797,SplunkEx,24,,,,,//_::._=--/===-==---==--====__(:_)==_:\r:_-\r:_\r:_--,,,,,informational,"4
CreatePipe",,17,WinEventLog:Microsoft-Windows-Sysmon/Operational,WinEventLog,DESKTOP-6DT4EHE,,,track_event_signatures,track_event_signatures,,,Microsoft Windows
,,,,,wrk-pprice,,14:23.7,,,,,,,,,2,4,,,,,C:\Users\CyberJunkie\Downloads\Preventivo24.02.14.exe.exe,,,,,,None,Microsoft-Windows-Sysmon/Operational,,,"File creation time changed:
RuleName: technique_id=T1070.006,technique_name=Timestomp
UtcTime: 2024-02-14 03:41:57.545
ProcessGuid: {817bddf3-3684-65cc-2d02-000000001900}
ProcessId: 10672
Image: C:\Users\CyberJunkie\Downloads\Preventivo24.02.14.exe.exe
TargetFilename: C:\Users\CyberJunkie\AppData\Roaming\Photo and Fax Vn\Photo and vn 1.1.2\install\F97891C\main1.msi
CreationUtcTime: 2024-01-14 08:14:23.713
PreviousCreationUtcTime: 2024-02-14 03:41:57.545
User: wrk-pprice\CyberJunkie",Info,,,,,,,,41:57.5,{817bddf3-3684-65cc-2d02-000000001900},10672,,,,,,118796,"technique_id=T1070.006,technique_name=Timestomp",S-1-5-18,5,,,,,,,,Microsoft-Windows-Sysmon,,,,,,,C:\Users\CyberJunkie\AppData\Roaming\Photo and Fax Vn\Photo and vn 1.1.2\install\F97891C\main1.msi,,,,,,Dns query (rule: DnsQuery),,Information,"SYSTEM
wrk-pprice\CyberJunkie",41:57.5,"02/11/2026 07:41:57.559 PM
LogName=Microsoft-Windows-Sysmon/Operational
EventCode=2
EventType=4
ComputerName=wrk-pprice
User=SYSTEM
Sid=S-1-5-18
SidType=5
SourceName=Microsoft-Windows-Sysmon
Type=Information
RecordNumber=118796
Keywords=None
TaskCategory=Dns query (rule: DnsQuery)
OpCode=Info
Message=File creation time changed:
RuleName: technique_id=T1070.006,technique_name=Timestomp
UtcTime: 2024-02-14 03:41:57.545
ProcessGuid: {817bddf3-3684-65cc-2d02-000000001900}
ProcessId: 10672
Image: C:\Users\CyberJunkie\Downloads\Preventivo24.02.14.exe.exe
TargetFilename: C:\Users\CyberJunkie\AppData\Roaming\Photo and Fax Vn\Photo and vn 1.1.2\install\F97891C\main1.msi
CreationUtcTime: 2024-01-14 08:14:23.713
PreviousCreationUtcTime: 2024-02-14 03:41:57.545
User: wrk-pprice\CyberJunkie
",2026-02-11T19:41:57.000-0800,,Dns query (rule: DnsQuery),wrk-pprice,wrk-pprice,118796,endpoint_services_processes windows_event_signature windows_ta_data,wrk-pprice,118796,SplunkEx,25,,,,,"//_::._=--/===-==---==--====__(:_)==___:\r:_=.,=\r:_",,,,,informational,4,,2,WinEventLog:Microsoft-Windows-Sysmon/Operational,WinEventLog,DESKTOP-6DT4EHE,,,track_event_signatures,track_event_signatures,,,Microsoft Windows
,,,,Microsoft Corporation,wrk-pprice,,,,OLE32 Extensions for Win32,,,,,,,7,4,11.00.19041.3758 (WinBuild.160101.0800),,,"SHA1=0E91C2EDEC250F29813F4E81FC848F66E02E84F2,MD5=ACF495DB93EF4C7F525816BC1CDB42DD,SHA256=DAD6A99F9F001DD0F1F504B86488E26F1645436B1225CF599FDB79C90D5D216D,IMPHASH=17439EF9503E6884EC31EDA426543B10",C:\Users\CyberJunkie\Downloads\Preventivo24.02.14.exe.exe,C:\Windows\SysWOW64\urlmon.dll,,,,,None,Microsoft-Windows-Sysmon/Operational,,,"Image loaded:
RuleName: -
UtcTime: 2024-02-14 03:41:56.748
ProcessGuid: {817bddf3-3684-65cc-2d02-000000001900}
ProcessId: 10672
Image: C:\Users\CyberJunkie\Downloads\Preventivo24.02.14.exe.exe
ImageLoaded: C:\Windows\SysWOW64\urlmon.dll
FileVersion: 11.00.19041.3758 (WinBuild.160101.0800)
Description: OLE32 Extensions for Win32
Product: Internet Explorer
Company: Microsoft Corporation
OriginalFileName: UrlMon.dll
Hashes: SHA1=0E91C2EDEC250F29813F4E81FC848F66E02E84F2,MD5=ACF495DB93EF4C7F525816BC1CDB42DD,SHA256=DAD6A99F9F001DD0F1F504B86488E26F1645436B1225CF599FDB79C90D5D216D,IMPHASH=17439EF9503E6884EC31EDA426543B10
Signed: true
Signature: Microsoft Windows
SignatureStatus: Valid
User: wrk-pprice\CyberJunkie",Info,UrlMon.dll,,,,,,,,{817bddf3-3684-65cc-2d02-000000001900},10672,Internet Explorer,,,,,118795,-,S-1-5-18,5,Microsoft Windows,Valid,TRUE,,,,,Microsoft-Windows-Sysmon,,,,,,,,,,,,,Dns query (rule: DnsQuery),,Information,"SYSTEM
wrk-pprice\CyberJunkie",41:56.7,"02/11/2026 07:41:56.806 PM
LogName=Microsoft-Windows-Sysmon/Operational
EventCode=7
EventType=4
ComputerName=wrk-pprice
User=SYSTEM
Sid=S-1-5-18
SidType=5
SourceName=Microsoft-Windows-Sysmon
Type=Information
RecordNumber=118795
Keywords=None
TaskCategory=Dns query (rule: DnsQuery)
OpCode=Info
Message=Image loaded:
RuleName: -
UtcTime: 2024-02-14 03:41:56.748
ProcessGuid: {817bddf3-3684-65cc-2d02-000000001900}
ProcessId: 10672
Image: C:\Users\CyberJunkie\Downloads\Preventivo24.02.14.exe.exe
ImageLoaded: C:\Windows\SysWOW64\urlmon.dll
FileVersion: 11.00.19041.3758 (WinBuild.160101.0800)
Description: OLE32 Extensions for Win32
Product: Internet Explorer
Company: Microsoft Corporation
OriginalFileName: UrlMon.dll
Hashes: SHA1=0E91C2EDEC250F29813F4E81FC848F66E02E84F2,MD5=ACF495DB93EF4C7F525816BC1CDB42DD,SHA256=DAD6A99F9F001DD0F1F504B86488E26F1645436B1225CF599FDB79C90D5D216D,IMPHASH=17439EF9503E6884EC31EDA426543B10
Signed: true
Signature: Microsoft Windows
SignatureStatus: Valid
User: wrk-pprice\CyberJunkie
",2026-02-11T19:41:56.000-0800,,Dns query (rule: DnsQuery),wrk-pprice,wrk-pprice,118795,endpoint_services_processes windows_event_signature windows_ta_data,wrk-pprice,118795,SplunkEx,32,,,,,//_::._=--/===-==---==--====__(:_)==_:\r:_-\r:_--_::,,,,,informational,4,,7,WinEventLog:Microsoft-Windows-Sysmon/Operational,WinEventLog,DESKTOP-6DT4EHE,,,track_event_signatures,track_event_signatures,,,Microsoft Windows
,,,,Photo and Fax Vn,wrk-pprice,,,,Photo and vn Installer,,,,,,,7,4,1.1.2,,,"SHA1=18A24AA0AC052D31FC5B56F5C0187041174FFC61,MD5=32F35B78A3DC5949CE3C99F2981DEF6B,SHA256=0CB44C4F8273750FA40497FCA81E850F73927E70B13C8F80CDCFEE9D1478E6F3,IMPHASH=36ACA8EDDDB161C588FCF5AFDC1AD9FA",C:\Users\CyberJunkie\Downloads\Preventivo24.02.14.exe.exe,C:\Users\CyberJunkie\Downloads\Preventivo24.02.14.exe.exe,,,,,None,Microsoft-Windows-Sysmon/Operational,,,"Image loaded:
RuleName: technique_id=T1574.002,technique_name=DLL Side-Loading
UtcTime: 2024-02-14 03:41:56.561
ProcessGuid: {817bddf3-3684-65cc-2d02-000000001900}
ProcessId: 10672
Image: C:\Users\CyberJunkie\Downloads\Preventivo24.02.14.exe.exe
ImageLoaded: C:\Users\CyberJunkie\Downloads\Preventivo24.02.14.exe.exe
FileVersion: 1.1.2
Description: Photo and vn Installer
Product: Photo and vn
Company: Photo and Fax Vn
OriginalFileName: Fattura 2 2024.exe
Hashes: SHA1=18A24AA0AC052D31FC5B56F5C0187041174FFC61,MD5=32F35B78A3DC5949CE3C99F2981DEF6B,SHA256=0CB44C4F8273750FA40497FCA81E850F73927E70B13C8F80CDCFEE9D1478E6F3,IMPHASH=36ACA8EDDDB161C588FCF5AFDC1AD9FA
Signed: false
Signature: -
SignatureStatus: Unavailable
User: wrk-pprice\CyberJunkie",Info,Fattura 2 2024.exe,,,,,,,,{817bddf3-3684-65cc-2d02-000000001900},10672,Photo and vn,,,,,118794,"technique_id=T1574.002,technique_name=DLL Side-Loading",S-1-5-18,5,-,Unavailable,FALSE,,,,,Microsoft-Windows-Sysmon,,,,,,,,,,,,,Dns query (rule: DnsQuery),,Information,"SYSTEM
wrk-pprice\CyberJunkie",41:56.6,"02/11/2026 07:41:56.574 PM
LogName=Microsoft-Windows-Sysmon/Operational
EventCode=7
EventType=4
ComputerName=wrk-pprice
User=SYSTEM
Sid=S-1-5-18
SidType=5
SourceName=Microsoft-Windows-Sysmon
Type=Information
RecordNumber=118794
Keywords=None
TaskCategory=Dns query (rule: DnsQuery)
OpCode=Info
Message=Image loaded:
RuleName: technique_id=T1574.002,technique_name=DLL Side-Loading
UtcTime: 2024-02-14 03:41:56.561
ProcessGuid: {817bddf3-3684-65cc-2d02-000000001900}
ProcessId: 10672
Image: C:\Users\CyberJunkie\Downloads\Preventivo24.02.14.exe.exe
ImageLoaded: C:\Users\CyberJunkie\Downloads\Preventivo24.02.14.exe.exe
FileVersion: 1.1.2
Description: Photo and vn Installer
Product: Photo and vn
Company: Photo and Fax Vn
OriginalFileName: Fattura 2 2024.exe
Hashes: SHA1=18A24AA0AC052D31FC5B56F5C0187041174FFC61,MD5=32F35B78A3DC5949CE3C99F2981DEF6B,SHA256=0CB44C4F8273750FA40497FCA81E850F73927E70B13C8F80CDCFEE9D1478E6F3,IMPHASH=36ACA8EDDDB161C588FCF5AFDC1AD9FA
Signed: false
Signature: -
SignatureStatus: Unavailable
User: wrk-pprice\CyberJunkie
",2026-02-11T19:41:56.000-0800,,Dns query (rule: DnsQuery),wrk-pprice,wrk-pprice,118794,endpoint_services_processes windows_event_signature windows_ta_data,wrk-pprice,118794,SplunkEx,32,,,,,"//_::._=--/===-==---==--====__(:_)==_:\r:_=.,=_-\r:_",,,,,informational,4,,7,WinEventLog:Microsoft-Windows-Sysmon/Operational,WinEventLog,DESKTOP-6DT4EHE,,,track_event_signatures,track_event_signatures,,,Microsoft Windows
,,,"""C:\Users\CyberJunkie\Downloads\Preventivo24.02.14.exe.exe""",Photo and Fax Vn,wrk-pprice,,,C:\Users\CyberJunkie\Downloads\,Photo and vn Installer,,,,,,,1,4,1.1.2,,,"SHA1=18A24AA0AC052D31FC5B56F5C0187041174FFC61,MD5=32F35B78A3DC5949CE3C99F2981DEF6B,SHA256=0CB44C4F8273750FA40497FCA81E850F73927E70B13C8F80CDCFEE9D1478E6F3,IMPHASH=36ACA8EDDDB161C588FCF5AFDC1AD9FA",C:\Users\CyberJunkie\Downloads\Preventivo24.02.14.exe.exe,,,,Medium,,None,Microsoft-Windows-Sysmon/Operational,{817bddf3-311e-65cc-a7ae-1b0000000000},0x1BAEA7,"Process Create:
RuleName: technique_id=T1204,technique_name=User Execution
UtcTime: 2024-02-14 03:41:56.538
ProcessGuid: {817bddf3-3684-65cc-2d02-000000001900}
ProcessId: 10672
Image: C:\Users\CyberJunkie\Downloads\Preventivo24.02.14.exe.exe
FileVersion: 1.1.2
Description: Photo and vn Installer
Product: Photo and vn
Company: Photo and Fax Vn
OriginalFileName: Fattura 2 2024.exe
CommandLine: ""C:\Users\CyberJunkie\Downloads\Preventivo24.02.14.exe.exe"" 
CurrentDirectory: C:\Users\CyberJunkie\Downloads\
User: wrk-pprice\CyberJunkie
LogonGuid: {817bddf3-311e-65cc-a7ae-1b0000000000}
LogonId: 0x1BAEA7
TerminalSessionId: 1
IntegrityLevel: Medium
Hashes: SHA1=18A24AA0AC052D31FC5B56F5C0187041174FFC61,MD5=32F35B78A3DC5949CE3C99F2981DEF6B,SHA256=0CB44C4F8273750FA40497FCA81E850F73927E70B13C8F80CDCFEE9D1478E6F3,IMPHASH=36ACA8EDDDB161C588FCF5AFDC1AD9FA
ParentProcessGuid: {817bddf3-311f-65cc-0a01-000000001900}
ParentProcessId: 1116
ParentImage: C:\Windows\explorer.exe
ParentCommandLine: C:\Windows\Explorer.EXE
ParentUser: wrk-pprice\CyberJunkie",Info,Fattura 2 2024.exe,C:\Windows\Explorer.EXE,C:\Windows\explorer.exe,{817bddf3-311f-65cc-0a01-000000001900},1116,wrk-pprice\CyberJunkie,,,{817bddf3-3684-65cc-2d02-000000001900},10672,Photo and vn,,,,,118793,"technique_id=T1204,technique_name=User Execution",S-1-5-18,5,,,,,,,,Microsoft-Windows-Sysmon,,,,,,,,,,,,,Dns query (rule: DnsQuery),1,Information,"SYSTEM
wrk-pprice\CyberJunkie",41:56.5,"02/11/2026 07:41:56.559 PM
LogName=Microsoft-Windows-Sysmon/Operational
EventCode=1
EventType=4
ComputerName=wrk-pprice
User=SYSTEM
Sid=S-1-5-18
SidType=5
SourceName=Microsoft-Windows-Sysmon
Type=Information
RecordNumber=118793
Keywords=None
TaskCategory=Dns query (rule: DnsQuery)
OpCode=Info
Message=Process Create:
RuleName: technique_id=T1204,technique_name=User Execution
UtcTime: 2024-02-14 03:41:56.538
ProcessGuid: {817bddf3-3684-65cc-2d02-000000001900}
ProcessId: 10672
Image: C:\Users\CyberJunkie\Downloads\Preventivo24.02.14.exe.exe
FileVersion: 1.1.2
Description: Photo and vn Installer
Product: Photo and vn
Company: Photo and Fax Vn
OriginalFileName: Fattura 2 2024.exe
CommandLine: ""C:\Users\CyberJunkie\Downloads\Preventivo24.02.14.exe.exe"" 
CurrentDirectory: C:\Users\CyberJunkie\Downloads\
User: wrk-pprice\CyberJunkie
LogonGuid: {817bddf3-311e-65cc-a7ae-1b0000000000}
LogonId: 0x1BAEA7
TerminalSessionId: 1
IntegrityLevel: Medium
Hashes: SHA1=18A24AA0AC052D31FC5B56F5C0187041174FFC61,MD5=32F35B78A3DC5949CE3C99F2981DEF6B,SHA256=0CB44C4F8273750FA40497FCA81E850F73927E70B13C8F80CDCFEE9D1478E6F3,IMPHASH=36ACA8EDDDB161C588FCF5AFDC1AD9FA
ParentProcessGuid: {817bddf3-311f-65cc-0a01-000000001900}
ParentProcessId: 1116
ParentImage: C:\Windows\explorer.exe
ParentCommandLine: C:\Windows\Explorer.EXE
ParentUser: wrk-pprice\CyberJunkie
",2026-02-11T19:41:56.000-0800,,Dns query (rule: DnsQuery),wrk-pprice,wrk-pprice,118793,endpoint_services_processes windows_event_signature windows_ta_data,wrk-pprice,118793,SplunkEx,39,,,,,"//_::._=--/===-==---==--====__(:_)==_:\r:_=,=_\r:_--",,,,,informational,4,,1,WinEventLog:Microsoft-Windows-Sysmon/Operational,WinEventLog,DESKTOP-6DT4EHE,,,track_event_signatures,track_event_signatures,,,Microsoft Windows
,,,,,wrk-pprice,,,,,,,,,,,26,4,,,,"SHA1=2CFE549E8DEB113DFAD2E7702637C1772ACFDBE6,MD5=41F87E73FBAEA5D3B335EBC3B3B70FAE,SHA256=5607425CF7DCB090216F4531D099FD780193899383CBB3441017E3615E03068B,IMPHASH=00000000000000000000000000000000",C:\Windows\Explorer.EXE,,,,,FALSE,None,Microsoft-Windows-Sysmon/Operational,,,"File Delete logged:
RuleName: -
UtcTime: 2024-02-14 03:41:56.467
ProcessGuid: {817bddf3-311f-65cc-0a01-000000001900}
ProcessId: 1116
User: wrk-pprice\CyberJunkie
Image: C:\Windows\Explorer.EXE
TargetFilename: C:\Users\CyberJunkie\Downloads\Preventivo24.02.14.exe.exe:Zone.Identifier
Hashes: SHA1=2CFE549E8DEB113DFAD2E7702637C1772ACFDBE6,MD5=41F87E73FBAEA5D3B335EBC3B3B70FAE,SHA256=5607425CF7DCB090216F4531D099FD780193899383CBB3441017E3615E03068B,IMPHASH=00000000000000000000000000000000
IsExecutable: false",Info,,,,,,,,,{817bddf3-311f-65cc-0a01-000000001900},1116,,,,,,118792,-,S-1-5-18,5,,,,,,,,Microsoft-Windows-Sysmon,,,,,,,C:\Users\CyberJunkie\Downloads\Preventivo24.02.14.exe.exe:Zone.Identifier,,,,,,Dns query (rule: DnsQuery),,Information,"SYSTEM
wrk-pprice\CyberJunkie",41:56.5,"02/11/2026 07:41:56.474 PM
LogName=Microsoft-Windows-Sysmon/Operational
EventCode=26
EventType=4
ComputerName=wrk-pprice
User=SYSTEM
Sid=S-1-5-18
SidType=5
SourceName=Microsoft-Windows-Sysmon
Type=Information
RecordNumber=118792
Keywords=None
TaskCategory=Dns query (rule: DnsQuery)
OpCode=Info
Message=File Delete logged:
RuleName: -
UtcTime: 2024-02-14 03:41:56.467
ProcessGuid: {817bddf3-311f-65cc-0a01-000000001900}
ProcessId: 1116
User: wrk-pprice\CyberJunkie
Image: C:\Windows\Explorer.EXE
TargetFilename: C:\Users\CyberJunkie\Downloads\Preventivo24.02.14.exe.exe:Zone.Identifier
Hashes: SHA1=2CFE549E8DEB113DFAD2E7702637C1772ACFDBE6,MD5=41F87E73FBAEA5D3B335EBC3B3B70FAE,SHA256=5607425CF7DCB090216F4531D099FD780193899383CBB3441017E3615E03068B,IMPHASH=00000000000000000000000000000000
IsExecutable: false
",2026-02-11T19:41:56.000-0800,,Dns query (rule: DnsQuery),wrk-pprice,wrk-pprice,118792,endpoint_services_processes windows_event_signature windows_ta_data,wrk-pprice,118792,SplunkEx,25,,,,,//_::._=--/===-==---==--====__(:_)==__:\r:_-\r:_--_:,,,,,informational,4,,26,WinEventLog:Microsoft-Windows-Sysmon/Operational,WinEventLog,DESKTOP-6DT4EHE,,,track_event_signatures,track_event_signatures,,,Microsoft Windows
,,,,,wrk-pprice,,,,,,,,,,,12,"4
CreateKey",,,,,C:\Windows\System32\smartscreen.exe,,,,,,None,Microsoft-Windows-Sysmon/Operational,,,"Registry object added or deleted:
RuleName: technique_id=T1003,technique_name=Credential Dumping
EventType: CreateKey
UtcTime: 2024-02-14 03:41:55.951
ProcessGuid: {817bddf3-3683-65cc-2c02-000000001900}
ProcessId: 9180
Image: C:\Windows\System32\smartscreen.exe
TargetObject: HKLM\System\CurrentControlSet\Control\SecurityProviders\SCHANNEL
User: wrk-pprice\CyberJunkie",Info,,,,,,,,,{817bddf3-3683-65cc-2c02-000000001900},9180,,,,,,118791,"technique_id=T1003,technique_name=Credential Dumping",S-1-5-18,5,,,,,,,,Microsoft-Windows-Sysmon,,,,,,,,,HKLM\System\CurrentControlSet\Control\SecurityProviders\SCHANNEL,,,,Dns query (rule: DnsQuery),,Information,"SYSTEM
wrk-pprice\CyberJunkie",41:56.0,"02/11/2026 07:41:55.965 PM
LogName=Microsoft-Windows-Sysmon/Operational
EventCode=12
EventType=4
ComputerName=wrk-pprice
User=SYSTEM
Sid=S-1-5-18
SidType=5
SourceName=Microsoft-Windows-Sysmon
Type=Information
RecordNumber=118791
Keywords=None
TaskCategory=Dns query (rule: DnsQuery)
OpCode=Info
Message=Registry object added or deleted:
RuleName: technique_id=T1003,technique_name=Credential Dumping
EventType: CreateKey
UtcTime: 2024-02-14 03:41:55.951
ProcessGuid: {817bddf3-3683-65cc-2c02-000000001900}
ProcessId: 9180
Image: C:\Windows\System32\smartscreen.exe
TargetObject: HKLM\System\CurrentControlSet\Control\SecurityProviders\SCHANNEL
User: wrk-pprice\CyberJunkie
",2026-02-11T19:41:55.000-0800,,Dns query (rule: DnsQuery),wrk-pprice,wrk-pprice,118791,endpoint_services_processes windows_event_signature windows_ta_data,wrk-pprice,118791,SplunkEx,24,,,,,"//_::._=--/===-==---==--====__(:_)==____:\r:_=,=_\r:",,,,,informational,"4
CreateKey",,12,WinEventLog:Microsoft-Windows-Sysmon/Operational,WinEventLog,DESKTOP-6DT4EHE,,,track_event_signatures,track_event_signatures,,,Microsoft Windows
,,,,,wrk-pprice,,,,,,,,,,,12,"4
CreateKey",,,,,C:\Windows\System32\smartscreen.exe,,,,,,None,Microsoft-Windows-Sysmon/Operational,,,"Registry object added or deleted:
RuleName: technique_id=T1553.004,technique_name=Install Root Certificate
EventType: CreateKey
UtcTime: 2024-02-14 03:41:55.779
ProcessGuid: {817bddf3-3683-65cc-2c02-000000001900}
ProcessId: 9180
Image: C:\Windows\System32\smartscreen.exe
TargetObject: HKU\S-1-5-21-3393683511-3463148672-371912004-1001\Software\Microsoft\SystemCertificates\Root\Certificates
User: wrk-pprice\CyberJunkie",Info,,,,,,,,,{817bddf3-3683-65cc-2c02-000000001900},9180,,,,,,118790,"technique_id=T1553.004,technique_name=Install Root Certificate",S-1-5-18,5,,,,,,,,Microsoft-Windows-Sysmon,,,,,,,,,HKU\S-1-5-21-3393683511-3463148672-371912004-1001\Software\Microsoft\SystemCertificates\Root\Certificates,,,,Dns query (rule: DnsQuery),,Information,"SYSTEM
wrk-pprice\CyberJunkie",41:55.8,"02/11/2026 07:41:55.780 PM
LogName=Microsoft-Windows-Sysmon/Operational
EventCode=12
EventType=4
ComputerName=wrk-pprice
User=SYSTEM
Sid=S-1-5-18
SidType=5
SourceName=Microsoft-Windows-Sysmon
Type=Information
RecordNumber=118790
Keywords=None
TaskCategory=Dns query (rule: DnsQuery)
OpCode=Info
Message=Registry object added or deleted:
RuleName: technique_id=T1553.004,technique_name=Install Root Certificate
EventType: CreateKey
UtcTime: 2024-02-14 03:41:55.779
ProcessGuid: {817bddf3-3683-65cc-2c02-000000001900}
ProcessId: 9180
Image: C:\Windows\System32\smartscreen.exe
TargetObject: HKU\S-1-5-21-3393683511-3463148672-371912004-1001\Software\Microsoft\SystemCertificates\Root\Certificates
User: wrk-pprice\CyberJunkie
",2026-02-11T19:41:55.000-0800,,Dns query (rule: DnsQuery),wrk-pprice,wrk-pprice,118790,endpoint_services_processes windows_event_signature windows_ta_data,wrk-pprice,118790,SplunkEx,24,,,,,"//_::._=--/===-==---==--====__(:_)==____:\r:_=.,=__",,,,,informational,"4
CreateKey",,12,WinEventLog:Microsoft-Windows-Sysmon/Operational,WinEventLog,DESKTOP-6DT4EHE,,,track_event_signatures,track_event_signatures,,,Microsoft Windows
,,,,,wrk-pprice,,,,,,,,,,,12,"4
CreateKey",,,,,C:\Windows\System32\smartscreen.exe,,,,,,None,Microsoft-Windows-Sysmon/Operational,,,"Registry object added or deleted:
RuleName: technique_id=T1553.004,technique_name=Install Root Certificate
EventType: CreateKey
UtcTime: 2024-02-14 03:41:55.764
ProcessGuid: {817bddf3-3683-65cc-2c02-000000001900}
ProcessId: 9180
Image: C:\Windows\System32\smartscreen.exe
TargetObject: HKU\S-1-5-21-3393683511-3463148672-371912004-1001\Software\Microsoft\SystemCertificates\CA\Certificates
User: wrk-pprice\CyberJunkie",Info,,,,,,,,,{817bddf3-3683-65cc-2c02-000000001900},9180,,,,,,118789,"technique_id=T1553.004,technique_name=Install Root Certificate",S-1-5-18,5,,,,,,,,Microsoft-Windows-Sysmon,,,,,,,,,HKU\S-1-5-21-3393683511-3463148672-371912004-1001\Software\Microsoft\SystemCertificates\CA\Certificates,,,,Dns query (rule: DnsQuery),,Information,"SYSTEM
wrk-pprice\CyberJunkie",41:55.8,"02/11/2026 07:41:55.778 PM
LogName=Microsoft-Windows-Sysmon/Operational
EventCode=12
EventType=4
ComputerName=wrk-pprice
User=SYSTEM
Sid=S-1-5-18
SidType=5
SourceName=Microsoft-Windows-Sysmon
Type=Information
RecordNumber=118789
Keywords=None
TaskCategory=Dns query (rule: DnsQuery)
OpCode=Info
Message=Registry object added or deleted:
RuleName: technique_id=T1553.004,technique_name=Install Root Certificate
