EventType: CreateKey
UtcTime: 2024-02-14 03:41:55.764
ProcessGuid: {817bddf3-3683-65cc-2c02-000000001900}
ProcessId: 9180
Image: C:\Windows\System32\smartscreen.exe
TargetObject: HKU\S-1-5-21-3393683511-3463148672-371912004-1001\Software\Microsoft\SystemCertificates\CA\Certificates
User: wrk-pprice\CyberJunkie
",2026-02-11T19:41:55.000-0800,,Dns query (rule: DnsQuery),wrk-pprice,wrk-pprice,118789,endpoint_services_processes windows_event_signature windows_ta_data,wrk-pprice,118789,SplunkEx,24,,,,,"//_::._=--/===-==---==--====__(:_)==____:\r:_=.,=__",,,,,informational,"4
CreateKey",,12,WinEventLog:Microsoft-Windows-Sysmon/Operational,WinEventLog,DESKTOP-6DT4EHE,,,track_event_signatures,track_event_signatures,,,Microsoft Windows
,,,,Microsoft Corporation,wrk-pprice,,,,OLE32 Extensions for Win32,,,,,,,7,4,11.00.19041.3758 (WinBuild.160101.0800),,,"SHA1=AF3207E6B945D133673F2367EA624EFDF2634DFA,MD5=C7E285D2CFAC29BD40EF5AC97FF6CBF3,SHA256=216BBE439DA6D654245D6676B49EA7ACF059EA82D9CB70C2FF97D0BD9392925B,IMPHASH=0254C7BEEF83C9724B95A1B2D6395973",C:\Windows\System32\smartscreen.exe,C:\Windows\System32\urlmon.dll,,,,,None,Microsoft-Windows-Sysmon/Operational,,,"Image loaded:
RuleName: -
UtcTime: 2024-02-14 03:41:55.670
ProcessGuid: {817bddf3-3683-65cc-2c02-000000001900}
ProcessId: 9180
Image: C:\Windows\System32\smartscreen.exe
ImageLoaded: C:\Windows\System32\urlmon.dll
FileVersion: 11.00.19041.3758 (WinBuild.160101.0800)
Description: OLE32 Extensions for Win32
Product: Internet Explorer
Company: Microsoft Corporation
OriginalFileName: UrlMon.dll
Hashes: SHA1=AF3207E6B945D133673F2367EA624EFDF2634DFA,MD5=C7E285D2CFAC29BD40EF5AC97FF6CBF3,SHA256=216BBE439DA6D654245D6676B49EA7ACF059EA82D9CB70C2FF97D0BD9392925B,IMPHASH=0254C7BEEF83C9724B95A1B2D6395973
Signed: true
Signature: Microsoft Windows
SignatureStatus: Valid
User: wrk-pprice\CyberJunkie",Info,UrlMon.dll,,,,,,,,{817bddf3-3683-65cc-2c02-000000001900},9180,Internet Explorer,,,,,118788,-,S-1-5-18,5,Microsoft Windows,Valid,TRUE,,,,,Microsoft-Windows-Sysmon,,,,,,,,,,,,,Dns query (rule: DnsQuery),,Information,"SYSTEM
wrk-pprice\CyberJunkie",41:55.7,"02/11/2026 07:41:55.671 PM
LogName=Microsoft-Windows-Sysmon/Operational
EventCode=7
EventType=4
ComputerName=wrk-pprice
User=SYSTEM
Sid=S-1-5-18
SidType=5
SourceName=Microsoft-Windows-Sysmon
Type=Information
RecordNumber=118788
Keywords=None
TaskCategory=Dns query (rule: DnsQuery)
OpCode=Info
Message=Image loaded:
RuleName: -
UtcTime: 2024-02-14 03:41:55.670
ProcessGuid: {817bddf3-3683-65cc-2c02-000000001900}
ProcessId: 9180
Image: C:\Windows\System32\smartscreen.exe
ImageLoaded: C:\Windows\System32\urlmon.dll
FileVersion: 11.00.19041.3758 (WinBuild.160101.0800)
Description: OLE32 Extensions for Win32
Product: Internet Explorer
Company: Microsoft Corporation
OriginalFileName: UrlMon.dll
Hashes: SHA1=AF3207E6B945D133673F2367EA624EFDF2634DFA,MD5=C7E285D2CFAC29BD40EF5AC97FF6CBF3,SHA256=216BBE439DA6D654245D6676B49EA7ACF059EA82D9CB70C2FF97D0BD9392925B,IMPHASH=0254C7BEEF83C9724B95A1B2D6395973
Signed: true
Signature: Microsoft Windows
SignatureStatus: Valid
User: wrk-pprice\CyberJunkie
",2026-02-11T19:41:55.000-0800,,Dns query (rule: DnsQuery),wrk-pprice,wrk-pprice,118788,endpoint_services_processes windows_event_signature windows_ta_data,wrk-pprice,118788,SplunkEx,32,,,,,//_::._=--/===-==---==--====__(:_)==_:\r:_-\r:_--_::,,,,,informational,4,,7,WinEventLog:Microsoft-Windows-Sysmon/Operational,WinEventLog,DESKTOP-6DT4EHE,,,track_event_signatures,track_event_signatures,,,Microsoft Windows
,,,,,wrk-pprice,,,,,,,,,,,12,"4
CreateKey",,,,,C:\Windows\Explorer.EXE,,,,,,None,Microsoft-Windows-Sysmon/Operational,,,"Registry object added or deleted:
RuleName: -
EventType: CreateKey
UtcTime: 2024-02-14 03:41:47.326
ProcessGuid: {817bddf3-311f-65cc-0a01-000000001900}
ProcessId: 1116
Image: C:\Windows\Explorer.EXE
TargetObject: HKU\S-1-5-21-3393683511-3463148672-371912004-1001\Software\Microsoft\Internet Explorer\Toolbar
User: wrk-pprice\CyberJunkie",Info,,,,,,,,,{817bddf3-311f-65cc-0a01-000000001900},1116,,,,,,118787,-,S-1-5-18,5,,,,,,,,Microsoft-Windows-Sysmon,,,,,,,,,HKU\S-1-5-21-3393683511-3463148672-371912004-1001\Software\Microsoft\Internet Explorer\Toolbar,,,,Dns query (rule: DnsQuery),,Information,"SYSTEM
wrk-pprice\CyberJunkie",41:47.3,"02/11/2026 07:41:47.334 PM
LogName=Microsoft-Windows-Sysmon/Operational
EventCode=12
EventType=4
ComputerName=wrk-pprice
User=SYSTEM
Sid=S-1-5-18
SidType=5
SourceName=Microsoft-Windows-Sysmon
Type=Information
RecordNumber=118787
Keywords=None
TaskCategory=Dns query (rule: DnsQuery)
OpCode=Info
Message=Registry object added or deleted:
RuleName: -
EventType: CreateKey
UtcTime: 2024-02-14 03:41:47.326
ProcessGuid: {817bddf3-311f-65cc-0a01-000000001900}
ProcessId: 1116
Image: C:\Windows\Explorer.EXE
TargetObject: HKU\S-1-5-21-3393683511-3463148672-371912004-1001\Software\Microsoft\Internet Explorer\Toolbar
User: wrk-pprice\CyberJunkie
",2026-02-11T19:41:47.000-0800,,Dns query (rule: DnsQuery),wrk-pprice,wrk-pprice,118787,endpoint_services_processes windows_event_signature windows_ta_data,wrk-pprice,118787,SplunkEx,24,,,,,//_::._=--/===-==---==--====__(:_)==____:\r:_-\r:_\r:,,,,,informational,"4
CreateKey",,12,WinEventLog:Microsoft-Windows-Sysmon/Operational,WinEventLog,DESKTOP-6DT4EHE,,,track_event_signatures,track_event_signatures,,,Microsoft Windows
,,,,,wrk-pprice,,,,,,,,,,,12,"4
CreateKey",,,,,C:\Windows\Explorer.EXE,,,,,,None,Microsoft-Windows-Sysmon/Operational,,,"Registry object added or deleted:
RuleName: -
EventType: CreateKey
UtcTime: 2024-02-14 03:41:47.263
ProcessGuid: {817bddf3-311f-65cc-0a01-000000001900}
ProcessId: 1116
Image: C:\Windows\Explorer.EXE
TargetObject: HKU\S-1-5-21-3393683511-3463148672-371912004-1001\Software\Microsoft\Internet Explorer\Toolbar
User: wrk-pprice\CyberJunkie",Info,,,,,,,,,{817bddf3-311f-65cc-0a01-000000001900},1116,,,,,,118786,-,S-1-5-18,5,,,,,,,,Microsoft-Windows-Sysmon,,,,,,,,,HKU\S-1-5-21-3393683511-3463148672-371912004-1001\Software\Microsoft\Internet Explorer\Toolbar,,,,Dns query (rule: DnsQuery),,Information,"SYSTEM
wrk-pprice\CyberJunkie",41:47.3,"02/11/2026 07:41:47.290 PM
LogName=Microsoft-Windows-Sysmon/Operational
EventCode=12
EventType=4
ComputerName=wrk-pprice
User=SYSTEM
Sid=S-1-5-18
SidType=5
SourceName=Microsoft-Windows-Sysmon
Type=Information
RecordNumber=118786
Keywords=None
TaskCategory=Dns query (rule: DnsQuery)
OpCode=Info
Message=Registry object added or deleted:
RuleName: -
EventType: CreateKey
UtcTime: 2024-02-14 03:41:47.263
ProcessGuid: {817bddf3-311f-65cc-0a01-000000001900}
ProcessId: 1116
Image: C:\Windows\Explorer.EXE
TargetObject: HKU\S-1-5-21-3393683511-3463148672-371912004-1001\Software\Microsoft\Internet Explorer\Toolbar
User: wrk-pprice\CyberJunkie
",2026-02-11T19:41:47.000-0800,,Dns query (rule: DnsQuery),wrk-pprice,wrk-pprice,118786,endpoint_services_processes windows_event_signature windows_ta_data,wrk-pprice,118786,SplunkEx,24,,,,,//_::._=--/===-==---==--====__(:_)==____:\r:_-\r:_\r:,,,,,informational,"4
CreateKey",,12,WinEventLog:Microsoft-Windows-Sysmon/Operational,WinEventLog,DESKTOP-6DT4EHE,,,track_event_signatures,track_event_signatures,,,Microsoft Windows
,,,,,wrk-pprice,,,,,,,,,,,12,"4
CreateKey",,,,,C:\Windows\Explorer.EXE,,,,,,None,Microsoft-Windows-Sysmon/Operational,,,"Registry object added or deleted:
RuleName: -
EventType: CreateKey
UtcTime: 2024-02-14 03:41:47.263
ProcessGuid: {817bddf3-311f-65cc-0a01-000000001900}
ProcessId: 1116
Image: C:\Windows\Explorer.EXE
TargetObject: HKU\S-1-5-21-3393683511-3463148672-371912004-1001\Software\Microsoft\Internet Explorer\Toolbar
User: wrk-pprice\CyberJunkie",Info,,,,,,,,,{817bddf3-311f-65cc-0a01-000000001900},1116,,,,,,118785,-,S-1-5-18,5,,,,,,,,Microsoft-Windows-Sysmon,,,,,,,,,HKU\S-1-5-21-3393683511-3463148672-371912004-1001\Software\Microsoft\Internet Explorer\Toolbar,,,,Dns query (rule: DnsQuery),,Information,"SYSTEM
wrk-pprice\CyberJunkie",41:47.3,"02/11/2026 07:41:47.290 PM
LogName=Microsoft-Windows-Sysmon/Operational
EventCode=12
EventType=4
ComputerName=wrk-pprice
User=SYSTEM
Sid=S-1-5-18
SidType=5
SourceName=Microsoft-Windows-Sysmon
Type=Information
RecordNumber=118785
Keywords=None
TaskCategory=Dns query (rule: DnsQuery)
OpCode=Info
Message=Registry object added or deleted:
RuleName: -
EventType: CreateKey
UtcTime: 2024-02-14 03:41:47.263
ProcessGuid: {817bddf3-311f-65cc-0a01-000000001900}
ProcessId: 1116
Image: C:\Windows\Explorer.EXE
TargetObject: HKU\S-1-5-21-3393683511-3463148672-371912004-1001\Software\Microsoft\Internet Explorer\Toolbar
User: wrk-pprice\CyberJunkie
",2026-02-11T19:41:47.000-0800,,Dns query (rule: DnsQuery),wrk-pprice,wrk-pprice,118785,endpoint_services_processes windows_event_signature windows_ta_data,wrk-pprice,118785,SplunkEx,24,,,,,//_::._=--/===-==---==--====__(:_)==____:\r:_-\r:_\r:,,,,,informational,"4
CreateKey",,12,WinEventLog:Microsoft-Windows-Sysmon/Operational,WinEventLog,DESKTOP-6DT4EHE,,,track_event_signatures,track_event_signatures,,,Microsoft Windows
,,,,,wrk-pprice,,51:44.5,,,,,,,,,11,4,,,,,C:\Windows\system32\svchost.exe,,,,,,None,Microsoft-Windows-Sysmon/Operational,,,"File created:
RuleName: technique_id=T1574.010,technique_name=Services File Permissions Weakness
UtcTime: 2024-02-14 03:41:46.450
ProcessGuid: {817bddf3-307d-65cc-2200-000000001900}
ProcessId: 1668
Image: C:\Windows\system32\svchost.exe
TargetFilename: C:\Windows\Prefetch\CONHOST.EXE-0C6456FB.pf
CreationUtcTime: 2023-02-01 00:51:44.477
User: NT AUTHORITY\SYSTEM",Info,,,,,,,,,{817bddf3-307d-65cc-2200-000000001900},1668,,,,,,118784,"technique_id=T1574.010,technique_name=Services File Permissions Weakness",S-1-5-18,5,,,,,,,,Microsoft-Windows-Sysmon,,,,,,,C:\Windows\Prefetch\CONHOST.EXE-0C6456FB.pf,,,,,,Dns query (rule: DnsQuery),,Information,"SYSTEM
NT AUTHORITY\SYSTEM",41:46.4,"02/11/2026 07:41:46.460 PM
LogName=Microsoft-Windows-Sysmon/Operational
EventCode=11
EventType=4
ComputerName=wrk-pprice
User=SYSTEM
Sid=S-1-5-18
SidType=5
SourceName=Microsoft-Windows-Sysmon
Type=Information
RecordNumber=118784
Keywords=None
TaskCategory=Dns query (rule: DnsQuery)
OpCode=Info
Message=File created:
RuleName: technique_id=T1574.010,technique_name=Services File Permissions Weakness
UtcTime: 2024-02-14 03:41:46.450
ProcessGuid: {817bddf3-307d-65cc-2200-000000001900}
ProcessId: 1668
Image: C:\Windows\system32\svchost.exe
TargetFilename: C:\Windows\Prefetch\CONHOST.EXE-0C6456FB.pf
CreationUtcTime: 2023-02-01 00:51:44.477
User: NT AUTHORITY\SYSTEM
",2026-02-11T19:41:46.000-0800,,Dns query (rule: DnsQuery),wrk-pprice,wrk-pprice,118784,endpoint_services_processes windows_event_signature windows_ta_data,wrk-pprice,118784,SplunkEx,24,,,,,"//_::._=--/===-==---==--====__(:_)==_:\r:_=.,=___\r:",,,,,informational,4,,11,WinEventLog:Microsoft-Windows-Sysmon/Operational,WinEventLog,DESKTOP-6DT4EHE,,,track_event_signatures,track_event_signatures,,,Microsoft Windows
,,,,,wrk-pprice,,21:04.0,,,,,,,,,11,4,,,,,C:\Windows\system32\svchost.exe,,,,,,None,Microsoft-Windows-Sysmon/Operational,,,"File created:
RuleName: technique_id=T1574.010,technique_name=Services File Permissions Weakness
UtcTime: 2024-02-14 03:41:46.450
ProcessGuid: {817bddf3-307d-65cc-2200-000000001900}
ProcessId: 1668
Image: C:\Windows\system32\svchost.exe
TargetFilename: C:\Windows\Prefetch\PINGSENDER.EXE-B4914655.pf
CreationUtcTime: 2024-02-14 03:21:04.035
User: NT AUTHORITY\SYSTEM",Info,,,,,,,,,{817bddf3-307d-65cc-2200-000000001900},1668,,,,,,118783,"technique_id=T1574.010,technique_name=Services File Permissions Weakness",S-1-5-18,5,,,,,,,,Microsoft-Windows-Sysmon,,,,,,,C:\Windows\Prefetch\PINGSENDER.EXE-B4914655.pf,,,,,,Dns query (rule: DnsQuery),,Information,"SYSTEM
NT AUTHORITY\SYSTEM",41:46.4,"02/11/2026 07:41:46.459 PM
LogName=Microsoft-Windows-Sysmon/Operational
EventCode=11
EventType=4
ComputerName=wrk-pprice
User=SYSTEM
Sid=S-1-5-18
SidType=5
SourceName=Microsoft-Windows-Sysmon
Type=Information
RecordNumber=118783
Keywords=None
TaskCategory=Dns query (rule: DnsQuery)
OpCode=Info
Message=File created:
RuleName: technique_id=T1574.010,technique_name=Services File Permissions Weakness
UtcTime: 2024-02-14 03:41:46.450
ProcessGuid: {817bddf3-307d-65cc-2200-000000001900}
ProcessId: 1668
Image: C:\Windows\system32\svchost.exe
TargetFilename: C:\Windows\Prefetch\PINGSENDER.EXE-B4914655.pf
CreationUtcTime: 2024-02-14 03:21:04.035
User: NT AUTHORITY\SYSTEM
",2026-02-11T19:41:46.000-0800,,Dns query (rule: DnsQuery),wrk-pprice,wrk-pprice,118783,endpoint_services_processes windows_event_signature windows_ta_data,wrk-pprice,118783,SplunkEx,24,,,,,"//_::._=--/===-==---==--====__(:_)==_:\r:_=.,=___\r:",,,,,informational,4,,11,WinEventLog:Microsoft-Windows-Sysmon/Operational,WinEventLog,DESKTOP-6DT4EHE,,,track_event_signatures,track_event_signatures,,,Microsoft Windows
,,,,,wrk-pprice,,,,,,,,,,,22,4,,,,,C:\Program Files\Mozilla Firefox\firefox.exe,,,,,,None,Microsoft-Windows-Sysmon/Operational,,,"Dns query:
RuleName: -
UtcTime: 2024-02-14 03:41:43.924
ProcessGuid: {817bddf3-3514-65cc-0802-000000001900}
ProcessId: 4292
QueryName: d.dropbox.com
QueryStatus: 0
QueryResults: type:  5 d.v.dropbox.com;type:  5 d-edge.v.dropbox.com;162.125.8.20;205.251.192.57;2600:9000:5300:3900::1;
Image: C:\Program Files\Mozilla Firefox\firefox.exe
User: wrk-pprice\CyberJunkie",Info,,,,,,,,,{817bddf3-3514-65cc-0802-000000001900},4292,,,d.dropbox.com,type:  5 d.v.dropbox.com;type:  5 d-edge.v.dropbox.com;162.125.8.20;205.251.192.57;2600:9000:5300:3900::1;,0,118782,-,S-1-5-18,5,,,,,,,,Microsoft-Windows-Sysmon,,,,,,,,,,,,,Dns query (rule: DnsQuery),,Information,"SYSTEM
wrk-pprice\CyberJunkie",41:43.9,"02/11/2026 07:41:45.779 PM
LogName=Microsoft-Windows-Sysmon/Operational
EventCode=22
EventType=4
ComputerName=wrk-pprice
User=SYSTEM
Sid=S-1-5-18
SidType=5
SourceName=Microsoft-Windows-Sysmon
Type=Information
RecordNumber=118782
Keywords=None
TaskCategory=Dns query (rule: DnsQuery)
OpCode=Info
Message=Dns query:
RuleName: -
UtcTime: 2024-02-14 03:41:43.924
ProcessGuid: {817bddf3-3514-65cc-0802-000000001900}
ProcessId: 4292
QueryName: d.dropbox.com
QueryStatus: 0
QueryResults: type:  5 d.v.dropbox.com;type:  5 d-edge.v.dropbox.com;162.125.8.20;205.251.192.57;2600:9000:5300:3900::1;
Image: C:\Program Files\Mozilla Firefox\firefox.exe
User: wrk-pprice\CyberJunkie
",2026-02-11T19:41:45.000-0800,,Dns query (rule: DnsQuery),wrk-pprice,wrk-pprice,118782,endpoint_services_processes windows_event_signature windows_ta_data,wrk-pprice,118782,SplunkEx,25,,,,,//_::._=--/===-==---==--====__(:_)==_:\r:_-\r:_--_::,,,,,informational,4,,22,WinEventLog:Microsoft-Windows-Sysmon/Operational,WinEventLog,DESKTOP-6DT4EHE,,,track_event_signatures,track_event_signatures,,,Microsoft Windows
,,,,,wrk-pprice,,,,,,,,,,,12,"4
CreateKey",,,,,C:\Program Files\Mozilla Firefox\pingsender.exe,,,,,,None,Microsoft-Windows-Sysmon/Operational,,,"Registry object added or deleted:
RuleName: technique_id=T1003,technique_name=Credential Dumping
EventType: CreateKey
UtcTime: 2024-02-14 03:41:45.481
ProcessGuid: {817bddf3-3679-65cc-2902-000000001900}
ProcessId: 5584
Image: C:\Program Files\Mozilla Firefox\pingsender.exe
TargetObject: HKLM\System\CurrentControlSet\Control\SecurityProviders\SCHANNEL
User: wrk-pprice\CyberJunkie",Info,,,,,,,,,{817bddf3-3679-65cc-2902-000000001900},5584,,,,,,118781,"technique_id=T1003,technique_name=Credential Dumping",S-1-5-18,5,,,,,,,,Microsoft-Windows-Sysmon,,,,,,,,,HKLM\System\CurrentControlSet\Control\SecurityProviders\SCHANNEL,,,,Dns query (rule: DnsQuery),,Information,"SYSTEM
wrk-pprice\CyberJunkie",41:45.5,"02/11/2026 07:41:45.496 PM
LogName=Microsoft-Windows-Sysmon/Operational
EventCode=12
EventType=4
ComputerName=wrk-pprice
User=SYSTEM
Sid=S-1-5-18
SidType=5
SourceName=Microsoft-Windows-Sysmon
Type=Information
RecordNumber=118781
Keywords=None
TaskCategory=Dns query (rule: DnsQuery)
OpCode=Info
Message=Registry object added or deleted:
RuleName: technique_id=T1003,technique_name=Credential Dumping
EventType: CreateKey
UtcTime: 2024-02-14 03:41:45.481
ProcessGuid: {817bddf3-3679-65cc-2902-000000001900}
ProcessId: 5584
Image: C:\Program Files\Mozilla Firefox\pingsender.exe
TargetObject: HKLM\System\CurrentControlSet\Control\SecurityProviders\SCHANNEL
User: wrk-pprice\CyberJunkie
",2026-02-11T19:41:45.000-0800,,Dns query (rule: DnsQuery),wrk-pprice,wrk-pprice,118781,endpoint_services_processes windows_event_signature windows_ta_data,wrk-pprice,118781,SplunkEx,24,,,,,"//_::._=--/===-==---==--====__(:_)==____:\r:_=,=_\r:",,,,,informational,"4
CreateKey",,12,WinEventLog:Microsoft-Windows-Sysmon/Operational,WinEventLog,DESKTOP-6DT4EHE,,,track_event_signatures,track_event_signatures,,,Microsoft Windows
,,,,Microsoft Corporation,wrk-pprice,,,,OLE32 Extensions for Win32,,,,,,,7,4,11.00.19041.3758 (WinBuild.160101.0800),,,"SHA1=AF3207E6B945D133673F2367EA624EFDF2634DFA,MD5=C7E285D2CFAC29BD40EF5AC97FF6CBF3,SHA256=216BBE439DA6D654245D6676B49EA7ACF059EA82D9CB70C2FF97D0BD9392925B,IMPHASH=0254C7BEEF83C9724B95A1B2D6395973",C:\Program Files\Mozilla Firefox\pingsender.exe,C:\Windows\System32\urlmon.dll,,,,,None,Microsoft-Windows-Sysmon/Operational,,,"Image loaded:
RuleName: -
UtcTime: 2024-02-14 03:41:45.419
ProcessGuid: {817bddf3-3679-65cc-2902-000000001900}
ProcessId: 5584
Image: C:\Program Files\Mozilla Firefox\pingsender.exe
ImageLoaded: C:\Windows\System32\urlmon.dll
FileVersion: 11.00.19041.3758 (WinBuild.160101.0800)
Description: OLE32 Extensions for Win32
Product: Internet Explorer
Company: Microsoft Corporation
OriginalFileName: UrlMon.dll
Hashes: SHA1=AF3207E6B945D133673F2367EA624EFDF2634DFA,MD5=C7E285D2CFAC29BD40EF5AC97FF6CBF3,SHA256=216BBE439DA6D654245D6676B49EA7ACF059EA82D9CB70C2FF97D0BD9392925B,IMPHASH=0254C7BEEF83C9724B95A1B2D6395973
Signed: true
Signature: Microsoft Windows
SignatureStatus: Valid
User: wrk-pprice\CyberJunkie",Info,UrlMon.dll,,,,,,,,{817bddf3-3679-65cc-2902-000000001900},5584,Internet Explorer,,,,,118780,-,S-1-5-18,5,Microsoft Windows,Valid,TRUE,,,,,Microsoft-Windows-Sysmon,,,,,,,,,,,,,Dns query (rule: DnsQuery),,Information,"SYSTEM
wrk-pprice\CyberJunkie",41:45.4,"02/11/2026 07:41:45.434 PM
LogName=Microsoft-Windows-Sysmon/Operational
EventCode=7
EventType=4
ComputerName=wrk-pprice
User=SYSTEM
Sid=S-1-5-18
SidType=5
SourceName=Microsoft-Windows-Sysmon
Type=Information
RecordNumber=118780
Keywords=None
TaskCategory=Dns query (rule: DnsQuery)
OpCode=Info
Message=Image loaded:
RuleName: -
UtcTime: 2024-02-14 03:41:45.419
ProcessGuid: {817bddf3-3679-65cc-2902-000000001900}
ProcessId: 5584
Image: C:\Program Files\Mozilla Firefox\pingsender.exe
ImageLoaded: C:\Windows\System32\urlmon.dll
FileVersion: 11.00.19041.3758 (WinBuild.160101.0800)
Description: OLE32 Extensions for Win32
Product: Internet Explorer
Company: Microsoft Corporation
OriginalFileName: UrlMon.dll
Hashes: SHA1=AF3207E6B945D133673F2367EA624EFDF2634DFA,MD5=C7E285D2CFAC29BD40EF5AC97FF6CBF3,SHA256=216BBE439DA6D654245D6676B49EA7ACF059EA82D9CB70C2FF97D0BD9392925B,IMPHASH=0254C7BEEF83C9724B95A1B2D6395973
Signed: true
Signature: Microsoft Windows
SignatureStatus: Valid
User: wrk-pprice\CyberJunkie
",2026-02-11T19:41:45.000-0800,,Dns query (rule: DnsQuery),wrk-pprice,wrk-pprice,118780,endpoint_services_processes windows_event_signature windows_ta_data,wrk-pprice,118780,SplunkEx,32,,,,,//_::._=--/===-==---==--====__(:_)==_:\r:_-\r:_--_::,,,,,informational,4,,7,WinEventLog:Microsoft-Windows-Sysmon/Operational,WinEventLog,DESKTOP-6DT4EHE,,,track_event_signatures,track_event_signatures,,,Microsoft Windows
,,,,,wrk-pprice,,,,,,,,,,Binary Data,13,"4
SetValue",,,,,C:\Program Files\Mozilla Firefox\firefox.exe,,,,,,None,Microsoft-Windows-Sysmon/Operational,,,"Registry value set:
RuleName: technique_id=T1543,technique_name=Service Creation
EventType: SetValue
UtcTime: 2024-02-14 03:41:45.350
ProcessGuid: {817bddf3-3514-65cc-0802-000000001900}
ProcessId: 4292
Image: C:\Program Files\Mozilla Firefox\firefox.exe
TargetObject: HKLM\System\CurrentControlSet\Services\bam\State\UserSettings\S-1-5-21-3393683511-3463148672-371912004-1001\\Device\HarddiskVolume3\Program Files\Mozilla Firefox\firefox.exe
Details: Binary Data
User: wrk-pprice\CyberJunkie",Info,,,,,,,,,{817bddf3-3514-65cc-0802-000000001900},4292,,,,,,118779,"technique_id=T1543,technique_name=Service Creation",S-1-5-18,5,,,,,,,,Microsoft-Windows-Sysmon,,,,,,,,,HKLM\System\CurrentControlSet\Services\bam\State\UserSettings\S-1-5-21-3393683511-3463148672-371912004-1001\\Device\HarddiskVolume3\Program Files\Mozilla Firefox\firefox.exe,,,,Dns query (rule: DnsQuery),,Information,"SYSTEM
wrk-pprice\CyberJunkie",41:45.4,"02/11/2026 07:41:45.358 PM
LogName=Microsoft-Windows-Sysmon/Operational
EventCode=13
EventType=4
ComputerName=wrk-pprice
User=SYSTEM
Sid=S-1-5-18
SidType=5
SourceName=Microsoft-Windows-Sysmon
Type=Information
RecordNumber=118779
Keywords=None
TaskCategory=Dns query (rule: DnsQuery)
OpCode=Info
Message=Registry value set:
RuleName: technique_id=T1543,technique_name=Service Creation
EventType: SetValue
UtcTime: 2024-02-14 03:41:45.350
ProcessGuid: {817bddf3-3514-65cc-0802-000000001900}
ProcessId: 4292
Image: C:\Program Files\Mozilla Firefox\firefox.exe
TargetObject: HKLM\System\CurrentControlSet\Services\bam\State\UserSettings\S-1-5-21-3393683511-3463148672-371912004-1001\\Device\HarddiskVolume3\Program Files\Mozilla Firefox\firefox.exe
Details: Binary Data
User: wrk-pprice\CyberJunkie
",2026-02-11T19:41:45.000-0800,,Dns query (rule: DnsQuery),wrk-pprice,wrk-pprice,118779,endpoint_services_processes windows_event_signature windows_ta_data,wrk-pprice,118779,SplunkEx,25,,,,,"//_::._=--/===-==---==--====__(:_)==__:\r:_=,=_\r:_\r",,,,,informational,"4
SetValue",,13,WinEventLog:Microsoft-Windows-Sysmon/Operational,WinEventLog,DESKTOP-6DT4EHE,,,track_event_signatures,track_event_signatures,,,Microsoft Windows
,,,,,wrk-pprice,,,,,,,,,,Binary Data,13,"4
SetValue",,,,,C:\Program Files\Mozilla Firefox\firefox.exe,,,,,,None,Microsoft-Windows-Sysmon/Operational,,,"Registry value set:
RuleName: technique_id=T1543,technique_name=Service Creation
EventType: SetValue
UtcTime: 2024-02-14 03:41:45.334
ProcessGuid: {817bddf3-3515-65cc-0a02-000000001900}
ProcessId: 2628
Image: C:\Program Files\Mozilla Firefox\firefox.exe
TargetObject: HKLM\System\CurrentControlSet\Services\bam\State\UserSettings\S-1-5-21-3393683511-3463148672-371912004-1001\\Device\HarddiskVolume3\Program Files\Mozilla Firefox\firefox.exe
Details: Binary Data
User: wrk-pprice\CyberJunkie",Info,,,,,,,,,{817bddf3-3515-65cc-0a02-000000001900},2628,,,,,,118778,"technique_id=T1543,technique_name=Service Creation",S-1-5-18,5,,,,,,,,Microsoft-Windows-Sysmon,,,,,,,,,HKLM\System\CurrentControlSet\Services\bam\State\UserSettings\S-1-5-21-3393683511-3463148672-371912004-1001\\Device\HarddiskVolume3\Program Files\Mozilla Firefox\firefox.exe,,,,Dns query (rule: DnsQuery),,Information,"SYSTEM
wrk-pprice\CyberJunkie",41:45.3,"02/11/2026 07:41:45.339 PM
LogName=Microsoft-Windows-Sysmon/Operational
EventCode=13
EventType=4
ComputerName=wrk-pprice
User=SYSTEM
Sid=S-1-5-18
SidType=5
SourceName=Microsoft-Windows-Sysmon
Type=Information
RecordNumber=118778
Keywords=None
TaskCategory=Dns query (rule: DnsQuery)
OpCode=Info
Message=Registry value set:
RuleName: technique_id=T1543,technique_name=Service Creation
EventType: SetValue
UtcTime: 2024-02-14 03:41:45.334
ProcessGuid: {817bddf3-3515-65cc-0a02-000000001900}
ProcessId: 2628
Image: C:\Program Files\Mozilla Firefox\firefox.exe
TargetObject: HKLM\System\CurrentControlSet\Services\bam\State\UserSettings\S-1-5-21-3393683511-3463148672-371912004-1001\\Device\HarddiskVolume3\Program Files\Mozilla Firefox\firefox.exe
Details: Binary Data
User: wrk-pprice\CyberJunkie
",2026-02-11T19:41:45.000-0800,,Dns query (rule: DnsQuery),wrk-pprice,wrk-pprice,118778,endpoint_services_processes windows_event_signature windows_ta_data,wrk-pprice,118778,SplunkEx,25,,,,,"//_::._=--/===-==---==--====__(:_)==__:\r:_=,=_\r:_\r",,,,,informational,"4
SetValue",,13,WinEventLog:Microsoft-Windows-Sysmon/Operational,WinEventLog,DESKTOP-6DT4EHE,,,track_event_signatures,track_event_signatures,,,Microsoft Windows
,,,,,wrk-pprice,,,,,,,,,,Binary Data,13,"4
SetValue",,,,,C:\Program Files\Mozilla Firefox\firefox.exe,,,,,,None,Microsoft-Windows-Sysmon/Operational,,,"Registry value set:
RuleName: technique_id=T1543,technique_name=Service Creation
EventType: SetValue
UtcTime: 2024-02-14 03:41:45.334
ProcessGuid: {817bddf3-3521-65cc-1302-000000001900}
ProcessId: 5216
Image: C:\Program Files\Mozilla Firefox\firefox.exe
TargetObject: HKLM\System\CurrentControlSet\Services\bam\State\UserSettings\S-1-5-21-3393683511-3463148672-371912004-1001\\Device\HarddiskVolume3\Program Files\Mozilla Firefox\firefox.exe
Details: Binary Data
User: wrk-pprice\CyberJunkie",Info,,,,,,,,,{817bddf3-3521-65cc-1302-000000001900},5216,,,,,,118777,"technique_id=T1543,technique_name=Service Creation",S-1-5-18,5,,,,,,,,Microsoft-Windows-Sysmon,,,,,,,,,HKLM\System\CurrentControlSet\Services\bam\State\UserSettings\S-1-5-21-3393683511-3463148672-371912004-1001\\Device\HarddiskVolume3\Program Files\Mozilla Firefox\firefox.exe,,,,Dns query (rule: DnsQuery),,Information,"SYSTEM
wrk-pprice\CyberJunkie",41:45.3,"02/11/2026 07:41:45.339 PM
LogName=Microsoft-Windows-Sysmon/Operational
EventCode=13
EventType=4
ComputerName=wrk-pprice
User=SYSTEM
Sid=S-1-5-18
SidType=5
SourceName=Microsoft-Windows-Sysmon
Type=Information
RecordNumber=118777
Keywords=None
TaskCategory=Dns query (rule: DnsQuery)
OpCode=Info
Message=Registry value set:
RuleName: technique_id=T1543,technique_name=Service Creation
EventType: SetValue
UtcTime: 2024-02-14 03:41:45.334
ProcessGuid: {817bddf3-3521-65cc-1302-000000001900}
ProcessId: 5216
Image: C:\Program Files\Mozilla Firefox\firefox.exe
TargetObject: HKLM\System\CurrentControlSet\Services\bam\State\UserSettings\S-1-5-21-3393683511-3463148672-371912004-1001\\Device\HarddiskVolume3\Program Files\Mozilla Firefox\firefox.exe
Details: Binary Data
User: wrk-pprice\CyberJunkie
",2026-02-11T19:41:45.000-0800,,Dns query (rule: DnsQuery),wrk-pprice,wrk-pprice,118777,endpoint_services_processes windows_event_signature windows_ta_data,wrk-pprice,118777,SplunkEx,25,,,,,"//_::._=--/===-==---==--====__(:_)==__:\r:_=,=_\r:_\r",,,,,informational,"4
SetValue",,13,WinEventLog:Microsoft-Windows-Sysmon/Operational,WinEventLog,DESKTOP-6DT4EHE,,,track_event_signatures,track_event_signatures,,,Microsoft Windows
,,,,,wrk-pprice,,,,,,,,,,Binary Data,13,"4
SetValue",,,,,C:\Program Files\Mozilla Firefox\firefox.exe,,,,,,None,Microsoft-Windows-Sysmon/Operational,,,"Registry value set:
RuleName: technique_id=T1543,technique_name=Service Creation
EventType: SetValue
UtcTime: 2024-02-14 03:41:45.334
ProcessGuid: {817bddf3-3515-65cc-0902-000000001900}
ProcessId: 5720
Image: C:\Program Files\Mozilla Firefox\firefox.exe
TargetObject: HKLM\System\CurrentControlSet\Services\bam\State\UserSettings\S-1-5-21-3393683511-3463148672-371912004-1001\\Device\HarddiskVolume3\Program Files\Mozilla Firefox\firefox.exe
Details: Binary Data
User: wrk-pprice\CyberJunkie",Info,,,,,,,,,{817bddf3-3515-65cc-0902-000000001900},5720,,,,,,118776,"technique_id=T1543,technique_name=Service Creation",S-1-5-18,5,,,,,,,,Microsoft-Windows-Sysmon,,,,,,,,,HKLM\System\CurrentControlSet\Services\bam\State\UserSettings\S-1-5-21-3393683511-3463148672-371912004-1001\\Device\HarddiskVolume3\Program Files\Mozilla Firefox\firefox.exe,,,,Dns query (rule: DnsQuery),,Information,"SYSTEM
wrk-pprice\CyberJunkie",41:45.3,"02/11/2026 07:41:45.336 PM
LogName=Microsoft-Windows-Sysmon/Operational
EventCode=13
EventType=4
ComputerName=wrk-pprice
User=SYSTEM
Sid=S-1-5-18
SidType=5
SourceName=Microsoft-Windows-Sysmon
Type=Information
RecordNumber=118776
Keywords=None
TaskCategory=Dns query (rule: DnsQuery)
OpCode=Info
Message=Registry value set:
RuleName: technique_id=T1543,technique_name=Service Creation
EventType: SetValue
UtcTime: 2024-02-14 03:41:45.334
ProcessGuid: {817bddf3-3515-65cc-0902-000000001900}
ProcessId: 5720
Image: C:\Program Files\Mozilla Firefox\firefox.exe
TargetObject: HKLM\System\CurrentControlSet\Services\bam\State\UserSettings\S-1-5-21-3393683511-3463148672-371912004-1001\\Device\HarddiskVolume3\Program Files\Mozilla Firefox\firefox.exe
Details: Binary Data
User: wrk-pprice\CyberJunkie
",2026-02-11T19:41:45.000-0800,,Dns query (rule: DnsQuery),wrk-pprice,wrk-pprice,118776,endpoint_services_processes windows_event_signature windows_ta_data,wrk-pprice,118776,SplunkEx,25,,,,,"//_::._=--/===-==---==--====__(:_)==__:\r:_=,=_\r:_\r",,,,,informational,"4
SetValue",,13,WinEventLog:Microsoft-Windows-Sysmon/Operational,WinEventLog,DESKTOP-6DT4EHE,,,track_event_signatures,track_event_signatures,,,Microsoft Windows
,,,,,wrk-pprice,,,,,,,,,,Binary Data,13,"4
SetValue",,,,,C:\Program Files\Mozilla Firefox\firefox.exe,,,,,,None,Microsoft-Windows-Sysmon/Operational,,,"Registry value set:
RuleName: technique_id=T1543,technique_name=Service Creation
EventType: SetValue
UtcTime: 2024-02-14 03:41:45.312
ProcessGuid: {817bddf3-3522-65cc-1402-000000001900}
ProcessId: 1568
Image: C:\Program Files\Mozilla Firefox\firefox.exe
TargetObject: HKLM\System\CurrentControlSet\Services\bam\State\UserSettings\S-1-5-21-3393683511-3463148672-371912004-1001\\Device\HarddiskVolume3\Program Files\Mozilla Firefox\firefox.exe
Details: Binary Data
User: wrk-pprice\CyberJunkie",Info,,,,,,,,,{817bddf3-3522-65cc-1402-000000001900},1568,,,,,,118775,"technique_id=T1543,technique_name=Service Creation",S-1-5-18,5,,,,,,,,Microsoft-Windows-Sysmon,,,,,,,,,HKLM\System\CurrentControlSet\Services\bam\State\UserSettings\S-1-5-21-3393683511-3463148672-371912004-1001\\Device\HarddiskVolume3\Program Files\Mozilla Firefox\firefox.exe,,,,Dns query (rule: DnsQuery),,Information,"SYSTEM
wrk-pprice\CyberJunkie",41:45.3,"02/11/2026 07:41:45.315 PM
LogName=Microsoft-Windows-Sysmon/Operational
EventCode=13
EventType=4
ComputerName=wrk-pprice
User=SYSTEM
Sid=S-1-5-18
SidType=5
SourceName=Microsoft-Windows-Sysmon
Type=Information
RecordNumber=118775
Keywords=None
TaskCategory=Dns query (rule: DnsQuery)
OpCode=Info
Message=Registry value set:
RuleName: technique_id=T1543,technique_name=Service Creation
EventType: SetValue
UtcTime: 2024-02-14 03:41:45.312
ProcessGuid: {817bddf3-3522-65cc-1402-000000001900}
ProcessId: 1568
Image: C:\Program Files\Mozilla Firefox\firefox.exe
TargetObject: HKLM\System\CurrentControlSet\Services\bam\State\UserSettings\S-1-5-21-3393683511-3463148672-371912004-1001\\Device\HarddiskVolume3\Program Files\Mozilla Firefox\firefox.exe
Details: Binary Data
User: wrk-pprice\CyberJunkie
",2026-02-11T19:41:45.000-0800,,Dns query (rule: DnsQuery),wrk-pprice,wrk-pprice,118775,endpoint_services_processes windows_event_signature windows_ta_data,wrk-pprice,118775,SplunkEx,25,,,,,"//_::._=--/===-==---==--====__(:_)==__:\r:_=,=_\r:_\r",,,,,informational,"4
SetValue",,13,WinEventLog:Microsoft-Windows-Sysmon/Operational,WinEventLog,DESKTOP-6DT4EHE,,,track_event_signatures,track_event_signatures,,,Microsoft Windows
,,,,,wrk-pprice,,,,,,,,,,Binary Data,13,"4
SetValue",,,,,C:\Program Files\Mozilla Firefox\firefox.exe,,,,,,None,Microsoft-Windows-Sysmon/Operational,,,"Registry value set:
RuleName: technique_id=T1543,technique_name=Service Creation
EventType: SetValue
UtcTime: 2024-02-14 03:41:45.312
ProcessGuid: {817bddf3-3515-65cc-0d02-000000001900}
ProcessId: 10536
Image: C:\Program Files\Mozilla Firefox\firefox.exe
TargetObject: HKLM\System\CurrentControlSet\Services\bam\State\UserSettings\S-1-5-21-3393683511-3463148672-371912004-1001\\Device\HarddiskVolume3\Program Files\Mozilla Firefox\firefox.exe
Details: Binary Data
User: wrk-pprice\CyberJunkie",Info,,,,,,,,,{817bddf3-3515-65cc-0d02-000000001900},10536,,,,,,118774,"technique_id=T1543,technique_name=Service Creation",S-1-5-18,5,,,,,,,,Microsoft-Windows-Sysmon,,,,,,,,,HKLM\System\CurrentControlSet\Services\bam\State\UserSettings\S-1-5-21-3393683511-3463148672-371912004-1001\\Device\HarddiskVolume3\Program Files\Mozilla Firefox\firefox.exe,,,,Dns query (rule: DnsQuery),,Information,"SYSTEM
wrk-pprice\CyberJunkie",41:45.3,"02/11/2026 07:41:45.314 PM
LogName=Microsoft-Windows-Sysmon/Operational
EventCode=13
EventType=4
ComputerName=wrk-pprice
User=SYSTEM
Sid=S-1-5-18
SidType=5
SourceName=Microsoft-Windows-Sysmon
Type=Information
RecordNumber=118774
Keywords=None
TaskCategory=Dns query (rule: DnsQuery)
OpCode=Info
Message=Registry value set:
RuleName: technique_id=T1543,technique_name=Service Creation
EventType: SetValue
UtcTime: 2024-02-14 03:41:45.312
ProcessGuid: {817bddf3-3515-65cc-0d02-000000001900}
ProcessId: 10536
Image: C:\Program Files\Mozilla Firefox\firefox.exe
TargetObject: HKLM\System\CurrentControlSet\Services\bam\State\UserSettings\S-1-5-21-3393683511-3463148672-371912004-1001\\Device\HarddiskVolume3\Program Files\Mozilla Firefox\firefox.exe
Details: Binary Data
User: wrk-pprice\CyberJunkie
",2026-02-11T19:41:45.000-0800,,Dns query (rule: DnsQuery),wrk-pprice,wrk-pprice,118774,endpoint_services_processes windows_event_signature windows_ta_data,wrk-pprice,118774,SplunkEx,25,,,,,"//_::._=--/===-==---==--====__(:_)==__:\r:_=,=_\r:_\r",,,,,informational,"4
SetValue",,13,WinEventLog:Microsoft-Windows-Sysmon/Operational,WinEventLog,DESKTOP-6DT4EHE,,,track_event_signatures,track_event_signatures,,,Microsoft Windows
,C:\Windows\SYSTEM32\ntdll.dll+9e8f4|C:\Windows\System32\KERNELBASE.dll+5c5f2|C:\Windows\System32\KERNELBASE.dll+59666|C:\Windows\System32\KERNEL32.DLL+1cec4|C:\Program Files\Mozilla Firefox\xul.dll+2893a3f|C:\Program Files\Mozilla Firefox\xul.dll+289431d|C:\Program Files\Mozilla Firefox\xul.dll+2893611|C:\Program Files\Mozilla Firefox\xul.dll+2692142|C:\Program Files\Mozilla Firefox\xul.dll+1de23c5|C:\Program Files\Mozilla Firefox\xul.dll+1de0716|C:\Program Files\Mozilla Firefox\xul.dll+22b65f3|C:\Program Files\Mozilla Firefox\xul.dll+1ab6508|C:\Program Files\Mozilla Firefox\xul.dll+15cde9b|UNKNOWN(0000002DA14E4E23)|UNKNOWN(0000002DA15415FA)|UNKNOWN(0000002DA14E1538)|C:\Program Files\Mozilla Firefox\xul.dll+1ab5d9d|C:\Program Files\Mozilla Firefox\xul.dll+21f7e1f|C:\Program Files\Mozilla Firefox\xul.dll+1ab60c0|C:\Program Files\Mozilla Firefox\xul.dll+1aaace1|C:\Program Files\Mozilla Firefox\xul.dll+19d98ce|C:\Program Files\Mozilla Firefox\xul.dll+772822|C:\Program Files\Mozilla Firefox\xul.dll+2692142|C:\Program Files\Mozilla Firefox\xul.dll+1de23c5,,,,wrk-pprice,,,,,,,,,,,10,4,,0x1FFFFF,,,,,,,,,None,Microsoft-Windows-Sysmon/Operational,,,"Process accessed:
RuleName: technique_id=T1055.001,technique_name=Dynamic-link Library Injection
UtcTime: 2024-02-14 03:41:45.296
SourceProcessGUID: {817bddf3-3514-65cc-0802-000000001900}
SourceProcessId: 4292
SourceThreadId: 11072
SourceImage: C:\Program Files\Mozilla Firefox\firefox.exe
TargetProcessGUID: {817bddf3-3679-65cc-2902-000000001900}
TargetProcessId: 5584
TargetImage: C:\Program Files\Mozilla Firefox\pingsender.exe
GrantedAccess: 0x1FFFFF
CallTrace: C:\Windows\SYSTEM32\ntdll.dll+9e8f4|C:\Windows\System32\KERNELBASE.dll+5c5f2|C:\Windows\System32\KERNELBASE.dll+59666|C:\Windows\System32\KERNEL32.DLL+1cec4|C:\Program Files\Mozilla Firefox\xul.dll+2893a3f|C:\Program Files\Mozilla Firefox\xul.dll+289431d|C:\Program Files\Mozilla Firefox\xul.dll+2893611|C:\Program Files\Mozilla Firefox\xul.dll+2692142|C:\Program Files\Mozilla Firefox\xul.dll+1de23c5|C:\Program Files\Mozilla Firefox\xul.dll+1de0716|C:\Program Files\Mozilla Firefox\xul.dll+22b65f3|C:\Program Files\Mozilla Firefox\xul.dll+1ab6508|C:\Program Files\Mozilla Firefox\xul.dll+15cde9b|UNKNOWN(0000002DA14E4E23)|UNKNOWN(0000002DA15415FA)|UNKNOWN(0000002DA14E1538)|C:\Program Files\Mozilla Firefox\xul.dll+1ab5d9d|C:\Program Files\Mozilla Firefox\xul.dll+21f7e1f|C:\Program Files\Mozilla Firefox\xul.dll+1ab60c0|C:\Program Files\Mozilla Firefox\xul.dll+1aaace1|C:\Program Files\Mozilla Firefox\xul.dll+19d98ce|C:\Program Files\Mozilla Firefox\xul.dll+772822|C:\Program Files\Mozilla Firefox\xul.dll+2692142|C:\Program Files\Mozilla Firefox\xul.dll+1de23c5
SourceUser: wrk-pprice\CyberJunkie
TargetUser: wrk-pprice\CyberJunkie",Info,,,,,,,,,,,,,,,,118773,"technique_id=T1055.001,technique_name=Dynamic-link Library Injection",S-1-5-18,5,,,,,C:\Program Files\Mozilla Firefox\firefox.exe,,,Microsoft-Windows-Sysmon,,,{817bddf3-3514-65cc-0802-000000001900},4292,11072,wrk-pprice\CyberJunkie,,C:\Program Files\Mozilla Firefox\pingsender.exe,,{817bddf3-3679-65cc-2902-000000001900},5584,wrk-pprice\CyberJunkie,Dns query (rule: DnsQuery),,Information,SYSTEM,41:45.3,"02/11/2026 07:41:45.306 PM
LogName=Microsoft-Windows-Sysmon/Operational
EventCode=10
EventType=4
ComputerName=wrk-pprice
User=SYSTEM
Sid=S-1-5-18
SidType=5
SourceName=Microsoft-Windows-Sysmon
Type=Information
RecordNumber=118773
Keywords=None
TaskCategory=Dns query (rule: DnsQuery)
OpCode=Info
Message=Process accessed:
RuleName: technique_id=T1055.001,technique_name=Dynamic-link Library Injection
UtcTime: 2024-02-14 03:41:45.296
SourceProcessGUID: {817bddf3-3514-65cc-0802-000000001900}
SourceProcessId: 4292
SourceThreadId: 11072
SourceImage: C:\Program Files\Mozilla Firefox\firefox.exe
TargetProcessGUID: {817bddf3-3679-65cc-2902-000000001900}
TargetProcessId: 5584
TargetImage: C:\Program Files\Mozilla Firefox\pingsender.exe
GrantedAccess: 0x1FFFFF
CallTrace: C:\Windows\SYSTEM32\ntdll.dll+9e8f4|C:\Windows\System32\KERNELBASE.dll+5c5f2|C:\Windows\System32\KERNELBASE.dll+59666|C:\Windows\System32\KERNEL32.DLL+1cec4|C:\Program Files\Mozilla Firefox\xul.dll+2893a3f|C:\Program Files\Mozilla Firefox\xul.dll+289431d|C:\Program Files\Mozilla Firefox\xul.dll+2893611|C:\Program Files\Mozilla Firefox\xul.dll+2692142|C:\Program Files\Mozilla Firefox\xul.dll+1de23c5|C:\Program Files\Mozilla Firefox\xul.dll+1de0716|C:\Program Files\Mozilla Firefox\xul.dll+22b65f3|C:\Program Files\Mozilla Firefox\xul.dll+1ab6508|C:\Program Files\Mozilla Firefox\xul.dll+15cde9b|UNKNOWN(0000002DA14E4E23)|UNKNOWN(0000002DA15415FA)|UNKNOWN(0000002DA14E1538)|C:\Program Files\Mozilla Firefox\xul.dll+1ab5d9d|C:\Program Files\Mozilla Firefox\xul.dll+21f7e1f|C:\Program Files\Mozilla Firefox\xul.dll+1ab60c0|C:\Program Files\Mozilla Firefox\xul.dll+1aaace1|C:\Program Files\Mozilla Firefox\xul.dll+19d98ce|C:\Program Files\Mozilla Firefox\xul.dll+772822|C:\Program Files\Mozilla Firefox\xul.dll+2692142|C:\Program Files\Mozilla Firefox\xul.dll+1de23c5
SourceUser: wrk-pprice\CyberJunkie
TargetUser: wrk-pprice\CyberJunkie
",2026-02-11T19:41:45.000-0800,,Dns query (rule: DnsQuery),wrk-pprice,wrk-pprice,118773,endpoint_services_processes windows_event_signature windows_ta_data,wrk-pprice,118773,SplunkEx,29,,,,,"//_::._=--/===-==---==--====__(:_)==_:\r:_=.,=-__\r:",,,,,informational,4,,10,WinEventLog:Microsoft-Windows-Sysmon/Operational,WinEventLog,DESKTOP-6DT4EHE,,,track_event_signatures,track_event_signatures,,,Microsoft Windows
,,,"""C:\Program Files\Mozilla Firefox\pingsender.exe"" https://incoming.telemetry.mozilla.org/submit/telemetry/cb88145b-129d-471c-b605-4fdf09fec680/event/Firefox/122.0.1/release/20240205133611?v=4 C:\Users\CyberJunkie\AppData\Roaming\Mozilla\Firefox\Profiles\avsa4d81.default-release\saved-telemetry-pings\cb88145b-129d-471c-b605-4fdf09fec680 https://incoming.telemetry.mozilla.org/submit/telemetry/6fcd92a2-cc60-4df6-b6fb-66356dd011c1/main/Firefox/122.0.1/release/20240205133611?v=4 C:\Users\CyberJunkie\AppData\Roaming\Mozilla\Firefox\Profiles\avsa4d81.default-release\saved-telemetry-pings\6fcd92a2-cc60-4df6-b6fb-66356dd011c1",Mozilla Foundation,wrk-pprice,,,C:\Program Files\Mozilla Firefox\,-,,,,,,,1,4,122.0.1,,,"SHA1=282F855BEB4FACF0726E13ECCADB7D3411B30B85,MD5=A1F5FF25E3D0F160BC7CE7CA57349D83,SHA256=B412C45DE423534D85F121ABC348FB38020FDA804EA0A972708B7447B0E7325D,IMPHASH=F84029681F81FED23E3E067364DA1699",C:\Program Files\Mozilla Firefox\pingsender.exe,,,,Medium,,None,Microsoft-Windows-Sysmon/Operational,{817bddf3-311e-65cc-a7ae-1b0000000000},0x1BAEA7,"Process Create:
RuleName: technique_id=T1027,technique_name=Obfuscated Files or Information
UtcTime: 2024-02-14 03:41:45.304
ProcessGuid: {817bddf3-3679-65cc-2902-000000001900}
ProcessId: 5584
Image: C:\Program Files\Mozilla Firefox\pingsender.exe
FileVersion: 122.0.1
Description: -
Product: Firefox
Company: Mozilla Foundation
OriginalFileName: pingsender.exe
CommandLine: ""C:\Program Files\Mozilla Firefox\pingsender.exe"" https://incoming.telemetry.mozilla.org/submit/telemetry/cb88145b-129d-471c-b605-4fdf09fec680/event/Firefox/122.0.1/release/20240205133611?v=4 C:\Users\CyberJunkie\AppData\Roaming\Mozilla\Firefox\Profiles\avsa4d81.default-release\saved-telemetry-pings\cb88145b-129d-471c-b605-4fdf09fec680 https://incoming.telemetry.mozilla.org/submit/telemetry/6fcd92a2-cc60-4df6-b6fb-66356dd011c1/main/Firefox/122.0.1/release/20240205133611?v=4 C:\Users\CyberJunkie\AppData\Roaming\Mozilla\Firefox\Profiles\avsa4d81.default-release\saved-telemetry-pings\6fcd92a2-cc60-4df6-b6fb-66356dd011c1
CurrentDirectory: C:\Program Files\Mozilla Firefox\
User: wrk-pprice\CyberJunkie
LogonGuid: {817bddf3-311e-65cc-a7ae-1b0000000000}
LogonId: 0x1BAEA7
TerminalSessionId: 1
IntegrityLevel: Medium
Hashes: SHA1=282F855BEB4FACF0726E13ECCADB7D3411B30B85,MD5=A1F5FF25E3D0F160BC7CE7CA57349D83,SHA256=B412C45DE423534D85F121ABC348FB38020FDA804EA0A972708B7447B0E7325D,IMPHASH=F84029681F81FED23E3E067364DA1699
ParentProcessGuid: {817bddf3-3514-65cc-0802-000000001900}
ParentProcessId: 4292
ParentImage: C:\Program Files\Mozilla Firefox\firefox.exe
ParentCommandLine: ""C:\Program Files\Mozilla Firefox\firefox.exe""
ParentUser: wrk-pprice\CyberJunkie",Info,pingsender.exe,"""C:\Program Files\Mozilla Firefox\firefox.exe""",C:\Program Files\Mozilla Firefox\firefox.exe,{817bddf3-3514-65cc-0802-000000001900},4292,wrk-pprice\CyberJunkie,,,{817bddf3-3679-65cc-2902-000000001900},5584,Firefox,,,,,118772,"technique_id=T1027,technique_name=Obfuscated Files or Information",S-1-5-18,5,,,,,,,,Microsoft-Windows-Sysmon,,,,,,,,,,,,,Dns query (rule: DnsQuery),1,Information,"SYSTEM
wrk-pprice\CyberJunkie",41:45.3,"02/11/2026 07:41:45.305 PM
LogName=Microsoft-Windows-Sysmon/Operational
EventCode=1
EventType=4
ComputerName=wrk-pprice
User=SYSTEM
Sid=S-1-5-18
SidType=5
SourceName=Microsoft-Windows-Sysmon
Type=Information
RecordNumber=118772
Keywords=None
TaskCategory=Dns query (rule: DnsQuery)
OpCode=Info
Message=Process Create:
RuleName: technique_id=T1027,technique_name=Obfuscated Files or Information
UtcTime: 2024-02-14 03:41:45.304
ProcessGuid: {817bddf3-3679-65cc-2902-000000001900}
ProcessId: 5584
Image: C:\Program Files\Mozilla Firefox\pingsender.exe
FileVersion: 122.0.1
Description: -
Product: Firefox
Company: Mozilla Foundation
OriginalFileName: pingsender.exe
CommandLine: ""C:\Program Files\Mozilla Firefox\pingsender.exe"" https://incoming.telemetry.mozilla.org/submit/telemetry/cb88145b-129d-471c-b605-4fdf09fec680/event/Firefox/122.0.1/release/20240205133611?v=4 C:\Users\CyberJunkie\AppData\Roaming\Mozilla\Firefox\Profiles\avsa4d81.default-release\saved-telemetry-pings\cb88145b-129d-471c-b605-4fdf09fec680 https://incoming.telemetry.mozilla.org/submit/telemetry/6fcd92a2-cc60-4df6-b6fb-66356dd011c1/main/Firefox/122.0.1/release/20240205133611?v=4 C:\Users\CyberJunkie\AppData\Roaming\Mozilla\Firefox\Profiles\avsa4d81.default-release\saved-telemetry-pings\6fcd92a2-cc60-4df6-b6fb-66356dd011c1
CurrentDirectory: C:\Program Files\Mozilla Firefox\
User: wrk-pprice\CyberJunkie
LogonGuid: {817bddf3-311e-65cc-a7ae-1b0000000000}
LogonId: 0x1BAEA7
TerminalSessionId: 1
IntegrityLevel: Medium
Hashes: SHA1=282F855BEB4FACF0726E13ECCADB7D3411B30B85,MD5=A1F5FF25E3D0F160BC7CE7CA57349D83,SHA256=B412C45DE423534D85F121ABC348FB38020FDA804EA0A972708B7447B0E7325D,IMPHASH=F84029681F81FED23E3E067364DA1699
ParentProcessGuid: {817bddf3-3514-65cc-0802-000000001900}
ParentProcessId: 4292
ParentImage: C:\Program Files\Mozilla Firefox\firefox.exe
ParentCommandLine: ""C:\Program Files\Mozilla Firefox\firefox.exe""
ParentUser: wrk-pprice\CyberJunkie
",2026-02-11T19:41:45.000-0800,,Dns query (rule: DnsQuery),wrk-pprice,wrk-pprice,118772,endpoint_services_processes windows_event_signature windows_ta_data,wrk-pprice,118772,SplunkEx,39,,,,,"//_::._=--/===-==---==--====__(:_)==_:\r:_=,=___\r:_",,,,,informational,4,,1,WinEventLog:Microsoft-Windows-Sysmon/Operational,WinEventLog,DESKTOP-6DT4EHE,,,track_event_signatures,track_event_signatures,,,Microsoft Windows
,,,,,wrk-pprice,,,,,,,,,,,17,"4
CreatePipe",,,,,C:\Program Files\Mozilla Firefox\firefox.exe,,,,,,None,Microsoft-Windows-Sysmon/Operational,,,"Pipe Created:
RuleName: -
EventType: CreatePipe
UtcTime: 2024-02-14 03:41:45.234
ProcessGuid: {817bddf3-3514-65cc-0802-000000001900}
ProcessId: 4292
PipeName: \gecko.4292.836.693895512047861957
Image: C:\Program Files\Mozilla Firefox\firefox.exe
User: wrk-pprice\CyberJunkie",Info,,,,,,,\gecko.4292.836.693895512047861957,,{817bddf3-3514-65cc-0802-000000001900},4292,,,,,,118771,-,S-1-5-18,5,,,,,,,,Microsoft-Windows-Sysmon,,,,,,,,,,,,,Dns query (rule: DnsQuery),,Information,"SYSTEM
wrk-pprice\CyberJunkie",41:45.2,"02/11/2026 07:41:45.234 PM
LogName=Microsoft-Windows-Sysmon/Operational
EventCode=17
EventType=4
ComputerName=wrk-pprice
User=SYSTEM
Sid=S-1-5-18
SidType=5
SourceName=Microsoft-Windows-Sysmon
Type=Information
RecordNumber=118771
Keywords=None
TaskCategory=Dns query (rule: DnsQuery)
OpCode=Info
Message=Pipe Created:
RuleName: -
EventType: CreatePipe
UtcTime: 2024-02-14 03:41:45.234
ProcessGuid: {817bddf3-3514-65cc-0802-000000001900}
ProcessId: 4292
PipeName: \gecko.4292.836.693895512047861957
Image: C:\Program Files\Mozilla Firefox\firefox.exe
User: wrk-pprice\CyberJunkie
",2026-02-11T19:41:45.000-0800,,Dns query (rule: DnsQuery),wrk-pprice,wrk-pprice,118771,endpoint_services_processes windows_event_signature windows_ta_data,wrk-pprice,118771,SplunkEx,24,,,,,//_::._=--/===-==---==--====__(:_)==_:\r:_-\r:_\r:_--,,,,,informational,"4
CreatePipe",,17,WinEventLog:Microsoft-Windows-Sysmon/Operational,WinEventLog,DESKTOP-6DT4EHE,,,track_event_signatures,track_event_signatures,,,Microsoft Windows
,,,,,wrk-pprice,,,,,,,,,,Binary Data,13,"4
SetValue",,,,,C:\Program Files\Mozilla Firefox\firefox.exe,,,,,,None,Microsoft-Windows-Sysmon/Operational,,,"Registry value set:
RuleName: technique_id=T1543,technique_name=Service Creation
EventType: SetValue
UtcTime: 2024-02-14 03:41:45.218
ProcessGuid: {817bddf3-3596-65cc-1902-000000001900}
ProcessId: 4832
Image: C:\Program Files\Mozilla Firefox\firefox.exe
TargetObject: HKLM\System\CurrentControlSet\Services\bam\State\UserSettings\S-1-5-21-3393683511-3463148672-371912004-1001\\Device\HarddiskVolume3\Program Files\Mozilla Firefox\firefox.exe
Details: Binary Data
User: wrk-pprice\CyberJunkie",Info,,,,,,,,,{817bddf3-3596-65cc-1902-000000001900},4832,,,,,,118770,"technique_id=T1543,technique_name=Service Creation",S-1-5-18,5,,,,,,,,Microsoft-Windows-Sysmon,,,,,,,,,HKLM\System\CurrentControlSet\Services\bam\State\UserSettings\S-1-5-21-3393683511-3463148672-371912004-1001\\Device\HarddiskVolume3\Program Files\Mozilla Firefox\firefox.exe,,,,Dns query (rule: DnsQuery),,Information,"SYSTEM
wrk-pprice\CyberJunkie",41:45.2,"02/11/2026 07:41:45.226 PM
LogName=Microsoft-Windows-Sysmon/Operational
EventCode=13
EventType=4
ComputerName=wrk-pprice
User=SYSTEM
Sid=S-1-5-18
SidType=5
SourceName=Microsoft-Windows-Sysmon
Type=Information
RecordNumber=118770
Keywords=None
TaskCategory=Dns query (rule: DnsQuery)
OpCode=Info
Message=Registry value set:
RuleName: technique_id=T1543,technique_name=Service Creation
EventType: SetValue
UtcTime: 2024-02-14 03:41:45.218
ProcessGuid: {817bddf3-3596-65cc-1902-000000001900}
ProcessId: 4832
Image: C:\Program Files\Mozilla Firefox\firefox.exe
TargetObject: HKLM\System\CurrentControlSet\Services\bam\State\UserSettings\S-1-5-21-3393683511-3463148672-371912004-1001\\Device\HarddiskVolume3\Program Files\Mozilla Firefox\firefox.exe
Details: Binary Data
User: wrk-pprice\CyberJunkie
",2026-02-11T19:41:45.000-0800,,Dns query (rule: DnsQuery),wrk-pprice,wrk-pprice,118770,endpoint_services_processes windows_event_signature windows_ta_data,wrk-pprice,118770,SplunkEx,25,,,,,"//_::._=--/===-==---==--====__(:_)==__:\r:_=,=_\r:_\r",,,,,informational,"4
SetValue",,13,WinEventLog:Microsoft-Windows-Sysmon/Operational,WinEventLog,DESKTOP-6DT4EHE,,,track_event_signatures,track_event_signatures,,,Microsoft Windows
,,,,,wrk-pprice,,,,,,,,,,,17,"4
CreatePipe",,,,,C:\Program Files\Mozilla Firefox\firefox.exe,,,,,,None,Microsoft-Windows-Sysmon/Operational,,,"Pipe Created:
RuleName: -
EventType: CreatePipe
UtcTime: 2024-02-14 03:41:45.218
ProcessGuid: {817bddf3-3514-65cc-0802-000000001900}
ProcessId: 4292
PipeName: \gecko.4292.836.9062700107698403912
Image: C:\Program Files\Mozilla Firefox\firefox.exe
User: wrk-pprice\CyberJunkie",Info,,,,,,,\gecko.4292.836.9062700107698403912,,{817bddf3-3514-65cc-0802-000000001900},4292,,,,,,118769,-,S-1-5-18,5,,,,,,,,Microsoft-Windows-Sysmon,,,,,,,,,,,,,Dns query (rule: DnsQuery),,Information,"SYSTEM
wrk-pprice\CyberJunkie",41:45.2,"02/11/2026 07:41:45.226 PM
LogName=Microsoft-Windows-Sysmon/Operational
EventCode=17
EventType=4
ComputerName=wrk-pprice
User=SYSTEM
Sid=S-1-5-18
SidType=5
SourceName=Microsoft-Windows-Sysmon
Type=Information
RecordNumber=118769
Keywords=None
TaskCategory=Dns query (rule: DnsQuery)
OpCode=Info
Message=Pipe Created:
RuleName: -
