EventType=4
ComputerName=wrk-pprice
User=SYSTEM
Sid=S-1-5-18
SidType=5
SourceName=Microsoft-Windows-Sysmon
Type=Information
RecordNumber=118870
Keywords=None
TaskCategory=Dns query (rule: DnsQuery)
OpCode=Info
Message=File created:
RuleName: technique_id=T1574.010,technique_name=Services File Permissions Weakness
UtcTime: 2024-02-14 03:41:58.561
ProcessGuid: {817bddf3-307d-65cc-2200-000000001900}
ProcessId: 1668
Image: C:\Windows\system32\svchost.exe
TargetFilename: C:\Windows\Prefetch\MSIC78D.TMP-EE917AE7.pf
CreationUtcTime: 2024-02-14 03:41:58.561
User: NT AUTHORITY\SYSTEM
",2026-02-11T19:41:58.000-0800,,Dns query (rule: DnsQuery),wrk-pprice,wrk-pprice,118870,endpoint_services_processes windows_event_signature windows_ta_data,wrk-pprice,118870,SplunkEx,24,,,,,"//_::._=--/===-==---==--====__(:_)==_:\r:_=.,=___\r:",,,,,informational,4,,11,WinEventLog:Microsoft-Windows-Sysmon/Operational,WinEventLog,DESKTOP-6DT4EHE,,,track_event_signatures,track_event_signatures,,,Microsoft Windows
,,,,,wrk-pprice,,41:58.5,,,,,,,,,11,4,,,,,C:\Windows\system32\msiexec.exe,,,,,,None,Microsoft-Windows-Sysmon/Operational,,,"File created:
RuleName: technique_id=T1574.010,technique_name=Services File Permissions Weakness
UtcTime: 2024-02-14 03:41:58.530
ProcessGuid: {817bddf3-3685-65cc-2e02-000000001900}
ProcessId: 10220
Image: C:\Windows\system32\msiexec.exe
TargetFilename: C:\Windows\Temp\~DF492483B156BCCD84.TMP
CreationUtcTime: 2024-02-14 03:41:58.530
User: NT AUTHORITY\SYSTEM",Info,,,,,,,,,{817bddf3-3685-65cc-2e02-000000001900},10220,,,,,,118869,"technique_id=T1574.010,technique_name=Services File Permissions Weakness",S-1-5-18,5,,,,,,,,Microsoft-Windows-Sysmon,,,,,,,C:\Windows\Temp\~DF492483B156BCCD84.TMP,,,,,,Dns query (rule: DnsQuery),,Information,"SYSTEM
NT AUTHORITY\SYSTEM",41:58.5,"02/11/2026 07:41:58.544 PM
LogName=Microsoft-Windows-Sysmon/Operational
EventCode=11
EventType=4
ComputerName=wrk-pprice
User=SYSTEM
Sid=S-1-5-18
SidType=5
SourceName=Microsoft-Windows-Sysmon
Type=Information
RecordNumber=118869
Keywords=None
TaskCategory=Dns query (rule: DnsQuery)
OpCode=Info
Message=File created:
RuleName: technique_id=T1574.010,technique_name=Services File Permissions Weakness
UtcTime: 2024-02-14 03:41:58.530
ProcessGuid: {817bddf3-3685-65cc-2e02-000000001900}
ProcessId: 10220
Image: C:\Windows\system32\msiexec.exe
TargetFilename: C:\Windows\Temp\~DF492483B156BCCD84.TMP
CreationUtcTime: 2024-02-14 03:41:58.530
User: NT AUTHORITY\SYSTEM
",2026-02-11T19:41:58.000-0800,,Dns query (rule: DnsQuery),wrk-pprice,wrk-pprice,118869,endpoint_services_processes windows_event_signature windows_ta_data,wrk-pprice,118869,SplunkEx,24,,,,,"//_::._=--/===-==---==--====__(:_)==_:\r:_=.,=___\r:",,,,,informational,4,,11,WinEventLog:Microsoft-Windows-Sysmon/Operational,WinEventLog,DESKTOP-6DT4EHE,,,track_event_signatures,track_event_signatures,,,Microsoft Windows
,,,,,wrk-pprice,,41:58.5,,,,,,,,,11,4,,,,,C:\Windows\system32\msiexec.exe,,,,,,None,Microsoft-Windows-Sysmon/Operational,,,"File created:
RuleName: technique_id=T1574.010,technique_name=Services File Permissions Weakness
UtcTime: 2024-02-14 03:41:58.530
ProcessGuid: {817bddf3-3685-65cc-2e02-000000001900}
ProcessId: 10220
Image: C:\Windows\system32\msiexec.exe
TargetFilename: C:\Windows\Temp\~DFDE2A6CC8A2FC4E99.TMP
CreationUtcTime: 2024-02-14 03:41:58.530
User: NT AUTHORITY\SYSTEM",Info,,,,,,,,,{817bddf3-3685-65cc-2e02-000000001900},10220,,,,,,118868,"technique_id=T1574.010,technique_name=Services File Permissions Weakness",S-1-5-18,5,,,,,,,,Microsoft-Windows-Sysmon,,,,,,,C:\Windows\Temp\~DFDE2A6CC8A2FC4E99.TMP,,,,,,Dns query (rule: DnsQuery),,Information,"SYSTEM
NT AUTHORITY\SYSTEM",41:58.5,"02/11/2026 07:41:58.543 PM
LogName=Microsoft-Windows-Sysmon/Operational
EventCode=11
EventType=4
ComputerName=wrk-pprice
User=SYSTEM
Sid=S-1-5-18
SidType=5
SourceName=Microsoft-Windows-Sysmon
Type=Information
RecordNumber=118868
Keywords=None
TaskCategory=Dns query (rule: DnsQuery)
OpCode=Info
Message=File created:
RuleName: technique_id=T1574.010,technique_name=Services File Permissions Weakness
UtcTime: 2024-02-14 03:41:58.530
ProcessGuid: {817bddf3-3685-65cc-2e02-000000001900}
ProcessId: 10220
Image: C:\Windows\system32\msiexec.exe
TargetFilename: C:\Windows\Temp\~DFDE2A6CC8A2FC4E99.TMP
CreationUtcTime: 2024-02-14 03:41:58.530
User: NT AUTHORITY\SYSTEM
",2026-02-11T19:41:58.000-0800,,Dns query (rule: DnsQuery),wrk-pprice,wrk-pprice,118868,endpoint_services_processes windows_event_signature windows_ta_data,wrk-pprice,118868,SplunkEx,24,,,,,"//_::._=--/===-==---==--====__(:_)==_:\r:_=.,=___\r:",,,,,informational,4,,11,WinEventLog:Microsoft-Windows-Sysmon/Operational,WinEventLog,DESKTOP-6DT4EHE,,,track_event_signatures,track_event_signatures,,,Microsoft Windows
,,,,,wrk-pprice,,41:58.5,,,,,,,,,11,4,,,,,C:\Windows\system32\msiexec.exe,,,,,,None,Microsoft-Windows-Sysmon/Operational,,,"File created:
RuleName: technique_id=T1574.010,technique_name=Services File Permissions Weakness
UtcTime: 2024-02-14 03:41:58.530
ProcessGuid: {817bddf3-3685-65cc-2e02-000000001900}
ProcessId: 10220
Image: C:\Windows\system32\msiexec.exe
TargetFilename: C:\Windows\Installer\MSIC78D.tmp
CreationUtcTime: 2024-02-14 03:41:58.530
User: NT AUTHORITY\SYSTEM",Info,,,,,,,,,{817bddf3-3685-65cc-2e02-000000001900},10220,,,,,,118867,"technique_id=T1574.010,technique_name=Services File Permissions Weakness",S-1-5-18,5,,,,,,,,Microsoft-Windows-Sysmon,,,,,,,C:\Windows\Installer\MSIC78D.tmp,,,,,,Dns query (rule: DnsQuery),,Information,"SYSTEM
NT AUTHORITY\SYSTEM",41:58.5,"02/11/2026 07:41:58.540 PM
LogName=Microsoft-Windows-Sysmon/Operational
EventCode=11
EventType=4
ComputerName=wrk-pprice
User=SYSTEM
Sid=S-1-5-18
SidType=5
SourceName=Microsoft-Windows-Sysmon
Type=Information
RecordNumber=118867
Keywords=None
TaskCategory=Dns query (rule: DnsQuery)
OpCode=Info
Message=File created:
RuleName: technique_id=T1574.010,technique_name=Services File Permissions Weakness
UtcTime: 2024-02-14 03:41:58.530
ProcessGuid: {817bddf3-3685-65cc-2e02-000000001900}
ProcessId: 10220
Image: C:\Windows\system32\msiexec.exe
TargetFilename: C:\Windows\Installer\MSIC78D.tmp
CreationUtcTime: 2024-02-14 03:41:58.530
User: NT AUTHORITY\SYSTEM
",2026-02-11T19:41:58.000-0800,,Dns query (rule: DnsQuery),wrk-pprice,wrk-pprice,118867,endpoint_services_processes windows_event_signature windows_ta_data,wrk-pprice,118867,SplunkEx,24,,,,,"//_::._=--/===-==---==--====__(:_)==_:\r:_=.,=___\r:",,,,,informational,4,,11,WinEventLog:Microsoft-Windows-Sysmon/Operational,WinEventLog,DESKTOP-6DT4EHE,,,track_event_signatures,track_event_signatures,,,Microsoft Windows
,,,,,wrk-pprice,,41:58.5,,,,,,,,,11,4,,,,,C:\Windows\system32\msiexec.exe,,,,,,None,Microsoft-Windows-Sysmon/Operational,,,"File created:
RuleName: technique_id=T1574.010,technique_name=Services File Permissions Weakness
UtcTime: 2024-02-14 03:41:58.483
ProcessGuid: {817bddf3-3685-65cc-2e02-000000001900}
ProcessId: 10220
Image: C:\Windows\system32\msiexec.exe
TargetFilename: C:\Windows\Installer\MSIC75D.tmp
CreationUtcTime: 2024-02-14 03:41:58.483
User: NT AUTHORITY\SYSTEM",Info,,,,,,,,,{817bddf3-3685-65cc-2e02-000000001900},10220,,,,,,118866,"technique_id=T1574.010,technique_name=Services File Permissions Weakness",S-1-5-18,5,,,,,,,,Microsoft-Windows-Sysmon,,,,,,,C:\Windows\Installer\MSIC75D.tmp,,,,,,Dns query (rule: DnsQuery),,Information,"SYSTEM
NT AUTHORITY\SYSTEM",41:58.5,"02/11/2026 07:41:58.484 PM
LogName=Microsoft-Windows-Sysmon/Operational
EventCode=11
EventType=4
ComputerName=wrk-pprice
User=SYSTEM
Sid=S-1-5-18
SidType=5
SourceName=Microsoft-Windows-Sysmon
Type=Information
RecordNumber=118866
Keywords=None
TaskCategory=Dns query (rule: DnsQuery)
OpCode=Info
Message=File created:
RuleName: technique_id=T1574.010,technique_name=Services File Permissions Weakness
UtcTime: 2024-02-14 03:41:58.483
ProcessGuid: {817bddf3-3685-65cc-2e02-000000001900}
ProcessId: 10220
Image: C:\Windows\system32\msiexec.exe
TargetFilename: C:\Windows\Installer\MSIC75D.tmp
CreationUtcTime: 2024-02-14 03:41:58.483
User: NT AUTHORITY\SYSTEM
",2026-02-11T19:41:58.000-0800,,Dns query (rule: DnsQuery),wrk-pprice,wrk-pprice,118866,endpoint_services_processes windows_event_signature windows_ta_data,wrk-pprice,118866,SplunkEx,24,,,,,"//_::._=--/===-==---==--====__(:_)==_:\r:_=.,=___\r:",,,,,informational,4,,11,WinEventLog:Microsoft-Windows-Sysmon/Operational,WinEventLog,DESKTOP-6DT4EHE,,,track_event_signatures,track_event_signatures,,,Microsoft Windows
,,,,,wrk-pprice,,41:58.5,,,,,,,,,11,4,,,,,C:\Windows\system32\msiexec.exe,,,,,,None,Microsoft-Windows-Sysmon/Operational,,,"File created:
RuleName: technique_id=T1574.010,technique_name=Services File Permissions Weakness
UtcTime: 2024-02-14 03:41:58.483
ProcessGuid: {817bddf3-3685-65cc-2e02-000000001900}
ProcessId: 10220
Image: C:\Windows\system32\msiexec.exe
TargetFilename: C:\Windows\Installer\MSIC75D.tmp
CreationUtcTime: 2024-02-14 03:41:58.483
User: NT AUTHORITY\SYSTEM",Info,,,,,,,,,{817bddf3-3685-65cc-2e02-000000001900},10220,,,,,,118865,"technique_id=T1574.010,technique_name=Services File Permissions Weakness",S-1-5-18,5,,,,,,,,Microsoft-Windows-Sysmon,,,,,,,C:\Windows\Installer\MSIC75D.tmp,,,,,,Dns query (rule: DnsQuery),,Information,"SYSTEM
NT AUTHORITY\SYSTEM",41:58.5,"02/11/2026 07:41:58.483 PM
LogName=Microsoft-Windows-Sysmon/Operational
EventCode=11
EventType=4
ComputerName=wrk-pprice
User=SYSTEM
Sid=S-1-5-18
SidType=5
SourceName=Microsoft-Windows-Sysmon
Type=Information
RecordNumber=118865
Keywords=None
TaskCategory=Dns query (rule: DnsQuery)
OpCode=Info
Message=File created:
RuleName: technique_id=T1574.010,technique_name=Services File Permissions Weakness
UtcTime: 2024-02-14 03:41:58.483
ProcessGuid: {817bddf3-3685-65cc-2e02-000000001900}
ProcessId: 10220
Image: C:\Windows\system32\msiexec.exe
TargetFilename: C:\Windows\Installer\MSIC75D.tmp
CreationUtcTime: 2024-02-14 03:41:58.483
User: NT AUTHORITY\SYSTEM
",2026-02-11T19:41:58.000-0800,,Dns query (rule: DnsQuery),wrk-pprice,wrk-pprice,118865,endpoint_services_processes windows_event_signature windows_ta_data,wrk-pprice,118865,SplunkEx,24,,,,,"//_::._=--/===-==---==--====__(:_)==_:\r:_=.,=___\r:",,,,,informational,4,,11,WinEventLog:Microsoft-Windows-Sysmon/Operational,WinEventLog,DESKTOP-6DT4EHE,,,track_event_signatures,track_event_signatures,,,Microsoft Windows
,,,,,wrk-pprice,,41:58.5,,,,,,,,,11,4,,,,,C:\Windows\system32\msiexec.exe,,,,,,None,Microsoft-Windows-Sysmon/Operational,,,"File created:
RuleName: technique_id=T1574.010,technique_name=Services File Permissions Weakness
UtcTime: 2024-02-14 03:41:58.467
ProcessGuid: {817bddf3-3685-65cc-2e02-000000001900}
ProcessId: 10220
Image: C:\Windows\system32\msiexec.exe
TargetFilename: C:\Windows\Temp\~DFF9D2439312563ED2.TMP
CreationUtcTime: 2024-02-14 03:41:58.467
User: NT AUTHORITY\SYSTEM",Info,,,,,,,,,{817bddf3-3685-65cc-2e02-000000001900},10220,,,,,,118864,"technique_id=T1574.010,technique_name=Services File Permissions Weakness",S-1-5-18,5,,,,,,,,Microsoft-Windows-Sysmon,,,,,,,C:\Windows\Temp\~DFF9D2439312563ED2.TMP,,,,,,Dns query (rule: DnsQuery),,Information,"SYSTEM
NT AUTHORITY\SYSTEM",41:58.5,"02/11/2026 07:41:58.469 PM
LogName=Microsoft-Windows-Sysmon/Operational
EventCode=11
EventType=4
ComputerName=wrk-pprice
User=SYSTEM
Sid=S-1-5-18
SidType=5
SourceName=Microsoft-Windows-Sysmon
Type=Information
RecordNumber=118864
Keywords=None
TaskCategory=Dns query (rule: DnsQuery)
OpCode=Info
Message=File created:
RuleName: technique_id=T1574.010,technique_name=Services File Permissions Weakness
UtcTime: 2024-02-14 03:41:58.467
ProcessGuid: {817bddf3-3685-65cc-2e02-000000001900}
ProcessId: 10220
Image: C:\Windows\system32\msiexec.exe
TargetFilename: C:\Windows\Temp\~DFF9D2439312563ED2.TMP
CreationUtcTime: 2024-02-14 03:41:58.467
User: NT AUTHORITY\SYSTEM
",2026-02-11T19:41:58.000-0800,,Dns query (rule: DnsQuery),wrk-pprice,wrk-pprice,118864,endpoint_services_processes windows_event_signature windows_ta_data,wrk-pprice,118864,SplunkEx,24,,,,,"//_::._=--/===-==---==--====__(:_)==_:\r:_=.,=___\r:",,,,,informational,4,,11,WinEventLog:Microsoft-Windows-Sysmon/Operational,WinEventLog,DESKTOP-6DT4EHE,,,track_event_signatures,track_event_signatures,,,Microsoft Windows
,,,,,wrk-pprice,,21:11.8,,,,,,,,,11,4,,,,,C:\Windows\system32\msiexec.exe,,,,,,None,Microsoft-Windows-Sysmon/Operational,,,"File created:
RuleName: technique_id=T1574.010,technique_name=Services File Permissions Weakness
UtcTime: 2024-02-14 03:41:58.467
ProcessGuid: {817bddf3-3685-65cc-2e02-000000001900}
ProcessId: 10220
Image: C:\Windows\system32\msiexec.exe
TargetFilename: C:\Windows\Installer\SourceHash{8CC1EB12-3EED-4503-B087-EE937F97891C}
CreationUtcTime: 2024-02-14 03:21:11.795
User: NT AUTHORITY\SYSTEM",Info,,,,,,,,,{817bddf3-3685-65cc-2e02-000000001900},10220,,,,,,118863,"technique_id=T1574.010,technique_name=Services File Permissions Weakness",S-1-5-18,5,,,,,,,,Microsoft-Windows-Sysmon,,,,,,,C:\Windows\Installer\SourceHash{8CC1EB12-3EED-4503-B087-EE937F97891C},,,,,,Dns query (rule: DnsQuery),,Information,"SYSTEM
NT AUTHORITY\SYSTEM",41:58.5,"02/11/2026 07:41:58.468 PM
LogName=Microsoft-Windows-Sysmon/Operational
EventCode=11
EventType=4
ComputerName=wrk-pprice
User=SYSTEM
Sid=S-1-5-18
SidType=5
SourceName=Microsoft-Windows-Sysmon
Type=Information
RecordNumber=118863
Keywords=None
TaskCategory=Dns query (rule: DnsQuery)
OpCode=Info
Message=File created:
RuleName: technique_id=T1574.010,technique_name=Services File Permissions Weakness
UtcTime: 2024-02-14 03:41:58.467
ProcessGuid: {817bddf3-3685-65cc-2e02-000000001900}
ProcessId: 10220
Image: C:\Windows\system32\msiexec.exe
TargetFilename: C:\Windows\Installer\SourceHash{8CC1EB12-3EED-4503-B087-EE937F97891C}
CreationUtcTime: 2024-02-14 03:21:11.795
User: NT AUTHORITY\SYSTEM
",2026-02-11T19:41:58.000-0800,,Dns query (rule: DnsQuery),wrk-pprice,wrk-pprice,118863,endpoint_services_processes windows_event_signature windows_ta_data,wrk-pprice,118863,SplunkEx,24,,,,,"//_::._=--/===-==---==--====__(:_)==_:\r:_=.,=___\r:",,,,,informational,4,,11,WinEventLog:Microsoft-Windows-Sysmon/Operational,WinEventLog,DESKTOP-6DT4EHE,,,track_event_signatures,track_event_signatures,,,Microsoft Windows
,,,,,wrk-pprice,,41:58.5,,,,,,,,,11,4,,,,,C:\Windows\system32\msiexec.exe,,,,,,None,Microsoft-Windows-Sysmon/Operational,,,"File created:
RuleName: technique_id=T1574.010,technique_name=Services File Permissions Weakness
UtcTime: 2024-02-14 03:41:58.452
ProcessGuid: {817bddf3-3685-65cc-2e02-000000001900}
ProcessId: 10220
Image: C:\Windows\system32\msiexec.exe
TargetFilename: C:\Windows\Temp\~DFA536937216C29F0C.TMP
CreationUtcTime: 2024-02-14 03:41:58.452
User: NT AUTHORITY\SYSTEM",Info,,,,,,,,,{817bddf3-3685-65cc-2e02-000000001900},10220,,,,,,118862,"technique_id=T1574.010,technique_name=Services File Permissions Weakness",S-1-5-18,5,,,,,,,,Microsoft-Windows-Sysmon,,,,,,,C:\Windows\Temp\~DFA536937216C29F0C.TMP,,,,,,Dns query (rule: DnsQuery),,Information,"SYSTEM
NT AUTHORITY\SYSTEM",41:58.5,"02/11/2026 07:41:58.461 PM
LogName=Microsoft-Windows-Sysmon/Operational
EventCode=11
EventType=4
ComputerName=wrk-pprice
User=SYSTEM
Sid=S-1-5-18
SidType=5
SourceName=Microsoft-Windows-Sysmon
Type=Information
RecordNumber=118862
Keywords=None
TaskCategory=Dns query (rule: DnsQuery)
OpCode=Info
Message=File created:
RuleName: technique_id=T1574.010,technique_name=Services File Permissions Weakness
UtcTime: 2024-02-14 03:41:58.452
ProcessGuid: {817bddf3-3685-65cc-2e02-000000001900}
ProcessId: 10220
Image: C:\Windows\system32\msiexec.exe
TargetFilename: C:\Windows\Temp\~DFA536937216C29F0C.TMP
CreationUtcTime: 2024-02-14 03:41:58.452
User: NT AUTHORITY\SYSTEM
",2026-02-11T19:41:58.000-0800,,Dns query (rule: DnsQuery),wrk-pprice,wrk-pprice,118862,endpoint_services_processes windows_event_signature windows_ta_data,wrk-pprice,118862,SplunkEx,24,,,,,"//_::._=--/===-==---==--====__(:_)==_:\r:_=.,=___\r:",,,,,informational,4,,11,WinEventLog:Microsoft-Windows-Sysmon/Operational,WinEventLog,DESKTOP-6DT4EHE,,,track_event_signatures,track_event_signatures,,,Microsoft Windows
,,,,,wrk-pprice,,41:58.5,,,,,,,,,11,4,,,,,C:\Windows\system32\msiexec.exe,,,,,,None,Microsoft-Windows-Sysmon/Operational,,,"File created:
RuleName: technique_id=T1574.010,technique_name=Services File Permissions Weakness
UtcTime: 2024-02-14 03:41:58.452
ProcessGuid: {817bddf3-3685-65cc-2e02-000000001900}
ProcessId: 10220
Image: C:\Windows\system32\msiexec.exe
TargetFilename: C:\Windows\Installer\inprogressinstallinfo.ipi
CreationUtcTime: 2024-02-14 03:41:58.452
User: NT AUTHORITY\SYSTEM",Info,,,,,,,,,{817bddf3-3685-65cc-2e02-000000001900},10220,,,,,,118861,"technique_id=T1574.010,technique_name=Services File Permissions Weakness",S-1-5-18,5,,,,,,,,Microsoft-Windows-Sysmon,,,,,,,C:\Windows\Installer\inprogressinstallinfo.ipi,,,,,,Dns query (rule: DnsQuery),,Information,"SYSTEM
NT AUTHORITY\SYSTEM",41:58.5,"02/11/2026 07:41:58.460 PM
LogName=Microsoft-Windows-Sysmon/Operational
EventCode=11
EventType=4
ComputerName=wrk-pprice
User=SYSTEM
Sid=S-1-5-18
SidType=5
SourceName=Microsoft-Windows-Sysmon
Type=Information
RecordNumber=118861
Keywords=None
TaskCategory=Dns query (rule: DnsQuery)
OpCode=Info
Message=File created:
RuleName: technique_id=T1574.010,technique_name=Services File Permissions Weakness
UtcTime: 2024-02-14 03:41:58.452
ProcessGuid: {817bddf3-3685-65cc-2e02-000000001900}
ProcessId: 10220
Image: C:\Windows\system32\msiexec.exe
TargetFilename: C:\Windows\Installer\inprogressinstallinfo.ipi
CreationUtcTime: 2024-02-14 03:41:58.452
User: NT AUTHORITY\SYSTEM
",2026-02-11T19:41:58.000-0800,,Dns query (rule: DnsQuery),wrk-pprice,wrk-pprice,118861,endpoint_services_processes windows_event_signature windows_ta_data,wrk-pprice,118861,SplunkEx,24,,,,,"//_::._=--/===-==---==--====__(:_)==_:\r:_=.,=___\r:",,,,,informational,4,,11,WinEventLog:Microsoft-Windows-Sysmon/Operational,WinEventLog,DESKTOP-6DT4EHE,,,track_event_signatures,track_event_signatures,,,Microsoft Windows
TRUE,,,,,wrk-pprice,,,,,,,,,,,23,4,,,,"SHA1=52E639024460BF111C469E95FB011C07D6FC89E8,MD5=6119E62D8047032A715BA0670FC476C5,SHA256=BC31F85266DF2CDFDBE22149937105388FA3ADC17E3646FA4A167736E819AF77,IMPHASH=4AB4924A89F7315F31ADB1871EEDBABE",C:\Windows\system32\msiexec.exe,,,,,TRUE,None,Microsoft-Windows-Sysmon/Operational,,,"File Delete archived:
RuleName: Executables
UtcTime: 2024-02-14 03:41:58.436
ProcessGuid: {817bddf3-3685-65cc-2e02-000000001900}
ProcessId: 10220
User: NT AUTHORITY\SYSTEM
Image: C:\Windows\system32\msiexec.exe
TargetFilename: C:\Windows\Installer\MSIC6C0.tmp
Hashes: SHA1=52E639024460BF111C469E95FB011C07D6FC89E8,MD5=6119E62D8047032A715BA0670FC476C5,SHA256=BC31F85266DF2CDFDBE22149937105388FA3ADC17E3646FA4A167736E819AF77,IMPHASH=4AB4924A89F7315F31ADB1871EEDBABE
IsExecutable: true
Archived: true",Info,,,,,,,,,{817bddf3-3685-65cc-2e02-000000001900},10220,,,,,,118860,Executables,S-1-5-18,5,,,,,,,,Microsoft-Windows-Sysmon,,,,,,,C:\Windows\Installer\MSIC6C0.tmp,,,,,,Dns query (rule: DnsQuery),,Information,"SYSTEM
NT AUTHORITY\SYSTEM",41:58.4,"02/11/2026 07:41:58.438 PM
LogName=Microsoft-Windows-Sysmon/Operational
EventCode=23
EventType=4
ComputerName=wrk-pprice
User=SYSTEM
Sid=S-1-5-18
SidType=5
SourceName=Microsoft-Windows-Sysmon
Type=Information
RecordNumber=118860
Keywords=None
TaskCategory=Dns query (rule: DnsQuery)
OpCode=Info
Message=File Delete archived:
RuleName: Executables
UtcTime: 2024-02-14 03:41:58.436
ProcessGuid: {817bddf3-3685-65cc-2e02-000000001900}
ProcessId: 10220
User: NT AUTHORITY\SYSTEM
Image: C:\Windows\system32\msiexec.exe
TargetFilename: C:\Windows\Installer\MSIC6C0.tmp
Hashes: SHA1=52E639024460BF111C469E95FB011C07D6FC89E8,MD5=6119E62D8047032A715BA0670FC476C5,SHA256=BC31F85266DF2CDFDBE22149937105388FA3ADC17E3646FA4A167736E819AF77,IMPHASH=4AB4924A89F7315F31ADB1871EEDBABE
IsExecutable: true
Archived: true
",2026-02-11T19:41:58.000-0800,,Dns query (rule: DnsQuery),wrk-pprice,wrk-pprice,118860,endpoint_services_processes windows_event_signature windows_ta_data,wrk-pprice,118860,SplunkEx,26,,,,,//_::._=--/===-==---==--====__(:_)==__:\r:_\r:_--_::,,,,,informational,4,,23,WinEventLog:Microsoft-Windows-Sysmon/Operational,WinEventLog,DESKTOP-6DT4EHE,,,track_event_signatures,track_event_signatures,,,Microsoft Windows
,,,,,wrk-pprice,,12:27.0,,,,,,,,,2,4,,,,,C:\Users\CyberJunkie\Downloads\Preventivo24.02.14.exe.exe,,,,,,None,Microsoft-Windows-Sysmon/Operational,,,"File creation time changed:
RuleName: technique_id=T1070.006,technique_name=Timestomp
UtcTime: 2024-02-14 03:41:58.420
ProcessGuid: {817bddf3-3684-65cc-2d02-000000001900}
ProcessId: 10672
Image: C:\Users\CyberJunkie\Downloads\Preventivo24.02.14.exe.exe
TargetFilename: C:\Users\CyberJunkie\AppData\Roaming\Photo and Fax Vn\Photo and vn 1.1.2\install\F97891C\WindowsVolume\Games\UVncVirtualDisplay\UVncVirtualDisplay.inf
CreationUtcTime: 2024-01-10 18:12:27.013
PreviousCreationUtcTime: 2024-02-14 03:41:58.420
User: wrk-pprice\CyberJunkie",Info,,,,,,,,41:58.4,{817bddf3-3684-65cc-2d02-000000001900},10672,,,,,,118859,"technique_id=T1070.006,technique_name=Timestomp",S-1-5-18,5,,,,,,,,Microsoft-Windows-Sysmon,,,,,,,C:\Users\CyberJunkie\AppData\Roaming\Photo and Fax Vn\Photo and vn 1.1.2\install\F97891C\WindowsVolume\Games\UVncVirtualDisplay\UVncVirtualDisplay.inf,,,,,,Dns query (rule: DnsQuery),,Information,"SYSTEM
wrk-pprice\CyberJunkie",41:58.4,"02/11/2026 07:41:58.430 PM
LogName=Microsoft-Windows-Sysmon/Operational
EventCode=2
EventType=4
ComputerName=wrk-pprice
User=SYSTEM
Sid=S-1-5-18
SidType=5
SourceName=Microsoft-Windows-Sysmon
Type=Information
RecordNumber=118859
Keywords=None
TaskCategory=Dns query (rule: DnsQuery)
OpCode=Info
Message=File creation time changed:
RuleName: technique_id=T1070.006,technique_name=Timestomp
UtcTime: 2024-02-14 03:41:58.420
ProcessGuid: {817bddf3-3684-65cc-2d02-000000001900}
ProcessId: 10672
Image: C:\Users\CyberJunkie\Downloads\Preventivo24.02.14.exe.exe
TargetFilename: C:\Users\CyberJunkie\AppData\Roaming\Photo and Fax Vn\Photo and vn 1.1.2\install\F97891C\WindowsVolume\Games\UVncVirtualDisplay\UVncVirtualDisplay.inf
CreationUtcTime: 2024-01-10 18:12:27.013
PreviousCreationUtcTime: 2024-02-14 03:41:58.420
User: wrk-pprice\CyberJunkie
",2026-02-11T19:41:58.000-0800,,Dns query (rule: DnsQuery),wrk-pprice,wrk-pprice,118859,endpoint_services_processes windows_event_signature windows_ta_data,wrk-pprice,118859,SplunkEx,25,,,,,"//_::._=--/===-==---==--====__(:_)==___:\r:_=.,=\r:_",,,,,informational,4,,2,WinEventLog:Microsoft-Windows-Sysmon/Operational,WinEventLog,DESKTOP-6DT4EHE,,,track_event_signatures,track_event_signatures,,,Microsoft Windows
,,,,,wrk-pprice,,12:26.9,,,,,,,,,2,4,,,,,C:\Users\CyberJunkie\Downloads\Preventivo24.02.14.exe.exe,,,,,,None,Microsoft-Windows-Sysmon/Operational,,,"File creation time changed:
RuleName: technique_id=T1070.006,technique_name=Timestomp
UtcTime: 2024-02-14 03:41:58.420
ProcessGuid: {817bddf3-3684-65cc-2d02-000000001900}
ProcessId: 10672
Image: C:\Users\CyberJunkie\Downloads\Preventivo24.02.14.exe.exe
TargetFilename: C:\Users\CyberJunkie\AppData\Roaming\Photo and Fax Vn\Photo and vn 1.1.2\install\F97891C\WindowsVolume\Games\UVncVirtualDisplay\uvncvirtualdisplay.cat
CreationUtcTime: 2024-01-10 18:12:26.889
PreviousCreationUtcTime: 2024-02-14 03:41:58.420
User: wrk-pprice\CyberJunkie",Info,,,,,,,,41:58.4,{817bddf3-3684-65cc-2d02-000000001900},10672,,,,,,118858,"technique_id=T1070.006,technique_name=Timestomp",S-1-5-18,5,,,,,,,,Microsoft-Windows-Sysmon,,,,,,,C:\Users\CyberJunkie\AppData\Roaming\Photo and Fax Vn\Photo and vn 1.1.2\install\F97891C\WindowsVolume\Games\UVncVirtualDisplay\uvncvirtualdisplay.cat,,,,,,Dns query (rule: DnsQuery),,Information,"SYSTEM
wrk-pprice\CyberJunkie",41:58.4,"02/11/2026 07:41:58.429 PM
LogName=Microsoft-Windows-Sysmon/Operational
EventCode=2
EventType=4
ComputerName=wrk-pprice
User=SYSTEM
Sid=S-1-5-18
SidType=5
SourceName=Microsoft-Windows-Sysmon
Type=Information
RecordNumber=118858
Keywords=None
TaskCategory=Dns query (rule: DnsQuery)
OpCode=Info
Message=File creation time changed:
RuleName: technique_id=T1070.006,technique_name=Timestomp
UtcTime: 2024-02-14 03:41:58.420
ProcessGuid: {817bddf3-3684-65cc-2d02-000000001900}
ProcessId: 10672
Image: C:\Users\CyberJunkie\Downloads\Preventivo24.02.14.exe.exe
TargetFilename: C:\Users\CyberJunkie\AppData\Roaming\Photo and Fax Vn\Photo and vn 1.1.2\install\F97891C\WindowsVolume\Games\UVncVirtualDisplay\uvncvirtualdisplay.cat
CreationUtcTime: 2024-01-10 18:12:26.889
PreviousCreationUtcTime: 2024-02-14 03:41:58.420
User: wrk-pprice\CyberJunkie
",2026-02-11T19:41:58.000-0800,,Dns query (rule: DnsQuery),wrk-pprice,wrk-pprice,118858,endpoint_services_processes windows_event_signature windows_ta_data,wrk-pprice,118858,SplunkEx,25,,,,,"//_::._=--/===-==---==--====__(:_)==___:\r:_=.,=\r:_",,,,,informational,4,,2,WinEventLog:Microsoft-Windows-Sysmon/Operational,WinEventLog,DESKTOP-6DT4EHE,,,track_event_signatures,track_event_signatures,,,Microsoft Windows
,,,,,wrk-pprice,,12:26.7,,,,,,,,,2,4,,,,,C:\Users\CyberJunkie\Downloads\Preventivo24.02.14.exe.exe,,,,,,None,Microsoft-Windows-Sysmon/Operational,,,"File creation time changed:
RuleName: technique_id=T1070.006,technique_name=Timestomp
UtcTime: 2024-02-14 03:41:58.420
ProcessGuid: {817bddf3-3684-65cc-2d02-000000001900}
ProcessId: 10672
Image: C:\Users\CyberJunkie\Downloads\Preventivo24.02.14.exe.exe
TargetFilename: C:\Users\CyberJunkie\AppData\Roaming\Photo and Fax Vn\Photo and vn 1.1.2\install\F97891C\WindowsVolume\Games\vnchooks.dll
CreationUtcTime: 2024-01-10 18:12:26.686
PreviousCreationUtcTime: 2024-02-14 03:41:58.420
User: wrk-pprice\CyberJunkie",Info,,,,,,,,41:58.4,{817bddf3-3684-65cc-2d02-000000001900},10672,,,,,,118857,"technique_id=T1070.006,technique_name=Timestomp",S-1-5-18,5,,,,,,,,Microsoft-Windows-Sysmon,,,,,,,C:\Users\CyberJunkie\AppData\Roaming\Photo and Fax Vn\Photo and vn 1.1.2\install\F97891C\WindowsVolume\Games\vnchooks.dll,,,,,,Dns query (rule: DnsQuery),,Information,"SYSTEM
wrk-pprice\CyberJunkie",41:58.4,"02/11/2026 07:41:58.428 PM
LogName=Microsoft-Windows-Sysmon/Operational
EventCode=2
EventType=4
ComputerName=wrk-pprice
User=SYSTEM
Sid=S-1-5-18
SidType=5
SourceName=Microsoft-Windows-Sysmon
Type=Information
RecordNumber=118857
Keywords=None
TaskCategory=Dns query (rule: DnsQuery)
OpCode=Info
Message=File creation time changed:
RuleName: technique_id=T1070.006,technique_name=Timestomp
UtcTime: 2024-02-14 03:41:58.420
ProcessGuid: {817bddf3-3684-65cc-2d02-000000001900}
ProcessId: 10672
Image: C:\Users\CyberJunkie\Downloads\Preventivo24.02.14.exe.exe
TargetFilename: C:\Users\CyberJunkie\AppData\Roaming\Photo and Fax Vn\Photo and vn 1.1.2\install\F97891C\WindowsVolume\Games\vnchooks.dll
CreationUtcTime: 2024-01-10 18:12:26.686
PreviousCreationUtcTime: 2024-02-14 03:41:58.420
User: wrk-pprice\CyberJunkie
",2026-02-11T19:41:58.000-0800,,Dns query (rule: DnsQuery),wrk-pprice,wrk-pprice,118857,endpoint_services_processes windows_event_signature windows_ta_data,wrk-pprice,118857,SplunkEx,25,,,,,"//_::._=--/===-==---==--====__(:_)==___:\r:_=.,=\r:_",,,,,informational,4,,2,WinEventLog:Microsoft-Windows-Sysmon/Operational,WinEventLog,DESKTOP-6DT4EHE,,,track_event_signatures,track_event_signatures,,,Microsoft Windows
,,,,,wrk-pprice,,12:26.9,,,,,,,,,2,4,,,,,C:\Users\CyberJunkie\Downloads\Preventivo24.02.14.exe.exe,,,,,,None,Microsoft-Windows-Sysmon/Operational,,,"File creation time changed:
RuleName: technique_id=T1070.006,technique_name=Timestomp
UtcTime: 2024-02-14 03:41:58.420
ProcessGuid: {817bddf3-3684-65cc-2d02-000000001900}
ProcessId: 10672
Image: C:\Users\CyberJunkie\Downloads\Preventivo24.02.14.exe.exe
TargetFilename: C:\Users\CyberJunkie\AppData\Roaming\Photo and Fax Vn\Photo and vn 1.1.2\install\F97891C\WindowsVolume\Games\UVncVirtualDisplay\UVncVirtualDisplay.dll
CreationUtcTime: 2024-01-10 18:12:26.905
PreviousCreationUtcTime: 2024-02-14 03:41:58.420
User: wrk-pprice\CyberJunkie",Info,,,,,,,,41:58.4,{817bddf3-3684-65cc-2d02-000000001900},10672,,,,,,118856,"technique_id=T1070.006,technique_name=Timestomp",S-1-5-18,5,,,,,,,,Microsoft-Windows-Sysmon,,,,,,,C:\Users\CyberJunkie\AppData\Roaming\Photo and Fax Vn\Photo and vn 1.1.2\install\F97891C\WindowsVolume\Games\UVncVirtualDisplay\UVncVirtualDisplay.dll,,,,,,Dns query (rule: DnsQuery),,Information,"SYSTEM
wrk-pprice\CyberJunkie",41:58.4,"02/11/2026 07:41:58.427 PM
LogName=Microsoft-Windows-Sysmon/Operational
EventCode=2
EventType=4
ComputerName=wrk-pprice
User=SYSTEM
Sid=S-1-5-18
SidType=5
SourceName=Microsoft-Windows-Sysmon
Type=Information
RecordNumber=118856
Keywords=None
TaskCategory=Dns query (rule: DnsQuery)
OpCode=Info
Message=File creation time changed:
RuleName: technique_id=T1070.006,technique_name=Timestomp
UtcTime: 2024-02-14 03:41:58.420
ProcessGuid: {817bddf3-3684-65cc-2d02-000000001900}
ProcessId: 10672
Image: C:\Users\CyberJunkie\Downloads\Preventivo24.02.14.exe.exe
TargetFilename: C:\Users\CyberJunkie\AppData\Roaming\Photo and Fax Vn\Photo and vn 1.1.2\install\F97891C\WindowsVolume\Games\UVncVirtualDisplay\UVncVirtualDisplay.dll
CreationUtcTime: 2024-01-10 18:12:26.905
PreviousCreationUtcTime: 2024-02-14 03:41:58.420
User: wrk-pprice\CyberJunkie
",2026-02-11T19:41:58.000-0800,,Dns query (rule: DnsQuery),wrk-pprice,wrk-pprice,118856,endpoint_services_processes windows_event_signature windows_ta_data,wrk-pprice,118856,SplunkEx,25,,,,,"//_::._=--/===-==---==--====__(:_)==___:\r:_=.,=\r:_",,,,,informational,4,,2,WinEventLog:Microsoft-Windows-Sysmon/Operational,WinEventLog,DESKTOP-6DT4EHE,,,track_event_signatures,track_event_signatures,,,Microsoft Windows
,,,,,wrk-pprice,,12:26.4,,,,,,,,,2,4,,,,,C:\Users\CyberJunkie\Downloads\Preventivo24.02.14.exe.exe,,,,,,None,Microsoft-Windows-Sysmon/Operational,,,"File creation time changed:
RuleName: technique_id=T1070.006,technique_name=Timestomp
UtcTime: 2024-02-14 03:41:58.420
ProcessGuid: {817bddf3-3684-65cc-2d02-000000001900}
ProcessId: 10672
Image: C:\Users\CyberJunkie\Downloads\Preventivo24.02.14.exe.exe
TargetFilename: C:\Users\CyberJunkie\AppData\Roaming\Photo and Fax Vn\Photo and vn 1.1.2\install\F97891C\WindowsVolume\Games\ddengine.dll
CreationUtcTime: 2024-01-10 18:12:26.406
PreviousCreationUtcTime: 2024-02-14 03:41:58.420
User: wrk-pprice\CyberJunkie",Info,,,,,,,,41:58.4,{817bddf3-3684-65cc-2d02-000000001900},10672,,,,,,118855,"technique_id=T1070.006,technique_name=Timestomp",S-1-5-18,5,,,,,,,,Microsoft-Windows-Sysmon,,,,,,,C:\Users\CyberJunkie\AppData\Roaming\Photo and Fax Vn\Photo and vn 1.1.2\install\F97891C\WindowsVolume\Games\ddengine.dll,,,,,,Dns query (rule: DnsQuery),,Information,"SYSTEM
wrk-pprice\CyberJunkie",41:58.4,"02/11/2026 07:41:58.425 PM
LogName=Microsoft-Windows-Sysmon/Operational
EventCode=2
EventType=4
ComputerName=wrk-pprice
User=SYSTEM
Sid=S-1-5-18
SidType=5
SourceName=Microsoft-Windows-Sysmon
Type=Information
RecordNumber=118855
Keywords=None
TaskCategory=Dns query (rule: DnsQuery)
OpCode=Info
Message=File creation time changed:
RuleName: technique_id=T1070.006,technique_name=Timestomp
UtcTime: 2024-02-14 03:41:58.420
ProcessGuid: {817bddf3-3684-65cc-2d02-000000001900}
ProcessId: 10672
Image: C:\Users\CyberJunkie\Downloads\Preventivo24.02.14.exe.exe
TargetFilename: C:\Users\CyberJunkie\AppData\Roaming\Photo and Fax Vn\Photo and vn 1.1.2\install\F97891C\WindowsVolume\Games\ddengine.dll
CreationUtcTime: 2024-01-10 18:12:26.406
PreviousCreationUtcTime: 2024-02-14 03:41:58.420
User: wrk-pprice\CyberJunkie
",2026-02-11T19:41:58.000-0800,,Dns query (rule: DnsQuery),wrk-pprice,wrk-pprice,118855,endpoint_services_processes windows_event_signature windows_ta_data,wrk-pprice,118855,SplunkEx,25,,,,,"//_::._=--/===-==---==--====__(:_)==___:\r:_=.,=\r:_",,,,,informational,4,,2,WinEventLog:Microsoft-Windows-Sysmon/Operational,WinEventLog,DESKTOP-6DT4EHE,,,track_event_signatures,track_event_signatures,,,Microsoft Windows
,,,,,wrk-pprice,,12:26.7,,,,,,,,,2,4,,,,,C:\Users\CyberJunkie\Downloads\Preventivo24.02.14.exe.exe,,,,,,None,Microsoft-Windows-Sysmon/Operational,,,"File creation time changed:
RuleName: technique_id=T1070.006,technique_name=Timestomp
UtcTime: 2024-02-14 03:41:58.420
ProcessGuid: {817bddf3-3684-65cc-2d02-000000001900}
ProcessId: 10672
Image: C:\Users\CyberJunkie\Downloads\Preventivo24.02.14.exe.exe
TargetFilename: C:\Users\CyberJunkie\AppData\Roaming\Photo and Fax Vn\Photo and vn 1.1.2\install\F97891C\WindowsVolume\Games\viewer.exe
CreationUtcTime: 2024-01-10 18:12:26.670
PreviousCreationUtcTime: 2024-02-14 03:41:58.420
User: wrk-pprice\CyberJunkie",Info,,,,,,,,41:58.4,{817bddf3-3684-65cc-2d02-000000001900},10672,,,,,,118854,"technique_id=T1070.006,technique_name=Timestomp",S-1-5-18,5,,,,,,,,Microsoft-Windows-Sysmon,,,,,,,C:\Users\CyberJunkie\AppData\Roaming\Photo and Fax Vn\Photo and vn 1.1.2\install\F97891C\WindowsVolume\Games\viewer.exe,,,,,,Dns query (rule: DnsQuery),,Information,"SYSTEM
wrk-pprice\CyberJunkie",41:58.4,"02/11/2026 07:41:58.423 PM
LogName=Microsoft-Windows-Sysmon/Operational
EventCode=2
EventType=4
ComputerName=wrk-pprice
User=SYSTEM
Sid=S-1-5-18
SidType=5
SourceName=Microsoft-Windows-Sysmon
Type=Information
RecordNumber=118854
Keywords=None
TaskCategory=Dns query (rule: DnsQuery)
OpCode=Info
Message=File creation time changed:
RuleName: technique_id=T1070.006,technique_name=Timestomp
UtcTime: 2024-02-14 03:41:58.420
ProcessGuid: {817bddf3-3684-65cc-2d02-000000001900}
ProcessId: 10672
Image: C:\Users\CyberJunkie\Downloads\Preventivo24.02.14.exe.exe
TargetFilename: C:\Users\CyberJunkie\AppData\Roaming\Photo and Fax Vn\Photo and vn 1.1.2\install\F97891C\WindowsVolume\Games\viewer.exe
CreationUtcTime: 2024-01-10 18:12:26.670
PreviousCreationUtcTime: 2024-02-14 03:41:58.420
User: wrk-pprice\CyberJunkie
",2026-02-11T19:41:58.000-0800,,Dns query (rule: DnsQuery),wrk-pprice,wrk-pprice,118854,endpoint_services_processes windows_event_signature windows_ta_data,wrk-pprice,118854,SplunkEx,25,,,,,"//_::._=--/===-==---==--====__(:_)==___:\r:_=.,=\r:_",,,,,informational,4,,2,WinEventLog:Microsoft-Windows-Sysmon/Operational,WinEventLog,DESKTOP-6DT4EHE,,,track_event_signatures,track_event_signatures,,,Microsoft Windows
,,,,,wrk-pprice,,41:58.4,,,,,,,,,11,4,,,,,C:\Users\CyberJunkie\Downloads\Preventivo24.02.14.exe.exe,,,,,,None,Microsoft-Windows-Sysmon/Operational,,,"File created:
RuleName: -
UtcTime: 2024-02-14 03:41:58.420
ProcessGuid: {817bddf3-3684-65cc-2d02-000000001900}
ProcessId: 10672
Image: C:\Users\CyberJunkie\Downloads\Preventivo24.02.14.exe.exe
TargetFilename: C:\Users\CyberJunkie\AppData\Roaming\Photo and Fax Vn\Photo and vn 1.1.2\install\F97891C\WindowsVolume\Games\viewer.exe
CreationUtcTime: 2024-02-14 03:41:58.420
User: wrk-pprice\CyberJunkie",Info,,,,,,,,,{817bddf3-3684-65cc-2d02-000000001900},10672,,,,,,118853,-,S-1-5-18,5,,,,,,,,Microsoft-Windows-Sysmon,,,,,,,C:\Users\CyberJunkie\AppData\Roaming\Photo and Fax Vn\Photo and vn 1.1.2\install\F97891C\WindowsVolume\Games\viewer.exe,,,,,,Dns query (rule: DnsQuery),,Information,"SYSTEM
wrk-pprice\CyberJunkie",41:58.4,"02/11/2026 07:41:58.422 PM
LogName=Microsoft-Windows-Sysmon/Operational
EventCode=11
EventType=4
ComputerName=wrk-pprice
User=SYSTEM
Sid=S-1-5-18
SidType=5
SourceName=Microsoft-Windows-Sysmon
Type=Information
RecordNumber=118853
Keywords=None
TaskCategory=Dns query (rule: DnsQuery)
OpCode=Info
Message=File created:
RuleName: -
UtcTime: 2024-02-14 03:41:58.420
ProcessGuid: {817bddf3-3684-65cc-2d02-000000001900}
ProcessId: 10672
Image: C:\Users\CyberJunkie\Downloads\Preventivo24.02.14.exe.exe
TargetFilename: C:\Users\CyberJunkie\AppData\Roaming\Photo and Fax Vn\Photo and vn 1.1.2\install\F97891C\WindowsVolume\Games\viewer.exe
CreationUtcTime: 2024-02-14 03:41:58.420
User: wrk-pprice\CyberJunkie
",2026-02-11T19:41:58.000-0800,,Dns query (rule: DnsQuery),wrk-pprice,wrk-pprice,118853,endpoint_services_processes windows_event_signature windows_ta_data,wrk-pprice,118853,SplunkEx,24,,,,,//_::._=--/===-==---==--====__(:_)==_:\r:_-\r:_--_::,,,,,informational,4,,11,WinEventLog:Microsoft-Windows-Sysmon/Operational,WinEventLog,DESKTOP-6DT4EHE,,,track_event_signatures,track_event_signatures,,,Microsoft Windows
,,,,,wrk-pprice,,12:26.5,,,,,,,,,2,4,,,,,C:\Users\CyberJunkie\Downloads\Preventivo24.02.14.exe.exe,,,,,,None,Microsoft-Windows-Sysmon/Operational,,,"File creation time changed:
RuleName: technique_id=T1070.006,technique_name=Timestomp
UtcTime: 2024-02-14 03:41:58.404
ProcessGuid: {817bddf3-3684-65cc-2d02-000000001900}
ProcessId: 10672
Image: C:\Users\CyberJunkie\Downloads\Preventivo24.02.14.exe.exe
TargetFilename: C:\Users\CyberJunkie\AppData\Roaming\Photo and Fax Vn\Photo and vn 1.1.2\install\F97891C\WindowsVolume\Games\taskhost.exe
CreationUtcTime: 2024-01-10 18:12:26.513
PreviousCreationUtcTime: 2024-02-14 03:41:58.404
User: wrk-pprice\CyberJunkie",Info,,,,,,,,41:58.4,{817bddf3-3684-65cc-2d02-000000001900},10672,,,,,,118852,"technique_id=T1070.006,technique_name=Timestomp",S-1-5-18,5,,,,,,,,Microsoft-Windows-Sysmon,,,,,,,C:\Users\CyberJunkie\AppData\Roaming\Photo and Fax Vn\Photo and vn 1.1.2\install\F97891C\WindowsVolume\Games\taskhost.exe,,,,,,Dns query (rule: DnsQuery),,Information,"SYSTEM
wrk-pprice\CyberJunkie",41:58.4,"02/11/2026 07:41:58.412 PM
LogName=Microsoft-Windows-Sysmon/Operational
EventCode=2
EventType=4
ComputerName=wrk-pprice
User=SYSTEM
Sid=S-1-5-18
SidType=5
SourceName=Microsoft-Windows-Sysmon
Type=Information
RecordNumber=118852
Keywords=None
TaskCategory=Dns query (rule: DnsQuery)
OpCode=Info
Message=File creation time changed:
RuleName: technique_id=T1070.006,technique_name=Timestomp
UtcTime: 2024-02-14 03:41:58.404
ProcessGuid: {817bddf3-3684-65cc-2d02-000000001900}
ProcessId: 10672
Image: C:\Users\CyberJunkie\Downloads\Preventivo24.02.14.exe.exe
TargetFilename: C:\Users\CyberJunkie\AppData\Roaming\Photo and Fax Vn\Photo and vn 1.1.2\install\F97891C\WindowsVolume\Games\taskhost.exe
CreationUtcTime: 2024-01-10 18:12:26.513
PreviousCreationUtcTime: 2024-02-14 03:41:58.404
User: wrk-pprice\CyberJunkie
",2026-02-11T19:41:58.000-0800,,Dns query (rule: DnsQuery),wrk-pprice,wrk-pprice,118852,endpoint_services_processes windows_event_signature windows_ta_data,wrk-pprice,118852,SplunkEx,25,,,,,"//_::._=--/===-==---==--====__(:_)==___:\r:_=.,=\r:_",,,,,informational,4,,2,WinEventLog:Microsoft-Windows-Sysmon/Operational,WinEventLog,DESKTOP-6DT4EHE,,,track_event_signatures,track_event_signatures,,,Microsoft Windows
,,,,,wrk-pprice,,41:58.4,,,,,,,,,11,4,,,,,C:\Users\CyberJunkie\Downloads\Preventivo24.02.14.exe.exe,,,,,,None,Microsoft-Windows-Sysmon/Operational,,,"File created:
RuleName: -
UtcTime: 2024-02-14 03:41:58.404
ProcessGuid: {817bddf3-3684-65cc-2d02-000000001900}
ProcessId: 10672
Image: C:\Users\CyberJunkie\Downloads\Preventivo24.02.14.exe.exe
TargetFilename: C:\Users\CyberJunkie\AppData\Roaming\Photo and Fax Vn\Photo and vn 1.1.2\install\F97891C\WindowsVolume\Games\taskhost.exe
CreationUtcTime: 2024-02-14 03:41:58.404
User: wrk-pprice\CyberJunkie",Info,,,,,,,,,{817bddf3-3684-65cc-2d02-000000001900},10672,,,,,,118851,-,S-1-5-18,5,,,,,,,,Microsoft-Windows-Sysmon,,,,,,,C:\Users\CyberJunkie\AppData\Roaming\Photo and Fax Vn\Photo and vn 1.1.2\install\F97891C\WindowsVolume\Games\taskhost.exe,,,,,,Dns query (rule: DnsQuery),,Information,"SYSTEM
wrk-pprice\CyberJunkie",41:58.4,"02/11/2026 07:41:58.410 PM
LogName=Microsoft-Windows-Sysmon/Operational
EventCode=11
EventType=4
ComputerName=wrk-pprice
User=SYSTEM
Sid=S-1-5-18
SidType=5
SourceName=Microsoft-Windows-Sysmon
Type=Information
RecordNumber=118851
Keywords=None
TaskCategory=Dns query (rule: DnsQuery)
OpCode=Info
Message=File created:
RuleName: -
UtcTime: 2024-02-14 03:41:58.404
ProcessGuid: {817bddf3-3684-65cc-2d02-000000001900}
ProcessId: 10672
Image: C:\Users\CyberJunkie\Downloads\Preventivo24.02.14.exe.exe
TargetFilename: C:\Users\CyberJunkie\AppData\Roaming\Photo and Fax Vn\Photo and vn 1.1.2\install\F97891C\WindowsVolume\Games\taskhost.exe
CreationUtcTime: 2024-02-14 03:41:58.404
User: wrk-pprice\CyberJunkie
",2026-02-11T19:41:58.000-0800,,Dns query (rule: DnsQuery),wrk-pprice,wrk-pprice,118851,endpoint_services_processes windows_event_signature windows_ta_data,wrk-pprice,118851,SplunkEx,24,,,,,//_::._=--/===-==---==--====__(:_)==_:\r:_-\r:_--_::,,,,,informational,4,,11,WinEventLog:Microsoft-Windows-Sysmon/Operational,WinEventLog,DESKTOP-6DT4EHE,,,track_event_signatures,track_event_signatures,,,Microsoft Windows
,,,,,wrk-pprice,,10:06.0,,,,,,,,,2,4,,,,,C:\Users\CyberJunkie\Downloads\Preventivo24.02.14.exe.exe,,,,,,None,Microsoft-Windows-Sysmon/Operational,,,"File creation time changed:
RuleName: technique_id=T1070.006,technique_name=Timestomp
UtcTime: 2024-02-14 03:41:58.404
ProcessGuid: {817bddf3-3684-65cc-2d02-000000001900}
ProcessId: 10672
Image: C:\Users\CyberJunkie\Downloads\Preventivo24.02.14.exe.exe
TargetFilename: C:\Users\CyberJunkie\AppData\Roaming\Photo and Fax Vn\Photo and vn 1.1.2\install\F97891C\TempFolder\~.pdf
CreationUtcTime: 2024-01-14 08:10:06.029
PreviousCreationUtcTime: 2024-02-14 03:41:58.404
User: wrk-pprice\CyberJunkie",Info,,,,,,,,41:58.4,{817bddf3-3684-65cc-2d02-000000001900},10672,,,,,,118850,"technique_id=T1070.006,technique_name=Timestomp",S-1-5-18,5,,,,,,,,Microsoft-Windows-Sysmon,,,,,,,C:\Users\CyberJunkie\AppData\Roaming\Photo and Fax Vn\Photo and vn 1.1.2\install\F97891C\TempFolder\~.pdf,,,,,,Dns query (rule: DnsQuery),,Information,"SYSTEM
wrk-pprice\CyberJunkie",41:58.4,"02/11/2026 07:41:58.410 PM
LogName=Microsoft-Windows-Sysmon/Operational
EventCode=2
EventType=4
ComputerName=wrk-pprice
User=SYSTEM
Sid=S-1-5-18
SidType=5
SourceName=Microsoft-Windows-Sysmon
Type=Information
RecordNumber=118850
Keywords=None
TaskCategory=Dns query (rule: DnsQuery)
OpCode=Info
Message=File creation time changed:
RuleName: technique_id=T1070.006,technique_name=Timestomp
UtcTime: 2024-02-14 03:41:58.404
ProcessGuid: {817bddf3-3684-65cc-2d02-000000001900}
ProcessId: 10672
Image: C:\Users\CyberJunkie\Downloads\Preventivo24.02.14.exe.exe
TargetFilename: C:\Users\CyberJunkie\AppData\Roaming\Photo and Fax Vn\Photo and vn 1.1.2\install\F97891C\TempFolder\~.pdf
CreationUtcTime: 2024-01-14 08:10:06.029
PreviousCreationUtcTime: 2024-02-14 03:41:58.404
User: wrk-pprice\CyberJunkie
",2026-02-11T19:41:58.000-0800,,Dns query (rule: DnsQuery),wrk-pprice,wrk-pprice,118850,endpoint_services_processes windows_event_signature windows_ta_data,wrk-pprice,118850,SplunkEx,25,,,,,"//_::._=--/===-==---==--====__(:_)==___:\r:_=.,=\r:_",,,,,informational,4,,2,WinEventLog:Microsoft-Windows-Sysmon/Operational,WinEventLog,DESKTOP-6DT4EHE,,,track_event_signatures,track_event_signatures,,,Microsoft Windows
,,,,,wrk-pprice,,12:26.5,,,,,,,,,2,4,,,,,C:\Users\CyberJunkie\Downloads\Preventivo24.02.14.exe.exe,,,,,,None,Microsoft-Windows-Sysmon/Operational,,,"File creation time changed:
RuleName: technique_id=T1070.006,technique_name=Timestomp
UtcTime: 2024-02-14 03:41:58.404
ProcessGuid: {817bddf3-3684-65cc-2d02-000000001900}
ProcessId: 10672
Image: C:\Users\CyberJunkie\Downloads\Preventivo24.02.14.exe.exe
TargetFilename: C:\Users\CyberJunkie\AppData\Roaming\Photo and Fax Vn\Photo and vn 1.1.2\install\F97891C\WindowsVolume\Games\UltraVNC.ini
CreationUtcTime: 2024-01-10 18:12:26.530
PreviousCreationUtcTime: 2024-02-14 03:41:58.404
User: wrk-pprice\CyberJunkie",Info,,,,,,,,41:58.4,{817bddf3-3684-65cc-2d02-000000001900},10672,,,,,,118849,"technique_id=T1070.006,technique_name=Timestomp",S-1-5-18,5,,,,,,,,Microsoft-Windows-Sysmon,,,,,,,C:\Users\CyberJunkie\AppData\Roaming\Photo and Fax Vn\Photo and vn 1.1.2\install\F97891C\WindowsVolume\Games\UltraVNC.ini,,,,,,Dns query (rule: DnsQuery),,Information,"SYSTEM
wrk-pprice\CyberJunkie",41:58.4,"02/11/2026 07:41:58.409 PM
LogName=Microsoft-Windows-Sysmon/Operational
EventCode=2
EventType=4
ComputerName=wrk-pprice
User=SYSTEM
Sid=S-1-5-18
SidType=5
SourceName=Microsoft-Windows-Sysmon
Type=Information
RecordNumber=118849
Keywords=None
TaskCategory=Dns query (rule: DnsQuery)
OpCode=Info
Message=File creation time changed:
RuleName: technique_id=T1070.006,technique_name=Timestomp
UtcTime: 2024-02-14 03:41:58.404
ProcessGuid: {817bddf3-3684-65cc-2d02-000000001900}
ProcessId: 10672
Image: C:\Users\CyberJunkie\Downloads\Preventivo24.02.14.exe.exe
TargetFilename: C:\Users\CyberJunkie\AppData\Roaming\Photo and Fax Vn\Photo and vn 1.1.2\install\F97891C\WindowsVolume\Games\UltraVNC.ini
CreationUtcTime: 2024-01-10 18:12:26.530
PreviousCreationUtcTime: 2024-02-14 03:41:58.404
User: wrk-pprice\CyberJunkie
",2026-02-11T19:41:58.000-0800,,Dns query (rule: DnsQuery),wrk-pprice,wrk-pprice,118849,endpoint_services_processes windows_event_signature windows_ta_data,wrk-pprice,118849,SplunkEx,25,,,,,"//_::._=--/===-==---==--====__(:_)==___:\r:_=.,=\r:_",,,,,informational,4,,2,WinEventLog:Microsoft-Windows-Sysmon/Operational,WinEventLog,DESKTOP-6DT4EHE,,,track_event_signatures,track_event_signatures,,,Microsoft Windows
,,,,,wrk-pprice,,12:26.3,,,,,,,,,2,4,,,,,C:\Users\CyberJunkie\Downloads\Preventivo24.02.14.exe.exe,,,,,,None,Microsoft-Windows-Sysmon/Operational,,,"File creation time changed:
RuleName: technique_id=T1070.006,technique_name=Timestomp
UtcTime: 2024-02-14 03:41:58.404
ProcessGuid: {817bddf3-3684-65cc-2d02-000000001900}
ProcessId: 10672
Image: C:\Users\CyberJunkie\Downloads\Preventivo24.02.14.exe.exe
TargetFilename: C:\Users\CyberJunkie\AppData\Roaming\Photo and Fax Vn\Photo and vn 1.1.2\install\F97891C\WindowsVolume\Games\cmd.txt
CreationUtcTime: 2024-01-10 18:12:26.326
PreviousCreationUtcTime: 2024-02-14 03:41:58.404
User: wrk-pprice\CyberJunkie",Info,,,,,,,,41:58.4,{817bddf3-3684-65cc-2d02-000000001900},10672,,,,,,118848,"technique_id=T1070.006,technique_name=Timestomp",S-1-5-18,5,,,,,,,,Microsoft-Windows-Sysmon,,,,,,,C:\Users\CyberJunkie\AppData\Roaming\Photo and Fax Vn\Photo and vn 1.1.2\install\F97891C\WindowsVolume\Games\cmd.txt,,,,,,Dns query (rule: DnsQuery),,Information,"SYSTEM
wrk-pprice\CyberJunkie",41:58.4,"02/11/2026 07:41:58.408 PM
LogName=Microsoft-Windows-Sysmon/Operational
EventCode=2
EventType=4
ComputerName=wrk-pprice
User=SYSTEM
Sid=S-1-5-18
SidType=5
SourceName=Microsoft-Windows-Sysmon
Type=Information
RecordNumber=118848
Keywords=None
TaskCategory=Dns query (rule: DnsQuery)
OpCode=Info
Message=File creation time changed:
RuleName: technique_id=T1070.006,technique_name=Timestomp
UtcTime: 2024-02-14 03:41:58.404
ProcessGuid: {817bddf3-3684-65cc-2d02-000000001900}
ProcessId: 10672
Image: C:\Users\CyberJunkie\Downloads\Preventivo24.02.14.exe.exe
TargetFilename: C:\Users\CyberJunkie\AppData\Roaming\Photo and Fax Vn\Photo and vn 1.1.2\install\F97891C\WindowsVolume\Games\cmd.txt
CreationUtcTime: 2024-01-10 18:12:26.326
PreviousCreationUtcTime: 2024-02-14 03:41:58.404
User: wrk-pprice\CyberJunkie
",2026-02-11T19:41:58.000-0800,,Dns query (rule: DnsQuery),wrk-pprice,wrk-pprice,118848,endpoint_services_processes windows_event_signature windows_ta_data,wrk-pprice,118848,SplunkEx,25,,,,,"//_::._=--/===-==---==--====__(:_)==___:\r:_=.,=\r:_",,,,,informational,4,,2,WinEventLog:Microsoft-Windows-Sysmon/Operational,WinEventLog,DESKTOP-6DT4EHE,,,track_event_signatures,track_event_signatures,,,Microsoft Windows
,,,,,wrk-pprice,,12:26.5,,,,,,,,,2,4,,,,,C:\Users\CyberJunkie\Downloads\Preventivo24.02.14.exe.exe,,,,,,None,Microsoft-Windows-Sysmon/Operational,,,"File creation time changed:
RuleName: technique_id=T1070.006,technique_name=Timestomp
UtcTime: 2024-02-14 03:41:58.404
ProcessGuid: {817bddf3-3684-65cc-2d02-000000001900}
ProcessId: 10672
Image: C:\Users\CyberJunkie\Downloads\Preventivo24.02.14.exe.exe
TargetFilename: C:\Users\CyberJunkie\AppData\Roaming\Photo and Fax Vn\Photo and vn 1.1.2\install\F97891C\WindowsVolume\Games\once.cmd
CreationUtcTime: 2024-01-10 18:12:26.458
PreviousCreationUtcTime: 2024-02-14 03:41:58.404
User: wrk-pprice\CyberJunkie",Info,,,,,,,,41:58.4,{817bddf3-3684-65cc-2d02-000000001900},10672,,,,,,118847,"technique_id=T1070.006,technique_name=Timestomp",S-1-5-18,5,,,,,,,,Microsoft-Windows-Sysmon,,,,,,,C:\Users\CyberJunkie\AppData\Roaming\Photo and Fax Vn\Photo and vn 1.1.2\install\F97891C\WindowsVolume\Games\once.cmd,,,,,,Dns query (rule: DnsQuery),,Information,"SYSTEM
wrk-pprice\CyberJunkie",41:58.4,"02/11/2026 07:41:58.407 PM
LogName=Microsoft-Windows-Sysmon/Operational
EventCode=2
